ARM GAS  C:\Users\Anders\AppData\Local\Temp\ccKwJh1d.s 			page 1


   1              		.syntax unified
   2              		.cpu cortex-m3
   3              		.fpu softvfp
   4              		.eabi_attribute 20, 1
   5              		.eabi_attribute 21, 1
   6              		.eabi_attribute 23, 3
   7              		.eabi_attribute 24, 1
   8              		.eabi_attribute 25, 1
   9              		.eabi_attribute 26, 1
  10              		.eabi_attribute 30, 1
  11              		.eabi_attribute 34, 1
  12              		.eabi_attribute 18, 4
  13              		.thumb
  14              		.file	"cymetadata.c"
  15              		.text
  16              	.Ltext0:
  17              		.cfi_sections	.debug_frame
  18              		.global	cy_metadata
  19              		.global	cy_meta_flashprotect
  20              		.global	cy_meta_wonvl
  21              		.global	cy_meta_custnvl
  22              		.global	cy_meta_configecc
  23              		.section	.cyconfigecc,"a",%progbits
  24              		.align	2
  25              		.type	cy_meta_configecc, %object
  26              		.size	cy_meta_configecc, 1764
  27              	cy_meta_configecc:
  28 0000 01       		.byte	1
  29 0001 45       		.byte	69
  30 0002 00       		.byte	0
  31 0003 40       		.byte	64
  32 0004 05       		.byte	5
  33 0005 52       		.byte	82
  34 0006 00       		.byte	0
  35 0007 40       		.byte	64
  36 0008 05       		.byte	5
  37 0009 64       		.byte	100
  38 000a 00       		.byte	0
  39 000b 40       		.byte	64
  40 000c 03       		.byte	3
  41 000d 65       		.byte	101
  42 000e 00       		.byte	0
  43 000f 40       		.byte	64
  44 0010 50       		.byte	80
  45 0011 00       		.byte	0
  46 0012 01       		.byte	1
  47 0013 40       		.byte	64
  48 0014 2A       		.byte	42
  49 0015 01       		.byte	1
  50 0016 01       		.byte	1
  51 0017 40       		.byte	64
  52 0018 3C       		.byte	60
  53 0019 02       		.byte	2
  54 001a 01       		.byte	1
  55 001b 40       		.byte	64
  56 001c 2C       		.byte	44
  57 001d 03       		.byte	3
ARM GAS  C:\Users\Anders\AppData\Local\Temp\ccKwJh1d.s 			page 2


  58 001e 01       		.byte	1
  59 001f 40       		.byte	64
  60 0020 43       		.byte	67
  61 0021 04       		.byte	4
  62 0022 01       		.byte	1
  63 0023 40       		.byte	64
  64 0024 37       		.byte	55
  65 0025 05       		.byte	5
  66 0026 01       		.byte	1
  67 0027 40       		.byte	64
  68 0028 41       		.byte	65
  69 0029 06       		.byte	6
  70 002a 01       		.byte	1
  71 002b 40       		.byte	64
  72 002c 3D       		.byte	61
  73 002d 07       		.byte	7
  74 002e 01       		.byte	1
  75 002f 40       		.byte	64
  76 0030 01       		.byte	1
  77 0031 0D       		.byte	13
  78 0032 01       		.byte	1
  79 0033 40       		.byte	64
  80 0034 50       		.byte	80
  81 0035 14       		.byte	20
  82 0036 01       		.byte	1
  83 0037 40       		.byte	64
  84 0038 34       		.byte	52
  85 0039 15       		.byte	21
  86 003a 01       		.byte	1
  87 003b 40       		.byte	64
  88 003c 39       		.byte	57
  89 003d 16       		.byte	22
  90 003e 01       		.byte	1
  91 003f 40       		.byte	64
  92 0040 31       		.byte	49
  93 0041 17       		.byte	23
  94 0042 01       		.byte	1
  95 0043 40       		.byte	64
  96 0044 01       		.byte	1
  97 0045 1B       		.byte	27
  98 0046 01       		.byte	1
  99 0047 40       		.byte	64
 100 0048 02       		.byte	2
 101 0049 40       		.byte	64
 102 004a 01       		.byte	1
 103 004b 40       		.byte	64
 104 004c 03       		.byte	3
 105 004d 41       		.byte	65
 106 004e 01       		.byte	1
 107 004f 40       		.byte	64
 108 0050 04       		.byte	4
 109 0051 42       		.byte	66
 110 0052 01       		.byte	1
 111 0053 40       		.byte	64
 112 0054 02       		.byte	2
 113 0055 43       		.byte	67
 114 0056 01       		.byte	1
ARM GAS  C:\Users\Anders\AppData\Local\Temp\ccKwJh1d.s 			page 3


 115 0057 40       		.byte	64
 116 0058 03       		.byte	3
 117 0059 44       		.byte	68
 118 005a 01       		.byte	1
 119 005b 40       		.byte	64
 120 005c 05       		.byte	5
 121 005d 45       		.byte	69
 122 005e 01       		.byte	1
 123 005f 40       		.byte	64
 124 0060 01       		.byte	1
 125 0061 46       		.byte	70
 126 0062 01       		.byte	1
 127 0063 40       		.byte	64
 128 0064 01       		.byte	1
 129 0065 47       		.byte	71
 130 0066 01       		.byte	1
 131 0067 40       		.byte	64
 132 0068 02       		.byte	2
 133 0069 48       		.byte	72
 134 006a 01       		.byte	1
 135 006b 40       		.byte	64
 136 006c 0E       		.byte	14
 137 006d 49       		.byte	73
 138 006e 01       		.byte	1
 139 006f 40       		.byte	64
 140 0070 08       		.byte	8
 141 0071 4C       		.byte	76
 142 0072 01       		.byte	1
 143 0073 40       		.byte	64
 144 0074 06       		.byte	6
 145 0075 4D       		.byte	77
 146 0076 01       		.byte	1
 147 0077 40       		.byte	64
 148 0078 05       		.byte	5
 149 0079 50       		.byte	80
 150 007a 01       		.byte	1
 151 007b 40       		.byte	64
 152 007c 02       		.byte	2
 153 007d 51       		.byte	81
 154 007e 01       		.byte	1
 155 007f 40       		.byte	64
 156 0080 1C       		.byte	28
 157 0081 02       		.byte	2
 158 0082 00       		.byte	0
 159 0083 01       		.byte	1
 160 0084 10       		.byte	16
 161 0085 08       		.byte	8
 162 0086 11       		.byte	17
 163 0087 08       		.byte	8
 164 0088 18       		.byte	24
 165 0089 70       		.byte	112
 166 008a 19       		.byte	25
 167 008b 40       		.byte	64
 168 008c 80       		.byte	-128
 169 008d 0D       		.byte	13
 170 008e 81       		.byte	-127
 171 008f 0D       		.byte	13
ARM GAS  C:\Users\Anders\AppData\Local\Temp\ccKwJh1d.s 			page 4


 172 0090 83       		.byte	-125
 173 0091 0D       		.byte	13
 174 0092 84       		.byte	-124
 175 0093 6F       		.byte	111
 176 0094 87       		.byte	-121
 177 0095 6F       		.byte	111
 178 0096 84       		.byte	-124
 179 0097 0D       		.byte	13
 180 0098 86       		.byte	-122
 181 0099 0D       		.byte	13
 182 009a 87       		.byte	-121
 183 009b 0D       		.byte	13
 184 009c 04       		.byte	4
 185 009d 02       		.byte	2
 186 009e 08       		.byte	8
 187 009f 02       		.byte	2
 188 00a0 0F       		.byte	15
 189 00a1 02       		.byte	2
 190 00a2 12       		.byte	18
 191 00a3 04       		.byte	4
 192 00a4 17       		.byte	23
 193 00a5 01       		.byte	1
 194 00a6 1A       		.byte	26
 195 00a7 04       		.byte	4
 196 00a8 2A       		.byte	42
 197 00a9 01       		.byte	1
 198 00aa 2D       		.byte	45
 199 00ab 01       		.byte	1
 200 00ac 30       		.byte	48
 201 00ad 01       		.byte	1
 202 00ae 33       		.byte	51
 203 00af 02       		.byte	2
 204 00b0 34       		.byte	52
 205 00b1 04       		.byte	4
 206 00b2 36       		.byte	54
 207 00b3 02       		.byte	2
 208 00b4 37       		.byte	55
 209 00b5 01       		.byte	1
 210 00b6 38       		.byte	56
 211 00b7 80       		.byte	-128
 212 00b8 3E       		.byte	62
 213 00b9 50       		.byte	80
 214 00ba 40       		.byte	64
 215 00bb 30       		.byte	48
 216 00bc 41       		.byte	65
 217 00bd 05       		.byte	5
 218 00be 45       		.byte	69
 219 00bf D0       		.byte	-48
 220 00c0 46       		.byte	70
 221 00c1 02       		.byte	2
 222 00c2 47       		.byte	71
 223 00c3 01       		.byte	1
 224 00c4 48       		.byte	72
 225 00c5 16       		.byte	22
 226 00c6 49       		.byte	73
 227 00c7 FF       		.byte	-1
 228 00c8 4A       		.byte	74
ARM GAS  C:\Users\Anders\AppData\Local\Temp\ccKwJh1d.s 			page 5


 229 00c9 FF       		.byte	-1
 230 00ca 4B       		.byte	75
 231 00cb FF       		.byte	-1
 232 00cc 4D       		.byte	77
 233 00cd A0       		.byte	-96
 234 00ce 4F       		.byte	79
 235 00cf 04       		.byte	4
 236 00d0 50       		.byte	80
 237 00d1 18       		.byte	24
 238 00d2 52       		.byte	82
 239 00d3 80       		.byte	-128
 240 00d4 54       		.byte	84
 241 00d5 05       		.byte	5
 242 00d6 58       		.byte	88
 243 00d7 04       		.byte	4
 244 00d8 59       		.byte	89
 245 00d9 04       		.byte	4
 246 00da 5A       		.byte	90
 247 00db 04       		.byte	4
 248 00dc 5B       		.byte	91
 249 00dd 04       		.byte	4
 250 00de 5C       		.byte	92
 251 00df 55       		.byte	85
 252 00e0 5D       		.byte	93
 253 00e1 55       		.byte	85
 254 00e2 5F       		.byte	95
 255 00e3 01       		.byte	1
 256 00e4 60       		.byte	96
 257 00e5 40       		.byte	64
 258 00e6 62       		.byte	98
 259 00e7 C0       		.byte	-64
 260 00e8 64       		.byte	100
 261 00e9 40       		.byte	64
 262 00ea 65       		.byte	101
 263 00eb 40       		.byte	64
 264 00ec 66       		.byte	102
 265 00ed C0       		.byte	-64
 266 00ee 68       		.byte	104
 267 00ef C0       		.byte	-64
 268 00f0 6A       		.byte	106
 269 00f1 C0       		.byte	-64
 270 00f2 6C       		.byte	108
 271 00f3 C0       		.byte	-64
 272 00f4 6E       		.byte	110
 273 00f5 C0       		.byte	-64
 274 00f6 82       		.byte	-126
 275 00f7 02       		.byte	2
 276 00f8 84       		.byte	-124
 277 00f9 01       		.byte	1
 278 00fa 92       		.byte	-110
 279 00fb 02       		.byte	2
 280 00fc 96       		.byte	-106
 281 00fd 01       		.byte	1
 282 00fe B0       		.byte	-80
 283 00ff 01       		.byte	1
 284 0100 B4       		.byte	-76
 285 0101 02       		.byte	2
ARM GAS  C:\Users\Anders\AppData\Local\Temp\ccKwJh1d.s 			page 6


 286 0102 BE       		.byte	-66
 287 0103 10       		.byte	16
 288 0104 C0       		.byte	-64
 289 0105 10       		.byte	16
 290 0106 C1       		.byte	-63
 291 0107 04       		.byte	4
 292 0108 C5       		.byte	-59
 293 0109 D0       		.byte	-48
 294 010a C6       		.byte	-58
 295 010b 10       		.byte	16
 296 010c C7       		.byte	-57
 297 010d 20       		.byte	32
 298 010e C8       		.byte	-56
 299 010f 2A       		.byte	42
 300 0110 C9       		.byte	-55
 301 0111 FF       		.byte	-1
 302 0112 CA       		.byte	-54
 303 0113 FF       		.byte	-1
 304 0114 CB       		.byte	-53
 305 0115 FF       		.byte	-1
 306 0116 CD       		.byte	-51
 307 0117 A0       		.byte	-96
 308 0118 CF       		.byte	-49
 309 0119 04       		.byte	4
 310 011a D0       		.byte	-48
 311 011b 18       		.byte	24
 312 011c D4       		.byte	-44
 313 011d 05       		.byte	5
 314 011e D8       		.byte	-40
 315 011f 04       		.byte	4
 316 0120 DA       		.byte	-38
 317 0121 04       		.byte	4
 318 0122 DB       		.byte	-37
 319 0123 04       		.byte	4
 320 0124 DC       		.byte	-36
 321 0125 04       		.byte	4
 322 0126 DD       		.byte	-35
 323 0127 44       		.byte	68
 324 0128 DF       		.byte	-33
 325 0129 01       		.byte	1
 326 012a E0       		.byte	-32
 327 012b 40       		.byte	64
 328 012c E2       		.byte	-30
 329 012d C0       		.byte	-64
 330 012e E4       		.byte	-28
 331 012f 40       		.byte	64
 332 0130 E5       		.byte	-27
 333 0131 40       		.byte	64
 334 0132 E6       		.byte	-26
 335 0133 C0       		.byte	-64
 336 0134 E8       		.byte	-24
 337 0135 C0       		.byte	-64
 338 0136 EA       		.byte	-22
 339 0137 C0       		.byte	-64
 340 0138 EC       		.byte	-20
 341 0139 C0       		.byte	-64
 342 013a EE       		.byte	-18
ARM GAS  C:\Users\Anders\AppData\Local\Temp\ccKwJh1d.s 			page 7


 343 013b C0       		.byte	-64
 344 013c 01       		.byte	1
 345 013d 20       		.byte	32
 346 013e 03       		.byte	3
 347 013f 20       		.byte	32
 348 0140 05       		.byte	5
 349 0141 04       		.byte	4
 350 0142 07       		.byte	7
 351 0143 80       		.byte	-128
 352 0144 0A       		.byte	10
 353 0145 08       		.byte	8
 354 0146 0B       		.byte	11
 355 0147 80       		.byte	-128
 356 0148 0D       		.byte	13
 357 0149 02       		.byte	2
 358 014a 0F       		.byte	15
 359 014b 20       		.byte	32
 360 014c 10       		.byte	16
 361 014d 08       		.byte	8
 362 014e 1A       		.byte	26
 363 014f 04       		.byte	4
 364 0150 1B       		.byte	27
 365 0151 81       		.byte	-127
 366 0152 1E       		.byte	30
 367 0153 88       		.byte	-120
 368 0154 21       		.byte	33
 369 0155 04       		.byte	4
 370 0156 22       		.byte	34
 371 0157 44       		.byte	68
 372 0158 23       		.byte	35
 373 0159 10       		.byte	16
 374 015a 2B       		.byte	43
 375 015b 01       		.byte	1
 376 015c 30       		.byte	48
 377 015d 08       		.byte	8
 378 015e 3A       		.byte	58
 379 015f 80       		.byte	-128
 380 0160 41       		.byte	65
 381 0161 04       		.byte	4
 382 0162 45       		.byte	69
 383 0163 02       		.byte	2
 384 0164 47       		.byte	71
 385 0165 80       		.byte	-128
 386 0166 49       		.byte	73
 387 0167 02       		.byte	2
 388 0168 4B       		.byte	75
 389 0169 80       		.byte	-128
 390 016a 4F       		.byte	79
 391 016b 01       		.byte	1
 392 016c 50       		.byte	80
 393 016d 08       		.byte	8
 394 016e 53       		.byte	83
 395 016f 40       		.byte	64
 396 0170 55       		.byte	85
 397 0171 02       		.byte	2
 398 0172 57       		.byte	87
 399 0173 10       		.byte	16
ARM GAS  C:\Users\Anders\AppData\Local\Temp\ccKwJh1d.s 			page 8


 400 0174 59       		.byte	89
 401 0175 02       		.byte	2
 402 0176 5A       		.byte	90
 403 0177 84       		.byte	-124
 404 0178 5E       		.byte	94
 405 0179 88       		.byte	-120
 406 017a 5F       		.byte	95
 407 017b 01       		.byte	1
 408 017c 72       		.byte	114
 409 017d 80       		.byte	-128
 410 017e C0       		.byte	-64
 411 017f 36       		.byte	54
 412 0180 C2       		.byte	-62
 413 0181 3A       		.byte	58
 414 0182 C4       		.byte	-60
 415 0183 02       		.byte	2
 416 0184 CA       		.byte	-54
 417 0185 08       		.byte	8
 418 0186 CC       		.byte	-52
 419 0187 02       		.byte	2
 420 0188 CE       		.byte	-50
 421 0189 08       		.byte	8
 422 018a D0       		.byte	-48
 423 018b 92       		.byte	-110
 424 018c D2       		.byte	-46
 425 018d 08       		.byte	8
 426 018e D6       		.byte	-42
 427 018f DB       		.byte	-37
 428 0190 02       		.byte	2
 429 0191 01       		.byte	1
 430 0192 1F       		.byte	31
 431 0193 01       		.byte	1
 432 0194 28       		.byte	40
 433 0195 01       		.byte	1
 434 0196 2E       		.byte	46
 435 0197 02       		.byte	2
 436 0198 30       		.byte	48
 437 0199 01       		.byte	1
 438 019a 33       		.byte	51
 439 019b 01       		.byte	1
 440 019c 36       		.byte	54
 441 019d 02       		.byte	2
 442 019e 52       		.byte	82
 443 019f 80       		.byte	-128
 444 01a0 58       		.byte	88
 445 01a1 04       		.byte	4
 446 01a2 59       		.byte	89
 447 01a3 04       		.byte	4
 448 01a4 5B       		.byte	91
 449 01a5 04       		.byte	4
 450 01a6 5C       		.byte	92
 451 01a7 55       		.byte	85
 452 01a8 5D       		.byte	93
 453 01a9 50       		.byte	80
 454 01aa 5F       		.byte	95
 455 01ab 01       		.byte	1
 456 01ac 8A       		.byte	-118
ARM GAS  C:\Users\Anders\AppData\Local\Temp\ccKwJh1d.s 			page 9


 457 01ad 08       		.byte	8
 458 01ae 8B       		.byte	-117
 459 01af 02       		.byte	2
 460 01b0 94       		.byte	-108
 461 01b1 01       		.byte	1
 462 01b2 9B       		.byte	-101
 463 01b3 01       		.byte	1
 464 01b4 9F       		.byte	-97
 465 01b5 02       		.byte	2
 466 01b6 A2       		.byte	-94
 467 01b7 03       		.byte	3
 468 01b8 A6       		.byte	-90
 469 01b9 04       		.byte	4
 470 01ba A7       		.byte	-89
 471 01bb 04       		.byte	4
 472 01bc AD       		.byte	-83
 473 01bd 01       		.byte	1
 474 01be B0       		.byte	-80
 475 01bf 04       		.byte	4
 476 01c0 B1       		.byte	-79
 477 01c1 04       		.byte	4
 478 01c2 B2       		.byte	-78
 479 01c3 02       		.byte	2
 480 01c4 B3       		.byte	-77
 481 01c5 02       		.byte	2
 482 01c6 B4       		.byte	-76
 483 01c7 08       		.byte	8
 484 01c8 B5       		.byte	-75
 485 01c9 01       		.byte	1
 486 01ca B6       		.byte	-74
 487 01cb 01       		.byte	1
 488 01cc BE       		.byte	-66
 489 01cd 40       		.byte	64
 490 01ce BF       		.byte	-65
 491 01cf 14       		.byte	20
 492 01d0 C0       		.byte	-64
 493 01d1 10       		.byte	16
 494 01d2 C1       		.byte	-63
 495 01d3 06       		.byte	6
 496 01d4 C5       		.byte	-59
 497 01d5 D0       		.byte	-48
 498 01d6 C6       		.byte	-58
 499 01d7 21       		.byte	33
 500 01d8 C8       		.byte	-56
 501 01d9 0E       		.byte	14
 502 01da C9       		.byte	-55
 503 01db FF       		.byte	-1
 504 01dc CA       		.byte	-54
 505 01dd FF       		.byte	-1
 506 01de CB       		.byte	-53
 507 01df FF       		.byte	-1
 508 01e0 CD       		.byte	-51
 509 01e1 A0       		.byte	-96
 510 01e2 CF       		.byte	-49
 511 01e3 04       		.byte	4
 512 01e4 D0       		.byte	-48
 513 01e5 18       		.byte	24
ARM GAS  C:\Users\Anders\AppData\Local\Temp\ccKwJh1d.s 			page 10


 514 01e6 D4       		.byte	-44
 515 01e7 05       		.byte	5
 516 01e8 D8       		.byte	-40
 517 01e9 04       		.byte	4
 518 01ea D9       		.byte	-39
 519 01eb 04       		.byte	4
 520 01ec DA       		.byte	-38
 521 01ed 04       		.byte	4
 522 01ee DB       		.byte	-37
 523 01ef 04       		.byte	4
 524 01f0 DC       		.byte	-36
 525 01f1 11       		.byte	17
 526 01f2 DD       		.byte	-35
 527 01f3 55       		.byte	85
 528 01f4 DF       		.byte	-33
 529 01f5 01       		.byte	1
 530 01f6 E0       		.byte	-32
 531 01f7 40       		.byte	64
 532 01f8 E2       		.byte	-30
 533 01f9 C0       		.byte	-64
 534 01fa E4       		.byte	-28
 535 01fb 40       		.byte	64
 536 01fc E5       		.byte	-27
 537 01fd 40       		.byte	64
 538 01fe E6       		.byte	-26
 539 01ff C0       		.byte	-64
 540 0200 E8       		.byte	-24
 541 0201 C0       		.byte	-64
 542 0202 EA       		.byte	-22
 543 0203 C0       		.byte	-64
 544 0204 EC       		.byte	-20
 545 0205 C0       		.byte	-64
 546 0206 EE       		.byte	-18
 547 0207 C0       		.byte	-64
 548 0208 01       		.byte	1
 549 0209 20       		.byte	32
 550 020a 06       		.byte	6
 551 020b 40       		.byte	64
 552 020c 0A       		.byte	10
 553 020d 10       		.byte	16
 554 020e 10       		.byte	16
 555 020f A0       		.byte	-96
 556 0210 17       		.byte	23
 557 0211 60       		.byte	96
 558 0212 19       		.byte	25
 559 0213 80       		.byte	-128
 560 0214 1A       		.byte	26
 561 0215 14       		.byte	20
 562 0216 1B       		.byte	27
 563 0217 01       		.byte	1
 564 0218 1E       		.byte	30
 565 0219 40       		.byte	64
 566 021a 1F       		.byte	31
 567 021b 80       		.byte	-128
 568 021c 20       		.byte	32
 569 021d 80       		.byte	-128
 570 021e 22       		.byte	34
ARM GAS  C:\Users\Anders\AppData\Local\Temp\ccKwJh1d.s 			page 11


 571 021f 04       		.byte	4
 572 0220 23       		.byte	35
 573 0221 08       		.byte	8
 574 0222 27       		.byte	39
 575 0223 20       		.byte	32
 576 0224 2B       		.byte	43
 577 0225 21       		.byte	33
 578 0226 30       		.byte	48
 579 0227 20       		.byte	32
 580 0228 33       		.byte	51
 581 0229 80       		.byte	-128
 582 022a 36       		.byte	54
 583 022b 80       		.byte	-128
 584 022c 3B       		.byte	59
 585 022d 20       		.byte	32
 586 022e 43       		.byte	67
 587 022f 80       		.byte	-128
 588 0230 49       		.byte	73
 589 0231 01       		.byte	1
 590 0232 4B       		.byte	75
 591 0233 20       		.byte	32
 592 0234 52       		.byte	82
 593 0235 C0       		.byte	-64
 594 0236 53       		.byte	83
 595 0237 10       		.byte	16
 596 0238 59       		.byte	89
 597 0239 01       		.byte	1
 598 023a 5A       		.byte	90
 599 023b 48       		.byte	72
 600 023c 77       		.byte	119
 601 023d 40       		.byte	64
 602 023e 93       		.byte	-109
 603 023f 10       		.byte	16
 604 0240 9D       		.byte	-99
 605 0241 24       		.byte	36
 606 0242 9F       		.byte	-97
 607 0243 80       		.byte	-128
 608 0244 A0       		.byte	-96
 609 0245 08       		.byte	8
 610 0246 A3       		.byte	-93
 611 0247 10       		.byte	16
 612 0248 A7       		.byte	-89
 613 0249 20       		.byte	32
 614 024a AF       		.byte	-81
 615 024b 80       		.byte	-128
 616 024c C0       		.byte	-64
 617 024d 12       		.byte	18
 618 024e C2       		.byte	-62
 619 024f 04       		.byte	4
 620 0250 C4       		.byte	-60
 621 0251 CC       		.byte	-52
 622 0252 CA       		.byte	-54
 623 0253 0A       		.byte	10
 624 0254 CC       		.byte	-52
 625 0255 1C       		.byte	28
 626 0256 CE       		.byte	-50
 627 0257 04       		.byte	4
ARM GAS  C:\Users\Anders\AppData\Local\Temp\ccKwJh1d.s 			page 12


 628 0258 D0       		.byte	-48
 629 0259 08       		.byte	8
 630 025a D2       		.byte	-46
 631 025b 04       		.byte	4
 632 025c D6       		.byte	-42
 633 025d 0B       		.byte	11
 634 025e EC       		.byte	-20
 635 025f 08       		.byte	8
 636 0260 02       		.byte	2
 637 0261 08       		.byte	8
 638 0262 03       		.byte	3
 639 0263 04       		.byte	4
 640 0264 06       		.byte	6
 641 0265 11       		.byte	17
 642 0266 0A       		.byte	10
 643 0267 02       		.byte	2
 644 0268 0C       		.byte	12
 645 0269 11       		.byte	17
 646 026a 0F       		.byte	15
 647 026b 01       		.byte	1
 648 026c 12       		.byte	18
 649 026d 03       		.byte	3
 650 026e 16       		.byte	22
 651 026f 04       		.byte	4
 652 0270 18       		.byte	24
 653 0271 02       		.byte	2
 654 0272 19       		.byte	25
 655 0273 02       		.byte	2
 656 0274 22       		.byte	34
 657 0275 08       		.byte	8
 658 0276 23       		.byte	35
 659 0277 02       		.byte	2
 660 0278 25       		.byte	37
 661 0279 04       		.byte	4
 662 027a 2A       		.byte	42
 663 027b 04       		.byte	4
 664 027c 30       		.byte	48
 665 027d 04       		.byte	4
 666 027e 31       		.byte	49
 667 027f 04       		.byte	4
 668 0280 32       		.byte	50
 669 0281 08       		.byte	8
 670 0282 34       		.byte	52
 671 0283 10       		.byte	16
 672 0284 35       		.byte	53
 673 0285 01       		.byte	1
 674 0286 36       		.byte	54
 675 0287 03       		.byte	3
 676 0288 37       		.byte	55
 677 0289 02       		.byte	2
 678 028a 3E       		.byte	62
 679 028b 50       		.byte	80
 680 028c 3F       		.byte	63
 681 028d 41       		.byte	65
 682 028e 40       		.byte	64
 683 028f 10       		.byte	16
 684 0290 41       		.byte	65
ARM GAS  C:\Users\Anders\AppData\Local\Temp\ccKwJh1d.s 			page 13


 685 0291 02       		.byte	2
 686 0292 45       		.byte	69
 687 0293 03       		.byte	3
 688 0294 46       		.byte	70
 689 0295 C4       		.byte	-60
 690 0296 47       		.byte	71
 691 0297 2E       		.byte	46
 692 0298 48       		.byte	72
 693 0299 3D       		.byte	61
 694 029a 49       		.byte	73
 695 029b FF       		.byte	-1
 696 029c 4A       		.byte	74
 697 029d FF       		.byte	-1
 698 029e 4B       		.byte	75
 699 029f FF       		.byte	-1
 700 02a0 4D       		.byte	77
 701 02a1 A0       		.byte	-96
 702 02a2 4F       		.byte	79
 703 02a3 01       		.byte	1
 704 02a4 50       		.byte	80
 705 02a5 18       		.byte	24
 706 02a6 52       		.byte	82
 707 02a7 80       		.byte	-128
 708 02a8 54       		.byte	84
 709 02a9 0F       		.byte	15
 710 02aa 58       		.byte	88
 711 02ab 04       		.byte	4
 712 02ac 59       		.byte	89
 713 02ad 04       		.byte	4
 714 02ae 5A       		.byte	90
 715 02af 04       		.byte	4
 716 02b0 5B       		.byte	91
 717 02b1 04       		.byte	4
 718 02b2 5C       		.byte	92
 719 02b3 45       		.byte	69
 720 02b4 5D       		.byte	93
 721 02b5 11       		.byte	17
 722 02b6 5F       		.byte	95
 723 02b7 01       		.byte	1
 724 02b8 60       		.byte	96
 725 02b9 40       		.byte	64
 726 02ba 62       		.byte	98
 727 02bb 80       		.byte	-128
 728 02bc 64       		.byte	100
 729 02bd 40       		.byte	64
 730 02be 65       		.byte	101
 731 02bf 40       		.byte	64
 732 02c0 66       		.byte	102
 733 02c1 80       		.byte	-128
 734 02c2 68       		.byte	104
 735 02c3 40       		.byte	64
 736 02c4 6A       		.byte	106
 737 02c5 80       		.byte	-128
 738 02c6 6C       		.byte	108
 739 02c7 40       		.byte	64
 740 02c8 6D       		.byte	109
 741 02c9 20       		.byte	32
ARM GAS  C:\Users\Anders\AppData\Local\Temp\ccKwJh1d.s 			page 14


 742 02ca 6E       		.byte	110
 743 02cb 80       		.byte	-128
 744 02cc 83       		.byte	-125
 745 02cd 01       		.byte	1
 746 02ce 96       		.byte	-106
 747 02cf 01       		.byte	1
 748 02d0 B1       		.byte	-79
 749 02d1 01       		.byte	1
 750 02d2 B2       		.byte	-78
 751 02d3 01       		.byte	1
 752 02d4 B3       		.byte	-77
 753 02d5 01       		.byte	1
 754 02d6 B5       		.byte	-75
 755 02d7 01       		.byte	1
 756 02d8 D2       		.byte	-46
 757 02d9 80       		.byte	-128
 758 02da D8       		.byte	-40
 759 02db 04       		.byte	4
 760 02dc D9       		.byte	-39
 761 02dd 04       		.byte	4
 762 02de DB       		.byte	-37
 763 02df 04       		.byte	4
 764 02e0 DC       		.byte	-36
 765 02e1 44       		.byte	68
 766 02e2 DD       		.byte	-35
 767 02e3 40       		.byte	64
 768 02e4 DF       		.byte	-33
 769 02e5 01       		.byte	1
 770 02e6 00       		.byte	0
 771 02e7 88       		.byte	-120
 772 02e8 01       		.byte	1
 773 02e9 20       		.byte	32
 774 02ea 03       		.byte	3
 775 02eb 80       		.byte	-128
 776 02ec 0A       		.byte	10
 777 02ed 44       		.byte	68
 778 02ee 0B       		.byte	11
 779 02ef 10       		.byte	16
 780 02f0 0F       		.byte	15
 781 02f1 20       		.byte	32
 782 02f2 10       		.byte	16
 783 02f3 08       		.byte	8
 784 02f4 12       		.byte	18
 785 02f5 40       		.byte	64
 786 02f6 18       		.byte	24
 787 02f7 15       		.byte	21
 788 02f8 19       		.byte	25
 789 02f9 02       		.byte	2
 790 02fa 1A       		.byte	26
 791 02fb 20       		.byte	32
 792 02fc 1D       		.byte	29
 793 02fd 04       		.byte	4
 794 02fe 22       		.byte	34
 795 02ff 01       		.byte	1
 796 0300 23       		.byte	35
 797 0301 06       		.byte	6
 798 0302 24       		.byte	36
ARM GAS  C:\Users\Anders\AppData\Local\Temp\ccKwJh1d.s 			page 15


 799 0303 40       		.byte	64
 800 0304 25       		.byte	37
 801 0305 10       		.byte	16
 802 0306 26       		.byte	38
 803 0307 04       		.byte	4
 804 0308 29       		.byte	41
 805 0309 09       		.byte	9
 806 030a 32       		.byte	50
 807 030b 20       		.byte	32
 808 030c 38       		.byte	56
 809 030d 02       		.byte	2
 810 030e 3B       		.byte	59
 811 030f 80       		.byte	-128
 812 0310 3C       		.byte	60
 813 0311 02       		.byte	2
 814 0312 40       		.byte	64
 815 0313 05       		.byte	5
 816 0314 48       		.byte	72
 817 0315 20       		.byte	32
 818 0316 50       		.byte	80
 819 0317 81       		.byte	-127
 820 0318 51       		.byte	81
 821 0319 08       		.byte	8
 822 031a 52       		.byte	82
 823 031b 11       		.byte	17
 824 031c 58       		.byte	88
 825 031d 20       		.byte	32
 826 031e 59       		.byte	89
 827 031f 80       		.byte	-128
 828 0320 5A       		.byte	90
 829 0321 02       		.byte	2
 830 0322 5B       		.byte	91
 831 0323 08       		.byte	8
 832 0324 61       		.byte	97
 833 0325 08       		.byte	8
 834 0326 62       		.byte	98
 835 0327 10       		.byte	16
 836 0328 72       		.byte	114
 837 0329 40       		.byte	64
 838 032a 74       		.byte	116
 839 032b 01       		.byte	1
 840 032c 92       		.byte	-110
 841 032d 04       		.byte	4
 842 032e 93       		.byte	-109
 843 032f 10       		.byte	16
 844 0330 99       		.byte	-103
 845 0331 80       		.byte	-128
 846 0332 9A       		.byte	-102
 847 0333 40       		.byte	64
 848 0334 9B       		.byte	-101
 849 0335 08       		.byte	8
 850 0336 9D       		.byte	-99
 851 0337 24       		.byte	36
 852 0338 9F       		.byte	-97
 853 0339 80       		.byte	-128
 854 033a A0       		.byte	-96
 855 033b 48       		.byte	72
ARM GAS  C:\Users\Anders\AppData\Local\Temp\ccKwJh1d.s 			page 16


 856 033c A3       		.byte	-93
 857 033d 90       		.byte	-112
 858 033e A4       		.byte	-92
 859 033f A0       		.byte	-96
 860 0340 A7       		.byte	-89
 861 0341 20       		.byte	32
 862 0342 C0       		.byte	-64
 863 0343 0F       		.byte	15
 864 0344 C2       		.byte	-62
 865 0345 2E       		.byte	46
 866 0346 C4       		.byte	-60
 867 0347 0A       		.byte	10
 868 0348 CA       		.byte	-54
 869 0349 03       		.byte	3
 870 034a CC       		.byte	-52
 871 034b 04       		.byte	4
 872 034c CE       		.byte	-50
 873 034d 89       		.byte	-119
 874 034e D0       		.byte	-48
 875 034f 0C       		.byte	12
 876 0350 D6       		.byte	-42
 877 0351 0F       		.byte	15
 878 0352 D8       		.byte	-40
 879 0353 06       		.byte	6
 880 0354 03       		.byte	3
 881 0355 01       		.byte	1
 882 0356 16       		.byte	22
 883 0357 01       		.byte	1
 884 0358 2E       		.byte	46
 885 0359 01       		.byte	1
 886 035a 31       		.byte	49
 887 035b 01       		.byte	1
 888 035c 34       		.byte	52
 889 035d 01       		.byte	1
 890 035e 52       		.byte	82
 891 035f 80       		.byte	-128
 892 0360 58       		.byte	88
 893 0361 04       		.byte	4
 894 0362 59       		.byte	89
 895 0363 04       		.byte	4
 896 0364 5B       		.byte	91
 897 0365 04       		.byte	4
 898 0366 5C       		.byte	92
 899 0367 44       		.byte	68
 900 0368 5D       		.byte	93
 901 0369 40       		.byte	64
 902 036a 5F       		.byte	95
 903 036b 01       		.byte	1
 904 036c 81       		.byte	-127
 905 036d 08       		.byte	8
 906 036e 82       		.byte	-126
 907 036f 11       		.byte	17
 908 0370 8A       		.byte	-118
 909 0371 02       		.byte	2
 910 0372 8C       		.byte	-116
 911 0373 11       		.byte	17
 912 0374 8F       		.byte	-113
ARM GAS  C:\Users\Anders\AppData\Local\Temp\ccKwJh1d.s 			page 17


 913 0375 04       		.byte	4
 914 0376 92       		.byte	-110
 915 0377 0C       		.byte	12
 916 0378 97       		.byte	-105
 917 0379 04       		.byte	4
 918 037a 9C       		.byte	-100
 919 037b 02       		.byte	2
 920 037c 9F       		.byte	-97
 921 037d 09       		.byte	9
 922 037e A3       		.byte	-93
 923 037f 02       		.byte	2
 924 0380 A4       		.byte	-92
 925 0381 04       		.byte	4
 926 0382 AA       		.byte	-86
 927 0383 08       		.byte	8
 928 0384 AE       		.byte	-82
 929 0385 03       		.byte	3
 930 0386 B0       		.byte	-80
 931 0387 04       		.byte	4
 932 0388 B1       		.byte	-79
 933 0389 01       		.byte	1
 934 038a B2       		.byte	-78
 935 038b 10       		.byte	16
 936 038c B3       		.byte	-77
 937 038d 04       		.byte	4
 938 038e B4       		.byte	-76
 939 038f 08       		.byte	8
 940 0390 B5       		.byte	-75
 941 0391 02       		.byte	2
 942 0392 B6       		.byte	-74
 943 0393 03       		.byte	3
 944 0394 B7       		.byte	-73
 945 0395 08       		.byte	8
 946 0396 BE       		.byte	-66
 947 0397 44       		.byte	68
 948 0398 BF       		.byte	-65
 949 0399 44       		.byte	68
 950 039a C0       		.byte	-64
 951 039b 10       		.byte	16
 952 039c C1       		.byte	-63
 953 039d 03       		.byte	3
 954 039e C5       		.byte	-59
 955 039f 24       		.byte	36
 956 03a0 C6       		.byte	-58
 957 03a1 C3       		.byte	-61
 958 03a2 C7       		.byte	-57
 959 03a3 0E       		.byte	14
 960 03a4 C8       		.byte	-56
 961 03a5 1F       		.byte	31
 962 03a6 C9       		.byte	-55
 963 03a7 FF       		.byte	-1
 964 03a8 CA       		.byte	-54
 965 03a9 FF       		.byte	-1
 966 03aa CB       		.byte	-53
 967 03ab FF       		.byte	-1
 968 03ac CD       		.byte	-51
 969 03ad A0       		.byte	-96
ARM GAS  C:\Users\Anders\AppData\Local\Temp\ccKwJh1d.s 			page 18


 970 03ae CF       		.byte	-49
 971 03af 01       		.byte	1
 972 03b0 D0       		.byte	-48
 973 03b1 18       		.byte	24
 974 03b2 D2       		.byte	-46
 975 03b3 80       		.byte	-128
 976 03b4 D4       		.byte	-44
 977 03b5 0F       		.byte	15
 978 03b6 D8       		.byte	-40
 979 03b7 04       		.byte	4
 980 03b8 D9       		.byte	-39
 981 03b9 04       		.byte	4
 982 03ba DA       		.byte	-38
 983 03bb 04       		.byte	4
 984 03bc DB       		.byte	-37
 985 03bd 04       		.byte	4
 986 03be DC       		.byte	-36
 987 03bf 04       		.byte	4
 988 03c0 DF       		.byte	-33
 989 03c1 01       		.byte	1
 990 03c2 E0       		.byte	-32
 991 03c3 40       		.byte	64
 992 03c4 E2       		.byte	-30
 993 03c5 80       		.byte	-128
 994 03c6 E4       		.byte	-28
 995 03c7 40       		.byte	64
 996 03c8 E5       		.byte	-27
 997 03c9 40       		.byte	64
 998 03ca E6       		.byte	-26
 999 03cb 80       		.byte	-128
 1000 03cc E8       		.byte	-24
 1001 03cd 40       		.byte	64
 1002 03ce EA       		.byte	-22
 1003 03cf 80       		.byte	-128
 1004 03d0 EC       		.byte	-20
 1005 03d1 40       		.byte	64
 1006 03d2 ED       		.byte	-19
 1007 03d3 20       		.byte	32
 1008 03d4 EE       		.byte	-18
 1009 03d5 80       		.byte	-128
 1010 03d6 00       		.byte	0
 1011 03d7 90       		.byte	-112
 1012 03d8 01       		.byte	1
 1013 03d9 02       		.byte	2
 1014 03da 09       		.byte	9
 1015 03db 80       		.byte	-128
 1016 03dc 0B       		.byte	11
 1017 03dd 80       		.byte	-128
 1018 03de 0F       		.byte	15
 1019 03df 20       		.byte	32
 1020 03e0 11       		.byte	17
 1021 03e1 20       		.byte	32
 1022 03e2 13       		.byte	19
 1023 03e3 44       		.byte	68
 1024 03e4 17       		.byte	23
 1025 03e5 80       		.byte	-128
 1026 03e6 18       		.byte	24
ARM GAS  C:\Users\Anders\AppData\Local\Temp\ccKwJh1d.s 			page 19


 1027 03e7 01       		.byte	1
 1028 03e8 19       		.byte	25
 1029 03e9 20       		.byte	32
 1030 03ea 1A       		.byte	26
 1031 03eb 50       		.byte	80
 1032 03ec 1C       		.byte	28
 1033 03ed 08       		.byte	8
 1034 03ee 1F       		.byte	31
 1035 03ef 20       		.byte	32
 1036 03f0 21       		.byte	33
 1037 03f1 01       		.byte	1
 1038 03f2 22       		.byte	34
 1039 03f3 A4       		.byte	-92
 1040 03f4 27       		.byte	39
 1041 03f5 80       		.byte	-128
 1042 03f6 29       		.byte	41
 1043 03f7 01       		.byte	1
 1044 03f8 30       		.byte	48
 1045 03f9 80       		.byte	-128
 1046 03fa 33       		.byte	51
 1047 03fb 08       		.byte	8
 1048 03fc 38       		.byte	56
 1049 03fd 40       		.byte	64
 1050 03fe 39       		.byte	57
 1051 03ff 02       		.byte	2
 1052 0400 3C       		.byte	60
 1053 0401 02       		.byte	2
 1054 0402 40       		.byte	64
 1055 0403 01       		.byte	1
 1056 0404 42       		.byte	66
 1057 0405 10       		.byte	16
 1058 0406 48       		.byte	72
 1059 0407 20       		.byte	32
 1060 0408 49       		.byte	73
 1061 0409 01       		.byte	1
 1062 040a 50       		.byte	80
 1063 040b 80       		.byte	-128
 1064 040c 51       		.byte	81
 1065 040d 08       		.byte	8
 1066 040e 52       		.byte	82
 1067 040f 10       		.byte	16
 1068 0410 58       		.byte	88
 1069 0411 08       		.byte	8
 1070 0412 59       		.byte	89
 1071 0413 80       		.byte	-128
 1072 0414 5B       		.byte	91
 1073 0415 12       		.byte	18
 1074 0416 61       		.byte	97
 1075 0417 08       		.byte	8
 1076 0418 62       		.byte	98
 1077 0419 10       		.byte	16
 1078 041a 73       		.byte	115
 1079 041b 40       		.byte	64
 1080 041c 74       		.byte	116
 1081 041d 01       		.byte	1
 1082 041e 90       		.byte	-112
 1083 041f 50       		.byte	80
ARM GAS  C:\Users\Anders\AppData\Local\Temp\ccKwJh1d.s 			page 20


 1084 0420 92       		.byte	-110
 1085 0421 20       		.byte	32
 1086 0422 93       		.byte	-109
 1087 0423 04       		.byte	4
 1088 0424 97       		.byte	-105
 1089 0425 80       		.byte	-128
 1090 0426 99       		.byte	-103
 1091 0427 02       		.byte	2
 1092 0428 9A       		.byte	-102
 1093 0429 01       		.byte	1
 1094 042a 9B       		.byte	-101
 1095 042b 02       		.byte	2
 1096 042c 9D       		.byte	-99
 1097 042d 29       		.byte	41
 1098 042e 9F       		.byte	-97
 1099 042f 80       		.byte	-128
 1100 0430 A1       		.byte	-95
 1101 0431 10       		.byte	16
 1102 0432 A2       		.byte	-94
 1103 0433 04       		.byte	4
 1104 0434 A3       		.byte	-93
 1105 0435 10       		.byte	16
 1106 0436 A4       		.byte	-92
 1107 0437 04       		.byte	4
 1108 0438 A6       		.byte	-90
 1109 0439 20       		.byte	32
 1110 043a A7       		.byte	-89
 1111 043b 20       		.byte	32
 1112 043c A8       		.byte	-88
 1113 043d 21       		.byte	33
 1114 043e C0       		.byte	-64
 1115 043f 0B       		.byte	11
 1116 0440 C2       		.byte	-62
 1117 0441 29       		.byte	41
 1118 0442 C4       		.byte	-60
 1119 0443 87       		.byte	-121
 1120 0444 CA       		.byte	-54
 1121 0445 01       		.byte	1
 1122 0446 CC       		.byte	-52
 1123 0447 0A       		.byte	10
 1124 0448 CE       		.byte	-50
 1125 0449 89       		.byte	-119
 1126 044a D0       		.byte	-48
 1127 044b 0A       		.byte	10
 1128 044c D6       		.byte	-42
 1129 044d 0F       		.byte	15
 1130 044e D8       		.byte	-40
 1131 044f 06       		.byte	6
 1132 0450 EC       		.byte	-20
 1133 0451 08       		.byte	8
 1134 0452 02       		.byte	2
 1135 0453 02       		.byte	2
 1136 0454 12       		.byte	18
 1137 0455 01       		.byte	1
 1138 0456 1E       		.byte	30
 1139 0457 04       		.byte	4
 1140 0458 1F       		.byte	31
ARM GAS  C:\Users\Anders\AppData\Local\Temp\ccKwJh1d.s 			page 21


 1141 0459 01       		.byte	1
 1142 045a 26       		.byte	38
 1143 045b 02       		.byte	2
 1144 045c 2D       		.byte	45
 1145 045d 01       		.byte	1
 1146 045e 30       		.byte	48
 1147 045f 04       		.byte	4
 1148 0460 34       		.byte	52
 1149 0461 02       		.byte	2
 1150 0462 36       		.byte	54
 1151 0463 01       		.byte	1
 1152 0464 37       		.byte	55
 1153 0465 01       		.byte	1
 1154 0466 3E       		.byte	62
 1155 0467 10       		.byte	16
 1156 0468 40       		.byte	64
 1157 0469 10       		.byte	16
 1158 046a 41       		.byte	65
 1159 046b 02       		.byte	2
 1160 046c 45       		.byte	69
 1161 046d D2       		.byte	-46
 1162 046e 46       		.byte	70
 1163 046f 01       		.byte	1
 1164 0470 48       		.byte	72
 1165 0471 07       		.byte	7
 1166 0472 49       		.byte	73
 1167 0473 FF       		.byte	-1
 1168 0474 4A       		.byte	74
 1169 0475 FF       		.byte	-1
 1170 0476 4B       		.byte	75
 1171 0477 FF       		.byte	-1
 1172 0478 4D       		.byte	77
 1173 0479 A0       		.byte	-96
 1174 047a 4F       		.byte	79
 1175 047b 04       		.byte	4
 1176 047c 50       		.byte	80
 1177 047d 18       		.byte	24
 1178 047e 52       		.byte	82
 1179 047f 80       		.byte	-128
 1180 0480 54       		.byte	84
 1181 0481 05       		.byte	5
 1182 0482 58       		.byte	88
 1183 0483 04       		.byte	4
 1184 0484 59       		.byte	89
 1185 0485 04       		.byte	4
 1186 0486 5A       		.byte	90
 1187 0487 04       		.byte	4
 1188 0488 5B       		.byte	91
 1189 0489 04       		.byte	4
 1190 048a 5C       		.byte	92
 1191 048b 33       		.byte	51
 1192 048c 5D       		.byte	93
 1193 048d 33       		.byte	51
 1194 048e 5F       		.byte	95
 1195 048f 01       		.byte	1
 1196 0490 60       		.byte	96
 1197 0491 40       		.byte	64
ARM GAS  C:\Users\Anders\AppData\Local\Temp\ccKwJh1d.s 			page 22


 1198 0492 62       		.byte	98
 1199 0493 C0       		.byte	-64
 1200 0494 64       		.byte	100
 1201 0495 40       		.byte	64
 1202 0496 65       		.byte	101
 1203 0497 40       		.byte	64
 1204 0498 66       		.byte	102
 1205 0499 C0       		.byte	-64
 1206 049a 68       		.byte	104
 1207 049b C0       		.byte	-64
 1208 049c 6A       		.byte	106
 1209 049d C0       		.byte	-64
 1210 049e 6C       		.byte	108
 1211 049f C0       		.byte	-64
 1212 04a0 6E       		.byte	110
 1213 04a1 C0       		.byte	-64
 1214 04a2 87       		.byte	-121
 1215 04a3 01       		.byte	1
 1216 04a4 8E       		.byte	-114
 1217 04a5 01       		.byte	1
 1218 04a6 9F       		.byte	-97
 1219 04a7 02       		.byte	2
 1220 04a8 A3       		.byte	-93
 1221 04a9 02       		.byte	2
 1222 04aa AA       		.byte	-86
 1223 04ab 01       		.byte	1
 1224 04ac AB       		.byte	-85
 1225 04ad 01       		.byte	1
 1226 04ae AE       		.byte	-82
 1227 04af 02       		.byte	2
 1228 04b0 B2       		.byte	-78
 1229 04b1 02       		.byte	2
 1230 04b2 B4       		.byte	-76
 1231 04b3 01       		.byte	1
 1232 04b4 B5       		.byte	-75
 1233 04b5 01       		.byte	1
 1234 04b6 B7       		.byte	-73
 1235 04b7 02       		.byte	2
 1236 04b8 BF       		.byte	-65
 1237 04b9 10       		.byte	16
 1238 04ba C0       		.byte	-64
 1239 04bb 20       		.byte	32
 1240 04bc C1       		.byte	-63
 1241 04bd 03       		.byte	3
 1242 04be C5       		.byte	-59
 1243 04bf D0       		.byte	-48
 1244 04c0 C7       		.byte	-57
 1245 04c1 12       		.byte	18
 1246 04c2 C8       		.byte	-56
 1247 04c3 32       		.byte	50
 1248 04c4 C9       		.byte	-55
 1249 04c5 FF       		.byte	-1
 1250 04c6 CA       		.byte	-54
 1251 04c7 FF       		.byte	-1
 1252 04c8 CB       		.byte	-53
 1253 04c9 FF       		.byte	-1
 1254 04ca CD       		.byte	-51
ARM GAS  C:\Users\Anders\AppData\Local\Temp\ccKwJh1d.s 			page 23


 1255 04cb A0       		.byte	-96
 1256 04cc CF       		.byte	-49
 1257 04cd 04       		.byte	4
 1258 04ce D0       		.byte	-48
 1259 04cf 18       		.byte	24
 1260 04d0 D2       		.byte	-46
 1261 04d1 80       		.byte	-128
 1262 04d2 D8       		.byte	-40
 1263 04d3 04       		.byte	4
 1264 04d4 D9       		.byte	-39
 1265 04d5 04       		.byte	4
 1266 04d6 DA       		.byte	-38
 1267 04d7 04       		.byte	4
 1268 04d8 DB       		.byte	-37
 1269 04d9 04       		.byte	4
 1270 04da DC       		.byte	-36
 1271 04db 32       		.byte	50
 1272 04dc DD       		.byte	-35
 1273 04dd 22       		.byte	34
 1274 04de DF       		.byte	-33
 1275 04df 01       		.byte	1
 1276 04e0 E0       		.byte	-32
 1277 04e1 40       		.byte	64
 1278 04e2 E2       		.byte	-30
 1279 04e3 C0       		.byte	-64
 1280 04e4 E4       		.byte	-28
 1281 04e5 40       		.byte	64
 1282 04e6 E5       		.byte	-27
 1283 04e7 40       		.byte	64
 1284 04e8 E6       		.byte	-26
 1285 04e9 C0       		.byte	-64
 1286 04ea E8       		.byte	-24
 1287 04eb C0       		.byte	-64
 1288 04ec EA       		.byte	-22
 1289 04ed C0       		.byte	-64
 1290 04ee EC       		.byte	-20
 1291 04ef C0       		.byte	-64
 1292 04f0 EE       		.byte	-18
 1293 04f1 C0       		.byte	-64
 1294 04f2 03       		.byte	3
 1295 04f3 80       		.byte	-128
 1296 04f4 06       		.byte	6
 1297 04f5 01       		.byte	1
 1298 04f6 09       		.byte	9
 1299 04f7 82       		.byte	-126
 1300 04f8 10       		.byte	16
 1301 04f9 20       		.byte	32
 1302 04fa 14       		.byte	20
 1303 04fb 04       		.byte	4
 1304 04fc 17       		.byte	23
 1305 04fd 80       		.byte	-128
 1306 04fe 1A       		.byte	26
 1307 04ff 04       		.byte	4
 1308 0500 1B       		.byte	27
 1309 0501 81       		.byte	-127
 1310 0502 1D       		.byte	29
 1311 0503 10       		.byte	16
ARM GAS  C:\Users\Anders\AppData\Local\Temp\ccKwJh1d.s 			page 24


 1312 0504 1F       		.byte	31
 1313 0505 08       		.byte	8
 1314 0506 22       		.byte	34
 1315 0507 40       		.byte	64
 1316 0508 26       		.byte	38
 1317 0509 40       		.byte	64
 1318 050a 27       		.byte	39
 1319 050b 08       		.byte	8
 1320 050c 2B       		.byte	43
 1321 050d 01       		.byte	1
 1322 050e 2C       		.byte	44
 1323 050f 04       		.byte	4
 1324 0510 2F       		.byte	47
 1325 0511 88       		.byte	-120
 1326 0512 30       		.byte	48
 1327 0513 20       		.byte	32
 1328 0514 31       		.byte	49
 1329 0515 A0       		.byte	-96
 1330 0516 36       		.byte	54
 1331 0517 80       		.byte	-128
 1332 0518 3D       		.byte	61
 1333 0519 08       		.byte	8
 1334 051a 41       		.byte	65
 1335 051b 20       		.byte	32
 1336 051c 43       		.byte	67
 1337 051d 80       		.byte	-128
 1338 051e 44       		.byte	68
 1339 051f 04       		.byte	4
 1340 0520 45       		.byte	69
 1341 0521 04       		.byte	4
 1342 0522 48       		.byte	72
 1343 0523 20       		.byte	32
 1344 0524 49       		.byte	73
 1345 0525 01       		.byte	1
 1346 0526 4D       		.byte	77
 1347 0527 01       		.byte	1
 1348 0528 51       		.byte	81
 1349 0529 80       		.byte	-128
 1350 052a 52       		.byte	82
 1351 052b 80       		.byte	-128
 1352 052c 55       		.byte	85
 1353 052d 04       		.byte	4
 1354 052e 56       		.byte	86
 1355 052f 01       		.byte	1
 1356 0530 57       		.byte	87
 1357 0531 02       		.byte	2
 1358 0532 59       		.byte	89
 1359 0533 01       		.byte	1
 1360 0534 5A       		.byte	90
 1361 0535 84       		.byte	-124
 1362 0536 71       		.byte	113
 1363 0537 02       		.byte	2
 1364 0538 77       		.byte	119
 1365 0539 80       		.byte	-128
 1366 053a 86       		.byte	-122
 1367 053b 40       		.byte	64
 1368 053c 8D       		.byte	-115
ARM GAS  C:\Users\Anders\AppData\Local\Temp\ccKwJh1d.s 			page 25


 1369 053d 10       		.byte	16
 1370 053e 95       		.byte	-107
 1371 053f 01       		.byte	1
 1372 0540 9F       		.byte	-97
 1373 0541 08       		.byte	8
 1374 0542 A7       		.byte	-89
 1375 0543 02       		.byte	2
 1376 0544 AA       		.byte	-86
 1377 0545 40       		.byte	64
 1378 0546 C0       		.byte	-64
 1379 0547 88       		.byte	-120
 1380 0548 C2       		.byte	-62
 1381 0549 09       		.byte	9
 1382 054a C4       		.byte	-60
 1383 054b C4       		.byte	-60
 1384 054c CA       		.byte	-54
 1385 054d A8       		.byte	-88
 1386 054e CC       		.byte	-52
 1387 054f 18       		.byte	24
 1388 0550 CE       		.byte	-50
 1389 0551 40       		.byte	64
 1390 0552 D0       		.byte	-48
 1391 0553 6C       		.byte	108
 1392 0554 D6       		.byte	-42
 1393 0555 0B       		.byte	11
 1394 0556 E2       		.byte	-30
 1395 0557 40       		.byte	64
 1396 0558 EA       		.byte	-22
 1397 0559 01       		.byte	1
 1398 055a 12       		.byte	18
 1399 055b 01       		.byte	1
 1400 055c 2C       		.byte	44
 1401 055d 01       		.byte	1
 1402 055e 2F       		.byte	47
 1403 055f 01       		.byte	1
 1404 0560 30       		.byte	48
 1405 0561 01       		.byte	1
 1406 0562 31       		.byte	49
 1407 0563 01       		.byte	1
 1408 0564 54       		.byte	84
 1409 0565 05       		.byte	5
 1410 0566 58       		.byte	88
 1411 0567 04       		.byte	4
 1412 0568 59       		.byte	89
 1413 0569 04       		.byte	4
 1414 056a 5B       		.byte	91
 1415 056b 04       		.byte	4
 1416 056c 5C       		.byte	92
 1417 056d 22       		.byte	34
 1418 056e 5D       		.byte	93
 1419 056f 20       		.byte	32
 1420 0570 5F       		.byte	95
 1421 0571 01       		.byte	1
 1422 0572 80       		.byte	-128
 1423 0573 04       		.byte	4
 1424 0574 8E       		.byte	-114
 1425 0575 01       		.byte	1
ARM GAS  C:\Users\Anders\AppData\Local\Temp\ccKwJh1d.s 			page 26


 1426 0576 94       		.byte	-108
 1427 0577 04       		.byte	4
 1428 0578 98       		.byte	-104
 1429 0579 02       		.byte	2
 1430 057a 9B       		.byte	-101
 1431 057b 02       		.byte	2
 1432 057c A3       		.byte	-93
 1433 057d 04       		.byte	4
 1434 057e A6       		.byte	-90
 1435 057f 02       		.byte	2
 1436 0580 A7       		.byte	-89
 1437 0581 01       		.byte	1
 1438 0582 B0       		.byte	-80
 1439 0583 04       		.byte	4
 1440 0584 B1       		.byte	-79
 1441 0585 04       		.byte	4
 1442 0586 B2       		.byte	-78
 1443 0587 01       		.byte	1
 1444 0588 B5       		.byte	-75
 1445 0589 01       		.byte	1
 1446 058a B6       		.byte	-74
 1447 058b 02       		.byte	2
 1448 058c B7       		.byte	-73
 1449 058d 02       		.byte	2
 1450 058e B8       		.byte	-72
 1451 058f 02       		.byte	2
 1452 0590 BE       		.byte	-66
 1453 0591 41       		.byte	65
 1454 0592 C0       		.byte	-64
 1455 0593 60       		.byte	96
 1456 0594 C1       		.byte	-63
 1457 0595 03       		.byte	3
 1458 0596 C5       		.byte	-59
 1459 0597 D0       		.byte	-48
 1460 0598 C6       		.byte	-58
 1461 0599 01       		.byte	1
 1462 059a C7       		.byte	-57
 1463 059b 02       		.byte	2
 1464 059c C8       		.byte	-56
 1465 059d 16       		.byte	22
 1466 059e C9       		.byte	-55
 1467 059f FF       		.byte	-1
 1468 05a0 CA       		.byte	-54
 1469 05a1 FF       		.byte	-1
 1470 05a2 CB       		.byte	-53
 1471 05a3 FF       		.byte	-1
 1472 05a4 CD       		.byte	-51
 1473 05a5 A0       		.byte	-96
 1474 05a6 CF       		.byte	-49
 1475 05a7 04       		.byte	4
 1476 05a8 D0       		.byte	-48
 1477 05a9 18       		.byte	24
 1478 05aa D4       		.byte	-44
 1479 05ab 05       		.byte	5
 1480 05ac D8       		.byte	-40
 1481 05ad 04       		.byte	4
 1482 05ae D9       		.byte	-39
ARM GAS  C:\Users\Anders\AppData\Local\Temp\ccKwJh1d.s 			page 27


 1483 05af 04       		.byte	4
 1484 05b0 DA       		.byte	-38
 1485 05b1 04       		.byte	4
 1486 05b2 DB       		.byte	-37
 1487 05b3 04       		.byte	4
 1488 05b4 DC       		.byte	-36
 1489 05b5 01       		.byte	1
 1490 05b6 DD       		.byte	-35
 1491 05b7 44       		.byte	68
 1492 05b8 DF       		.byte	-33
 1493 05b9 01       		.byte	1
 1494 05ba E0       		.byte	-32
 1495 05bb 40       		.byte	64
 1496 05bc E2       		.byte	-30
 1497 05bd C0       		.byte	-64
 1498 05be E4       		.byte	-28
 1499 05bf 40       		.byte	64
 1500 05c0 E5       		.byte	-27
 1501 05c1 40       		.byte	64
 1502 05c2 E6       		.byte	-26
 1503 05c3 C0       		.byte	-64
 1504 05c4 E8       		.byte	-24
 1505 05c5 C0       		.byte	-64
 1506 05c6 EA       		.byte	-22
 1507 05c7 C0       		.byte	-64
 1508 05c8 EC       		.byte	-20
 1509 05c9 C0       		.byte	-64
 1510 05ca EE       		.byte	-18
 1511 05cb C0       		.byte	-64
 1512 05cc 01       		.byte	1
 1513 05cd 02       		.byte	2
 1514 05ce 02       		.byte	2
 1515 05cf 01       		.byte	1
 1516 05d0 09       		.byte	9
 1517 05d1 20       		.byte	32
 1518 05d2 0A       		.byte	10
 1519 05d3 20       		.byte	32
 1520 05d4 0C       		.byte	12
 1521 05d5 01       		.byte	1
 1522 05d6 10       		.byte	16
 1523 05d7 30       		.byte	48
 1524 05d8 17       		.byte	23
 1525 05d9 80       		.byte	-128
 1526 05da 19       		.byte	25
 1527 05db 88       		.byte	-120
 1528 05dc 1A       		.byte	26
 1529 05dd 80       		.byte	-128
 1530 05de 1E       		.byte	30
 1531 05df 80       		.byte	-128
 1532 05e0 20       		.byte	32
 1533 05e1 80       		.byte	-128
 1534 05e2 21       		.byte	33
 1535 05e3 A0       		.byte	-96
 1536 05e4 27       		.byte	39
 1537 05e5 80       		.byte	-128
 1538 05e6 28       		.byte	40
 1539 05e7 10       		.byte	16
ARM GAS  C:\Users\Anders\AppData\Local\Temp\ccKwJh1d.s 			page 28


 1540 05e8 29       		.byte	41
 1541 05e9 02       		.byte	2
 1542 05ea 2C       		.byte	44
 1543 05eb 01       		.byte	1
 1544 05ec 2F       		.byte	47
 1545 05ed 02       		.byte	2
 1546 05ee 32       		.byte	50
 1547 05ef 10       		.byte	16
 1548 05f0 43       		.byte	67
 1549 05f1 08       		.byte	8
 1550 05f2 49       		.byte	73
 1551 05f3 01       		.byte	1
 1552 05f4 4A       		.byte	74
 1553 05f5 04       		.byte	4
 1554 05f6 53       		.byte	83
 1555 05f7 48       		.byte	72
 1556 05f8 59       		.byte	89
 1557 05f9 01       		.byte	1
 1558 05fa 5A       		.byte	90
 1559 05fb 48       		.byte	72
 1560 05fc 5D       		.byte	93
 1561 05fd 01       		.byte	1
 1562 05fe 5E       		.byte	94
 1563 05ff 80       		.byte	-128
 1564 0600 5F       		.byte	95
 1565 0601 08       		.byte	8
 1566 0602 92       		.byte	-110
 1567 0603 68       		.byte	104
 1568 0604 97       		.byte	-105
 1569 0605 80       		.byte	-128
 1570 0606 99       		.byte	-103
 1571 0607 02       		.byte	2
 1572 0608 9A       		.byte	-102
 1573 0609 01       		.byte	1
 1574 060a 9D       		.byte	-99
 1575 060b 88       		.byte	-120
 1576 060c A0       		.byte	-96
 1577 060d 20       		.byte	32
 1578 060e A2       		.byte	-94
 1579 060f 04       		.byte	4
 1580 0610 A4       		.byte	-92
 1581 0611 40       		.byte	64
 1582 0612 A5       		.byte	-91
 1583 0613 80       		.byte	-128
 1584 0614 A7       		.byte	-89
 1585 0615 08       		.byte	8
 1586 0616 A9       		.byte	-87
 1587 0617 01       		.byte	1
 1588 0618 AB       		.byte	-85
 1589 0619 10       		.byte	16
 1590 061a AC       		.byte	-84
 1591 061b 08       		.byte	8
 1592 061c AE       		.byte	-82
 1593 061d 80       		.byte	-128
 1594 061e C0       		.byte	-64
 1595 061f 09       		.byte	9
 1596 0620 C2       		.byte	-62
ARM GAS  C:\Users\Anders\AppData\Local\Temp\ccKwJh1d.s 			page 29


 1597 0621 16       		.byte	22
 1598 0622 C4       		.byte	-60
 1599 0623 84       		.byte	-124
 1600 0624 CA       		.byte	-54
 1601 0625 13       		.byte	19
 1602 0626 CC       		.byte	-52
 1603 0627 04       		.byte	4
 1604 0628 D0       		.byte	-48
 1605 0629 02       		.byte	2
 1606 062a D2       		.byte	-46
 1607 062b 04       		.byte	4
 1608 062c D6       		.byte	-42
 1609 062d DB       		.byte	-37
 1610 062e EA       		.byte	-22
 1611 062f 01       		.byte	1
 1612 0630 32       		.byte	50
 1613 0631 40       		.byte	64
 1614 0632 CC       		.byte	-52
 1615 0633 10       		.byte	16
 1616 0634 57       		.byte	87
 1617 0635 08       		.byte	8
 1618 0636 96       		.byte	-106
 1619 0637 80       		.byte	-128
 1620 0638 D4       		.byte	-44
 1621 0639 40       		.byte	64
 1622 063a 3E       		.byte	62
 1623 063b 10       		.byte	16
 1624 063c 96       		.byte	-106
 1625 063d 80       		.byte	-128
 1626 063e A7       		.byte	-89
 1627 063f 08       		.byte	8
 1628 0640 CE       		.byte	-50
 1629 0641 20       		.byte	32
 1630 0642 96       		.byte	-106
 1631 0643 90       		.byte	-112
 1632 0644 A7       		.byte	-89
 1633 0645 08       		.byte	8
 1634 0646 10       		.byte	16
 1635 0647 10       		.byte	16
 1636 0648 14       		.byte	20
 1637 0649 20       		.byte	32
 1638 064a C4       		.byte	-60
 1639 064b 0C       		.byte	12
 1640 064c 56       		.byte	86
 1641 064d 02       		.byte	2
 1642 064e 98       		.byte	-104
 1643 064f 30       		.byte	48
 1644 0650 9A       		.byte	-102
 1645 0651 02       		.byte	2
 1646 0652 AE       		.byte	-82
 1647 0653 02       		.byte	2
 1648 0654 D6       		.byte	-42
 1649 0655 04       		.byte	4
 1650 0656 98       		.byte	-104
 1651 0657 30       		.byte	48
 1652 0658 98       		.byte	-104
 1653 0659 30       		.byte	48
ARM GAS  C:\Users\Anders\AppData\Local\Temp\ccKwJh1d.s 			page 30


 1654 065a 96       		.byte	-106
 1655 065b 90       		.byte	-112
 1656 065c A7       		.byte	-89
 1657 065d 08       		.byte	8
 1658 065e 0A       		.byte	10
 1659 065f 80       		.byte	-128
 1660 0660 59       		.byte	89
 1661 0661 08       		.byte	8
 1662 0662 64       		.byte	100
 1663 0663 10       		.byte	16
 1664 0664 84       		.byte	-124
 1665 0665 10       		.byte	16
 1666 0666 8D       		.byte	-115
 1667 0667 08       		.byte	8
 1668 0668 96       		.byte	-106
 1669 0669 80       		.byte	-128
 1670 066a AA       		.byte	-86
 1671 066b 10       		.byte	16
 1672 066c AB       		.byte	-85
 1673 066d 08       		.byte	8
 1674 066e C2       		.byte	-62
 1675 066f 10       		.byte	16
 1676 0670 D6       		.byte	-42
 1677 0671 40       		.byte	64
 1678 0672 D8       		.byte	-40
 1679 0673 80       		.byte	-128
 1680 0674 E6       		.byte	-26
 1681 0675 40       		.byte	64
 1682 0676 EA       		.byte	-22
 1683 0677 80       		.byte	-128
 1684 0678 EE       		.byte	-18
 1685 0679 80       		.byte	-128
 1686 067a 10       		.byte	16
 1687 067b 40       		.byte	64
 1688 067c 13       		.byte	19
 1689 067d 20       		.byte	32
 1690 067e 14       		.byte	20
 1691 067f 80       		.byte	-128
 1692 0680 78       		.byte	120
 1693 0681 10       		.byte	16
 1694 0682 7C       		.byte	124
 1695 0683 20       		.byte	32
 1696 0684 98       		.byte	-104
 1697 0685 30       		.byte	48
 1698 0686 C4       		.byte	-60
 1699 0687 0E       		.byte	14
 1700 0688 DE       		.byte	-34
 1701 0689 03       		.byte	3
 1702 068a 78       		.byte	120
 1703 068b 40       		.byte	64
 1704 068c 7C       		.byte	124
 1705 068d 80       		.byte	-128
 1706 068e 98       		.byte	-104
 1707 068f C0       		.byte	-64
 1708 0690 AB       		.byte	-85
 1709 0691 20       		.byte	32
 1710 0692 DC       		.byte	-36
ARM GAS  C:\Users\Anders\AppData\Local\Temp\ccKwJh1d.s 			page 31


 1711 0693 01       		.byte	1
 1712 0694 DE       		.byte	-34
 1713 0695 04       		.byte	4
 1714 0696 00       		.byte	0
 1715 0697 33       		.byte	51
 1716 0698 08       		.byte	8
 1717 0699 32       		.byte	50
 1718 069a 0A       		.byte	10
 1719 069b 33       		.byte	51
 1720 069c 10       		.byte	16
 1721 069d 1F       		.byte	31
 1722 069e 1A       		.byte	26
 1723 069f 1F       		.byte	31
 1724 06a0 00       		.byte	0
 1725 06a1 03       		.byte	3
 1726 06a2 03       		.byte	3
 1727 06a3 C0       		.byte	-64
 1728 06a4 20       		.byte	32
 1729 06a5 30       		.byte	48
 1730 06a6 00       		.byte	0
 1731 06a7 00       		.byte	0
 1732 06a8 30       		.byte	48
 1733 06a9 00       		.byte	0
 1734 06aa 00       		.byte	0
 1735 06ab 00       		.byte	0
 1736 06ac 00       		.byte	0
 1737 06ad 03       		.byte	3
 1738 06ae 03       		.byte	3
 1739 06af 00       		.byte	0
 1740 06b0 01       		.byte	1
 1741 06b1 00       		.byte	0
 1742 06b2 00       		.byte	0
 1743 06b3 00       		.byte	0
 1744 06b4 30       		.byte	48
 1745 06b5 00       		.byte	0
 1746 06b6 00       		.byte	0
 1747 06b7 00       		.byte	0
 1748 06b8 30       		.byte	48
 1749 06b9 00       		.byte	0
 1750 06ba 30       		.byte	48
 1751 06bb 00       		.byte	0
 1752 06bc 00       		.byte	0
 1753 06bd 30       		.byte	48
 1754 06be 00       		.byte	0
 1755 06bf 00       		.byte	0
 1756 06c0 00       		.byte	0
 1757 06c1 20       		.byte	32
 1758 06c2 00       		.byte	0
 1759 06c3 00       		.byte	0
 1760 06c4 00       		.byte	0
 1761 06c5 00       		.byte	0
 1762 06c6 00       		.byte	0
 1763 06c7 00       		.byte	0
 1764 06c8 00       		.byte	0
 1765 06c9 0B       		.byte	11
 1766 06ca 0B       		.byte	11
 1767 06cb 00       		.byte	0
ARM GAS  C:\Users\Anders\AppData\Local\Temp\ccKwJh1d.s 			page 32


 1768 06cc 00       		.byte	0
 1769 06cd 00       		.byte	0
 1770 06ce 00       		.byte	0
 1771 06cf 00       		.byte	0
 1772 06d0 03       		.byte	3
 1773 06d1 0C       		.byte	12
 1774 06d2 0C       		.byte	12
 1775 06d3 00       		.byte	0
 1776 06d4 08       		.byte	8
 1777 06d5 00       		.byte	0
 1778 06d6 00       		.byte	0
 1779 06d7 00       		.byte	0
 1780 06d8 10       		.byte	16
 1781 06d9 00       		.byte	0
 1782 06da 00       		.byte	0
 1783 06db C0       		.byte	-64
 1784 06dc F0       		.byte	-16
 1785 06dd 00       		.byte	0
 1786 06de C0       		.byte	-64
 1787 06df 00       		.byte	0
 1788 06e0 00       		.byte	0
 1789 06e1 00       		.byte	0
 1790 06e2 00       		.byte	0
 1791 06e3 00       		.byte	0
 1792              		.section	.cywolatch,"a",%progbits
 1793              		.align	2
 1794              		.type	cy_meta_wonvl, %object
 1795              		.size	cy_meta_wonvl, 4
 1796              	cy_meta_wonvl:
 1797 0000 BC       		.byte	-68
 1798 0001 90       		.byte	-112
 1799 0002 AC       		.byte	-84
 1800 0003 AF       		.byte	-81
 1801              		.section	.cycustnvl,"a",%progbits
 1802              		.align	2
 1803              		.type	cy_meta_custnvl, %object
 1804              		.size	cy_meta_custnvl, 4
 1805              	cy_meta_custnvl:
 1806 0000 00       		.byte	0
 1807 0001 00       		.byte	0
 1808 0002 40       		.byte	64
 1809 0003 05       		.byte	5
 1810              		.section	.cymeta,"a",%progbits
 1811              		.align	2
 1812              		.type	cy_metadata, %object
 1813              		.size	cy_metadata, 12
 1814              	cy_metadata:
 1815 0000 00       		.byte	0
 1816 0001 01       		.byte	1
 1817 0002 2E       		.byte	46
 1818 0003 12       		.byte	18
 1819 0004 70       		.byte	112
 1820 0005 69       		.byte	105
 1821 0006 00       		.byte	0
 1822 0007 01       		.byte	1
 1823 0008 00       		.byte	0
 1824 0009 00       		.byte	0
ARM GAS  C:\Users\Anders\AppData\Local\Temp\ccKwJh1d.s 			page 33


 1825 000a 00       		.byte	0
 1826 000b 00       		.byte	0
 1827              		.section	.cyflashprotect,"a",%progbits
 1828              		.align	2
 1829              		.type	cy_meta_flashprotect, %object
 1830              		.size	cy_meta_flashprotect, 256
 1831              	cy_meta_flashprotect:
 1832 0000 00000000 		.space	256
 1832      00000000 
 1832      00000000 
 1832      00000000 
 1832      00000000 
 1833              		.text
 1834              	.Letext0:
 1835              		.file 1 "Generated_Source\\PSoC5\\cymetadata.c"
 1836              		.file 2 "Generated_Source\\PSoC5\\cytypes.h"
 1837              		.section	.debug_info,"",%progbits
 1838              	.Ldebug_info0:
 1839 0000 3B010000 		.4byte	0x13b
 1840 0004 0400     		.2byte	0x4
 1841 0006 00000000 		.4byte	.Ldebug_abbrev0
 1842 000a 04       		.byte	0x4
 1843 000b 01       		.uleb128 0x1
 1844 000c BF000000 		.4byte	.LASF18
 1845 0010 01       		.byte	0x1
 1846 0011 D5010000 		.4byte	.LASF19
 1847 0015 20000000 		.4byte	.LASF20
 1848 0019 00000000 		.4byte	.Ldebug_line0
 1849 001d 02       		.uleb128 0x2
 1850 001e 01       		.byte	0x1
 1851 001f 06       		.byte	0x6
 1852 0020 C9010000 		.4byte	.LASF0
 1853 0024 02       		.uleb128 0x2
 1854 0025 01       		.byte	0x1
 1855 0026 08       		.byte	0x8
 1856 0027 12000000 		.4byte	.LASF1
 1857 002b 02       		.uleb128 0x2
 1858 002c 02       		.byte	0x2
 1859 002d 05       		.byte	0x5
 1860 002e B0010000 		.4byte	.LASF2
 1861 0032 02       		.uleb128 0x2
 1862 0033 02       		.byte	0x2
 1863 0034 07       		.byte	0x7
 1864 0035 83000000 		.4byte	.LASF3
 1865 0039 02       		.uleb128 0x2
 1866 003a 04       		.byte	0x4
 1867 003b 05       		.byte	0x5
 1868 003c C0010000 		.4byte	.LASF4
 1869 0040 02       		.uleb128 0x2
 1870 0041 04       		.byte	0x4
 1871 0042 07       		.byte	0x7
 1872 0043 71000000 		.4byte	.LASF5
 1873 0047 02       		.uleb128 0x2
 1874 0048 08       		.byte	0x8
 1875 0049 05       		.byte	0x5
 1876 004a 9D010000 		.4byte	.LASF6
 1877 004e 02       		.uleb128 0x2
ARM GAS  C:\Users\Anders\AppData\Local\Temp\ccKwJh1d.s 			page 34


 1878 004f 08       		.byte	0x8
 1879 0050 07       		.byte	0x7
 1880 0051 5A010000 		.4byte	.LASF7
 1881 0055 03       		.uleb128 0x3
 1882 0056 04       		.byte	0x4
 1883 0057 05       		.byte	0x5
 1884 0058 696E7400 		.ascii	"int\000"
 1885 005c 02       		.uleb128 0x2
 1886 005d 04       		.byte	0x4
 1887 005e 07       		.byte	0x7
 1888 005f 4D010000 		.4byte	.LASF8
 1889 0063 04       		.uleb128 0x4
 1890 0064 BA010000 		.4byte	.LASF21
 1891 0068 02       		.byte	0x2
 1892 0069 9201     		.2byte	0x192
 1893 006b 24000000 		.4byte	0x24
 1894 006f 02       		.uleb128 0x2
 1895 0070 04       		.byte	0x4
 1896 0071 04       		.byte	0x4
 1897 0072 0C000000 		.4byte	.LASF9
 1898 0076 02       		.uleb128 0x2
 1899 0077 08       		.byte	0x8
 1900 0078 04       		.byte	0x4
 1901 0079 96000000 		.4byte	.LASF10
 1902 007d 02       		.uleb128 0x2
 1903 007e 01       		.byte	0x1
 1904 007f 08       		.byte	0x8
 1905 0080 AB010000 		.4byte	.LASF11
 1906 0084 05       		.uleb128 0x5
 1907 0085 63000000 		.4byte	0x63
 1908 0089 95000000 		.4byte	0x95
 1909 008d 06       		.uleb128 0x6
 1910 008e 95000000 		.4byte	0x95
 1911 0092 E306     		.2byte	0x6e3
 1912 0094 00       		.byte	0
 1913 0095 02       		.uleb128 0x2
 1914 0096 04       		.byte	0x4
 1915 0097 07       		.byte	0x7
 1916 0098 94010000 		.4byte	.LASF12
 1917 009c 07       		.uleb128 0x7
 1918 009d AD000000 		.4byte	.LASF13
 1919 00a1 01       		.byte	0x1
 1920 00a2 1F       		.byte	0x1f
 1921 00a3 AD000000 		.4byte	0xad
 1922 00a7 05       		.uleb128 0x5
 1923 00a8 03       		.byte	0x3
 1924 00a9 00000000 		.4byte	cy_meta_configecc
 1925 00ad 08       		.uleb128 0x8
 1926 00ae 84000000 		.4byte	0x84
 1927 00b2 05       		.uleb128 0x5
 1928 00b3 63000000 		.4byte	0x63
 1929 00b7 C2000000 		.4byte	0xc2
 1930 00bb 09       		.uleb128 0x9
 1931 00bc 95000000 		.4byte	0x95
 1932 00c0 03       		.byte	0x3
 1933 00c1 00       		.byte	0
 1934 00c2 0A       		.uleb128 0xa
ARM GAS  C:\Users\Anders\AppData\Local\Temp\ccKwJh1d.s 			page 35


 1935 00c3 9D000000 		.4byte	.LASF14
 1936 00c7 01       		.byte	0x1
 1937 00c8 0901     		.2byte	0x109
 1938 00ca D4000000 		.4byte	0xd4
 1939 00ce 05       		.uleb128 0x5
 1940 00cf 03       		.byte	0x3
 1941 00d0 00000000 		.4byte	cy_meta_custnvl
 1942 00d4 08       		.uleb128 0x8
 1943 00d5 B2000000 		.4byte	0xb2
 1944 00d9 0A       		.uleb128 0xa
 1945 00da 86010000 		.4byte	.LASF15
 1946 00de 01       		.byte	0x1
 1947 00df 1701     		.2byte	0x117
 1948 00e1 EB000000 		.4byte	0xeb
 1949 00e5 05       		.uleb128 0x5
 1950 00e6 03       		.byte	0x3
 1951 00e7 00000000 		.4byte	cy_meta_wonvl
 1952 00eb 08       		.uleb128 0x8
 1953 00ec B2000000 		.4byte	0xb2
 1954 00f0 05       		.uleb128 0x5
 1955 00f1 63000000 		.4byte	0x63
 1956 00f5 00010000 		.4byte	0x100
 1957 00f9 09       		.uleb128 0x9
 1958 00fa 95000000 		.4byte	0x95
 1959 00fe FF       		.byte	0xff
 1960 00ff 00       		.byte	0
 1961 0100 0A       		.uleb128 0xa
 1962 0101 71010000 		.4byte	.LASF16
 1963 0105 01       		.byte	0x1
 1964 0106 2501     		.2byte	0x125
 1965 0108 12010000 		.4byte	0x112
 1966 010c 05       		.uleb128 0x5
 1967 010d 03       		.byte	0x3
 1968 010e 00000000 		.4byte	cy_meta_flashprotect
 1969 0112 08       		.uleb128 0x8
 1970 0113 F0000000 		.4byte	0xf0
 1971 0117 05       		.uleb128 0x5
 1972 0118 63000000 		.4byte	0x63
 1973 011c 27010000 		.4byte	0x127
 1974 0120 09       		.uleb128 0x9
 1975 0121 95000000 		.4byte	0x95
 1976 0125 0B       		.byte	0xb
 1977 0126 00       		.byte	0
 1978 0127 0A       		.uleb128 0xa
 1979 0128 00000000 		.4byte	.LASF17
 1980 012c 01       		.byte	0x1
 1981 012d 5201     		.2byte	0x152
 1982 012f 39010000 		.4byte	0x139
 1983 0133 05       		.uleb128 0x5
 1984 0134 03       		.byte	0x3
 1985 0135 00000000 		.4byte	cy_metadata
 1986 0139 08       		.uleb128 0x8
 1987 013a 17010000 		.4byte	0x117
 1988 013e 00       		.byte	0
 1989              		.section	.debug_abbrev,"",%progbits
 1990              	.Ldebug_abbrev0:
 1991 0000 01       		.uleb128 0x1
ARM GAS  C:\Users\Anders\AppData\Local\Temp\ccKwJh1d.s 			page 36


 1992 0001 11       		.uleb128 0x11
 1993 0002 01       		.byte	0x1
 1994 0003 25       		.uleb128 0x25
 1995 0004 0E       		.uleb128 0xe
 1996 0005 13       		.uleb128 0x13
 1997 0006 0B       		.uleb128 0xb
 1998 0007 03       		.uleb128 0x3
 1999 0008 0E       		.uleb128 0xe
 2000 0009 1B       		.uleb128 0x1b
 2001 000a 0E       		.uleb128 0xe
 2002 000b 10       		.uleb128 0x10
 2003 000c 17       		.uleb128 0x17
 2004 000d 00       		.byte	0
 2005 000e 00       		.byte	0
 2006 000f 02       		.uleb128 0x2
 2007 0010 24       		.uleb128 0x24
 2008 0011 00       		.byte	0
 2009 0012 0B       		.uleb128 0xb
 2010 0013 0B       		.uleb128 0xb
 2011 0014 3E       		.uleb128 0x3e
 2012 0015 0B       		.uleb128 0xb
 2013 0016 03       		.uleb128 0x3
 2014 0017 0E       		.uleb128 0xe
 2015 0018 00       		.byte	0
 2016 0019 00       		.byte	0
 2017 001a 03       		.uleb128 0x3
 2018 001b 24       		.uleb128 0x24
 2019 001c 00       		.byte	0
 2020 001d 0B       		.uleb128 0xb
 2021 001e 0B       		.uleb128 0xb
 2022 001f 3E       		.uleb128 0x3e
 2023 0020 0B       		.uleb128 0xb
 2024 0021 03       		.uleb128 0x3
 2025 0022 08       		.uleb128 0x8
 2026 0023 00       		.byte	0
 2027 0024 00       		.byte	0
 2028 0025 04       		.uleb128 0x4
 2029 0026 16       		.uleb128 0x16
 2030 0027 00       		.byte	0
 2031 0028 03       		.uleb128 0x3
 2032 0029 0E       		.uleb128 0xe
 2033 002a 3A       		.uleb128 0x3a
 2034 002b 0B       		.uleb128 0xb
 2035 002c 3B       		.uleb128 0x3b
 2036 002d 05       		.uleb128 0x5
 2037 002e 49       		.uleb128 0x49
 2038 002f 13       		.uleb128 0x13
 2039 0030 00       		.byte	0
 2040 0031 00       		.byte	0
 2041 0032 05       		.uleb128 0x5
 2042 0033 01       		.uleb128 0x1
 2043 0034 01       		.byte	0x1
 2044 0035 49       		.uleb128 0x49
 2045 0036 13       		.uleb128 0x13
 2046 0037 01       		.uleb128 0x1
 2047 0038 13       		.uleb128 0x13
 2048 0039 00       		.byte	0
ARM GAS  C:\Users\Anders\AppData\Local\Temp\ccKwJh1d.s 			page 37


 2049 003a 00       		.byte	0
 2050 003b 06       		.uleb128 0x6
 2051 003c 21       		.uleb128 0x21
 2052 003d 00       		.byte	0
 2053 003e 49       		.uleb128 0x49
 2054 003f 13       		.uleb128 0x13
 2055 0040 2F       		.uleb128 0x2f
 2056 0041 05       		.uleb128 0x5
 2057 0042 00       		.byte	0
 2058 0043 00       		.byte	0
 2059 0044 07       		.uleb128 0x7
 2060 0045 34       		.uleb128 0x34
 2061 0046 00       		.byte	0
 2062 0047 03       		.uleb128 0x3
 2063 0048 0E       		.uleb128 0xe
 2064 0049 3A       		.uleb128 0x3a
 2065 004a 0B       		.uleb128 0xb
 2066 004b 3B       		.uleb128 0x3b
 2067 004c 0B       		.uleb128 0xb
 2068 004d 49       		.uleb128 0x49
 2069 004e 13       		.uleb128 0x13
 2070 004f 3F       		.uleb128 0x3f
 2071 0050 19       		.uleb128 0x19
 2072 0051 02       		.uleb128 0x2
 2073 0052 18       		.uleb128 0x18
 2074 0053 00       		.byte	0
 2075 0054 00       		.byte	0
 2076 0055 08       		.uleb128 0x8
 2077 0056 26       		.uleb128 0x26
 2078 0057 00       		.byte	0
 2079 0058 49       		.uleb128 0x49
 2080 0059 13       		.uleb128 0x13
 2081 005a 00       		.byte	0
 2082 005b 00       		.byte	0
 2083 005c 09       		.uleb128 0x9
 2084 005d 21       		.uleb128 0x21
 2085 005e 00       		.byte	0
 2086 005f 49       		.uleb128 0x49
 2087 0060 13       		.uleb128 0x13
 2088 0061 2F       		.uleb128 0x2f
 2089 0062 0B       		.uleb128 0xb
 2090 0063 00       		.byte	0
 2091 0064 00       		.byte	0
 2092 0065 0A       		.uleb128 0xa
 2093 0066 34       		.uleb128 0x34
 2094 0067 00       		.byte	0
 2095 0068 03       		.uleb128 0x3
 2096 0069 0E       		.uleb128 0xe
 2097 006a 3A       		.uleb128 0x3a
 2098 006b 0B       		.uleb128 0xb
 2099 006c 3B       		.uleb128 0x3b
 2100 006d 05       		.uleb128 0x5
 2101 006e 49       		.uleb128 0x49
 2102 006f 13       		.uleb128 0x13
 2103 0070 3F       		.uleb128 0x3f
 2104 0071 19       		.uleb128 0x19
 2105 0072 02       		.uleb128 0x2
ARM GAS  C:\Users\Anders\AppData\Local\Temp\ccKwJh1d.s 			page 38


 2106 0073 18       		.uleb128 0x18
 2107 0074 00       		.byte	0
 2108 0075 00       		.byte	0
 2109 0076 00       		.byte	0
 2110              		.section	.debug_aranges,"",%progbits
 2111 0000 14000000 		.4byte	0x14
 2112 0004 0200     		.2byte	0x2
 2113 0006 00000000 		.4byte	.Ldebug_info0
 2114 000a 04       		.byte	0x4
 2115 000b 00       		.byte	0
 2116 000c 0000     		.2byte	0
 2117 000e 0000     		.2byte	0
 2118 0010 00000000 		.4byte	0
 2119 0014 00000000 		.4byte	0
 2120              		.section	.debug_line,"",%progbits
 2121              	.Ldebug_line0:
 2122 0000 4D000000 		.section	.debug_str,"MS",%progbits,1
 2122      02004700 
 2122      00000201 
 2122      FB0E0D00 
 2122      01010101 
 2123              	.LASF17:
 2124 0000 63795F6D 		.ascii	"cy_metadata\000"
 2124      65746164 
 2124      61746100 
 2125              	.LASF9:
 2126 000c 666C6F61 		.ascii	"float\000"
 2126      7400
 2127              	.LASF1:
 2128 0012 756E7369 		.ascii	"unsigned char\000"
 2128      676E6564 
 2128      20636861 
 2128      7200
 2129              	.LASF20:
 2130 0020 433A5C55 		.ascii	"C:\\Users\\Anders\\Desktop\\HellYaeh\\E4PRJ4-Gruppe"
 2130      73657273 
 2130      5C416E64 
 2130      6572735C 
 2130      4465736B 
 2131 004e 315C5265 		.ascii	"1\\Retning med mus\\version_01.cydsn\000"
 2131      746E696E 
 2131      67206D65 
 2131      64206D75 
 2131      735C7665 
 2132              	.LASF5:
 2133 0071 6C6F6E67 		.ascii	"long unsigned int\000"
 2133      20756E73 
 2133      69676E65 
 2133      6420696E 
 2133      7400
 2134              	.LASF3:
 2135 0083 73686F72 		.ascii	"short unsigned int\000"
 2135      7420756E 
 2135      7369676E 
 2135      65642069 
 2135      6E7400
 2136              	.LASF10:
ARM GAS  C:\Users\Anders\AppData\Local\Temp\ccKwJh1d.s 			page 39


 2137 0096 646F7562 		.ascii	"double\000"
 2137      6C6500
 2138              	.LASF14:
 2139 009d 63795F6D 		.ascii	"cy_meta_custnvl\000"
 2139      6574615F 
 2139      63757374 
 2139      6E766C00 
 2140              	.LASF13:
 2141 00ad 63795F6D 		.ascii	"cy_meta_configecc\000"
 2141      6574615F 
 2141      636F6E66 
 2141      69676563 
 2141      6300
 2142              	.LASF18:
 2143 00bf 474E5520 		.ascii	"GNU C 4.9.3 20150303 (release) [ARM/embedded-4_9-br"
 2143      4320342E 
 2143      392E3320 
 2143      32303135 
 2143      30333033 
 2144 00f2 616E6368 		.ascii	"anch revision 221220] -mcpu=cortex-m3 -mthumb -g -O"
 2144      20726576 
 2144      6973696F 
 2144      6E203232 
 2144      31323230 
 2145 0125 67202D66 		.ascii	"g -ffunction-sections -ffat-lto-objects\000"
 2145      66756E63 
 2145      74696F6E 
 2145      2D736563 
 2145      74696F6E 
 2146              	.LASF8:
 2147 014d 756E7369 		.ascii	"unsigned int\000"
 2147      676E6564 
 2147      20696E74 
 2147      00
 2148              	.LASF7:
 2149 015a 6C6F6E67 		.ascii	"long long unsigned int\000"
 2149      206C6F6E 
 2149      6720756E 
 2149      7369676E 
 2149      65642069 
 2150              	.LASF16:
 2151 0171 63795F6D 		.ascii	"cy_meta_flashprotect\000"
 2151      6574615F 
 2151      666C6173 
 2151      6870726F 
 2151      74656374 
 2152              	.LASF15:
 2153 0186 63795F6D 		.ascii	"cy_meta_wonvl\000"
 2153      6574615F 
 2153      776F6E76 
 2153      6C00
 2154              	.LASF12:
 2155 0194 73697A65 		.ascii	"sizetype\000"
 2155      74797065 
 2155      00
 2156              	.LASF6:
 2157 019d 6C6F6E67 		.ascii	"long long int\000"
ARM GAS  C:\Users\Anders\AppData\Local\Temp\ccKwJh1d.s 			page 40


 2157      206C6F6E 
 2157      6720696E 
 2157      7400
 2158              	.LASF11:
 2159 01ab 63686172 		.ascii	"char\000"
 2159      00
 2160              	.LASF2:
 2161 01b0 73686F72 		.ascii	"short int\000"
 2161      7420696E 
 2161      7400
 2162              	.LASF21:
 2163 01ba 75696E74 		.ascii	"uint8\000"
 2163      3800
 2164              	.LASF4:
 2165 01c0 6C6F6E67 		.ascii	"long int\000"
 2165      20696E74 
 2165      00
 2166              	.LASF0:
 2167 01c9 7369676E 		.ascii	"signed char\000"
 2167      65642063 
 2167      68617200 
 2168              	.LASF19:
 2169 01d5 47656E65 		.ascii	"Generated_Source\\PSoC5\\cymetadata.c\000"
 2169      72617465 
 2169      645F536F 
 2169      75726365 
 2169      5C50536F 
 2170              		.ident	"GCC: (GNU Tools for ARM Embedded Processors) 4.9.3 20150303 (release) [ARM/embedded-4_9-br
