ARM GAS  C:\Users\EmilR\AppData\Local\Temp\cccEj4TV.s 			page 1


   1              		.syntax unified
   2              		.cpu cortex-m3
   3              		.fpu softvfp
   4              		.eabi_attribute 20, 1
   5              		.eabi_attribute 21, 1
   6              		.eabi_attribute 23, 3
   7              		.eabi_attribute 24, 1
   8              		.eabi_attribute 25, 1
   9              		.eabi_attribute 26, 1
  10              		.eabi_attribute 30, 1
  11              		.eabi_attribute 34, 1
  12              		.eabi_attribute 18, 4
  13              		.thumb
  14              		.file	"main.c"
  15              		.text
  16              	.Ltext0:
  17              		.cfi_sections	.debug_frame
  18              		.section	.text.main,"ax",%progbits
  19              		.align	2
  20              		.global	main
  21              		.thumb
  22              		.thumb_func
  23              		.type	main, %function
  24              	main:
  25              	.LFB63:
  26              		.file 1 "main.c"
   1:main.c        **** /* ========================================
   2:main.c        ****  *
   3:main.c        ****  * Copyright Anders Dalsgaard Norlyk, 2016
   4:main.c        ****  * All Rights Reserved
   5:main.c        ****  * UNPUBLISHED, LICENSED SOFTWARE.
   6:main.c        ****  *
   7:main.c        ****  * CONFIDENTIAL AND PROPRIETARY INFORMATION
   8:main.c        ****  * WHICH IS THE PROPERTY OF your company.
   9:main.c        ****  *
  10:main.c        ****  * ========================================
  11:main.c        **** */
  12:main.c        **** #include <project.h>
  13:main.c        **** #include <stdio.h>
  14:main.c        **** #include <functions.h>
  15:main.c        **** #include <math.h>
  16:main.c        **** #include "main.h"
  17:main.c        **** 
  18:main.c        **** #define MOUSEBUTTON_XYOVERFLOW 0
  19:main.c        **** #define X_MOVEMENT 1
  20:main.c        **** #define Y_MOVEMENT 1
  21:main.c        **** #define PACKETSIZE 33
  22:main.c        **** 
  23:main.c        **** struct mouse mouseData;
  24:main.c        **** 
  25:main.c        **** 
  26:main.c        **** CY_ISR_PROTO(PS2_interrupt);
  27:main.c        **** /* I2C slave read and write buffers */
  28:main.c        **** uint8 i2cbuf[BUFFER_SIZE]={0};
  29:main.c        **** uint8 oldbuf[BUFFER_SIZE]={0};
  30:main.c        **** 
  31:main.c        **** int main()
ARM GAS  C:\Users\EmilR\AppData\Local\Temp\cccEj4TV.s 			page 2


  32:main.c        **** {
  27              		.loc 1 32 0
  28              		.cfi_startproc
  29              		@ Volatile: function does not return.
  30              		@ args = 0, pretend = 0, frame = 0
  31              		@ frame_needed = 0, uses_anonymous_args = 0
  32 0000 08B5     		push	{r3, lr}
  33              		.cfi_def_cfa_offset 8
  34              		.cfi_offset 3, -8
  35              		.cfi_offset 14, -4
  33:main.c        ****     
  34:main.c        ****     
  35:main.c        ****     
  36:main.c        ****     Init(&mouseData);
  36              		.loc 1 36 0
  37 0002 0C48     		ldr	r0, .L4
  38 0004 FFF7FEFF 		bl	Init
  39              	.LVL0:
  37:main.c        ****     //UART_1_Start();
  38:main.c        ****     char value[20];
  39:main.c        ****     isr_PS2_clock_StartEx(PS2_interrupt);
  40              		.loc 1 39 0
  41 0008 0B48     		ldr	r0, .L4+4
  42 000a FFF7FEFF 		bl	isr_PS2_clock_StartEx
  43              	.LVL1:
  40:main.c        ****     isr_PS2_clock_ClearPending();
  44              		.loc 1 40 0
  45 000e FFF7FEFF 		bl	isr_PS2_clock_ClearPending
  46              	.LVL2:
  41:main.c        ****     
  42:main.c        ****     
  43:main.c        ****     //init_step();
  44:main.c        ****     I2CS_Start(); 
  47              		.loc 1 44 0
  48 0012 FFF7FEFF 		bl	I2CS_Start
  49              	.LVL3:
  45:main.c        ****     I2CS_SetBuffer1(BUFFER_SIZE,BUFFER_RW_AREA,i2cbuf);
  50              		.loc 1 45 0
  51 0016 0820     		movs	r0, #8
  52 0018 0421     		movs	r1, #4
  53 001a 084A     		ldr	r2, .L4+8
  54 001c FFF7FEFF 		bl	I2CS_SetBuffer1
  55              	.LVL4:
  46:main.c        ****     CounterF_Start();
  56              		.loc 1 46 0
  57 0020 FFF7FEFF 		bl	CounterF_Start
  58              	.LVL5:
  47:main.c        ****     CounterB_Start();
  59              		.loc 1 47 0
  60 0024 FFF7FEFF 		bl	CounterB_Start
  61              	.LVL6:
  48:main.c        ****     PWMSF_Start();
  62              		.loc 1 48 0
  63 0028 FFF7FEFF 		bl	PWMSF_Start
  64              	.LVL7:
  49:main.c        ****     PWMSB_Start();
  65              		.loc 1 49 0
ARM GAS  C:\Users\EmilR\AppData\Local\Temp\cccEj4TV.s 			page 3


  66 002c FFF7FEFF 		bl	PWMSB_Start
  67              	.LVL8:
  50:main.c        ****     /* Start I2C slave (SCB mode) */
  51:main.c        ****    
  52:main.c        ****     
  53:main.c        **** 
  54:main.c        ****     CyGlobalIntEnable;
  68              		.loc 1 54 0
  69              	@ 54 "main.c" 1
  70 0030 62B6     		CPSIE   i
  71              	@ 0 "" 2
  72              		.thumb
  73              	.L2:
  55:main.c        ****     
  56:main.c        **** 
  57:main.c        ****     /***************************************************************************
  58:main.c        ****     * Main polling loop
  59:main.c        ****     ***************************************************************************/
  60:main.c        ****     for (;;)
  61:main.c        ****     {
  62:main.c        **** //        CyDelay(100);
  63:main.c        **** //         CyGlobalIntEnable;
  64:main.c        **** //        CyDelay(100);
  65:main.c        **** //         CyGlobalIntDisable;
  66:main.c        **** //        PWMSF_WriteCompare(i2cbuf[SPEED_FRONT_POS]);
  67:main.c        **** //        PWMSB_WriteCompare(i2cbuf[SPEED_BACK_POS]);
  68:main.c        **** //        
  69:main.c        **** //        if(oldbuf[ANG_FRONT_POS] != i2cbuf[ANG_FRONT_POS])
  70:main.c        **** //        {
  71:main.c        **** //            steer(i2cbuf[ANG_FRONT_POS],i2cbuf[ANG_BACK_POS]);
  72:main.c        **** //        }
  73:main.c        **** ////        if(oldbuf[ANG_BACK_POS] != i2cbuf[ANG_BACK_POS])
  74:main.c        **** ////        {
  75:main.c        **** ////            run_back(i2cbuf[ANG_BACK_POS]);
  76:main.c        **** ////        }
  77:main.c        ****         
  78:main.c        ****         
  79:main.c        ****     }
  74              		.loc 1 79 0 discriminator 1
  75 0032 FEE7     		b	.L2
  76              	.L5:
  77              		.align	2
  78              	.L4:
  79 0034 00000000 		.word	mouseData
  80 0038 00000000 		.word	PS2_interrupt
  81 003c 00000000 		.word	.LANCHOR0
  82              		.cfi_endproc
  83              	.LFE63:
  84              		.size	main, .-main
  85              		.global	oldbuf
  86              		.global	i2cbuf
  87              		.comm	mouseData,32,4
  88              		.bss
  89              		.align	2
  90              		.set	.LANCHOR0,. + 0
  91              		.type	i2cbuf, %object
  92              		.size	i2cbuf, 8
ARM GAS  C:\Users\EmilR\AppData\Local\Temp\cccEj4TV.s 			page 4


  93              	i2cbuf:
  94 0000 00000000 		.space	8
  94      00000000 
  95              		.type	oldbuf, %object
  96              		.size	oldbuf, 8
  97              	oldbuf:
  98 0008 00000000 		.space	8
  98      00000000 
  99              		.text
 100              	.Letext0:
 101              		.file 2 "c:\\program files (x86)\\cypress\\psoc creator\\4.0\\psoc creator\\import\\gnu\\arm\\4.9.
 102              		.file 3 "c:\\program files (x86)\\cypress\\psoc creator\\4.0\\psoc creator\\import\\gnu\\arm\\4.9.
 103              		.file 4 "Generated_Source\\PSoC5/cytypes.h"
 104              		.file 5 "./functions.h"
 105              		.file 6 "Generated_Source\\PSoC5/core_cm3.h"
 106              		.file 7 "Generated_Source\\PSoC5/isr_PS2_clock.h"
 107              		.file 8 "Generated_Source\\PSoC5/I2CS.h"
 108              		.file 9 "Generated_Source\\PSoC5/CounterF.h"
 109              		.file 10 "Generated_Source\\PSoC5/CounterB.h"
 110              		.file 11 "Generated_Source\\PSoC5/PWMSF.h"
 111              		.file 12 "Generated_Source\\PSoC5/PWMSB.h"
 112              		.section	.debug_info,"",%progbits
 113              	.Ldebug_info0:
 114 0000 B1020000 		.4byte	0x2b1
 115 0004 0400     		.2byte	0x4
 116 0006 00000000 		.4byte	.Ldebug_abbrev0
 117 000a 04       		.byte	0x4
 118 000b 01       		.uleb128 0x1
 119 000c 01010000 		.4byte	.LASF40
 120 0010 01       		.byte	0x1
 121 0011 54020000 		.4byte	.LASF41
 122 0015 BF010000 		.4byte	.LASF42
 123 0019 00000000 		.4byte	.Ldebug_ranges0+0
 124 001d 00000000 		.4byte	0
 125 0021 00000000 		.4byte	.Ldebug_line0
 126 0025 02       		.uleb128 0x2
 127 0026 01       		.byte	0x1
 128 0027 06       		.byte	0x6
 129 0028 9B020000 		.4byte	.LASF0
 130 002c 02       		.uleb128 0x2
 131 002d 01       		.byte	0x1
 132 002e 08       		.byte	0x8
 133 002f E0000000 		.4byte	.LASF1
 134 0033 02       		.uleb128 0x2
 135 0034 02       		.byte	0x2
 136 0035 05       		.byte	0x5
 137 0036 76020000 		.4byte	.LASF2
 138 003a 02       		.uleb128 0x2
 139 003b 02       		.byte	0x2
 140 003c 07       		.byte	0x7
 141 003d BB000000 		.4byte	.LASF3
 142 0041 03       		.uleb128 0x3
 143 0042 41000000 		.4byte	.LASF9
 144 0046 02       		.byte	0x2
 145 0047 3F       		.byte	0x3f
 146 0048 4C000000 		.4byte	0x4c
 147 004c 02       		.uleb128 0x2
ARM GAS  C:\Users\EmilR\AppData\Local\Temp\cccEj4TV.s 			page 5


 148 004d 04       		.byte	0x4
 149 004e 05       		.byte	0x5
 150 004f 86020000 		.4byte	.LASF4
 151 0053 02       		.uleb128 0x2
 152 0054 04       		.byte	0x4
 153 0055 07       		.byte	0x7
 154 0056 9A000000 		.4byte	.LASF5
 155 005a 02       		.uleb128 0x2
 156 005b 08       		.byte	0x8
 157 005c 05       		.byte	0x5
 158 005d 2B020000 		.4byte	.LASF6
 159 0061 02       		.uleb128 0x2
 160 0062 08       		.byte	0x8
 161 0063 07       		.byte	0x7
 162 0064 A8010000 		.4byte	.LASF7
 163 0068 04       		.uleb128 0x4
 164 0069 04       		.byte	0x4
 165 006a 05       		.byte	0x5
 166 006b 696E7400 		.ascii	"int\000"
 167 006f 02       		.uleb128 0x2
 168 0070 04       		.byte	0x4
 169 0071 07       		.byte	0x7
 170 0072 9B010000 		.4byte	.LASF8
 171 0076 03       		.uleb128 0x3
 172 0077 1A020000 		.4byte	.LASF10
 173 007b 03       		.byte	0x3
 174 007c 2C       		.byte	0x2c
 175 007d 41000000 		.4byte	0x41
 176 0081 05       		.uleb128 0x5
 177 0082 80020000 		.4byte	.LASF11
 178 0086 04       		.byte	0x4
 179 0087 9201     		.2byte	0x192
 180 0089 2C000000 		.4byte	0x2c
 181 008d 05       		.uleb128 0x5
 182 008e FA000000 		.4byte	.LASF12
 183 0092 04       		.byte	0x4
 184 0093 9301     		.2byte	0x193
 185 0095 3A000000 		.4byte	0x3a
 186 0099 05       		.uleb128 0x5
 187 009a 94000000 		.4byte	.LASF13
 188 009e 04       		.byte	0x4
 189 009f 9601     		.2byte	0x196
 190 00a1 33000000 		.4byte	0x33
 191 00a5 02       		.uleb128 0x2
 192 00a6 04       		.byte	0x4
 193 00a7 04       		.byte	0x4
 194 00a8 84000000 		.4byte	.LASF14
 195 00ac 02       		.uleb128 0x2
 196 00ad 08       		.byte	0x8
 197 00ae 04       		.byte	0x4
 198 00af EE000000 		.4byte	.LASF15
 199 00b3 02       		.uleb128 0x2
 200 00b4 01       		.byte	0x1
 201 00b5 08       		.byte	0x8
 202 00b6 5B020000 		.4byte	.LASF16
 203 00ba 06       		.uleb128 0x6
 204 00bb 81000000 		.4byte	0x81
ARM GAS  C:\Users\EmilR\AppData\Local\Temp\cccEj4TV.s 			page 6


 205 00bf 05       		.uleb128 0x5
 206 00c0 0D020000 		.4byte	.LASF17
 207 00c4 04       		.byte	0x4
 208 00c5 4E02     		.2byte	0x24e
 209 00c7 CB000000 		.4byte	0xcb
 210 00cb 07       		.uleb128 0x7
 211 00cc 04       		.byte	0x4
 212 00cd D1000000 		.4byte	0xd1
 213 00d1 08       		.uleb128 0x8
 214 00d2 02       		.uleb128 0x2
 215 00d3 04       		.byte	0x4
 216 00d4 07       		.byte	0x7
 217 00d5 22020000 		.4byte	.LASF18
 218 00d9 09       		.uleb128 0x9
 219 00da 25000000 		.4byte	.LASF43
 220 00de 20       		.byte	0x20
 221 00df 05       		.byte	0x5
 222 00e0 08       		.byte	0x8
 223 00e1 3A010000 		.4byte	0x13a
 224 00e5 0A       		.uleb128 0xa
 225 00e6 0B000000 		.4byte	.LASF19
 226 00ea 05       		.byte	0x5
 227 00eb 09       		.byte	0x9
 228 00ec 3A010000 		.4byte	0x13a
 229 00f0 00       		.byte	0
 230 00f1 0A       		.uleb128 0xa
 231 00f2 15000000 		.4byte	.LASF20
 232 00f6 05       		.byte	0x5
 233 00f7 0A       		.byte	0xa
 234 00f8 3A010000 		.4byte	0x13a
 235 00fc 08       		.byte	0x8
 236 00fd 0A       		.uleb128 0xa
 237 00fe 68000000 		.4byte	.LASF21
 238 0102 05       		.byte	0x5
 239 0103 0B       		.byte	0xb
 240 0104 3A010000 		.4byte	0x13a
 241 0108 10       		.byte	0x10
 242 0109 0A       		.uleb128 0xa
 243 010a 4B000000 		.4byte	.LASF22
 244 010e 05       		.byte	0x5
 245 010f 0C       		.byte	0xc
 246 0110 8D000000 		.4byte	0x8d
 247 0114 18       		.byte	0x18
 248 0115 0A       		.uleb128 0xa
 249 0116 1F000000 		.4byte	.LASF23
 250 011a 05       		.byte	0x5
 251 011b 0E       		.byte	0xe
 252 011c 81000000 		.4byte	0x81
 253 0120 1A       		.byte	0x1a
 254 0121 0A       		.uleb128 0xa
 255 0122 06020000 		.4byte	.LASF24
 256 0126 05       		.byte	0x5
 257 0127 0F       		.byte	0xf
 258 0128 99000000 		.4byte	0x99
 259 012c 1C       		.byte	0x1c
 260 012d 0A       		.uleb128 0xa
 261 012e 76000000 		.4byte	.LASF25
ARM GAS  C:\Users\EmilR\AppData\Local\Temp\cccEj4TV.s 			page 7


 262 0132 05       		.byte	0x5
 263 0133 10       		.byte	0x10
 264 0134 99000000 		.4byte	0x99
 265 0138 1E       		.byte	0x1e
 266 0139 00       		.byte	0
 267 013a 0B       		.uleb128 0xb
 268 013b 81000000 		.4byte	0x81
 269 013f 4A010000 		.4byte	0x14a
 270 0143 0C       		.uleb128 0xc
 271 0144 D2000000 		.4byte	0xd2
 272 0148 07       		.byte	0x7
 273 0149 00       		.byte	0
 274 014a 02       		.uleb128 0x2
 275 014b 08       		.byte	0x8
 276 014c 04       		.byte	0x4
 277 014d 8F020000 		.4byte	.LASF26
 278 0151 0D       		.uleb128 0xd
 279 0152 F5000000 		.4byte	.LASF44
 280 0156 01       		.byte	0x1
 281 0157 1F       		.byte	0x1f
 282 0158 68000000 		.4byte	0x68
 283 015c 00000000 		.4byte	.LFB63
 284 0160 40000000 		.4byte	.LFE63-.LFB63
 285 0164 01       		.uleb128 0x1
 286 0165 9C       		.byte	0x9c
 287 0166 ED010000 		.4byte	0x1ed
 288 016a 0E       		.uleb128 0xe
 289 016b 3B000000 		.4byte	.LASF45
 290 016f 01       		.byte	0x1
 291 0170 26       		.byte	0x26
 292 0171 ED010000 		.4byte	0x1ed
 293 0175 0F       		.uleb128 0xf
 294 0176 08000000 		.4byte	.LVL0
 295 017a 41020000 		.4byte	0x241
 296 017e 8C010000 		.4byte	0x18c
 297 0182 10       		.uleb128 0x10
 298 0183 01       		.uleb128 0x1
 299 0184 50       		.byte	0x50
 300 0185 05       		.uleb128 0x5
 301 0186 03       		.byte	0x3
 302 0187 00000000 		.4byte	mouseData
 303 018b 00       		.byte	0
 304 018c 11       		.uleb128 0x11
 305 018d 0E000000 		.4byte	.LVL1
 306 0191 58020000 		.4byte	0x258
 307 0195 11       		.uleb128 0x11
 308 0196 12000000 		.4byte	.LVL2
 309 019a 69020000 		.4byte	0x269
 310 019e 11       		.uleb128 0x11
 311 019f 16000000 		.4byte	.LVL3
 312 01a3 70020000 		.4byte	0x270
 313 01a7 0F       		.uleb128 0xf
 314 01a8 20000000 		.4byte	.LVL4
 315 01ac 77020000 		.4byte	0x277
 316 01b0 C8010000 		.4byte	0x1c8
 317 01b4 10       		.uleb128 0x10
 318 01b5 01       		.uleb128 0x1
ARM GAS  C:\Users\EmilR\AppData\Local\Temp\cccEj4TV.s 			page 8


 319 01b6 52       		.byte	0x52
 320 01b7 05       		.uleb128 0x5
 321 01b8 03       		.byte	0x3
 322 01b9 00000000 		.4byte	.LANCHOR0
 323 01bd 10       		.uleb128 0x10
 324 01be 01       		.uleb128 0x1
 325 01bf 51       		.byte	0x51
 326 01c0 01       		.uleb128 0x1
 327 01c1 34       		.byte	0x34
 328 01c2 10       		.uleb128 0x10
 329 01c3 01       		.uleb128 0x1
 330 01c4 50       		.byte	0x50
 331 01c5 01       		.uleb128 0x1
 332 01c6 38       		.byte	0x38
 333 01c7 00       		.byte	0
 334 01c8 11       		.uleb128 0x11
 335 01c9 24000000 		.4byte	.LVL5
 336 01cd 98020000 		.4byte	0x298
 337 01d1 11       		.uleb128 0x11
 338 01d2 28000000 		.4byte	.LVL6
 339 01d6 9F020000 		.4byte	0x29f
 340 01da 11       		.uleb128 0x11
 341 01db 2C000000 		.4byte	.LVL7
 342 01df A6020000 		.4byte	0x2a6
 343 01e3 11       		.uleb128 0x11
 344 01e4 30000000 		.4byte	.LVL8
 345 01e8 AD020000 		.4byte	0x2ad
 346 01ec 00       		.byte	0
 347 01ed 0B       		.uleb128 0xb
 348 01ee B3000000 		.4byte	0xb3
 349 01f2 FD010000 		.4byte	0x1fd
 350 01f6 0C       		.uleb128 0xc
 351 01f7 D2000000 		.4byte	0xd2
 352 01fb 13       		.byte	0x13
 353 01fc 00       		.byte	0
 354 01fd 12       		.uleb128 0x12
 355 01fe D3000000 		.4byte	.LASF27
 356 0202 06       		.byte	0x6
 357 0203 9606     		.2byte	0x696
 358 0205 09020000 		.4byte	0x209
 359 0209 06       		.uleb128 0x6
 360 020a 76000000 		.4byte	0x76
 361 020e 13       		.uleb128 0x13
 362 020f 8A000000 		.4byte	.LASF28
 363 0213 01       		.byte	0x1
 364 0214 17       		.byte	0x17
 365 0215 D9000000 		.4byte	0xd9
 366 0219 05       		.uleb128 0x5
 367 021a 03       		.byte	0x3
 368 021b 00000000 		.4byte	mouseData
 369 021f 13       		.uleb128 0x13
 370 0220 6F000000 		.4byte	.LASF29
 371 0224 01       		.byte	0x1
 372 0225 1C       		.byte	0x1c
 373 0226 3A010000 		.4byte	0x13a
 374 022a 05       		.uleb128 0x5
 375 022b 03       		.byte	0x3
ARM GAS  C:\Users\EmilR\AppData\Local\Temp\cccEj4TV.s 			page 9


 376 022c 00000000 		.4byte	i2cbuf
 377 0230 13       		.uleb128 0x13
 378 0231 7D000000 		.4byte	.LASF30
 379 0235 01       		.byte	0x1
 380 0236 1D       		.byte	0x1d
 381 0237 3A010000 		.4byte	0x13a
 382 023b 05       		.uleb128 0x5
 383 023c 03       		.byte	0x3
 384 023d 00000000 		.4byte	oldbuf
 385 0241 14       		.uleb128 0x14
 386 0242 CE000000 		.4byte	.LASF31
 387 0246 05       		.byte	0x5
 388 0247 16       		.byte	0x16
 389 0248 52020000 		.4byte	0x252
 390 024c 15       		.uleb128 0x15
 391 024d 52020000 		.4byte	0x252
 392 0251 00       		.byte	0
 393 0252 07       		.uleb128 0x7
 394 0253 04       		.byte	0x4
 395 0254 D9000000 		.4byte	0xd9
 396 0258 14       		.uleb128 0x14
 397 0259 60020000 		.4byte	.LASF32
 398 025d 07       		.byte	0x7
 399 025e 18       		.byte	0x18
 400 025f 69020000 		.4byte	0x269
 401 0263 15       		.uleb128 0x15
 402 0264 BF000000 		.4byte	0xbf
 403 0268 00       		.byte	0
 404 0269 16       		.uleb128 0x16
 405 026a 39020000 		.4byte	.LASF33
 406 026e 07       		.byte	0x7
 407 026f 28       		.byte	0x28
 408 0270 16       		.uleb128 0x16
 409 0271 00000000 		.4byte	.LASF34
 410 0275 08       		.byte	0x8
 411 0276 54       		.byte	0x54
 412 0277 14       		.uleb128 0x14
 413 0278 2B000000 		.4byte	.LASF35
 414 027c 08       		.byte	0x8
 415 027d 63       		.byte	0x63
 416 027e 92020000 		.4byte	0x292
 417 0282 15       		.uleb128 0x15
 418 0283 8D000000 		.4byte	0x8d
 419 0287 15       		.uleb128 0x15
 420 0288 8D000000 		.4byte	0x8d
 421 028c 15       		.uleb128 0x15
 422 028d 92020000 		.4byte	0x292
 423 0291 00       		.byte	0
 424 0292 07       		.uleb128 0x7
 425 0293 04       		.byte	0x4
 426 0294 BA000000 		.4byte	0xba
 427 0298 16       		.uleb128 0x16
 428 0299 AC000000 		.4byte	.LASF36
 429 029d 09       		.byte	0x9
 430 029e 4F       		.byte	0x4f
 431 029f 16       		.uleb128 0x16
 432 02a0 A7020000 		.4byte	.LASF37
ARM GAS  C:\Users\EmilR\AppData\Local\Temp\cccEj4TV.s 			page 10


 433 02a4 0A       		.byte	0xa
 434 02a5 4F       		.byte	0x4f
 435 02a6 16       		.uleb128 0x16
 436 02a7 8F010000 		.4byte	.LASF38
 437 02ab 0B       		.byte	0xb
 438 02ac 92       		.byte	0x92
 439 02ad 16       		.uleb128 0x16
 440 02ae 5C000000 		.4byte	.LASF39
 441 02b2 0C       		.byte	0xc
 442 02b3 92       		.byte	0x92
 443 02b4 00       		.byte	0
 444              		.section	.debug_abbrev,"",%progbits
 445              	.Ldebug_abbrev0:
 446 0000 01       		.uleb128 0x1
 447 0001 11       		.uleb128 0x11
 448 0002 01       		.byte	0x1
 449 0003 25       		.uleb128 0x25
 450 0004 0E       		.uleb128 0xe
 451 0005 13       		.uleb128 0x13
 452 0006 0B       		.uleb128 0xb
 453 0007 03       		.uleb128 0x3
 454 0008 0E       		.uleb128 0xe
 455 0009 1B       		.uleb128 0x1b
 456 000a 0E       		.uleb128 0xe
 457 000b 55       		.uleb128 0x55
 458 000c 17       		.uleb128 0x17
 459 000d 11       		.uleb128 0x11
 460 000e 01       		.uleb128 0x1
 461 000f 10       		.uleb128 0x10
 462 0010 17       		.uleb128 0x17
 463 0011 00       		.byte	0
 464 0012 00       		.byte	0
 465 0013 02       		.uleb128 0x2
 466 0014 24       		.uleb128 0x24
 467 0015 00       		.byte	0
 468 0016 0B       		.uleb128 0xb
 469 0017 0B       		.uleb128 0xb
 470 0018 3E       		.uleb128 0x3e
 471 0019 0B       		.uleb128 0xb
 472 001a 03       		.uleb128 0x3
 473 001b 0E       		.uleb128 0xe
 474 001c 00       		.byte	0
 475 001d 00       		.byte	0
 476 001e 03       		.uleb128 0x3
 477 001f 16       		.uleb128 0x16
 478 0020 00       		.byte	0
 479 0021 03       		.uleb128 0x3
 480 0022 0E       		.uleb128 0xe
 481 0023 3A       		.uleb128 0x3a
 482 0024 0B       		.uleb128 0xb
 483 0025 3B       		.uleb128 0x3b
 484 0026 0B       		.uleb128 0xb
 485 0027 49       		.uleb128 0x49
 486 0028 13       		.uleb128 0x13
 487 0029 00       		.byte	0
 488 002a 00       		.byte	0
 489 002b 04       		.uleb128 0x4
ARM GAS  C:\Users\EmilR\AppData\Local\Temp\cccEj4TV.s 			page 11


 490 002c 24       		.uleb128 0x24
 491 002d 00       		.byte	0
 492 002e 0B       		.uleb128 0xb
 493 002f 0B       		.uleb128 0xb
 494 0030 3E       		.uleb128 0x3e
 495 0031 0B       		.uleb128 0xb
 496 0032 03       		.uleb128 0x3
 497 0033 08       		.uleb128 0x8
 498 0034 00       		.byte	0
 499 0035 00       		.byte	0
 500 0036 05       		.uleb128 0x5
 501 0037 16       		.uleb128 0x16
 502 0038 00       		.byte	0
 503 0039 03       		.uleb128 0x3
 504 003a 0E       		.uleb128 0xe
 505 003b 3A       		.uleb128 0x3a
 506 003c 0B       		.uleb128 0xb
 507 003d 3B       		.uleb128 0x3b
 508 003e 05       		.uleb128 0x5
 509 003f 49       		.uleb128 0x49
 510 0040 13       		.uleb128 0x13
 511 0041 00       		.byte	0
 512 0042 00       		.byte	0
 513 0043 06       		.uleb128 0x6
 514 0044 35       		.uleb128 0x35
 515 0045 00       		.byte	0
 516 0046 49       		.uleb128 0x49
 517 0047 13       		.uleb128 0x13
 518 0048 00       		.byte	0
 519 0049 00       		.byte	0
 520 004a 07       		.uleb128 0x7
 521 004b 0F       		.uleb128 0xf
 522 004c 00       		.byte	0
 523 004d 0B       		.uleb128 0xb
 524 004e 0B       		.uleb128 0xb
 525 004f 49       		.uleb128 0x49
 526 0050 13       		.uleb128 0x13
 527 0051 00       		.byte	0
 528 0052 00       		.byte	0
 529 0053 08       		.uleb128 0x8
 530 0054 15       		.uleb128 0x15
 531 0055 00       		.byte	0
 532 0056 27       		.uleb128 0x27
 533 0057 19       		.uleb128 0x19
 534 0058 00       		.byte	0
 535 0059 00       		.byte	0
 536 005a 09       		.uleb128 0x9
 537 005b 13       		.uleb128 0x13
 538 005c 01       		.byte	0x1
 539 005d 03       		.uleb128 0x3
 540 005e 0E       		.uleb128 0xe
 541 005f 0B       		.uleb128 0xb
 542 0060 0B       		.uleb128 0xb
 543 0061 3A       		.uleb128 0x3a
 544 0062 0B       		.uleb128 0xb
 545 0063 3B       		.uleb128 0x3b
 546 0064 0B       		.uleb128 0xb
ARM GAS  C:\Users\EmilR\AppData\Local\Temp\cccEj4TV.s 			page 12


 547 0065 01       		.uleb128 0x1
 548 0066 13       		.uleb128 0x13
 549 0067 00       		.byte	0
 550 0068 00       		.byte	0
 551 0069 0A       		.uleb128 0xa
 552 006a 0D       		.uleb128 0xd
 553 006b 00       		.byte	0
 554 006c 03       		.uleb128 0x3
 555 006d 0E       		.uleb128 0xe
 556 006e 3A       		.uleb128 0x3a
 557 006f 0B       		.uleb128 0xb
 558 0070 3B       		.uleb128 0x3b
 559 0071 0B       		.uleb128 0xb
 560 0072 49       		.uleb128 0x49
 561 0073 13       		.uleb128 0x13
 562 0074 38       		.uleb128 0x38
 563 0075 0B       		.uleb128 0xb
 564 0076 00       		.byte	0
 565 0077 00       		.byte	0
 566 0078 0B       		.uleb128 0xb
 567 0079 01       		.uleb128 0x1
 568 007a 01       		.byte	0x1
 569 007b 49       		.uleb128 0x49
 570 007c 13       		.uleb128 0x13
 571 007d 01       		.uleb128 0x1
 572 007e 13       		.uleb128 0x13
 573 007f 00       		.byte	0
 574 0080 00       		.byte	0
 575 0081 0C       		.uleb128 0xc
 576 0082 21       		.uleb128 0x21
 577 0083 00       		.byte	0
 578 0084 49       		.uleb128 0x49
 579 0085 13       		.uleb128 0x13
 580 0086 2F       		.uleb128 0x2f
 581 0087 0B       		.uleb128 0xb
 582 0088 00       		.byte	0
 583 0089 00       		.byte	0
 584 008a 0D       		.uleb128 0xd
 585 008b 2E       		.uleb128 0x2e
 586 008c 01       		.byte	0x1
 587 008d 3F       		.uleb128 0x3f
 588 008e 19       		.uleb128 0x19
 589 008f 03       		.uleb128 0x3
 590 0090 0E       		.uleb128 0xe
 591 0091 3A       		.uleb128 0x3a
 592 0092 0B       		.uleb128 0xb
 593 0093 3B       		.uleb128 0x3b
 594 0094 0B       		.uleb128 0xb
 595 0095 49       		.uleb128 0x49
 596 0096 13       		.uleb128 0x13
 597 0097 11       		.uleb128 0x11
 598 0098 01       		.uleb128 0x1
 599 0099 12       		.uleb128 0x12
 600 009a 06       		.uleb128 0x6
 601 009b 40       		.uleb128 0x40
 602 009c 18       		.uleb128 0x18
 603 009d 9742     		.uleb128 0x2117
ARM GAS  C:\Users\EmilR\AppData\Local\Temp\cccEj4TV.s 			page 13


 604 009f 19       		.uleb128 0x19
 605 00a0 01       		.uleb128 0x1
 606 00a1 13       		.uleb128 0x13
 607 00a2 00       		.byte	0
 608 00a3 00       		.byte	0
 609 00a4 0E       		.uleb128 0xe
 610 00a5 34       		.uleb128 0x34
 611 00a6 00       		.byte	0
 612 00a7 03       		.uleb128 0x3
 613 00a8 0E       		.uleb128 0xe
 614 00a9 3A       		.uleb128 0x3a
 615 00aa 0B       		.uleb128 0xb
 616 00ab 3B       		.uleb128 0x3b
 617 00ac 0B       		.uleb128 0xb
 618 00ad 49       		.uleb128 0x49
 619 00ae 13       		.uleb128 0x13
 620 00af 00       		.byte	0
 621 00b0 00       		.byte	0
 622 00b1 0F       		.uleb128 0xf
 623 00b2 898201   		.uleb128 0x4109
 624 00b5 01       		.byte	0x1
 625 00b6 11       		.uleb128 0x11
 626 00b7 01       		.uleb128 0x1
 627 00b8 31       		.uleb128 0x31
 628 00b9 13       		.uleb128 0x13
 629 00ba 01       		.uleb128 0x1
 630 00bb 13       		.uleb128 0x13
 631 00bc 00       		.byte	0
 632 00bd 00       		.byte	0
 633 00be 10       		.uleb128 0x10
 634 00bf 8A8201   		.uleb128 0x410a
 635 00c2 00       		.byte	0
 636 00c3 02       		.uleb128 0x2
 637 00c4 18       		.uleb128 0x18
 638 00c5 9142     		.uleb128 0x2111
 639 00c7 18       		.uleb128 0x18
 640 00c8 00       		.byte	0
 641 00c9 00       		.byte	0
 642 00ca 11       		.uleb128 0x11
 643 00cb 898201   		.uleb128 0x4109
 644 00ce 00       		.byte	0
 645 00cf 11       		.uleb128 0x11
 646 00d0 01       		.uleb128 0x1
 647 00d1 31       		.uleb128 0x31
 648 00d2 13       		.uleb128 0x13
 649 00d3 00       		.byte	0
 650 00d4 00       		.byte	0
 651 00d5 12       		.uleb128 0x12
 652 00d6 34       		.uleb128 0x34
 653 00d7 00       		.byte	0
 654 00d8 03       		.uleb128 0x3
 655 00d9 0E       		.uleb128 0xe
 656 00da 3A       		.uleb128 0x3a
 657 00db 0B       		.uleb128 0xb
 658 00dc 3B       		.uleb128 0x3b
 659 00dd 05       		.uleb128 0x5
 660 00de 49       		.uleb128 0x49
ARM GAS  C:\Users\EmilR\AppData\Local\Temp\cccEj4TV.s 			page 14


 661 00df 13       		.uleb128 0x13
 662 00e0 3F       		.uleb128 0x3f
 663 00e1 19       		.uleb128 0x19
 664 00e2 3C       		.uleb128 0x3c
 665 00e3 19       		.uleb128 0x19
 666 00e4 00       		.byte	0
 667 00e5 00       		.byte	0
 668 00e6 13       		.uleb128 0x13
 669 00e7 34       		.uleb128 0x34
 670 00e8 00       		.byte	0
 671 00e9 03       		.uleb128 0x3
 672 00ea 0E       		.uleb128 0xe
 673 00eb 3A       		.uleb128 0x3a
 674 00ec 0B       		.uleb128 0xb
 675 00ed 3B       		.uleb128 0x3b
 676 00ee 0B       		.uleb128 0xb
 677 00ef 49       		.uleb128 0x49
 678 00f0 13       		.uleb128 0x13
 679 00f1 3F       		.uleb128 0x3f
 680 00f2 19       		.uleb128 0x19
 681 00f3 02       		.uleb128 0x2
 682 00f4 18       		.uleb128 0x18
 683 00f5 00       		.byte	0
 684 00f6 00       		.byte	0
 685 00f7 14       		.uleb128 0x14
 686 00f8 2E       		.uleb128 0x2e
 687 00f9 01       		.byte	0x1
 688 00fa 3F       		.uleb128 0x3f
 689 00fb 19       		.uleb128 0x19
 690 00fc 03       		.uleb128 0x3
 691 00fd 0E       		.uleb128 0xe
 692 00fe 3A       		.uleb128 0x3a
 693 00ff 0B       		.uleb128 0xb
 694 0100 3B       		.uleb128 0x3b
 695 0101 0B       		.uleb128 0xb
 696 0102 27       		.uleb128 0x27
 697 0103 19       		.uleb128 0x19
 698 0104 3C       		.uleb128 0x3c
 699 0105 19       		.uleb128 0x19
 700 0106 01       		.uleb128 0x1
 701 0107 13       		.uleb128 0x13
 702 0108 00       		.byte	0
 703 0109 00       		.byte	0
 704 010a 15       		.uleb128 0x15
 705 010b 05       		.uleb128 0x5
 706 010c 00       		.byte	0
 707 010d 49       		.uleb128 0x49
 708 010e 13       		.uleb128 0x13
 709 010f 00       		.byte	0
 710 0110 00       		.byte	0
 711 0111 16       		.uleb128 0x16
 712 0112 2E       		.uleb128 0x2e
 713 0113 00       		.byte	0
 714 0114 3F       		.uleb128 0x3f
 715 0115 19       		.uleb128 0x19
 716 0116 03       		.uleb128 0x3
 717 0117 0E       		.uleb128 0xe
ARM GAS  C:\Users\EmilR\AppData\Local\Temp\cccEj4TV.s 			page 15


 718 0118 3A       		.uleb128 0x3a
 719 0119 0B       		.uleb128 0xb
 720 011a 3B       		.uleb128 0x3b
 721 011b 0B       		.uleb128 0xb
 722 011c 27       		.uleb128 0x27
 723 011d 19       		.uleb128 0x19
 724 011e 3C       		.uleb128 0x3c
 725 011f 19       		.uleb128 0x19
 726 0120 00       		.byte	0
 727 0121 00       		.byte	0
 728 0122 00       		.byte	0
 729              		.section	.debug_aranges,"",%progbits
 730 0000 1C000000 		.4byte	0x1c
 731 0004 0200     		.2byte	0x2
 732 0006 00000000 		.4byte	.Ldebug_info0
 733 000a 04       		.byte	0x4
 734 000b 00       		.byte	0
 735 000c 0000     		.2byte	0
 736 000e 0000     		.2byte	0
 737 0010 00000000 		.4byte	.LFB63
 738 0014 40000000 		.4byte	.LFE63-.LFB63
 739 0018 00000000 		.4byte	0
 740 001c 00000000 		.4byte	0
 741              		.section	.debug_ranges,"",%progbits
 742              	.Ldebug_ranges0:
 743 0000 00000000 		.4byte	.LFB63
 744 0004 40000000 		.4byte	.LFE63
 745 0008 00000000 		.4byte	0
 746 000c 00000000 		.4byte	0
 747              		.section	.debug_line,"",%progbits
 748              	.Ldebug_line0:
 749 0000 CD010000 		.section	.debug_str,"MS",%progbits,1
 749      0200A701 
 749      00000201 
 749      FB0E0D00 
 749      01010101 
 750              	.LASF34:
 751 0000 49324353 		.ascii	"I2CS_Start\000"
 751      5F537461 
 751      727400
 752              	.LASF19:
 753 000b 746D704D 		.ascii	"tmpMouseX\000"
 753      6F757365 
 753      5800
 754              	.LASF20:
 755 0015 746D704D 		.ascii	"tmpMouseY\000"
 755      6F757365 
 755      5900
 756              	.LASF23:
 757 001f 616E676C 		.ascii	"angle\000"
 757      6500
 758              	.LASF43:
 759 0025 6D6F7573 		.ascii	"mouse\000"
 759      6500
 760              	.LASF35:
 761 002b 49324353 		.ascii	"I2CS_SetBuffer1\000"
 761      5F536574 
ARM GAS  C:\Users\EmilR\AppData\Local\Temp\cccEj4TV.s 			page 16


 761      42756666 
 761      65723100 
 762              	.LASF45:
 763 003b 76616C75 		.ascii	"value\000"
 763      6500
 764              	.LASF9:
 765 0041 5F5F696E 		.ascii	"__int32_t\000"
 765      7433325F 
 765      7400
 766              	.LASF22:
 767 004b 74696D65 		.ascii	"timesInterrupted\000"
 767      73496E74 
 767      65727275 
 767      70746564 
 767      00
 768              	.LASF39:
 769 005c 50574D53 		.ascii	"PWMSB_Start\000"
 769      425F5374 
 769      61727400 
 770              	.LASF21:
 771 0068 73746174 		.ascii	"status\000"
 771      757300
 772              	.LASF29:
 773 006f 69326362 		.ascii	"i2cbuf\000"
 773      756600
 774              	.LASF25:
 775 0076 66696E61 		.ascii	"finalY\000"
 775      6C5900
 776              	.LASF30:
 777 007d 6F6C6462 		.ascii	"oldbuf\000"
 777      756600
 778              	.LASF14:
 779 0084 666C6F61 		.ascii	"float\000"
 779      7400
 780              	.LASF28:
 781 008a 6D6F7573 		.ascii	"mouseData\000"
 781      65446174 
 781      6100
 782              	.LASF13:
 783 0094 696E7431 		.ascii	"int16\000"
 783      3600
 784              	.LASF5:
 785 009a 6C6F6E67 		.ascii	"long unsigned int\000"
 785      20756E73 
 785      69676E65 
 785      6420696E 
 785      7400
 786              	.LASF36:
 787 00ac 436F756E 		.ascii	"CounterF_Start\000"
 787      74657246 
 787      5F537461 
 787      727400
 788              	.LASF3:
 789 00bb 73686F72 		.ascii	"short unsigned int\000"
 789      7420756E 
 789      7369676E 
 789      65642069 
ARM GAS  C:\Users\EmilR\AppData\Local\Temp\cccEj4TV.s 			page 17


 789      6E7400
 790              	.LASF31:
 791 00ce 496E6974 		.ascii	"Init\000"
 791      00
 792              	.LASF27:
 793 00d3 49544D5F 		.ascii	"ITM_RxBuffer\000"
 793      52784275 
 793      66666572 
 793      00
 794              	.LASF1:
 795 00e0 756E7369 		.ascii	"unsigned char\000"
 795      676E6564 
 795      20636861 
 795      7200
 796              	.LASF15:
 797 00ee 646F7562 		.ascii	"double\000"
 797      6C6500
 798              	.LASF44:
 799 00f5 6D61696E 		.ascii	"main\000"
 799      00
 800              	.LASF12:
 801 00fa 75696E74 		.ascii	"uint16\000"
 801      313600
 802              	.LASF40:
 803 0101 474E5520 		.ascii	"GNU C 4.9.3 20150303 (release) [ARM/embedded-4_9-br"
 803      4320342E 
 803      392E3320 
 803      32303135 
 803      30333033 
 804 0134 616E6368 		.ascii	"anch revision 221220] -mcpu=cortex-m3 -mthumb -g -O"
 804      20726576 
 804      6973696F 
 804      6E203232 
 804      31323230 
 805 0167 67202D66 		.ascii	"g -ffunction-sections -ffat-lto-objects\000"
 805      66756E63 
 805      74696F6E 
 805      2D736563 
 805      74696F6E 
 806              	.LASF38:
 807 018f 50574D53 		.ascii	"PWMSF_Start\000"
 807      465F5374 
 807      61727400 
 808              	.LASF8:
 809 019b 756E7369 		.ascii	"unsigned int\000"
 809      676E6564 
 809      20696E74 
 809      00
 810              	.LASF7:
 811 01a8 6C6F6E67 		.ascii	"long long unsigned int\000"
 811      206C6F6E 
 811      6720756E 
 811      7369676E 
 811      65642069 
 812              	.LASF42:
 813 01bf 433A5C55 		.ascii	"C:\\Users\\EmilR\\Desktop\\E4PRJ4-Gruppe1\\Retning "
 813      73657273 
ARM GAS  C:\Users\EmilR\AppData\Local\Temp\cccEj4TV.s 			page 18


 813      5C456D69 
 813      6C525C44 
 813      65736B74 
 814 01ed 6D656420 		.ascii	"med mus\\version_01.cydsn\000"
 814      6D75735C 
 814      76657273 
 814      696F6E5F 
 814      30312E63 
 815              	.LASF24:
 816 0206 66696E61 		.ascii	"finalX\000"
 816      6C5800
 817              	.LASF17:
 818 020d 63796973 		.ascii	"cyisraddress\000"
 818      72616464 
 818      72657373 
 818      00
 819              	.LASF10:
 820 021a 696E7433 		.ascii	"int32_t\000"
 820      325F7400 
 821              	.LASF18:
 822 0222 73697A65 		.ascii	"sizetype\000"
 822      74797065 
 822      00
 823              	.LASF6:
 824 022b 6C6F6E67 		.ascii	"long long int\000"
 824      206C6F6E 
 824      6720696E 
 824      7400
 825              	.LASF33:
 826 0239 6973725F 		.ascii	"isr_PS2_clock_ClearPending\000"
 826      5053325F 
 826      636C6F63 
 826      6B5F436C 
 826      65617250 
 827              	.LASF41:
 828 0254 6D61696E 		.ascii	"main.c\000"
 828      2E6300
 829              	.LASF16:
 830 025b 63686172 		.ascii	"char\000"
 830      00
 831              	.LASF32:
 832 0260 6973725F 		.ascii	"isr_PS2_clock_StartEx\000"
 832      5053325F 
 832      636C6F63 
 832      6B5F5374 
 832      61727445 
 833              	.LASF2:
 834 0276 73686F72 		.ascii	"short int\000"
 834      7420696E 
 834      7400
 835              	.LASF11:
 836 0280 75696E74 		.ascii	"uint8\000"
 836      3800
 837              	.LASF4:
 838 0286 6C6F6E67 		.ascii	"long int\000"
 838      20696E74 
 838      00
ARM GAS  C:\Users\EmilR\AppData\Local\Temp\cccEj4TV.s 			page 19


 839              	.LASF26:
 840 028f 6C6F6E67 		.ascii	"long double\000"
 840      20646F75 
 840      626C6500 
 841              	.LASF0:
 842 029b 7369676E 		.ascii	"signed char\000"
 842      65642063 
 842      68617200 
 843              	.LASF37:
 844 02a7 436F756E 		.ascii	"CounterB_Start\000"
 844      74657242 
 844      5F537461 
 844      727400
 845              		.ident	"GCC: (GNU Tools for ARM Embedded Processors) 4.9.3 20150303 (release) [ARM/embedded-4_9-br
