ARM GAS  C:\Users\EmilR\AppData\Local\Temp\cc3CumgR.s 			page 1


   1              		.syntax unified
   2              		.cpu cortex-m3
   3              		.fpu softvfp
   4              		.eabi_attribute 20, 1
   5              		.eabi_attribute 21, 1
   6              		.eabi_attribute 23, 3
   7              		.eabi_attribute 24, 1
   8              		.eabi_attribute 25, 1
   9              		.eabi_attribute 26, 1
  10              		.eabi_attribute 30, 1
  11              		.eabi_attribute 34, 1
  12              		.eabi_attribute 18, 4
  13              		.thumb
  14              		.file	"PS2_interrupt.c"
  15              		.text
  16              	.Ltext0:
  17              		.cfi_sections	.debug_frame
  18              		.section	.text.PS2_interrupt,"ax",%progbits
  19              		.align	2
  20              		.global	PS2_interrupt
  21              		.thumb
  22              		.thumb_func
  23              		.type	PS2_interrupt, %function
  24              	PS2_interrupt:
  25              	.LFB63:
  26              		.file 1 "PS2_interrupt.c"
   1:PS2_interrupt.c **** #include <project.h>
   2:PS2_interrupt.c **** #include <functions.h>
   3:PS2_interrupt.c **** char value[20];
   4:PS2_interrupt.c **** extern struct mouse mouseData;
   5:PS2_interrupt.c **** CY_ISR(PS2_interrupt) { 
  27              		.loc 1 5 0
  28              		.cfi_startproc
  29              		@ args = 0, pretend = 0, frame = 0
  30              		@ frame_needed = 0, uses_anonymous_args = 0
  31 0000 08B5     		push	{r3, lr}
  32              		.cfi_def_cfa_offset 8
  33              		.cfi_offset 3, -8
  34              		.cfi_offset 14, -4
   6:PS2_interrupt.c **** 
   7:PS2_interrupt.c ****     //CyGlobalIntDisable;
   8:PS2_interrupt.c ****         ISR_getMouseData(&mouseData);
  35              		.loc 1 8 0
  36 0002 0348     		ldr	r0, .L3
  37 0004 FFF7FEFF 		bl	ISR_getMouseData
  38              	.LVL0:
   9:PS2_interrupt.c ****         isr_PS2_clock_ClearPending();
  39              		.loc 1 9 0
  40 0008 FFF7FEFF 		bl	isr_PS2_clock_ClearPending
  41              	.LVL1:
  42 000c 08BD     		pop	{r3, pc}
  43              	.L4:
  44 000e 00BF     		.align	2
  45              	.L3:
  46 0010 00000000 		.word	mouseData
  47              		.cfi_endproc
  48              	.LFE63:
ARM GAS  C:\Users\EmilR\AppData\Local\Temp\cc3CumgR.s 			page 2


  49              		.size	PS2_interrupt, .-PS2_interrupt
  50              		.comm	value,20,4
  51              		.text
  52              	.Letext0:
  53              		.file 2 "c:\\program files (x86)\\cypress\\psoc creator\\4.0\\psoc creator\\import\\gnu\\arm\\4.9.
  54              		.file 3 "c:\\program files (x86)\\cypress\\psoc creator\\4.0\\psoc creator\\import\\gnu\\arm\\4.9.
  55              		.file 4 "Generated_Source\\PSoC5/cytypes.h"
  56              		.file 5 "./functions.h"
  57              		.file 6 "Generated_Source\\PSoC5/core_cm3.h"
  58              		.file 7 "Generated_Source\\PSoC5/isr_PS2_clock.h"
  59              		.section	.debug_info,"",%progbits
  60              	.Ldebug_info0:
  61 0000 B2010000 		.4byte	0x1b2
  62 0004 0400     		.2byte	0x4
  63 0006 00000000 		.4byte	.Ldebug_abbrev0
  64 000a 04       		.byte	0x4
  65 000b 01       		.uleb128 0x1
  66 000c DB000000 		.4byte	.LASF28
  67 0010 01       		.byte	0x1
  68 0011 1A000000 		.4byte	.LASF29
  69 0015 8D010000 		.4byte	.LASF30
  70 0019 00000000 		.4byte	.Ldebug_ranges0+0
  71 001d 00000000 		.4byte	0
  72 0021 00000000 		.4byte	.Ldebug_line0
  73 0025 02       		.uleb128 0x2
  74 0026 01       		.byte	0x1
  75 0027 06       		.byte	0x6
  76 0028 3A020000 		.4byte	.LASF0
  77 002c 02       		.uleb128 0x2
  78 002d 01       		.byte	0x1
  79 002e 08       		.byte	0x8
  80 002f A0000000 		.4byte	.LASF1
  81 0033 02       		.uleb128 0x2
  82 0034 02       		.byte	0x2
  83 0035 05       		.byte	0x5
  84 0036 21020000 		.4byte	.LASF2
  85 003a 02       		.uleb128 0x2
  86 003b 02       		.byte	0x2
  87 003c 07       		.byte	0x7
  88 003d 7A000000 		.4byte	.LASF3
  89 0041 03       		.uleb128 0x3
  90 0042 30000000 		.4byte	.LASF9
  91 0046 02       		.byte	0x2
  92 0047 3F       		.byte	0x3f
  93 0048 4C000000 		.4byte	0x4c
  94 004c 02       		.uleb128 0x2
  95 004d 04       		.byte	0x4
  96 004e 05       		.byte	0x5
  97 004f 31020000 		.4byte	.LASF4
  98 0053 02       		.uleb128 0x2
  99 0054 04       		.byte	0x4
 100 0055 07       		.byte	0x7
 101 0056 68000000 		.4byte	.LASF5
 102 005a 02       		.uleb128 0x2
 103 005b 08       		.byte	0x8
 104 005c 05       		.byte	0x5
 105 005d F3010000 		.4byte	.LASF6
ARM GAS  C:\Users\EmilR\AppData\Local\Temp\cc3CumgR.s 			page 3


 106 0061 02       		.uleb128 0x2
 107 0062 08       		.byte	0x8
 108 0063 07       		.byte	0x7
 109 0064 76010000 		.4byte	.LASF7
 110 0068 04       		.uleb128 0x4
 111 0069 04       		.byte	0x4
 112 006a 05       		.byte	0x5
 113 006b 696E7400 		.ascii	"int\000"
 114 006f 02       		.uleb128 0x2
 115 0070 04       		.byte	0x4
 116 0071 07       		.byte	0x7
 117 0072 69010000 		.4byte	.LASF8
 118 0076 03       		.uleb128 0x3
 119 0077 E2010000 		.4byte	.LASF10
 120 007b 03       		.byte	0x3
 121 007c 2C       		.byte	0x2c
 122 007d 41000000 		.4byte	0x41
 123 0081 05       		.uleb128 0x5
 124 0082 2B020000 		.4byte	.LASF11
 125 0086 04       		.byte	0x4
 126 0087 9201     		.2byte	0x192
 127 0089 2C000000 		.4byte	0x2c
 128 008d 05       		.uleb128 0x5
 129 008e D4000000 		.4byte	.LASF12
 130 0092 04       		.byte	0x4
 131 0093 9301     		.2byte	0x193
 132 0095 3A000000 		.4byte	0x3a
 133 0099 05       		.uleb128 0x5
 134 009a 62000000 		.4byte	.LASF13
 135 009e 04       		.byte	0x4
 136 009f 9601     		.2byte	0x196
 137 00a1 33000000 		.4byte	0x33
 138 00a5 02       		.uleb128 0x2
 139 00a6 04       		.byte	0x4
 140 00a7 04       		.byte	0x4
 141 00a8 52000000 		.4byte	.LASF14
 142 00ac 02       		.uleb128 0x2
 143 00ad 08       		.byte	0x8
 144 00ae 04       		.byte	0x4
 145 00af AE000000 		.4byte	.LASF15
 146 00b3 02       		.uleb128 0x2
 147 00b4 01       		.byte	0x1
 148 00b5 08       		.byte	0x8
 149 00b6 1C020000 		.4byte	.LASF16
 150 00ba 02       		.uleb128 0x2
 151 00bb 04       		.byte	0x4
 152 00bc 07       		.byte	0x7
 153 00bd EA010000 		.4byte	.LASF17
 154 00c1 06       		.uleb128 0x6
 155 00c2 14000000 		.4byte	.LASF31
 156 00c6 20       		.byte	0x20
 157 00c7 05       		.byte	0x5
 158 00c8 08       		.byte	0x8
 159 00c9 22010000 		.4byte	0x122
 160 00cd 07       		.uleb128 0x7
 161 00ce 00000000 		.4byte	.LASF18
 162 00d2 05       		.byte	0x5
ARM GAS  C:\Users\EmilR\AppData\Local\Temp\cc3CumgR.s 			page 4


 163 00d3 09       		.byte	0x9
 164 00d4 22010000 		.4byte	0x122
 165 00d8 00       		.byte	0
 166 00d9 07       		.uleb128 0x7
 167 00da 0A000000 		.4byte	.LASF19
 168 00de 05       		.byte	0x5
 169 00df 0A       		.byte	0xa
 170 00e0 22010000 		.4byte	0x122
 171 00e4 08       		.byte	0x8
 172 00e5 07       		.uleb128 0x7
 173 00e6 4B000000 		.4byte	.LASF20
 174 00ea 05       		.byte	0x5
 175 00eb 0B       		.byte	0xb
 176 00ec 22010000 		.4byte	0x122
 177 00f0 10       		.byte	0x10
 178 00f1 07       		.uleb128 0x7
 179 00f2 3A000000 		.4byte	.LASF21
 180 00f6 05       		.byte	0x5
 181 00f7 0C       		.byte	0xc
 182 00f8 8D000000 		.4byte	0x8d
 183 00fc 18       		.byte	0x18
 184 00fd 07       		.uleb128 0x7
 185 00fe 8D000000 		.4byte	.LASF22
 186 0102 05       		.byte	0x5
 187 0103 0E       		.byte	0xe
 188 0104 81000000 		.4byte	0x81
 189 0108 1A       		.byte	0x1a
 190 0109 07       		.uleb128 0x7
 191 010a D4010000 		.4byte	.LASF23
 192 010e 05       		.byte	0x5
 193 010f 0F       		.byte	0xf
 194 0110 99000000 		.4byte	0x99
 195 0114 1C       		.byte	0x1c
 196 0115 07       		.uleb128 0x7
 197 0116 DB010000 		.4byte	.LASF24
 198 011a 05       		.byte	0x5
 199 011b 10       		.byte	0x10
 200 011c 99000000 		.4byte	0x99
 201 0120 1E       		.byte	0x1e
 202 0121 00       		.byte	0
 203 0122 08       		.uleb128 0x8
 204 0123 81000000 		.4byte	0x81
 205 0127 32010000 		.4byte	0x132
 206 012b 09       		.uleb128 0x9
 207 012c BA000000 		.4byte	0xba
 208 0130 07       		.byte	0x7
 209 0131 00       		.byte	0
 210 0132 0A       		.uleb128 0xa
 211 0133 B5000000 		.4byte	.LASF32
 212 0137 01       		.byte	0x1
 213 0138 05       		.byte	0x5
 214 0139 00000000 		.4byte	.LFB63
 215 013d 14000000 		.4byte	.LFE63-.LFB63
 216 0141 01       		.uleb128 0x1
 217 0142 9C       		.byte	0x9c
 218 0143 5A010000 		.4byte	0x15a
 219 0147 0B       		.uleb128 0xb
ARM GAS  C:\Users\EmilR\AppData\Local\Temp\cc3CumgR.s 			page 5


 220 0148 08000000 		.4byte	.LVL0
 221 014c 97010000 		.4byte	0x197
 222 0150 0B       		.uleb128 0xb
 223 0151 0C000000 		.4byte	.LVL1
 224 0155 AE010000 		.4byte	0x1ae
 225 0159 00       		.byte	0
 226 015a 0C       		.uleb128 0xc
 227 015b 93000000 		.4byte	.LASF25
 228 015f 06       		.byte	0x6
 229 0160 9606     		.2byte	0x696
 230 0162 66010000 		.4byte	0x166
 231 0166 0D       		.uleb128 0xd
 232 0167 76000000 		.4byte	0x76
 233 016b 08       		.uleb128 0x8
 234 016c B3000000 		.4byte	0xb3
 235 0170 7B010000 		.4byte	0x17b
 236 0174 09       		.uleb128 0x9
 237 0175 BA000000 		.4byte	0xba
 238 0179 13       		.byte	0x13
 239 017a 00       		.byte	0
 240 017b 0E       		.uleb128 0xe
 241 017c 2A000000 		.4byte	.LASF26
 242 0180 01       		.byte	0x1
 243 0181 03       		.byte	0x3
 244 0182 6B010000 		.4byte	0x16b
 245 0186 05       		.uleb128 0x5
 246 0187 03       		.byte	0x3
 247 0188 00000000 		.4byte	value
 248 018c 0F       		.uleb128 0xf
 249 018d 58000000 		.4byte	.LASF27
 250 0191 01       		.byte	0x1
 251 0192 04       		.byte	0x4
 252 0193 C1000000 		.4byte	0xc1
 253 0197 10       		.uleb128 0x10
 254 0198 C3000000 		.4byte	.LASF33
 255 019c 05       		.byte	0x5
 256 019d 1A       		.byte	0x1a
 257 019e A8010000 		.4byte	0x1a8
 258 01a2 11       		.uleb128 0x11
 259 01a3 A8010000 		.4byte	0x1a8
 260 01a7 00       		.byte	0
 261 01a8 12       		.uleb128 0x12
 262 01a9 04       		.byte	0x4
 263 01aa C1000000 		.4byte	0xc1
 264 01ae 13       		.uleb128 0x13
 265 01af 01020000 		.4byte	.LASF34
 266 01b3 07       		.byte	0x7
 267 01b4 28       		.byte	0x28
 268 01b5 00       		.byte	0
 269              		.section	.debug_abbrev,"",%progbits
 270              	.Ldebug_abbrev0:
 271 0000 01       		.uleb128 0x1
 272 0001 11       		.uleb128 0x11
 273 0002 01       		.byte	0x1
 274 0003 25       		.uleb128 0x25
 275 0004 0E       		.uleb128 0xe
 276 0005 13       		.uleb128 0x13
ARM GAS  C:\Users\EmilR\AppData\Local\Temp\cc3CumgR.s 			page 6


 277 0006 0B       		.uleb128 0xb
 278 0007 03       		.uleb128 0x3
 279 0008 0E       		.uleb128 0xe
 280 0009 1B       		.uleb128 0x1b
 281 000a 0E       		.uleb128 0xe
 282 000b 55       		.uleb128 0x55
 283 000c 17       		.uleb128 0x17
 284 000d 11       		.uleb128 0x11
 285 000e 01       		.uleb128 0x1
 286 000f 10       		.uleb128 0x10
 287 0010 17       		.uleb128 0x17
 288 0011 00       		.byte	0
 289 0012 00       		.byte	0
 290 0013 02       		.uleb128 0x2
 291 0014 24       		.uleb128 0x24
 292 0015 00       		.byte	0
 293 0016 0B       		.uleb128 0xb
 294 0017 0B       		.uleb128 0xb
 295 0018 3E       		.uleb128 0x3e
 296 0019 0B       		.uleb128 0xb
 297 001a 03       		.uleb128 0x3
 298 001b 0E       		.uleb128 0xe
 299 001c 00       		.byte	0
 300 001d 00       		.byte	0
 301 001e 03       		.uleb128 0x3
 302 001f 16       		.uleb128 0x16
 303 0020 00       		.byte	0
 304 0021 03       		.uleb128 0x3
 305 0022 0E       		.uleb128 0xe
 306 0023 3A       		.uleb128 0x3a
 307 0024 0B       		.uleb128 0xb
 308 0025 3B       		.uleb128 0x3b
 309 0026 0B       		.uleb128 0xb
 310 0027 49       		.uleb128 0x49
 311 0028 13       		.uleb128 0x13
 312 0029 00       		.byte	0
 313 002a 00       		.byte	0
 314 002b 04       		.uleb128 0x4
 315 002c 24       		.uleb128 0x24
 316 002d 00       		.byte	0
 317 002e 0B       		.uleb128 0xb
 318 002f 0B       		.uleb128 0xb
 319 0030 3E       		.uleb128 0x3e
 320 0031 0B       		.uleb128 0xb
 321 0032 03       		.uleb128 0x3
 322 0033 08       		.uleb128 0x8
 323 0034 00       		.byte	0
 324 0035 00       		.byte	0
 325 0036 05       		.uleb128 0x5
 326 0037 16       		.uleb128 0x16
 327 0038 00       		.byte	0
 328 0039 03       		.uleb128 0x3
 329 003a 0E       		.uleb128 0xe
 330 003b 3A       		.uleb128 0x3a
 331 003c 0B       		.uleb128 0xb
 332 003d 3B       		.uleb128 0x3b
 333 003e 05       		.uleb128 0x5
ARM GAS  C:\Users\EmilR\AppData\Local\Temp\cc3CumgR.s 			page 7


 334 003f 49       		.uleb128 0x49
 335 0040 13       		.uleb128 0x13
 336 0041 00       		.byte	0
 337 0042 00       		.byte	0
 338 0043 06       		.uleb128 0x6
 339 0044 13       		.uleb128 0x13
 340 0045 01       		.byte	0x1
 341 0046 03       		.uleb128 0x3
 342 0047 0E       		.uleb128 0xe
 343 0048 0B       		.uleb128 0xb
 344 0049 0B       		.uleb128 0xb
 345 004a 3A       		.uleb128 0x3a
 346 004b 0B       		.uleb128 0xb
 347 004c 3B       		.uleb128 0x3b
 348 004d 0B       		.uleb128 0xb
 349 004e 01       		.uleb128 0x1
 350 004f 13       		.uleb128 0x13
 351 0050 00       		.byte	0
 352 0051 00       		.byte	0
 353 0052 07       		.uleb128 0x7
 354 0053 0D       		.uleb128 0xd
 355 0054 00       		.byte	0
 356 0055 03       		.uleb128 0x3
 357 0056 0E       		.uleb128 0xe
 358 0057 3A       		.uleb128 0x3a
 359 0058 0B       		.uleb128 0xb
 360 0059 3B       		.uleb128 0x3b
 361 005a 0B       		.uleb128 0xb
 362 005b 49       		.uleb128 0x49
 363 005c 13       		.uleb128 0x13
 364 005d 38       		.uleb128 0x38
 365 005e 0B       		.uleb128 0xb
 366 005f 00       		.byte	0
 367 0060 00       		.byte	0
 368 0061 08       		.uleb128 0x8
 369 0062 01       		.uleb128 0x1
 370 0063 01       		.byte	0x1
 371 0064 49       		.uleb128 0x49
 372 0065 13       		.uleb128 0x13
 373 0066 01       		.uleb128 0x1
 374 0067 13       		.uleb128 0x13
 375 0068 00       		.byte	0
 376 0069 00       		.byte	0
 377 006a 09       		.uleb128 0x9
 378 006b 21       		.uleb128 0x21
 379 006c 00       		.byte	0
 380 006d 49       		.uleb128 0x49
 381 006e 13       		.uleb128 0x13
 382 006f 2F       		.uleb128 0x2f
 383 0070 0B       		.uleb128 0xb
 384 0071 00       		.byte	0
 385 0072 00       		.byte	0
 386 0073 0A       		.uleb128 0xa
 387 0074 2E       		.uleb128 0x2e
 388 0075 01       		.byte	0x1
 389 0076 3F       		.uleb128 0x3f
 390 0077 19       		.uleb128 0x19
ARM GAS  C:\Users\EmilR\AppData\Local\Temp\cc3CumgR.s 			page 8


 391 0078 03       		.uleb128 0x3
 392 0079 0E       		.uleb128 0xe
 393 007a 3A       		.uleb128 0x3a
 394 007b 0B       		.uleb128 0xb
 395 007c 3B       		.uleb128 0x3b
 396 007d 0B       		.uleb128 0xb
 397 007e 27       		.uleb128 0x27
 398 007f 19       		.uleb128 0x19
 399 0080 11       		.uleb128 0x11
 400 0081 01       		.uleb128 0x1
 401 0082 12       		.uleb128 0x12
 402 0083 06       		.uleb128 0x6
 403 0084 40       		.uleb128 0x40
 404 0085 18       		.uleb128 0x18
 405 0086 9742     		.uleb128 0x2117
 406 0088 19       		.uleb128 0x19
 407 0089 01       		.uleb128 0x1
 408 008a 13       		.uleb128 0x13
 409 008b 00       		.byte	0
 410 008c 00       		.byte	0
 411 008d 0B       		.uleb128 0xb
 412 008e 898201   		.uleb128 0x4109
 413 0091 00       		.byte	0
 414 0092 11       		.uleb128 0x11
 415 0093 01       		.uleb128 0x1
 416 0094 31       		.uleb128 0x31
 417 0095 13       		.uleb128 0x13
 418 0096 00       		.byte	0
 419 0097 00       		.byte	0
 420 0098 0C       		.uleb128 0xc
 421 0099 34       		.uleb128 0x34
 422 009a 00       		.byte	0
 423 009b 03       		.uleb128 0x3
 424 009c 0E       		.uleb128 0xe
 425 009d 3A       		.uleb128 0x3a
 426 009e 0B       		.uleb128 0xb
 427 009f 3B       		.uleb128 0x3b
 428 00a0 05       		.uleb128 0x5
 429 00a1 49       		.uleb128 0x49
 430 00a2 13       		.uleb128 0x13
 431 00a3 3F       		.uleb128 0x3f
 432 00a4 19       		.uleb128 0x19
 433 00a5 3C       		.uleb128 0x3c
 434 00a6 19       		.uleb128 0x19
 435 00a7 00       		.byte	0
 436 00a8 00       		.byte	0
 437 00a9 0D       		.uleb128 0xd
 438 00aa 35       		.uleb128 0x35
 439 00ab 00       		.byte	0
 440 00ac 49       		.uleb128 0x49
 441 00ad 13       		.uleb128 0x13
 442 00ae 00       		.byte	0
 443 00af 00       		.byte	0
 444 00b0 0E       		.uleb128 0xe
 445 00b1 34       		.uleb128 0x34
 446 00b2 00       		.byte	0
 447 00b3 03       		.uleb128 0x3
ARM GAS  C:\Users\EmilR\AppData\Local\Temp\cc3CumgR.s 			page 9


 448 00b4 0E       		.uleb128 0xe
 449 00b5 3A       		.uleb128 0x3a
 450 00b6 0B       		.uleb128 0xb
 451 00b7 3B       		.uleb128 0x3b
 452 00b8 0B       		.uleb128 0xb
 453 00b9 49       		.uleb128 0x49
 454 00ba 13       		.uleb128 0x13
 455 00bb 3F       		.uleb128 0x3f
 456 00bc 19       		.uleb128 0x19
 457 00bd 02       		.uleb128 0x2
 458 00be 18       		.uleb128 0x18
 459 00bf 00       		.byte	0
 460 00c0 00       		.byte	0
 461 00c1 0F       		.uleb128 0xf
 462 00c2 34       		.uleb128 0x34
 463 00c3 00       		.byte	0
 464 00c4 03       		.uleb128 0x3
 465 00c5 0E       		.uleb128 0xe
 466 00c6 3A       		.uleb128 0x3a
 467 00c7 0B       		.uleb128 0xb
 468 00c8 3B       		.uleb128 0x3b
 469 00c9 0B       		.uleb128 0xb
 470 00ca 49       		.uleb128 0x49
 471 00cb 13       		.uleb128 0x13
 472 00cc 3F       		.uleb128 0x3f
 473 00cd 19       		.uleb128 0x19
 474 00ce 3C       		.uleb128 0x3c
 475 00cf 19       		.uleb128 0x19
 476 00d0 00       		.byte	0
 477 00d1 00       		.byte	0
 478 00d2 10       		.uleb128 0x10
 479 00d3 2E       		.uleb128 0x2e
 480 00d4 01       		.byte	0x1
 481 00d5 3F       		.uleb128 0x3f
 482 00d6 19       		.uleb128 0x19
 483 00d7 03       		.uleb128 0x3
 484 00d8 0E       		.uleb128 0xe
 485 00d9 3A       		.uleb128 0x3a
 486 00da 0B       		.uleb128 0xb
 487 00db 3B       		.uleb128 0x3b
 488 00dc 0B       		.uleb128 0xb
 489 00dd 27       		.uleb128 0x27
 490 00de 19       		.uleb128 0x19
 491 00df 3C       		.uleb128 0x3c
 492 00e0 19       		.uleb128 0x19
 493 00e1 01       		.uleb128 0x1
 494 00e2 13       		.uleb128 0x13
 495 00e3 00       		.byte	0
 496 00e4 00       		.byte	0
 497 00e5 11       		.uleb128 0x11
 498 00e6 05       		.uleb128 0x5
 499 00e7 00       		.byte	0
 500 00e8 49       		.uleb128 0x49
 501 00e9 13       		.uleb128 0x13
 502 00ea 00       		.byte	0
 503 00eb 00       		.byte	0
 504 00ec 12       		.uleb128 0x12
ARM GAS  C:\Users\EmilR\AppData\Local\Temp\cc3CumgR.s 			page 10


 505 00ed 0F       		.uleb128 0xf
 506 00ee 00       		.byte	0
 507 00ef 0B       		.uleb128 0xb
 508 00f0 0B       		.uleb128 0xb
 509 00f1 49       		.uleb128 0x49
 510 00f2 13       		.uleb128 0x13
 511 00f3 00       		.byte	0
 512 00f4 00       		.byte	0
 513 00f5 13       		.uleb128 0x13
 514 00f6 2E       		.uleb128 0x2e
 515 00f7 00       		.byte	0
 516 00f8 3F       		.uleb128 0x3f
 517 00f9 19       		.uleb128 0x19
 518 00fa 03       		.uleb128 0x3
 519 00fb 0E       		.uleb128 0xe
 520 00fc 3A       		.uleb128 0x3a
 521 00fd 0B       		.uleb128 0xb
 522 00fe 3B       		.uleb128 0x3b
 523 00ff 0B       		.uleb128 0xb
 524 0100 27       		.uleb128 0x27
 525 0101 19       		.uleb128 0x19
 526 0102 3C       		.uleb128 0x3c
 527 0103 19       		.uleb128 0x19
 528 0104 00       		.byte	0
 529 0105 00       		.byte	0
 530 0106 00       		.byte	0
 531              		.section	.debug_aranges,"",%progbits
 532 0000 1C000000 		.4byte	0x1c
 533 0004 0200     		.2byte	0x2
 534 0006 00000000 		.4byte	.Ldebug_info0
 535 000a 04       		.byte	0x4
 536 000b 00       		.byte	0
 537 000c 0000     		.2byte	0
 538 000e 0000     		.2byte	0
 539 0010 00000000 		.4byte	.LFB63
 540 0014 14000000 		.4byte	.LFE63-.LFB63
 541 0018 00000000 		.4byte	0
 542 001c 00000000 		.4byte	0
 543              		.section	.debug_ranges,"",%progbits
 544              	.Ldebug_ranges0:
 545 0000 00000000 		.4byte	.LFB63
 546 0004 14000000 		.4byte	.LFE63
 547 0008 00000000 		.4byte	0
 548 000c 00000000 		.4byte	0
 549              		.section	.debug_line,"",%progbits
 550              	.Ldebug_line0:
 551 0000 89010000 		.section	.debug_str,"MS",%progbits,1
 551      02007401 
 551      00000201 
 551      FB0E0D00 
 551      01010101 
 552              	.LASF18:
 553 0000 746D704D 		.ascii	"tmpMouseX\000"
 553      6F757365 
 553      5800
 554              	.LASF19:
 555 000a 746D704D 		.ascii	"tmpMouseY\000"
ARM GAS  C:\Users\EmilR\AppData\Local\Temp\cc3CumgR.s 			page 11


 555      6F757365 
 555      5900
 556              	.LASF31:
 557 0014 6D6F7573 		.ascii	"mouse\000"
 557      6500
 558              	.LASF29:
 559 001a 5053325F 		.ascii	"PS2_interrupt.c\000"
 559      696E7465 
 559      72727570 
 559      742E6300 
 560              	.LASF26:
 561 002a 76616C75 		.ascii	"value\000"
 561      6500
 562              	.LASF9:
 563 0030 5F5F696E 		.ascii	"__int32_t\000"
 563      7433325F 
 563      7400
 564              	.LASF21:
 565 003a 74696D65 		.ascii	"timesInterrupted\000"
 565      73496E74 
 565      65727275 
 565      70746564 
 565      00
 566              	.LASF20:
 567 004b 73746174 		.ascii	"status\000"
 567      757300
 568              	.LASF14:
 569 0052 666C6F61 		.ascii	"float\000"
 569      7400
 570              	.LASF27:
 571 0058 6D6F7573 		.ascii	"mouseData\000"
 571      65446174 
 571      6100
 572              	.LASF13:
 573 0062 696E7431 		.ascii	"int16\000"
 573      3600
 574              	.LASF5:
 575 0068 6C6F6E67 		.ascii	"long unsigned int\000"
 575      20756E73 
 575      69676E65 
 575      6420696E 
 575      7400
 576              	.LASF3:
 577 007a 73686F72 		.ascii	"short unsigned int\000"
 577      7420756E 
 577      7369676E 
 577      65642069 
 577      6E7400
 578              	.LASF22:
 579 008d 616E676C 		.ascii	"angle\000"
 579      6500
 580              	.LASF25:
 581 0093 49544D5F 		.ascii	"ITM_RxBuffer\000"
 581      52784275 
 581      66666572 
 581      00
 582              	.LASF1:
ARM GAS  C:\Users\EmilR\AppData\Local\Temp\cc3CumgR.s 			page 12


 583 00a0 756E7369 		.ascii	"unsigned char\000"
 583      676E6564 
 583      20636861 
 583      7200
 584              	.LASF15:
 585 00ae 646F7562 		.ascii	"double\000"
 585      6C6500
 586              	.LASF32:
 587 00b5 5053325F 		.ascii	"PS2_interrupt\000"
 587      696E7465 
 587      72727570 
 587      7400
 588              	.LASF33:
 589 00c3 4953525F 		.ascii	"ISR_getMouseData\000"
 589      6765744D 
 589      6F757365 
 589      44617461 
 589      00
 590              	.LASF12:
 591 00d4 75696E74 		.ascii	"uint16\000"
 591      313600
 592              	.LASF28:
 593 00db 474E5520 		.ascii	"GNU C 4.9.3 20150303 (release) [ARM/embedded-4_9-br"
 593      4320342E 
 593      392E3320 
 593      32303135 
 593      30333033 
 594 010e 616E6368 		.ascii	"anch revision 221220] -mcpu=cortex-m3 -mthumb -g -O"
 594      20726576 
 594      6973696F 
 594      6E203232 
 594      31323230 
 595 0141 67202D66 		.ascii	"g -ffunction-sections -ffat-lto-objects\000"
 595      66756E63 
 595      74696F6E 
 595      2D736563 
 595      74696F6E 
 596              	.LASF8:
 597 0169 756E7369 		.ascii	"unsigned int\000"
 597      676E6564 
 597      20696E74 
 597      00
 598              	.LASF7:
 599 0176 6C6F6E67 		.ascii	"long long unsigned int\000"
 599      206C6F6E 
 599      6720756E 
 599      7369676E 
 599      65642069 
 600              	.LASF30:
 601 018d 433A5C55 		.ascii	"C:\\Users\\EmilR\\Desktop\\E4PRJ4-Gruppe1\\Retning "
 601      73657273 
 601      5C456D69 
 601      6C525C44 
 601      65736B74 
 602 01bb 6D656420 		.ascii	"med mus\\version_01.cydsn\000"
 602      6D75735C 
 602      76657273 
ARM GAS  C:\Users\EmilR\AppData\Local\Temp\cc3CumgR.s 			page 13


 602      696F6E5F 
 602      30312E63 
 603              	.LASF23:
 604 01d4 66696E61 		.ascii	"finalX\000"
 604      6C5800
 605              	.LASF24:
 606 01db 66696E61 		.ascii	"finalY\000"
 606      6C5900
 607              	.LASF10:
 608 01e2 696E7433 		.ascii	"int32_t\000"
 608      325F7400 
 609              	.LASF17:
 610 01ea 73697A65 		.ascii	"sizetype\000"
 610      74797065 
 610      00
 611              	.LASF6:
 612 01f3 6C6F6E67 		.ascii	"long long int\000"
 612      206C6F6E 
 612      6720696E 
 612      7400
 613              	.LASF34:
 614 0201 6973725F 		.ascii	"isr_PS2_clock_ClearPending\000"
 614      5053325F 
 614      636C6F63 
 614      6B5F436C 
 614      65617250 
 615              	.LASF16:
 616 021c 63686172 		.ascii	"char\000"
 616      00
 617              	.LASF2:
 618 0221 73686F72 		.ascii	"short int\000"
 618      7420696E 
 618      7400
 619              	.LASF11:
 620 022b 75696E74 		.ascii	"uint8\000"
 620      3800
 621              	.LASF4:
 622 0231 6C6F6E67 		.ascii	"long int\000"
 622      20696E74 
 622      00
 623              	.LASF0:
 624 023a 7369676E 		.ascii	"signed char\000"
 624      65642063 
 624      68617200 
 625              		.ident	"GCC: (GNU Tools for ARM Embedded Processors) 4.9.3 20150303 (release) [ARM/embedded-4_9-br
