ARM GAS  C:\Users\Anders\AppData\Local\Temp\cchjQBsP.s 			page 1


   1              		.syntax unified
   2              		.cpu cortex-m3
   3              		.fpu softvfp
   4              		.eabi_attribute 20, 1
   5              		.eabi_attribute 21, 1
   6              		.eabi_attribute 23, 3
   7              		.eabi_attribute 24, 1
   8              		.eabi_attribute 25, 1
   9              		.eabi_attribute 26, 1
  10              		.eabi_attribute 30, 1
  11              		.eabi_attribute 34, 1
  12              		.eabi_attribute 18, 4
  13              		.thumb
  14              		.file	"run_back.c"
  15              		.text
  16              	.Ltext0:
  17              		.cfi_sections	.debug_frame
  18              		.section	.text.run_back,"ax",%progbits
  19              		.align	2
  20              		.global	run_back
  21              		.thumb
  22              		.thumb_func
  23              		.type	run_back, %function
  24              	run_back:
  25              	.LFB63:
  26              		.file 1 "run_back.c"
   1:run_back.c    **** #include <main.h>
   2:run_back.c    **** 
   3:run_back.c    **** extern uint8 i2cbuf[];
   4:run_back.c    **** extern uint8 oldbuf[];
   5:run_back.c    **** uint8 run_back(uint8 ang)
   6:run_back.c    **** {
  27              		.loc 1 6 0
  28              		.cfi_startproc
  29              		@ args = 0, pretend = 0, frame = 0
  30              		@ frame_needed = 0, uses_anonymous_args = 0
  31              	.LVL0:
  32 0000 38B5     		push	{r3, r4, r5, lr}
  33              		.cfi_def_cfa_offset 16
  34              		.cfi_offset 3, -16
  35              		.cfi_offset 4, -12
  36              		.cfi_offset 5, -8
  37              		.cfi_offset 14, -4
  38 0002 0446     		mov	r4, r0
  39              	.LVL1:
   7:run_back.c    ****     
   8:run_back.c    ****     uint8 newang = 0;
   9:run_back.c    ****     
  10:run_back.c    ****     //Opdatere oldbuf 
  11:run_back.c    ****     oldbuf[ANG_BACK_POS] = i2cbuf[ANG_BACK_POS];
  40              		.loc 1 11 0
  41 0004 1C4B     		ldr	r3, .L11
  42 0006 9A78     		ldrb	r2, [r3, #2]	@ zero_extendqisi2
  43 0008 1C4B     		ldr	r3, .L11+4
  44 000a 9A70     		strb	r2, [r3, #2]
  12:run_back.c    ****         
  13:run_back.c    ****     //tæl counter op og drejer steppermotoren med uret
ARM GAS  C:\Users\Anders\AppData\Local\Temp\cchjQBsP.s 			page 2


  14:run_back.c    **** 	if(ang > CounterB_ReadCounter() && ang < MAX_POS)
  45              		.loc 1 14 0
  46 000c FFF7FEFF 		bl	CounterB_ReadCounter
  47              	.LVL2:
  48 0010 A042     		cmp	r0, r4
  49 0012 1AD2     		bcs	.L2
  50              		.loc 1 14 0 is_stmt 0 discriminator 1
  51 0014 C82C     		cmp	r4, #200
  52 0016 18D8     		bhi	.L2
  15:run_back.c    ****     {
  16:run_back.c    ****         newang = ang - CounterB_ReadCounter();
  53              		.loc 1 16 0 is_stmt 1
  54 0018 FFF7FEFF 		bl	CounterB_ReadCounter
  55              	.LVL3:
  56 001c 201A     		subs	r0, r4, r0
  57 001e C5B2     		uxtb	r5, r0
  58              	.LVL4:
  17:run_back.c    ****         newang += CounterB_ReadCounter();
  59              		.loc 1 17 0
  60 0020 FFF7FEFF 		bl	CounterB_ReadCounter
  61              	.LVL5:
  62 0024 2844     		add	r0, r0, r5
  63 0026 C5B2     		uxtb	r5, r0
  64              	.LVL6:
  18:run_back.c    ****         
  19:run_back.c    ****         Dir_stepB_Write(HIGH);  
  65              		.loc 1 19 0
  66 0028 0120     		movs	r0, #1
  67 002a FFF7FEFF 		bl	Dir_stepB_Write
  68              	.LVL7:
  20:run_back.c    ****         PWMB1_Start();
  69              		.loc 1 20 0
  70 002e FFF7FEFF 		bl	PWMB1_Start
  71              	.LVL8:
  21:run_back.c    ****         while(CounterB_ReadCounter()!=newang)
  72              		.loc 1 21 0
  73 0032 03E0     		b	.L3
  74              	.L5:
  22:run_back.c    ****         {    
  23:run_back.c    ****            
  24:run_back.c    ****             if(ang != i2cbuf[ANG_BACK_POS])
  75              		.loc 1 24 0
  76 0034 104B     		ldr	r3, .L11
  77 0036 9B78     		ldrb	r3, [r3, #2]	@ zero_extendqisi2
  78 0038 A342     		cmp	r3, r4
  79 003a 03D1     		bne	.L4
  80              	.L3:
  21:run_back.c    ****         while(CounterB_ReadCounter()!=newang)
  81              		.loc 1 21 0
  82 003c FFF7FEFF 		bl	CounterB_ReadCounter
  83              	.LVL9:
  84 0040 A842     		cmp	r0, r5
  85 0042 F7D1     		bne	.L5
  86              	.L4:
  25:run_back.c    ****             break;
  26:run_back.c    ****         }
  27:run_back.c    ****         PWMB1_Stop(); 
ARM GAS  C:\Users\Anders\AppData\Local\Temp\cchjQBsP.s 			page 3


  87              		.loc 1 27 0
  88 0044 FFF7FEFF 		bl	PWMB1_Stop
  89              	.LVL10:
  90 0048 14E0     		b	.L6
  91              	.LVL11:
  92              	.L2:
  28:run_back.c    ****        
  29:run_back.c    ****     }
  30:run_back.c    **** 
  31:run_back.c    ****     //tæl counter ned og drejer steppermotoren mod uret
  32:run_back.c    ****     else if(ang < CounterB_ReadCounter() && ang > MIN_POS)
  93              		.loc 1 32 0
  94 004a FFF7FEFF 		bl	CounterB_ReadCounter
  95              	.LVL12:
  96 004e A042     		cmp	r0, r4
  97 0050 10D9     		bls	.L6
  98              		.loc 1 32 0 is_stmt 0 discriminator 1
  99 0052 7CB1     		cbz	r4, .L6
  33:run_back.c    ****     {
  34:run_back.c    ****         Dir_stepB_Write(LOW);
 100              		.loc 1 34 0 is_stmt 1
 101 0054 0020     		movs	r0, #0
 102 0056 FFF7FEFF 		bl	Dir_stepB_Write
 103              	.LVL13:
  35:run_back.c    ****         PWMB2_Start();
 104              		.loc 1 35 0
 105 005a FFF7FEFF 		bl	PWMB2_Start
 106              	.LVL14:
  36:run_back.c    ****         while(CounterB_ReadCounter()!=ang)
 107              		.loc 1 36 0
 108 005e 03E0     		b	.L7
 109              	.L9:
  37:run_back.c    ****         {    
  38:run_back.c    ****             
  39:run_back.c    ****             if(ang != i2cbuf[ANG_BACK_POS])
 110              		.loc 1 39 0
 111 0060 054B     		ldr	r3, .L11
 112 0062 9B78     		ldrb	r3, [r3, #2]	@ zero_extendqisi2
 113 0064 A342     		cmp	r3, r4
 114 0066 03D1     		bne	.L8
 115              	.L7:
  36:run_back.c    ****         while(CounterB_ReadCounter()!=ang)
 116              		.loc 1 36 0
 117 0068 FFF7FEFF 		bl	CounterB_ReadCounter
 118              	.LVL15:
 119 006c A042     		cmp	r0, r4
 120 006e F7D1     		bne	.L9
 121              	.L8:
  40:run_back.c    ****             break;
  41:run_back.c    ****         }
  42:run_back.c    ****         PWMB2_Stop();
 122              		.loc 1 42 0
 123 0070 FFF7FEFF 		bl	PWMB2_Stop
 124              	.LVL16:
 125              	.L6:
  43:run_back.c    ****     }
  44:run_back.c    ****     return 0;
ARM GAS  C:\Users\Anders\AppData\Local\Temp\cchjQBsP.s 			page 4


  45:run_back.c    **** }
 126              		.loc 1 45 0
 127 0074 0020     		movs	r0, #0
 128 0076 38BD     		pop	{r3, r4, r5, pc}
 129              	.L12:
 130              		.align	2
 131              	.L11:
 132 0078 00000000 		.word	i2cbuf
 133 007c 00000000 		.word	oldbuf
 134              		.cfi_endproc
 135              	.LFE63:
 136              		.size	run_back, .-run_back
 137              		.text
 138              	.Letext0:
 139              		.file 2 "c:\\program files (x86)\\cypress\\psoc creator\\4.0\\psoc creator\\import\\gnu\\arm\\4.9.
 140              		.file 3 "c:\\program files (x86)\\cypress\\psoc creator\\4.0\\psoc creator\\import\\gnu\\arm\\4.9.
 141              		.file 4 "Generated_Source\\PSoC5/cytypes.h"
 142              		.file 5 "Generated_Source\\PSoC5/core_cm3.h"
 143              		.file 6 "Generated_Source\\PSoC5/PWMB1.h"
 144              		.file 7 "Generated_Source\\PSoC5/PWMB2.h"
 145              		.file 8 "Generated_Source\\PSoC5/CounterB.h"
 146              		.file 9 "Generated_Source\\PSoC5/Dir_stepB.h"
 147              		.section	.debug_info,"",%progbits
 148              	.Ldebug_info0:
 149 0000 C8010000 		.4byte	0x1c8
 150 0004 0400     		.2byte	0x4
 151 0006 00000000 		.4byte	.Ldebug_abbrev0
 152 000a 04       		.byte	0x4
 153 000b 01       		.uleb128 0x1
 154 000c 0D010000 		.4byte	.LASF23
 155 0010 01       		.byte	0x1
 156 0011 65000000 		.4byte	.LASF24
 157 0015 A2000000 		.4byte	.LASF25
 158 0019 00000000 		.4byte	.Ldebug_ranges0+0
 159 001d 00000000 		.4byte	0
 160 0021 00000000 		.4byte	.Ldebug_line0
 161 0025 02       		.uleb128 0x2
 162 0026 01       		.byte	0x1
 163 0027 06       		.byte	0x6
 164 0028 FD010000 		.4byte	.LASF0
 165 002c 02       		.uleb128 0x2
 166 002d 01       		.byte	0x1
 167 002e 08       		.byte	0x8
 168 002f 45000000 		.4byte	.LASF1
 169 0033 02       		.uleb128 0x2
 170 0034 02       		.byte	0x2
 171 0035 05       		.byte	0x5
 172 0036 D8010000 		.4byte	.LASF2
 173 003a 02       		.uleb128 0x2
 174 003b 02       		.byte	0x2
 175 003c 07       		.byte	0x7
 176 003d 70000000 		.4byte	.LASF3
 177 0041 03       		.uleb128 0x3
 178 0042 27000000 		.4byte	.LASF9
 179 0046 02       		.byte	0x2
 180 0047 3F       		.byte	0x3f
 181 0048 4C000000 		.4byte	0x4c
ARM GAS  C:\Users\Anders\AppData\Local\Temp\cchjQBsP.s 			page 5


 182 004c 02       		.uleb128 0x2
 183 004d 04       		.byte	0x4
 184 004e 05       		.byte	0x5
 185 004f E8010000 		.4byte	.LASF4
 186 0053 02       		.uleb128 0x2
 187 0054 04       		.byte	0x4
 188 0055 07       		.byte	0x7
 189 0056 53000000 		.4byte	.LASF5
 190 005a 02       		.uleb128 0x2
 191 005b 08       		.byte	0x8
 192 005c 05       		.byte	0x5
 193 005d B5010000 		.4byte	.LASF6
 194 0061 02       		.uleb128 0x2
 195 0062 08       		.byte	0x8
 196 0063 07       		.byte	0x7
 197 0064 F6000000 		.4byte	.LASF7
 198 0068 04       		.uleb128 0x4
 199 0069 04       		.byte	0x4
 200 006a 05       		.byte	0x5
 201 006b 696E7400 		.ascii	"int\000"
 202 006f 02       		.uleb128 0x2
 203 0070 04       		.byte	0x4
 204 0071 07       		.byte	0x7
 205 0072 E9000000 		.4byte	.LASF8
 206 0076 03       		.uleb128 0x3
 207 0077 9B010000 		.4byte	.LASF10
 208 007b 03       		.byte	0x3
 209 007c 2C       		.byte	0x2c
 210 007d 41000000 		.4byte	0x41
 211 0081 05       		.uleb128 0x5
 212 0082 E2010000 		.4byte	.LASF11
 213 0086 04       		.byte	0x4
 214 0087 9201     		.2byte	0x192
 215 0089 2C000000 		.4byte	0x2c
 216 008d 02       		.uleb128 0x2
 217 008e 04       		.byte	0x4
 218 008f 04       		.byte	0x4
 219 0090 3F000000 		.4byte	.LASF12
 220 0094 02       		.uleb128 0x2
 221 0095 08       		.byte	0x8
 222 0096 04       		.byte	0x4
 223 0097 9B000000 		.4byte	.LASF13
 224 009b 02       		.uleb128 0x2
 225 009c 01       		.byte	0x1
 226 009d 08       		.byte	0x8
 227 009e D3010000 		.4byte	.LASF14
 228 00a2 02       		.uleb128 0x2
 229 00a3 04       		.byte	0x4
 230 00a4 07       		.byte	0x7
 231 00a5 A3010000 		.4byte	.LASF15
 232 00a9 06       		.uleb128 0x6
 233 00aa AC010000 		.4byte	.LASF26
 234 00ae 01       		.byte	0x1
 235 00af 05       		.byte	0x5
 236 00b0 81000000 		.4byte	0x81
 237 00b4 00000000 		.4byte	.LFB63
 238 00b8 80000000 		.4byte	.LFE63-.LFB63
ARM GAS  C:\Users\Anders\AppData\Local\Temp\cchjQBsP.s 			page 6


 239 00bc 01       		.uleb128 0x1
 240 00bd 9C       		.byte	0x9c
 241 00be 61010000 		.4byte	0x161
 242 00c2 07       		.uleb128 0x7
 243 00c3 616E6700 		.ascii	"ang\000"
 244 00c7 01       		.byte	0x1
 245 00c8 05       		.byte	0x5
 246 00c9 81000000 		.4byte	0x81
 247 00cd 00000000 		.4byte	.LLST0
 248 00d1 08       		.uleb128 0x8
 249 00d2 31000000 		.4byte	.LASF27
 250 00d6 01       		.byte	0x1
 251 00d7 08       		.byte	0x8
 252 00d8 81000000 		.4byte	0x81
 253 00dc 21000000 		.4byte	.LLST1
 254 00e0 09       		.uleb128 0x9
 255 00e1 10000000 		.4byte	.LVL2
 256 00e5 93010000 		.4byte	0x193
 257 00e9 09       		.uleb128 0x9
 258 00ea 1C000000 		.4byte	.LVL3
 259 00ee 93010000 		.4byte	0x193
 260 00f2 09       		.uleb128 0x9
 261 00f3 24000000 		.4byte	.LVL5
 262 00f7 93010000 		.4byte	0x193
 263 00fb 0A       		.uleb128 0xa
 264 00fc 2E000000 		.4byte	.LVL7
 265 0100 9E010000 		.4byte	0x19e
 266 0104 0E010000 		.4byte	0x10e
 267 0108 0B       		.uleb128 0xb
 268 0109 01       		.uleb128 0x1
 269 010a 50       		.byte	0x50
 270 010b 01       		.uleb128 0x1
 271 010c 31       		.byte	0x31
 272 010d 00       		.byte	0
 273 010e 09       		.uleb128 0x9
 274 010f 32000000 		.4byte	.LVL8
 275 0113 AF010000 		.4byte	0x1af
 276 0117 09       		.uleb128 0x9
 277 0118 40000000 		.4byte	.LVL9
 278 011c 93010000 		.4byte	0x193
 279 0120 09       		.uleb128 0x9
 280 0121 48000000 		.4byte	.LVL10
 281 0125 B6010000 		.4byte	0x1b6
 282 0129 09       		.uleb128 0x9
 283 012a 4E000000 		.4byte	.LVL12
 284 012e 93010000 		.4byte	0x193
 285 0132 0A       		.uleb128 0xa
 286 0133 5A000000 		.4byte	.LVL13
 287 0137 9E010000 		.4byte	0x19e
 288 013b 45010000 		.4byte	0x145
 289 013f 0B       		.uleb128 0xb
 290 0140 01       		.uleb128 0x1
 291 0141 50       		.byte	0x50
 292 0142 01       		.uleb128 0x1
 293 0143 30       		.byte	0x30
 294 0144 00       		.byte	0
 295 0145 09       		.uleb128 0x9
ARM GAS  C:\Users\Anders\AppData\Local\Temp\cchjQBsP.s 			page 7


 296 0146 5E000000 		.4byte	.LVL14
 297 014a BD010000 		.4byte	0x1bd
 298 014e 09       		.uleb128 0x9
 299 014f 6C000000 		.4byte	.LVL15
 300 0153 93010000 		.4byte	0x193
 301 0157 09       		.uleb128 0x9
 302 0158 74000000 		.4byte	.LVL16
 303 015c C4010000 		.4byte	0x1c4
 304 0160 00       		.byte	0
 305 0161 0C       		.uleb128 0xc
 306 0162 8E000000 		.4byte	.LASF16
 307 0166 05       		.byte	0x5
 308 0167 9606     		.2byte	0x696
 309 0169 6D010000 		.4byte	0x16d
 310 016d 0D       		.uleb128 0xd
 311 016e 76000000 		.4byte	0x76
 312 0172 0E       		.uleb128 0xe
 313 0173 81000000 		.4byte	0x81
 314 0177 7D010000 		.4byte	0x17d
 315 017b 0F       		.uleb128 0xf
 316 017c 00       		.byte	0
 317 017d 10       		.uleb128 0x10
 318 017e 00000000 		.4byte	.LASF17
 319 0182 01       		.byte	0x1
 320 0183 03       		.byte	0x3
 321 0184 72010000 		.4byte	0x172
 322 0188 10       		.uleb128 0x10
 323 0189 38000000 		.4byte	.LASF18
 324 018d 01       		.byte	0x1
 325 018e 04       		.byte	0x4
 326 018f 72010000 		.4byte	0x172
 327 0193 11       		.uleb128 0x11
 328 0194 07000000 		.4byte	.LASF28
 329 0198 08       		.byte	0x8
 330 0199 5D       		.byte	0x5d
 331 019a 81000000 		.4byte	0x81
 332 019e 12       		.uleb128 0x12
 333 019f C3010000 		.4byte	.LASF29
 334 01a3 09       		.byte	0x9
 335 01a4 26       		.byte	0x26
 336 01a5 AF010000 		.4byte	0x1af
 337 01a9 13       		.uleb128 0x13
 338 01aa 81000000 		.4byte	0x81
 339 01ae 00       		.byte	0
 340 01af 14       		.uleb128 0x14
 341 01b0 F1010000 		.4byte	.LASF19
 342 01b4 06       		.byte	0x6
 343 01b5 92       		.byte	0x92
 344 01b6 14       		.uleb128 0x14
 345 01b7 83000000 		.4byte	.LASF20
 346 01bb 06       		.byte	0x6
 347 01bc 93       		.byte	0x93
 348 01bd 14       		.uleb128 0x14
 349 01be 09020000 		.4byte	.LASF21
 350 01c2 07       		.byte	0x7
 351 01c3 92       		.byte	0x92
 352 01c4 14       		.uleb128 0x14
ARM GAS  C:\Users\Anders\AppData\Local\Temp\cchjQBsP.s 			page 8


 353 01c5 1C000000 		.4byte	.LASF22
 354 01c9 07       		.byte	0x7
 355 01ca 93       		.byte	0x93
 356 01cb 00       		.byte	0
 357              		.section	.debug_abbrev,"",%progbits
 358              	.Ldebug_abbrev0:
 359 0000 01       		.uleb128 0x1
 360 0001 11       		.uleb128 0x11
 361 0002 01       		.byte	0x1
 362 0003 25       		.uleb128 0x25
 363 0004 0E       		.uleb128 0xe
 364 0005 13       		.uleb128 0x13
 365 0006 0B       		.uleb128 0xb
 366 0007 03       		.uleb128 0x3
 367 0008 0E       		.uleb128 0xe
 368 0009 1B       		.uleb128 0x1b
 369 000a 0E       		.uleb128 0xe
 370 000b 55       		.uleb128 0x55
 371 000c 17       		.uleb128 0x17
 372 000d 11       		.uleb128 0x11
 373 000e 01       		.uleb128 0x1
 374 000f 10       		.uleb128 0x10
 375 0010 17       		.uleb128 0x17
 376 0011 00       		.byte	0
 377 0012 00       		.byte	0
 378 0013 02       		.uleb128 0x2
 379 0014 24       		.uleb128 0x24
 380 0015 00       		.byte	0
 381 0016 0B       		.uleb128 0xb
 382 0017 0B       		.uleb128 0xb
 383 0018 3E       		.uleb128 0x3e
 384 0019 0B       		.uleb128 0xb
 385 001a 03       		.uleb128 0x3
 386 001b 0E       		.uleb128 0xe
 387 001c 00       		.byte	0
 388 001d 00       		.byte	0
 389 001e 03       		.uleb128 0x3
 390 001f 16       		.uleb128 0x16
 391 0020 00       		.byte	0
 392 0021 03       		.uleb128 0x3
 393 0022 0E       		.uleb128 0xe
 394 0023 3A       		.uleb128 0x3a
 395 0024 0B       		.uleb128 0xb
 396 0025 3B       		.uleb128 0x3b
 397 0026 0B       		.uleb128 0xb
 398 0027 49       		.uleb128 0x49
 399 0028 13       		.uleb128 0x13
 400 0029 00       		.byte	0
 401 002a 00       		.byte	0
 402 002b 04       		.uleb128 0x4
 403 002c 24       		.uleb128 0x24
 404 002d 00       		.byte	0
 405 002e 0B       		.uleb128 0xb
 406 002f 0B       		.uleb128 0xb
 407 0030 3E       		.uleb128 0x3e
 408 0031 0B       		.uleb128 0xb
 409 0032 03       		.uleb128 0x3
ARM GAS  C:\Users\Anders\AppData\Local\Temp\cchjQBsP.s 			page 9


 410 0033 08       		.uleb128 0x8
 411 0034 00       		.byte	0
 412 0035 00       		.byte	0
 413 0036 05       		.uleb128 0x5
 414 0037 16       		.uleb128 0x16
 415 0038 00       		.byte	0
 416 0039 03       		.uleb128 0x3
 417 003a 0E       		.uleb128 0xe
 418 003b 3A       		.uleb128 0x3a
 419 003c 0B       		.uleb128 0xb
 420 003d 3B       		.uleb128 0x3b
 421 003e 05       		.uleb128 0x5
 422 003f 49       		.uleb128 0x49
 423 0040 13       		.uleb128 0x13
 424 0041 00       		.byte	0
 425 0042 00       		.byte	0
 426 0043 06       		.uleb128 0x6
 427 0044 2E       		.uleb128 0x2e
 428 0045 01       		.byte	0x1
 429 0046 3F       		.uleb128 0x3f
 430 0047 19       		.uleb128 0x19
 431 0048 03       		.uleb128 0x3
 432 0049 0E       		.uleb128 0xe
 433 004a 3A       		.uleb128 0x3a
 434 004b 0B       		.uleb128 0xb
 435 004c 3B       		.uleb128 0x3b
 436 004d 0B       		.uleb128 0xb
 437 004e 27       		.uleb128 0x27
 438 004f 19       		.uleb128 0x19
 439 0050 49       		.uleb128 0x49
 440 0051 13       		.uleb128 0x13
 441 0052 11       		.uleb128 0x11
 442 0053 01       		.uleb128 0x1
 443 0054 12       		.uleb128 0x12
 444 0055 06       		.uleb128 0x6
 445 0056 40       		.uleb128 0x40
 446 0057 18       		.uleb128 0x18
 447 0058 9742     		.uleb128 0x2117
 448 005a 19       		.uleb128 0x19
 449 005b 01       		.uleb128 0x1
 450 005c 13       		.uleb128 0x13
 451 005d 00       		.byte	0
 452 005e 00       		.byte	0
 453 005f 07       		.uleb128 0x7
 454 0060 05       		.uleb128 0x5
 455 0061 00       		.byte	0
 456 0062 03       		.uleb128 0x3
 457 0063 08       		.uleb128 0x8
 458 0064 3A       		.uleb128 0x3a
 459 0065 0B       		.uleb128 0xb
 460 0066 3B       		.uleb128 0x3b
 461 0067 0B       		.uleb128 0xb
 462 0068 49       		.uleb128 0x49
 463 0069 13       		.uleb128 0x13
 464 006a 02       		.uleb128 0x2
 465 006b 17       		.uleb128 0x17
 466 006c 00       		.byte	0
ARM GAS  C:\Users\Anders\AppData\Local\Temp\cchjQBsP.s 			page 10


 467 006d 00       		.byte	0
 468 006e 08       		.uleb128 0x8
 469 006f 34       		.uleb128 0x34
 470 0070 00       		.byte	0
 471 0071 03       		.uleb128 0x3
 472 0072 0E       		.uleb128 0xe
 473 0073 3A       		.uleb128 0x3a
 474 0074 0B       		.uleb128 0xb
 475 0075 3B       		.uleb128 0x3b
 476 0076 0B       		.uleb128 0xb
 477 0077 49       		.uleb128 0x49
 478 0078 13       		.uleb128 0x13
 479 0079 02       		.uleb128 0x2
 480 007a 17       		.uleb128 0x17
 481 007b 00       		.byte	0
 482 007c 00       		.byte	0
 483 007d 09       		.uleb128 0x9
 484 007e 898201   		.uleb128 0x4109
 485 0081 00       		.byte	0
 486 0082 11       		.uleb128 0x11
 487 0083 01       		.uleb128 0x1
 488 0084 31       		.uleb128 0x31
 489 0085 13       		.uleb128 0x13
 490 0086 00       		.byte	0
 491 0087 00       		.byte	0
 492 0088 0A       		.uleb128 0xa
 493 0089 898201   		.uleb128 0x4109
 494 008c 01       		.byte	0x1
 495 008d 11       		.uleb128 0x11
 496 008e 01       		.uleb128 0x1
 497 008f 31       		.uleb128 0x31
 498 0090 13       		.uleb128 0x13
 499 0091 01       		.uleb128 0x1
 500 0092 13       		.uleb128 0x13
 501 0093 00       		.byte	0
 502 0094 00       		.byte	0
 503 0095 0B       		.uleb128 0xb
 504 0096 8A8201   		.uleb128 0x410a
 505 0099 00       		.byte	0
 506 009a 02       		.uleb128 0x2
 507 009b 18       		.uleb128 0x18
 508 009c 9142     		.uleb128 0x2111
 509 009e 18       		.uleb128 0x18
 510 009f 00       		.byte	0
 511 00a0 00       		.byte	0
 512 00a1 0C       		.uleb128 0xc
 513 00a2 34       		.uleb128 0x34
 514 00a3 00       		.byte	0
 515 00a4 03       		.uleb128 0x3
 516 00a5 0E       		.uleb128 0xe
 517 00a6 3A       		.uleb128 0x3a
 518 00a7 0B       		.uleb128 0xb
 519 00a8 3B       		.uleb128 0x3b
 520 00a9 05       		.uleb128 0x5
 521 00aa 49       		.uleb128 0x49
 522 00ab 13       		.uleb128 0x13
 523 00ac 3F       		.uleb128 0x3f
ARM GAS  C:\Users\Anders\AppData\Local\Temp\cchjQBsP.s 			page 11


 524 00ad 19       		.uleb128 0x19
 525 00ae 3C       		.uleb128 0x3c
 526 00af 19       		.uleb128 0x19
 527 00b0 00       		.byte	0
 528 00b1 00       		.byte	0
 529 00b2 0D       		.uleb128 0xd
 530 00b3 35       		.uleb128 0x35
 531 00b4 00       		.byte	0
 532 00b5 49       		.uleb128 0x49
 533 00b6 13       		.uleb128 0x13
 534 00b7 00       		.byte	0
 535 00b8 00       		.byte	0
 536 00b9 0E       		.uleb128 0xe
 537 00ba 01       		.uleb128 0x1
 538 00bb 01       		.byte	0x1
 539 00bc 49       		.uleb128 0x49
 540 00bd 13       		.uleb128 0x13
 541 00be 01       		.uleb128 0x1
 542 00bf 13       		.uleb128 0x13
 543 00c0 00       		.byte	0
 544 00c1 00       		.byte	0
 545 00c2 0F       		.uleb128 0xf
 546 00c3 21       		.uleb128 0x21
 547 00c4 00       		.byte	0
 548 00c5 00       		.byte	0
 549 00c6 00       		.byte	0
 550 00c7 10       		.uleb128 0x10
 551 00c8 34       		.uleb128 0x34
 552 00c9 00       		.byte	0
 553 00ca 03       		.uleb128 0x3
 554 00cb 0E       		.uleb128 0xe
 555 00cc 3A       		.uleb128 0x3a
 556 00cd 0B       		.uleb128 0xb
 557 00ce 3B       		.uleb128 0x3b
 558 00cf 0B       		.uleb128 0xb
 559 00d0 49       		.uleb128 0x49
 560 00d1 13       		.uleb128 0x13
 561 00d2 3F       		.uleb128 0x3f
 562 00d3 19       		.uleb128 0x19
 563 00d4 3C       		.uleb128 0x3c
 564 00d5 19       		.uleb128 0x19
 565 00d6 00       		.byte	0
 566 00d7 00       		.byte	0
 567 00d8 11       		.uleb128 0x11
 568 00d9 2E       		.uleb128 0x2e
 569 00da 00       		.byte	0
 570 00db 3F       		.uleb128 0x3f
 571 00dc 19       		.uleb128 0x19
 572 00dd 03       		.uleb128 0x3
 573 00de 0E       		.uleb128 0xe
 574 00df 3A       		.uleb128 0x3a
 575 00e0 0B       		.uleb128 0xb
 576 00e1 3B       		.uleb128 0x3b
 577 00e2 0B       		.uleb128 0xb
 578 00e3 27       		.uleb128 0x27
 579 00e4 19       		.uleb128 0x19
 580 00e5 49       		.uleb128 0x49
ARM GAS  C:\Users\Anders\AppData\Local\Temp\cchjQBsP.s 			page 12


 581 00e6 13       		.uleb128 0x13
 582 00e7 3C       		.uleb128 0x3c
 583 00e8 19       		.uleb128 0x19
 584 00e9 00       		.byte	0
 585 00ea 00       		.byte	0
 586 00eb 12       		.uleb128 0x12
 587 00ec 2E       		.uleb128 0x2e
 588 00ed 01       		.byte	0x1
 589 00ee 3F       		.uleb128 0x3f
 590 00ef 19       		.uleb128 0x19
 591 00f0 03       		.uleb128 0x3
 592 00f1 0E       		.uleb128 0xe
 593 00f2 3A       		.uleb128 0x3a
 594 00f3 0B       		.uleb128 0xb
 595 00f4 3B       		.uleb128 0x3b
 596 00f5 0B       		.uleb128 0xb
 597 00f6 27       		.uleb128 0x27
 598 00f7 19       		.uleb128 0x19
 599 00f8 3C       		.uleb128 0x3c
 600 00f9 19       		.uleb128 0x19
 601 00fa 01       		.uleb128 0x1
 602 00fb 13       		.uleb128 0x13
 603 00fc 00       		.byte	0
 604 00fd 00       		.byte	0
 605 00fe 13       		.uleb128 0x13
 606 00ff 05       		.uleb128 0x5
 607 0100 00       		.byte	0
 608 0101 49       		.uleb128 0x49
 609 0102 13       		.uleb128 0x13
 610 0103 00       		.byte	0
 611 0104 00       		.byte	0
 612 0105 14       		.uleb128 0x14
 613 0106 2E       		.uleb128 0x2e
 614 0107 00       		.byte	0
 615 0108 3F       		.uleb128 0x3f
 616 0109 19       		.uleb128 0x19
 617 010a 03       		.uleb128 0x3
 618 010b 0E       		.uleb128 0xe
 619 010c 3A       		.uleb128 0x3a
 620 010d 0B       		.uleb128 0xb
 621 010e 3B       		.uleb128 0x3b
 622 010f 0B       		.uleb128 0xb
 623 0110 27       		.uleb128 0x27
 624 0111 19       		.uleb128 0x19
 625 0112 3C       		.uleb128 0x3c
 626 0113 19       		.uleb128 0x19
 627 0114 00       		.byte	0
 628 0115 00       		.byte	0
 629 0116 00       		.byte	0
 630              		.section	.debug_loc,"",%progbits
 631              	.Ldebug_loc0:
 632              	.LLST0:
 633 0000 00000000 		.4byte	.LVL0
 634 0004 0F000000 		.4byte	.LVL2-1
 635 0008 0100     		.2byte	0x1
 636 000a 50       		.byte	0x50
 637 000b 0F000000 		.4byte	.LVL2-1
ARM GAS  C:\Users\Anders\AppData\Local\Temp\cchjQBsP.s 			page 13


 638 000f 80000000 		.4byte	.LFE63
 639 0013 0400     		.2byte	0x4
 640 0015 F3       		.byte	0xf3
 641 0016 01       		.uleb128 0x1
 642 0017 50       		.byte	0x50
 643 0018 9F       		.byte	0x9f
 644 0019 00000000 		.4byte	0
 645 001d 00000000 		.4byte	0
 646              	.LLST1:
 647 0021 04000000 		.4byte	.LVL1
 648 0025 20000000 		.4byte	.LVL4
 649 0029 0200     		.2byte	0x2
 650 002b 30       		.byte	0x30
 651 002c 9F       		.byte	0x9f
 652 002d 20000000 		.4byte	.LVL4
 653 0031 4A000000 		.4byte	.LVL11
 654 0035 0100     		.2byte	0x1
 655 0037 55       		.byte	0x55
 656 0038 4A000000 		.4byte	.LVL11
 657 003c 74000000 		.4byte	.LVL16
 658 0040 0200     		.2byte	0x2
 659 0042 30       		.byte	0x30
 660 0043 9F       		.byte	0x9f
 661 0044 00000000 		.4byte	0
 662 0048 00000000 		.4byte	0
 663              		.section	.debug_aranges,"",%progbits
 664 0000 1C000000 		.4byte	0x1c
 665 0004 0200     		.2byte	0x2
 666 0006 00000000 		.4byte	.Ldebug_info0
 667 000a 04       		.byte	0x4
 668 000b 00       		.byte	0
 669 000c 0000     		.2byte	0
 670 000e 0000     		.2byte	0
 671 0010 00000000 		.4byte	.LFB63
 672 0014 80000000 		.4byte	.LFE63-.LFB63
 673 0018 00000000 		.4byte	0
 674 001c 00000000 		.4byte	0
 675              		.section	.debug_ranges,"",%progbits
 676              	.Ldebug_ranges0:
 677 0000 00000000 		.4byte	.LFB63
 678 0004 80000000 		.4byte	.LFE63
 679 0008 00000000 		.4byte	0
 680 000c 00000000 		.4byte	0
 681              		.section	.debug_line,"",%progbits
 682              	.Ldebug_line0:
 683 0000 B1010000 		.section	.debug_str,"MS",%progbits,1
 683      02007E01 
 683      00000201 
 683      FB0E0D00 
 683      01010101 
 684              	.LASF17:
 685 0000 69326362 		.ascii	"i2cbuf\000"
 685      756600
 686              	.LASF28:
 687 0007 436F756E 		.ascii	"CounterB_ReadCounter\000"
 687      74657242 
 687      5F526561 
ARM GAS  C:\Users\Anders\AppData\Local\Temp\cchjQBsP.s 			page 14


 687      64436F75 
 687      6E746572 
 688              	.LASF22:
 689 001c 50574D42 		.ascii	"PWMB2_Stop\000"
 689      325F5374 
 689      6F7000
 690              	.LASF9:
 691 0027 5F5F696E 		.ascii	"__int32_t\000"
 691      7433325F 
 691      7400
 692              	.LASF27:
 693 0031 6E657761 		.ascii	"newang\000"
 693      6E6700
 694              	.LASF18:
 695 0038 6F6C6462 		.ascii	"oldbuf\000"
 695      756600
 696              	.LASF12:
 697 003f 666C6F61 		.ascii	"float\000"
 697      7400
 698              	.LASF1:
 699 0045 756E7369 		.ascii	"unsigned char\000"
 699      676E6564 
 699      20636861 
 699      7200
 700              	.LASF5:
 701 0053 6C6F6E67 		.ascii	"long unsigned int\000"
 701      20756E73 
 701      69676E65 
 701      6420696E 
 701      7400
 702              	.LASF24:
 703 0065 72756E5F 		.ascii	"run_back.c\000"
 703      6261636B 
 703      2E6300
 704              	.LASF3:
 705 0070 73686F72 		.ascii	"short unsigned int\000"
 705      7420756E 
 705      7369676E 
 705      65642069 
 705      6E7400
 706              	.LASF20:
 707 0083 50574D42 		.ascii	"PWMB1_Stop\000"
 707      315F5374 
 707      6F7000
 708              	.LASF16:
 709 008e 49544D5F 		.ascii	"ITM_RxBuffer\000"
 709      52784275 
 709      66666572 
 709      00
 710              	.LASF13:
 711 009b 646F7562 		.ascii	"double\000"
 711      6C6500
 712              	.LASF25:
 713 00a2 433A5C55 		.ascii	"C:\\Users\\Anders\\Desktop\\HellYaeh\\E4PRJ4-Gruppe"
 713      73657273 
 713      5C416E64 
 713      6572735C 
ARM GAS  C:\Users\Anders\AppData\Local\Temp\cchjQBsP.s 			page 15


 713      4465736B 
 714 00d0 315C5465 		.ascii	"1\\Test4\\version_01.cydsn\000"
 714      7374345C 
 714      76657273 
 714      696F6E5F 
 714      30312E63 
 715              	.LASF8:
 716 00e9 756E7369 		.ascii	"unsigned int\000"
 716      676E6564 
 716      20696E74 
 716      00
 717              	.LASF7:
 718 00f6 6C6F6E67 		.ascii	"long long unsigned int\000"
 718      206C6F6E 
 718      6720756E 
 718      7369676E 
 718      65642069 
 719              	.LASF23:
 720 010d 474E5520 		.ascii	"GNU C 4.9.3 20150303 (release) [ARM/embedded-4_9-br"
 720      4320342E 
 720      392E3320 
 720      32303135 
 720      30333033 
 721 0140 616E6368 		.ascii	"anch revision 221220] -mcpu=cortex-m3 -mthumb -g -O"
 721      20726576 
 721      6973696F 
 721      6E203232 
 721      31323230 
 722 0173 67202D66 		.ascii	"g -ffunction-sections -ffat-lto-objects\000"
 722      66756E63 
 722      74696F6E 
 722      2D736563 
 722      74696F6E 
 723              	.LASF10:
 724 019b 696E7433 		.ascii	"int32_t\000"
 724      325F7400 
 725              	.LASF15:
 726 01a3 73697A65 		.ascii	"sizetype\000"
 726      74797065 
 726      00
 727              	.LASF26:
 728 01ac 72756E5F 		.ascii	"run_back\000"
 728      6261636B 
 728      00
 729              	.LASF6:
 730 01b5 6C6F6E67 		.ascii	"long long int\000"
 730      206C6F6E 
 730      6720696E 
 730      7400
 731              	.LASF29:
 732 01c3 4469725F 		.ascii	"Dir_stepB_Write\000"
 732      73746570 
 732      425F5772 
 732      69746500 
 733              	.LASF14:
 734 01d3 63686172 		.ascii	"char\000"
 734      00
ARM GAS  C:\Users\Anders\AppData\Local\Temp\cchjQBsP.s 			page 16


 735              	.LASF2:
 736 01d8 73686F72 		.ascii	"short int\000"
 736      7420696E 
 736      7400
 737              	.LASF11:
 738 01e2 75696E74 		.ascii	"uint8\000"
 738      3800
 739              	.LASF4:
 740 01e8 6C6F6E67 		.ascii	"long int\000"
 740      20696E74 
 740      00
 741              	.LASF19:
 742 01f1 50574D42 		.ascii	"PWMB1_Start\000"
 742      315F5374 
 742      61727400 
 743              	.LASF0:
 744 01fd 7369676E 		.ascii	"signed char\000"
 744      65642063 
 744      68617200 
 745              	.LASF21:
 746 0209 50574D42 		.ascii	"PWMB2_Start\000"
 746      325F5374 
 746      61727400 
 747              		.ident	"GCC: (GNU Tools for ARM Embedded Processors) 4.9.3 20150303 (release) [ARM/embedded-4_9-br
