ARM GAS  C:\Users\Anders\AppData\Local\Temp\ccjYmEPP.s 			page 1


   1              		.syntax unified
   2              		.cpu cortex-m3
   3              		.fpu softvfp
   4              		.eabi_attribute 20, 1
   5              		.eabi_attribute 21, 1
   6              		.eabi_attribute 23, 3
   7              		.eabi_attribute 24, 1
   8              		.eabi_attribute 25, 1
   9              		.eabi_attribute 26, 1
  10              		.eabi_attribute 30, 1
  11              		.eabi_attribute 34, 1
  12              		.eabi_attribute 18, 4
  13              		.thumb
  14              		.file	"run_front.c"
  15              		.text
  16              	.Ltext0:
  17              		.cfi_sections	.debug_frame
  18              		.section	.text.run_front,"ax",%progbits
  19              		.align	2
  20              		.global	run_front
  21              		.thumb
  22              		.thumb_func
  23              		.type	run_front, %function
  24              	run_front:
  25              	.LFB63:
  26              		.file 1 "run_front.c"
   1:run_front.c   **** #include <main.h>
   2:run_front.c   **** 
   3:run_front.c   **** extern uint8 i2cbuf[];
   4:run_front.c   **** extern uint8 oldbuf[];
   5:run_front.c   **** uint8 run_front(uint8 ang, uint8 ang2)
   6:run_front.c   **** {
  27              		.loc 1 6 0
  28              		.cfi_startproc
  29              		@ args = 0, pretend = 0, frame = 0
  30              		@ frame_needed = 0, uses_anonymous_args = 0
  31              	.LVL0:
  32 0000 38B5     		push	{r3, r4, r5, lr}
  33              		.cfi_def_cfa_offset 16
  34              		.cfi_offset 3, -16
  35              		.cfi_offset 4, -12
  36              		.cfi_offset 5, -8
  37              		.cfi_offset 14, -4
  38 0002 0446     		mov	r4, r0
  39              	.LVL1:
   7:run_front.c   ****     
   8:run_front.c   ****     uint8 newang = 0;
   9:run_front.c   ****     uint8 newang2 = 0;
  10:run_front.c   ****     //Opdatere oldbuf 
  11:run_front.c   ****     oldbuf[ANG_FRONT_POS] = i2cbuf[ANG_FRONT_POS];
  40              		.loc 1 11 0
  41 0004 3A4B     		ldr	r3, .L20
  42 0006 1A78     		ldrb	r2, [r3]	@ zero_extendqisi2
  43 0008 3A4B     		ldr	r3, .L20+4
  44 000a 1A70     		strb	r2, [r3]
  12:run_front.c   **** 
  13:run_front.c   ****     //Steer mode
ARM GAS  C:\Users\Anders\AppData\Local\Temp\ccjYmEPP.s 			page 2


  14:run_front.c   ****     if(ang2 == 0)
  45              		.loc 1 14 0
  46 000c B9BB     		cbnz	r1, .L2
  15:run_front.c   ****     {
  16:run_front.c   ****         ang = (ang/2)+50;
  47              		.loc 1 16 0
  48 000e 4408     		lsrs	r4, r0, #1
  49 0010 3234     		adds	r4, r4, #50
  50              	.LVL2:
  17:run_front.c   ****         //tæl counter op og drejer steppermotoren med uret
  18:run_front.c   ****     	if(ang > CounterF_ReadCounter() && ang < MAX_POS)
  51              		.loc 1 18 0
  52 0012 FFF7FEFF 		bl	CounterF_ReadCounter
  53              	.LVL3:
  54 0016 A042     		cmp	r0, r4
  55 0018 1AD2     		bcs	.L3
  56              		.loc 1 18 0 is_stmt 0 discriminator 1
  57 001a C82C     		cmp	r4, #200
  58 001c 18D8     		bhi	.L3
  19:run_front.c   ****         {
  20:run_front.c   ****             newang = ang - CounterF_ReadCounter();
  59              		.loc 1 20 0 is_stmt 1
  60 001e FFF7FEFF 		bl	CounterF_ReadCounter
  61              	.LVL4:
  62 0022 201A     		subs	r0, r4, r0
  63 0024 C5B2     		uxtb	r5, r0
  64              	.LVL5:
  21:run_front.c   ****             newang += CounterF_ReadCounter();
  65              		.loc 1 21 0
  66 0026 FFF7FEFF 		bl	CounterF_ReadCounter
  67              	.LVL6:
  68 002a 2844     		add	r0, r0, r5
  69 002c C5B2     		uxtb	r5, r0
  70              	.LVL7:
  22:run_front.c   ****             
  23:run_front.c   ****             Dir_stepF_Write(HIGH);  
  71              		.loc 1 23 0
  72 002e 0120     		movs	r0, #1
  73 0030 FFF7FEFF 		bl	Dir_stepF_Write
  74              	.LVL8:
  24:run_front.c   ****             PWMF1_Start();
  75              		.loc 1 24 0
  76 0034 FFF7FEFF 		bl	PWMF1_Start
  77              	.LVL9:
  25:run_front.c   ****             while(CounterF_ReadCounter()!=newang)
  78              		.loc 1 25 0
  79 0038 03E0     		b	.L4
  80              	.L6:
  26:run_front.c   ****             {    
  27:run_front.c   ****                
  28:run_front.c   ****                 if(ang != i2cbuf[ANG_FRONT_POS])
  81              		.loc 1 28 0
  82 003a 2D4B     		ldr	r3, .L20
  83 003c 1B78     		ldrb	r3, [r3]	@ zero_extendqisi2
  84 003e A342     		cmp	r3, r4
  85 0040 03D1     		bne	.L5
  86              	.L4:
ARM GAS  C:\Users\Anders\AppData\Local\Temp\ccjYmEPP.s 			page 3


  25:run_front.c   ****             while(CounterF_ReadCounter()!=newang)
  87              		.loc 1 25 0
  88 0042 FFF7FEFF 		bl	CounterF_ReadCounter
  89              	.LVL10:
  90 0046 A842     		cmp	r0, r5
  91 0048 F7D1     		bne	.L6
  92              	.L5:
  29:run_front.c   ****                 break;
  30:run_front.c   ****             }
  31:run_front.c   ****             PWMF1_Stop(); 
  93              		.loc 1 31 0
  94 004a FFF7FEFF 		bl	PWMF1_Stop
  95              	.LVL11:
  96 004e 4DE0     		b	.L7
  97              	.LVL12:
  98              	.L3:
  32:run_front.c   ****            
  33:run_front.c   ****         }
  34:run_front.c   **** 
  35:run_front.c   ****         //tæl counter ned og drejer steppermotoren mod uret
  36:run_front.c   ****         else if(ang < CounterF_ReadCounter() && ang > MIN_POS)
  99              		.loc 1 36 0
 100 0050 FFF7FEFF 		bl	CounterF_ReadCounter
 101              	.LVL13:
 102 0054 A042     		cmp	r0, r4
 103 0056 49D9     		bls	.L7
 104              		.loc 1 36 0 is_stmt 0 discriminator 1
 105 0058 002C     		cmp	r4, #0
 106 005a 47D0     		beq	.L7
  37:run_front.c   ****         {
  38:run_front.c   ****             Dir_stepF_Write(LOW);
 107              		.loc 1 38 0 is_stmt 1
 108 005c 0020     		movs	r0, #0
 109 005e FFF7FEFF 		bl	Dir_stepF_Write
 110              	.LVL14:
  39:run_front.c   ****             PWMF2_Start();
 111              		.loc 1 39 0
 112 0062 FFF7FEFF 		bl	PWMF2_Start
 113              	.LVL15:
  40:run_front.c   ****             while(CounterF_ReadCounter()!=ang)
 114              		.loc 1 40 0
 115 0066 03E0     		b	.L8
 116              	.L10:
  41:run_front.c   ****             {    
  42:run_front.c   ****                 
  43:run_front.c   ****                 if(ang != i2cbuf[ANG_FRONT_POS])
 117              		.loc 1 43 0
 118 0068 214B     		ldr	r3, .L20
 119 006a 1B78     		ldrb	r3, [r3]	@ zero_extendqisi2
 120 006c A342     		cmp	r3, r4
 121 006e 03D1     		bne	.L9
 122              	.L8:
  40:run_front.c   ****             while(CounterF_ReadCounter()!=ang)
 123              		.loc 1 40 0
 124 0070 FFF7FEFF 		bl	CounterF_ReadCounter
 125              	.LVL16:
 126 0074 A042     		cmp	r0, r4
ARM GAS  C:\Users\Anders\AppData\Local\Temp\ccjYmEPP.s 			page 4


 127 0076 F7D1     		bne	.L10
 128              	.L9:
  44:run_front.c   ****                 break;
  45:run_front.c   ****             }
  46:run_front.c   ****             PWMF2_Stop();
 129              		.loc 1 46 0
 130 0078 FFF7FEFF 		bl	PWMF2_Stop
 131              	.LVL17:
 132 007c 36E0     		b	.L7
 133              	.LVL18:
 134              	.L2:
  47:run_front.c   ****         }
  48:run_front.c   ****     }
  49:run_front.c   ****     
  50:run_front.c   ****     // Straff mode
  51:run_front.c   ****     else
  52:run_front.c   ****     {   
  53:run_front.c   ****         //Front engine
  54:run_front.c   ****         //tæl counter op og drejer steppermotoren med uret
  55:run_front.c   ****     	if(ang > CounterF_ReadCounter() && ang < MAX_POS)
 135              		.loc 1 55 0
 136 007e FFF7FEFF 		bl	CounterF_ReadCounter
 137              	.LVL19:
 138 0082 A042     		cmp	r0, r4
 139 0084 1AD2     		bcs	.L11
 140              		.loc 1 55 0 is_stmt 0 discriminator 1
 141 0086 C82C     		cmp	r4, #200
 142 0088 18D8     		bhi	.L11
  56:run_front.c   ****         {
  57:run_front.c   ****             newang = ang - CounterF_ReadCounter();
 143              		.loc 1 57 0 is_stmt 1
 144 008a FFF7FEFF 		bl	CounterF_ReadCounter
 145              	.LVL20:
 146 008e 201A     		subs	r0, r4, r0
 147 0090 C5B2     		uxtb	r5, r0
 148              	.LVL21:
  58:run_front.c   ****             newang += CounterF_ReadCounter();
 149              		.loc 1 58 0
 150 0092 FFF7FEFF 		bl	CounterF_ReadCounter
 151              	.LVL22:
 152 0096 2844     		add	r0, r0, r5
 153 0098 C5B2     		uxtb	r5, r0
 154              	.LVL23:
  59:run_front.c   ****             
  60:run_front.c   ****             Dir_stepF_Write(HIGH);  
 155              		.loc 1 60 0
 156 009a 0120     		movs	r0, #1
 157 009c FFF7FEFF 		bl	Dir_stepF_Write
 158              	.LVL24:
  61:run_front.c   ****             PWMF1_Start();
 159              		.loc 1 61 0
 160 00a0 FFF7FEFF 		bl	PWMF1_Start
 161              	.LVL25:
  62:run_front.c   ****             while(CounterF_ReadCounter()!=newang)
 162              		.loc 1 62 0
 163 00a4 03E0     		b	.L12
 164              	.L14:
ARM GAS  C:\Users\Anders\AppData\Local\Temp\ccjYmEPP.s 			page 5


  63:run_front.c   ****             {    
  64:run_front.c   ****                
  65:run_front.c   ****                 if(ang != i2cbuf[ANG_FRONT_POS])
 165              		.loc 1 65 0
 166 00a6 124B     		ldr	r3, .L20
 167 00a8 1B78     		ldrb	r3, [r3]	@ zero_extendqisi2
 168 00aa A342     		cmp	r3, r4
 169 00ac 03D1     		bne	.L13
 170              	.L12:
  62:run_front.c   ****             while(CounterF_ReadCounter()!=newang)
 171              		.loc 1 62 0
 172 00ae FFF7FEFF 		bl	CounterF_ReadCounter
 173              	.LVL26:
 174 00b2 A842     		cmp	r0, r5
 175 00b4 F7D1     		bne	.L14
 176              	.L13:
  66:run_front.c   ****                 break;
  67:run_front.c   ****             }
  68:run_front.c   ****             PWMF1_Stop(); 
 177              		.loc 1 68 0
 178 00b6 FFF7FEFF 		bl	PWMF1_Stop
 179              	.LVL27:
 180 00ba 14E0     		b	.L15
 181              	.LVL28:
 182              	.L11:
  69:run_front.c   ****            
  70:run_front.c   ****         }
  71:run_front.c   **** 
  72:run_front.c   ****         //tæl counter ned og drejer steppermotoren mod uret
  73:run_front.c   ****         else if(ang < CounterF_ReadCounter() && ang > MIN_POS)
 183              		.loc 1 73 0
 184 00bc FFF7FEFF 		bl	CounterF_ReadCounter
 185              	.LVL29:
 186 00c0 A042     		cmp	r0, r4
 187 00c2 10D9     		bls	.L15
 188              		.loc 1 73 0 is_stmt 0 discriminator 1
 189 00c4 7CB1     		cbz	r4, .L15
  74:run_front.c   ****         {
  75:run_front.c   ****             Dir_stepF_Write(LOW);
 190              		.loc 1 75 0 is_stmt 1
 191 00c6 0020     		movs	r0, #0
 192 00c8 FFF7FEFF 		bl	Dir_stepF_Write
 193              	.LVL30:
  76:run_front.c   ****             PWMF2_Start();
 194              		.loc 1 76 0
 195 00cc FFF7FEFF 		bl	PWMF2_Start
 196              	.LVL31:
  77:run_front.c   ****             while(CounterF_ReadCounter()!=ang)
 197              		.loc 1 77 0
 198 00d0 03E0     		b	.L16
 199              	.L18:
  78:run_front.c   ****             {    
  79:run_front.c   ****                 
  80:run_front.c   ****                 if(ang != i2cbuf[ANG_FRONT_POS])
 200              		.loc 1 80 0
 201 00d2 074B     		ldr	r3, .L20
 202 00d4 1B78     		ldrb	r3, [r3]	@ zero_extendqisi2
ARM GAS  C:\Users\Anders\AppData\Local\Temp\ccjYmEPP.s 			page 6


 203 00d6 A342     		cmp	r3, r4
 204 00d8 03D1     		bne	.L17
 205              	.L16:
  77:run_front.c   ****             while(CounterF_ReadCounter()!=ang)
 206              		.loc 1 77 0
 207 00da FFF7FEFF 		bl	CounterF_ReadCounter
 208              	.LVL32:
 209 00de A042     		cmp	r0, r4
 210 00e0 F7D1     		bne	.L18
 211              	.L17:
  81:run_front.c   ****                 break;
  82:run_front.c   ****             }
  83:run_front.c   ****             PWMF2_Stop();
 212              		.loc 1 83 0
 213 00e2 FFF7FEFF 		bl	PWMF2_Stop
 214              	.LVL33:
 215              	.L15:
  84:run_front.c   ****         }
  85:run_front.c   ****         
  86:run_front.c   ****         // Back engine
  87:run_front.c   ****         run_back(ang);
 216              		.loc 1 87 0
 217 00e6 2046     		mov	r0, r4
 218 00e8 FFF7FEFF 		bl	run_back
 219              	.LVL34:
 220              	.L7:
  88:run_front.c   ****     }
  89:run_front.c   ****     return 0;
  90:run_front.c   **** }
 221              		.loc 1 90 0
 222 00ec 0020     		movs	r0, #0
 223 00ee 38BD     		pop	{r3, r4, r5, pc}
 224              	.L21:
 225              		.align	2
 226              	.L20:
 227 00f0 00000000 		.word	i2cbuf
 228 00f4 00000000 		.word	oldbuf
 229              		.cfi_endproc
 230              	.LFE63:
 231              		.size	run_front, .-run_front
 232              		.text
 233              	.Letext0:
 234              		.file 2 "c:\\program files (x86)\\cypress\\psoc creator\\4.0\\psoc creator\\import\\gnu\\arm\\4.9.
 235              		.file 3 "c:\\program files (x86)\\cypress\\psoc creator\\4.0\\psoc creator\\import\\gnu\\arm\\4.9.
 236              		.file 4 "Generated_Source\\PSoC5/cytypes.h"
 237              		.file 5 "Generated_Source\\PSoC5/core_cm3.h"
 238              		.file 6 "Generated_Source\\PSoC5/PWMF1.h"
 239              		.file 7 "Generated_Source\\PSoC5/PWMF2.h"
 240              		.file 8 "Generated_Source\\PSoC5/Dir_stepF.h"
 241              		.file 9 "./main.h"
 242              		.file 10 "Generated_Source\\PSoC5/CounterF.h"
 243              		.section	.debug_info,"",%progbits
 244              	.Ldebug_info0:
 245 0000 84020000 		.4byte	0x284
 246 0004 0400     		.2byte	0x4
 247 0006 00000000 		.4byte	.Ldebug_abbrev0
 248 000a 04       		.byte	0x4
ARM GAS  C:\Users\Anders\AppData\Local\Temp\ccjYmEPP.s 			page 7


 249 000b 01       		.uleb128 0x1
 250 000c 1D010000 		.4byte	.LASF28
 251 0010 01       		.byte	0x1
 252 0011 4E000000 		.4byte	.LASF29
 253 0015 B2000000 		.4byte	.LASF30
 254 0019 00000000 		.4byte	.Ldebug_ranges0+0
 255 001d 00000000 		.4byte	0
 256 0021 00000000 		.4byte	.Ldebug_line0
 257 0025 02       		.uleb128 0x2
 258 0026 01       		.byte	0x1
 259 0027 06       		.byte	0x6
 260 0028 11020000 		.4byte	.LASF0
 261 002c 02       		.uleb128 0x2
 262 002d 01       		.byte	0x1
 263 002e 08       		.byte	0x8
 264 002f 67000000 		.4byte	.LASF1
 265 0033 02       		.uleb128 0x2
 266 0034 02       		.byte	0x2
 267 0035 05       		.byte	0x5
 268 0036 E3010000 		.4byte	.LASF2
 269 003a 02       		.uleb128 0x2
 270 003b 02       		.byte	0x2
 271 003c 07       		.byte	0x7
 272 003d 87000000 		.4byte	.LASF3
 273 0041 03       		.uleb128 0x3
 274 0042 22000000 		.4byte	.LASF9
 275 0046 02       		.byte	0x2
 276 0047 3F       		.byte	0x3f
 277 0048 4C000000 		.4byte	0x4c
 278 004c 02       		.uleb128 0x2
 279 004d 04       		.byte	0x4
 280 004e 05       		.byte	0x5
 281 004f 08020000 		.4byte	.LASF4
 282 0053 02       		.uleb128 0x2
 283 0054 04       		.byte	0x4
 284 0055 07       		.byte	0x7
 285 0056 75000000 		.4byte	.LASF5
 286 005a 02       		.uleb128 0x2
 287 005b 08       		.byte	0x8
 288 005c 05       		.byte	0x5
 289 005d C5010000 		.4byte	.LASF6
 290 0061 02       		.uleb128 0x2
 291 0062 08       		.byte	0x8
 292 0063 07       		.byte	0x7
 293 0064 06010000 		.4byte	.LASF7
 294 0068 04       		.uleb128 0x4
 295 0069 04       		.byte	0x4
 296 006a 05       		.byte	0x5
 297 006b 696E7400 		.ascii	"int\000"
 298 006f 02       		.uleb128 0x2
 299 0070 04       		.byte	0x4
 300 0071 07       		.byte	0x7
 301 0072 F9000000 		.4byte	.LASF8
 302 0076 03       		.uleb128 0x3
 303 0077 AB010000 		.4byte	.LASF10
 304 007b 03       		.byte	0x3
 305 007c 2C       		.byte	0x2c
ARM GAS  C:\Users\Anders\AppData\Local\Temp\ccjYmEPP.s 			page 8


 306 007d 41000000 		.4byte	0x41
 307 0081 05       		.uleb128 0x5
 308 0082 02020000 		.4byte	.LASF11
 309 0086 04       		.byte	0x4
 310 0087 9201     		.2byte	0x192
 311 0089 2C000000 		.4byte	0x2c
 312 008d 02       		.uleb128 0x2
 313 008e 04       		.byte	0x4
 314 008f 04       		.byte	0x4
 315 0090 61000000 		.4byte	.LASF12
 316 0094 02       		.uleb128 0x2
 317 0095 08       		.byte	0x8
 318 0096 04       		.byte	0x4
 319 0097 38000000 		.4byte	.LASF13
 320 009b 02       		.uleb128 0x2
 321 009c 01       		.byte	0x1
 322 009d 08       		.byte	0x8
 323 009e D3010000 		.4byte	.LASF14
 324 00a2 02       		.uleb128 0x2
 325 00a3 04       		.byte	0x4
 326 00a4 07       		.byte	0x7
 327 00a5 B3010000 		.4byte	.LASF15
 328 00a9 06       		.uleb128 0x6
 329 00aa 0C000000 		.4byte	.LASF31
 330 00ae 01       		.byte	0x1
 331 00af 05       		.byte	0x5
 332 00b0 81000000 		.4byte	0x81
 333 00b4 00000000 		.4byte	.LFB63
 334 00b8 F8000000 		.4byte	.LFE63-.LFB63
 335 00bc 01       		.uleb128 0x1
 336 00bd 9C       		.byte	0x9c
 337 00be 0C020000 		.4byte	0x20c
 338 00c2 07       		.uleb128 0x7
 339 00c3 616E6700 		.ascii	"ang\000"
 340 00c7 01       		.byte	0x1
 341 00c8 05       		.byte	0x5
 342 00c9 81000000 		.4byte	0x81
 343 00cd 00000000 		.4byte	.LLST0
 344 00d1 08       		.uleb128 0x8
 345 00d2 07000000 		.4byte	.LASF16
 346 00d6 01       		.byte	0x1
 347 00d7 05       		.byte	0x5
 348 00d8 81000000 		.4byte	0x81
 349 00dc 37000000 		.4byte	.LLST1
 350 00e0 09       		.uleb128 0x9
 351 00e1 3F000000 		.4byte	.LASF17
 352 00e5 01       		.byte	0x1
 353 00e6 08       		.byte	0x8
 354 00e7 81000000 		.4byte	0x81
 355 00eb 71000000 		.4byte	.LLST2
 356 00ef 0A       		.uleb128 0xa
 357 00f0 46000000 		.4byte	.LASF18
 358 00f4 01       		.byte	0x1
 359 00f5 09       		.byte	0x9
 360 00f6 81000000 		.4byte	0x81
 361 00fa 00       		.byte	0
 362 00fb 0B       		.uleb128 0xb
ARM GAS  C:\Users\Anders\AppData\Local\Temp\ccjYmEPP.s 			page 9


 363 00fc 16000000 		.4byte	.LVL3
 364 0100 3E020000 		.4byte	0x23e
 365 0104 0B       		.uleb128 0xb
 366 0105 22000000 		.4byte	.LVL4
 367 0109 3E020000 		.4byte	0x23e
 368 010d 0B       		.uleb128 0xb
 369 010e 2A000000 		.4byte	.LVL6
 370 0112 3E020000 		.4byte	0x23e
 371 0116 0C       		.uleb128 0xc
 372 0117 34000000 		.4byte	.LVL8
 373 011b 49020000 		.4byte	0x249
 374 011f 29010000 		.4byte	0x129
 375 0123 0D       		.uleb128 0xd
 376 0124 01       		.uleb128 0x1
 377 0125 50       		.byte	0x50
 378 0126 01       		.uleb128 0x1
 379 0127 31       		.byte	0x31
 380 0128 00       		.byte	0
 381 0129 0B       		.uleb128 0xb
 382 012a 38000000 		.4byte	.LVL9
 383 012e 5A020000 		.4byte	0x25a
 384 0132 0B       		.uleb128 0xb
 385 0133 46000000 		.4byte	.LVL10
 386 0137 3E020000 		.4byte	0x23e
 387 013b 0B       		.uleb128 0xb
 388 013c 4E000000 		.4byte	.LVL11
 389 0140 61020000 		.4byte	0x261
 390 0144 0B       		.uleb128 0xb
 391 0145 54000000 		.4byte	.LVL13
 392 0149 3E020000 		.4byte	0x23e
 393 014d 0C       		.uleb128 0xc
 394 014e 62000000 		.4byte	.LVL14
 395 0152 49020000 		.4byte	0x249
 396 0156 60010000 		.4byte	0x160
 397 015a 0D       		.uleb128 0xd
 398 015b 01       		.uleb128 0x1
 399 015c 50       		.byte	0x50
 400 015d 01       		.uleb128 0x1
 401 015e 30       		.byte	0x30
 402 015f 00       		.byte	0
 403 0160 0B       		.uleb128 0xb
 404 0161 66000000 		.4byte	.LVL15
 405 0165 68020000 		.4byte	0x268
 406 0169 0B       		.uleb128 0xb
 407 016a 74000000 		.4byte	.LVL16
 408 016e 3E020000 		.4byte	0x23e
 409 0172 0B       		.uleb128 0xb
 410 0173 7C000000 		.4byte	.LVL17
 411 0177 6F020000 		.4byte	0x26f
 412 017b 0B       		.uleb128 0xb
 413 017c 82000000 		.4byte	.LVL19
 414 0180 3E020000 		.4byte	0x23e
 415 0184 0B       		.uleb128 0xb
 416 0185 8E000000 		.4byte	.LVL20
 417 0189 3E020000 		.4byte	0x23e
 418 018d 0B       		.uleb128 0xb
 419 018e 96000000 		.4byte	.LVL22
ARM GAS  C:\Users\Anders\AppData\Local\Temp\ccjYmEPP.s 			page 10


 420 0192 3E020000 		.4byte	0x23e
 421 0196 0C       		.uleb128 0xc
 422 0197 A0000000 		.4byte	.LVL24
 423 019b 49020000 		.4byte	0x249
 424 019f A9010000 		.4byte	0x1a9
 425 01a3 0D       		.uleb128 0xd
 426 01a4 01       		.uleb128 0x1
 427 01a5 50       		.byte	0x50
 428 01a6 01       		.uleb128 0x1
 429 01a7 31       		.byte	0x31
 430 01a8 00       		.byte	0
 431 01a9 0B       		.uleb128 0xb
 432 01aa A4000000 		.4byte	.LVL25
 433 01ae 5A020000 		.4byte	0x25a
 434 01b2 0B       		.uleb128 0xb
 435 01b3 B2000000 		.4byte	.LVL26
 436 01b7 3E020000 		.4byte	0x23e
 437 01bb 0B       		.uleb128 0xb
 438 01bc BA000000 		.4byte	.LVL27
 439 01c0 61020000 		.4byte	0x261
 440 01c4 0B       		.uleb128 0xb
 441 01c5 C0000000 		.4byte	.LVL29
 442 01c9 3E020000 		.4byte	0x23e
 443 01cd 0C       		.uleb128 0xc
 444 01ce CC000000 		.4byte	.LVL30
 445 01d2 49020000 		.4byte	0x249
 446 01d6 E0010000 		.4byte	0x1e0
 447 01da 0D       		.uleb128 0xd
 448 01db 01       		.uleb128 0x1
 449 01dc 50       		.byte	0x50
 450 01dd 01       		.uleb128 0x1
 451 01de 30       		.byte	0x30
 452 01df 00       		.byte	0
 453 01e0 0B       		.uleb128 0xb
 454 01e1 D0000000 		.4byte	.LVL31
 455 01e5 68020000 		.4byte	0x268
 456 01e9 0B       		.uleb128 0xb
 457 01ea DE000000 		.4byte	.LVL32
 458 01ee 3E020000 		.4byte	0x23e
 459 01f2 0B       		.uleb128 0xb
 460 01f3 E6000000 		.4byte	.LVL33
 461 01f7 6F020000 		.4byte	0x26f
 462 01fb 0E       		.uleb128 0xe
 463 01fc EC000000 		.4byte	.LVL34
 464 0200 76020000 		.4byte	0x276
 465 0204 0D       		.uleb128 0xd
 466 0205 01       		.uleb128 0x1
 467 0206 50       		.byte	0x50
 468 0207 02       		.uleb128 0x2
 469 0208 74       		.byte	0x74
 470 0209 00       		.sleb128 0
 471 020a 00       		.byte	0
 472 020b 00       		.byte	0
 473 020c 0F       		.uleb128 0xf
 474 020d 9A000000 		.4byte	.LASF19
 475 0211 05       		.byte	0x5
 476 0212 9606     		.2byte	0x696
ARM GAS  C:\Users\Anders\AppData\Local\Temp\ccjYmEPP.s 			page 11


 477 0214 18020000 		.4byte	0x218
 478 0218 10       		.uleb128 0x10
 479 0219 76000000 		.4byte	0x76
 480 021d 11       		.uleb128 0x11
 481 021e 81000000 		.4byte	0x81
 482 0222 28020000 		.4byte	0x228
 483 0226 12       		.uleb128 0x12
 484 0227 00       		.byte	0
 485 0228 13       		.uleb128 0x13
 486 0229 00000000 		.4byte	.LASF20
 487 022d 01       		.byte	0x1
 488 022e 03       		.byte	0x3
 489 022f 1D020000 		.4byte	0x21d
 490 0233 13       		.uleb128 0x13
 491 0234 5A000000 		.4byte	.LASF21
 492 0238 01       		.byte	0x1
 493 0239 04       		.byte	0x4
 494 023a 1D020000 		.4byte	0x21d
 495 023e 14       		.uleb128 0x14
 496 023f ED010000 		.4byte	.LASF32
 497 0243 0A       		.byte	0xa
 498 0244 5D       		.byte	0x5d
 499 0245 81000000 		.4byte	0x81
 500 0249 15       		.uleb128 0x15
 501 024a 1D020000 		.4byte	.LASF26
 502 024e 08       		.byte	0x8
 503 024f 26       		.byte	0x26
 504 0250 5A020000 		.4byte	0x25a
 505 0254 16       		.uleb128 0x16
 506 0255 81000000 		.4byte	0x81
 507 0259 00       		.byte	0
 508 025a 17       		.uleb128 0x17
 509 025b 16000000 		.4byte	.LASF22
 510 025f 06       		.byte	0x6
 511 0260 92       		.byte	0x92
 512 0261 17       		.uleb128 0x17
 513 0262 D8010000 		.4byte	.LASF23
 514 0266 06       		.byte	0x6
 515 0267 93       		.byte	0x93
 516 0268 17       		.uleb128 0x17
 517 0269 2C000000 		.4byte	.LASF24
 518 026d 07       		.byte	0x7
 519 026e 92       		.byte	0x92
 520 026f 17       		.uleb128 0x17
 521 0270 A7000000 		.4byte	.LASF25
 522 0274 07       		.byte	0x7
 523 0275 93       		.byte	0x93
 524 0276 18       		.uleb128 0x18
 525 0277 BC010000 		.4byte	.LASF27
 526 027b 09       		.byte	0x9
 527 027c 0C       		.byte	0xc
 528 027d 81000000 		.4byte	0x81
 529 0281 16       		.uleb128 0x16
 530 0282 81000000 		.4byte	0x81
 531 0286 00       		.byte	0
 532 0287 00       		.byte	0
 533              		.section	.debug_abbrev,"",%progbits
ARM GAS  C:\Users\Anders\AppData\Local\Temp\ccjYmEPP.s 			page 12


 534              	.Ldebug_abbrev0:
 535 0000 01       		.uleb128 0x1
 536 0001 11       		.uleb128 0x11
 537 0002 01       		.byte	0x1
 538 0003 25       		.uleb128 0x25
 539 0004 0E       		.uleb128 0xe
 540 0005 13       		.uleb128 0x13
 541 0006 0B       		.uleb128 0xb
 542 0007 03       		.uleb128 0x3
 543 0008 0E       		.uleb128 0xe
 544 0009 1B       		.uleb128 0x1b
 545 000a 0E       		.uleb128 0xe
 546 000b 55       		.uleb128 0x55
 547 000c 17       		.uleb128 0x17
 548 000d 11       		.uleb128 0x11
 549 000e 01       		.uleb128 0x1
 550 000f 10       		.uleb128 0x10
 551 0010 17       		.uleb128 0x17
 552 0011 00       		.byte	0
 553 0012 00       		.byte	0
 554 0013 02       		.uleb128 0x2
 555 0014 24       		.uleb128 0x24
 556 0015 00       		.byte	0
 557 0016 0B       		.uleb128 0xb
 558 0017 0B       		.uleb128 0xb
 559 0018 3E       		.uleb128 0x3e
 560 0019 0B       		.uleb128 0xb
 561 001a 03       		.uleb128 0x3
 562 001b 0E       		.uleb128 0xe
 563 001c 00       		.byte	0
 564 001d 00       		.byte	0
 565 001e 03       		.uleb128 0x3
 566 001f 16       		.uleb128 0x16
 567 0020 00       		.byte	0
 568 0021 03       		.uleb128 0x3
 569 0022 0E       		.uleb128 0xe
 570 0023 3A       		.uleb128 0x3a
 571 0024 0B       		.uleb128 0xb
 572 0025 3B       		.uleb128 0x3b
 573 0026 0B       		.uleb128 0xb
 574 0027 49       		.uleb128 0x49
 575 0028 13       		.uleb128 0x13
 576 0029 00       		.byte	0
 577 002a 00       		.byte	0
 578 002b 04       		.uleb128 0x4
 579 002c 24       		.uleb128 0x24
 580 002d 00       		.byte	0
 581 002e 0B       		.uleb128 0xb
 582 002f 0B       		.uleb128 0xb
 583 0030 3E       		.uleb128 0x3e
 584 0031 0B       		.uleb128 0xb
 585 0032 03       		.uleb128 0x3
 586 0033 08       		.uleb128 0x8
 587 0034 00       		.byte	0
 588 0035 00       		.byte	0
 589 0036 05       		.uleb128 0x5
 590 0037 16       		.uleb128 0x16
ARM GAS  C:\Users\Anders\AppData\Local\Temp\ccjYmEPP.s 			page 13


 591 0038 00       		.byte	0
 592 0039 03       		.uleb128 0x3
 593 003a 0E       		.uleb128 0xe
 594 003b 3A       		.uleb128 0x3a
 595 003c 0B       		.uleb128 0xb
 596 003d 3B       		.uleb128 0x3b
 597 003e 05       		.uleb128 0x5
 598 003f 49       		.uleb128 0x49
 599 0040 13       		.uleb128 0x13
 600 0041 00       		.byte	0
 601 0042 00       		.byte	0
 602 0043 06       		.uleb128 0x6
 603 0044 2E       		.uleb128 0x2e
 604 0045 01       		.byte	0x1
 605 0046 3F       		.uleb128 0x3f
 606 0047 19       		.uleb128 0x19
 607 0048 03       		.uleb128 0x3
 608 0049 0E       		.uleb128 0xe
 609 004a 3A       		.uleb128 0x3a
 610 004b 0B       		.uleb128 0xb
 611 004c 3B       		.uleb128 0x3b
 612 004d 0B       		.uleb128 0xb
 613 004e 27       		.uleb128 0x27
 614 004f 19       		.uleb128 0x19
 615 0050 49       		.uleb128 0x49
 616 0051 13       		.uleb128 0x13
 617 0052 11       		.uleb128 0x11
 618 0053 01       		.uleb128 0x1
 619 0054 12       		.uleb128 0x12
 620 0055 06       		.uleb128 0x6
 621 0056 40       		.uleb128 0x40
 622 0057 18       		.uleb128 0x18
 623 0058 9742     		.uleb128 0x2117
 624 005a 19       		.uleb128 0x19
 625 005b 01       		.uleb128 0x1
 626 005c 13       		.uleb128 0x13
 627 005d 00       		.byte	0
 628 005e 00       		.byte	0
 629 005f 07       		.uleb128 0x7
 630 0060 05       		.uleb128 0x5
 631 0061 00       		.byte	0
 632 0062 03       		.uleb128 0x3
 633 0063 08       		.uleb128 0x8
 634 0064 3A       		.uleb128 0x3a
 635 0065 0B       		.uleb128 0xb
 636 0066 3B       		.uleb128 0x3b
 637 0067 0B       		.uleb128 0xb
 638 0068 49       		.uleb128 0x49
 639 0069 13       		.uleb128 0x13
 640 006a 02       		.uleb128 0x2
 641 006b 17       		.uleb128 0x17
 642 006c 00       		.byte	0
 643 006d 00       		.byte	0
 644 006e 08       		.uleb128 0x8
 645 006f 05       		.uleb128 0x5
 646 0070 00       		.byte	0
 647 0071 03       		.uleb128 0x3
ARM GAS  C:\Users\Anders\AppData\Local\Temp\ccjYmEPP.s 			page 14


 648 0072 0E       		.uleb128 0xe
 649 0073 3A       		.uleb128 0x3a
 650 0074 0B       		.uleb128 0xb
 651 0075 3B       		.uleb128 0x3b
 652 0076 0B       		.uleb128 0xb
 653 0077 49       		.uleb128 0x49
 654 0078 13       		.uleb128 0x13
 655 0079 02       		.uleb128 0x2
 656 007a 17       		.uleb128 0x17
 657 007b 00       		.byte	0
 658 007c 00       		.byte	0
 659 007d 09       		.uleb128 0x9
 660 007e 34       		.uleb128 0x34
 661 007f 00       		.byte	0
 662 0080 03       		.uleb128 0x3
 663 0081 0E       		.uleb128 0xe
 664 0082 3A       		.uleb128 0x3a
 665 0083 0B       		.uleb128 0xb
 666 0084 3B       		.uleb128 0x3b
 667 0085 0B       		.uleb128 0xb
 668 0086 49       		.uleb128 0x49
 669 0087 13       		.uleb128 0x13
 670 0088 02       		.uleb128 0x2
 671 0089 17       		.uleb128 0x17
 672 008a 00       		.byte	0
 673 008b 00       		.byte	0
 674 008c 0A       		.uleb128 0xa
 675 008d 34       		.uleb128 0x34
 676 008e 00       		.byte	0
 677 008f 03       		.uleb128 0x3
 678 0090 0E       		.uleb128 0xe
 679 0091 3A       		.uleb128 0x3a
 680 0092 0B       		.uleb128 0xb
 681 0093 3B       		.uleb128 0x3b
 682 0094 0B       		.uleb128 0xb
 683 0095 49       		.uleb128 0x49
 684 0096 13       		.uleb128 0x13
 685 0097 1C       		.uleb128 0x1c
 686 0098 0B       		.uleb128 0xb
 687 0099 00       		.byte	0
 688 009a 00       		.byte	0
 689 009b 0B       		.uleb128 0xb
 690 009c 898201   		.uleb128 0x4109
 691 009f 00       		.byte	0
 692 00a0 11       		.uleb128 0x11
 693 00a1 01       		.uleb128 0x1
 694 00a2 31       		.uleb128 0x31
 695 00a3 13       		.uleb128 0x13
 696 00a4 00       		.byte	0
 697 00a5 00       		.byte	0
 698 00a6 0C       		.uleb128 0xc
 699 00a7 898201   		.uleb128 0x4109
 700 00aa 01       		.byte	0x1
 701 00ab 11       		.uleb128 0x11
 702 00ac 01       		.uleb128 0x1
 703 00ad 31       		.uleb128 0x31
 704 00ae 13       		.uleb128 0x13
ARM GAS  C:\Users\Anders\AppData\Local\Temp\ccjYmEPP.s 			page 15


 705 00af 01       		.uleb128 0x1
 706 00b0 13       		.uleb128 0x13
 707 00b1 00       		.byte	0
 708 00b2 00       		.byte	0
 709 00b3 0D       		.uleb128 0xd
 710 00b4 8A8201   		.uleb128 0x410a
 711 00b7 00       		.byte	0
 712 00b8 02       		.uleb128 0x2
 713 00b9 18       		.uleb128 0x18
 714 00ba 9142     		.uleb128 0x2111
 715 00bc 18       		.uleb128 0x18
 716 00bd 00       		.byte	0
 717 00be 00       		.byte	0
 718 00bf 0E       		.uleb128 0xe
 719 00c0 898201   		.uleb128 0x4109
 720 00c3 01       		.byte	0x1
 721 00c4 11       		.uleb128 0x11
 722 00c5 01       		.uleb128 0x1
 723 00c6 31       		.uleb128 0x31
 724 00c7 13       		.uleb128 0x13
 725 00c8 00       		.byte	0
 726 00c9 00       		.byte	0
 727 00ca 0F       		.uleb128 0xf
 728 00cb 34       		.uleb128 0x34
 729 00cc 00       		.byte	0
 730 00cd 03       		.uleb128 0x3
 731 00ce 0E       		.uleb128 0xe
 732 00cf 3A       		.uleb128 0x3a
 733 00d0 0B       		.uleb128 0xb
 734 00d1 3B       		.uleb128 0x3b
 735 00d2 05       		.uleb128 0x5
 736 00d3 49       		.uleb128 0x49
 737 00d4 13       		.uleb128 0x13
 738 00d5 3F       		.uleb128 0x3f
 739 00d6 19       		.uleb128 0x19
 740 00d7 3C       		.uleb128 0x3c
 741 00d8 19       		.uleb128 0x19
 742 00d9 00       		.byte	0
 743 00da 00       		.byte	0
 744 00db 10       		.uleb128 0x10
 745 00dc 35       		.uleb128 0x35
 746 00dd 00       		.byte	0
 747 00de 49       		.uleb128 0x49
 748 00df 13       		.uleb128 0x13
 749 00e0 00       		.byte	0
 750 00e1 00       		.byte	0
 751 00e2 11       		.uleb128 0x11
 752 00e3 01       		.uleb128 0x1
 753 00e4 01       		.byte	0x1
 754 00e5 49       		.uleb128 0x49
 755 00e6 13       		.uleb128 0x13
 756 00e7 01       		.uleb128 0x1
 757 00e8 13       		.uleb128 0x13
 758 00e9 00       		.byte	0
 759 00ea 00       		.byte	0
 760 00eb 12       		.uleb128 0x12
 761 00ec 21       		.uleb128 0x21
ARM GAS  C:\Users\Anders\AppData\Local\Temp\ccjYmEPP.s 			page 16


 762 00ed 00       		.byte	0
 763 00ee 00       		.byte	0
 764 00ef 00       		.byte	0
 765 00f0 13       		.uleb128 0x13
 766 00f1 34       		.uleb128 0x34
 767 00f2 00       		.byte	0
 768 00f3 03       		.uleb128 0x3
 769 00f4 0E       		.uleb128 0xe
 770 00f5 3A       		.uleb128 0x3a
 771 00f6 0B       		.uleb128 0xb
 772 00f7 3B       		.uleb128 0x3b
 773 00f8 0B       		.uleb128 0xb
 774 00f9 49       		.uleb128 0x49
 775 00fa 13       		.uleb128 0x13
 776 00fb 3F       		.uleb128 0x3f
 777 00fc 19       		.uleb128 0x19
 778 00fd 3C       		.uleb128 0x3c
 779 00fe 19       		.uleb128 0x19
 780 00ff 00       		.byte	0
 781 0100 00       		.byte	0
 782 0101 14       		.uleb128 0x14
 783 0102 2E       		.uleb128 0x2e
 784 0103 00       		.byte	0
 785 0104 3F       		.uleb128 0x3f
 786 0105 19       		.uleb128 0x19
 787 0106 03       		.uleb128 0x3
 788 0107 0E       		.uleb128 0xe
 789 0108 3A       		.uleb128 0x3a
 790 0109 0B       		.uleb128 0xb
 791 010a 3B       		.uleb128 0x3b
 792 010b 0B       		.uleb128 0xb
 793 010c 27       		.uleb128 0x27
 794 010d 19       		.uleb128 0x19
 795 010e 49       		.uleb128 0x49
 796 010f 13       		.uleb128 0x13
 797 0110 3C       		.uleb128 0x3c
 798 0111 19       		.uleb128 0x19
 799 0112 00       		.byte	0
 800 0113 00       		.byte	0
 801 0114 15       		.uleb128 0x15
 802 0115 2E       		.uleb128 0x2e
 803 0116 01       		.byte	0x1
 804 0117 3F       		.uleb128 0x3f
 805 0118 19       		.uleb128 0x19
 806 0119 03       		.uleb128 0x3
 807 011a 0E       		.uleb128 0xe
 808 011b 3A       		.uleb128 0x3a
 809 011c 0B       		.uleb128 0xb
 810 011d 3B       		.uleb128 0x3b
 811 011e 0B       		.uleb128 0xb
 812 011f 27       		.uleb128 0x27
 813 0120 19       		.uleb128 0x19
 814 0121 3C       		.uleb128 0x3c
 815 0122 19       		.uleb128 0x19
 816 0123 01       		.uleb128 0x1
 817 0124 13       		.uleb128 0x13
 818 0125 00       		.byte	0
ARM GAS  C:\Users\Anders\AppData\Local\Temp\ccjYmEPP.s 			page 17


 819 0126 00       		.byte	0
 820 0127 16       		.uleb128 0x16
 821 0128 05       		.uleb128 0x5
 822 0129 00       		.byte	0
 823 012a 49       		.uleb128 0x49
 824 012b 13       		.uleb128 0x13
 825 012c 00       		.byte	0
 826 012d 00       		.byte	0
 827 012e 17       		.uleb128 0x17
 828 012f 2E       		.uleb128 0x2e
 829 0130 00       		.byte	0
 830 0131 3F       		.uleb128 0x3f
 831 0132 19       		.uleb128 0x19
 832 0133 03       		.uleb128 0x3
 833 0134 0E       		.uleb128 0xe
 834 0135 3A       		.uleb128 0x3a
 835 0136 0B       		.uleb128 0xb
 836 0137 3B       		.uleb128 0x3b
 837 0138 0B       		.uleb128 0xb
 838 0139 27       		.uleb128 0x27
 839 013a 19       		.uleb128 0x19
 840 013b 3C       		.uleb128 0x3c
 841 013c 19       		.uleb128 0x19
 842 013d 00       		.byte	0
 843 013e 00       		.byte	0
 844 013f 18       		.uleb128 0x18
 845 0140 2E       		.uleb128 0x2e
 846 0141 01       		.byte	0x1
 847 0142 3F       		.uleb128 0x3f
 848 0143 19       		.uleb128 0x19
 849 0144 03       		.uleb128 0x3
 850 0145 0E       		.uleb128 0xe
 851 0146 3A       		.uleb128 0x3a
 852 0147 0B       		.uleb128 0xb
 853 0148 3B       		.uleb128 0x3b
 854 0149 0B       		.uleb128 0xb
 855 014a 27       		.uleb128 0x27
 856 014b 19       		.uleb128 0x19
 857 014c 49       		.uleb128 0x49
 858 014d 13       		.uleb128 0x13
 859 014e 3C       		.uleb128 0x3c
 860 014f 19       		.uleb128 0x19
 861 0150 00       		.byte	0
 862 0151 00       		.byte	0
 863 0152 00       		.byte	0
 864              		.section	.debug_loc,"",%progbits
 865              	.Ldebug_loc0:
 866              	.LLST0:
 867 0000 00000000 		.4byte	.LVL0
 868 0004 12000000 		.4byte	.LVL2
 869 0008 0100     		.2byte	0x1
 870 000a 50       		.byte	0x50
 871 000b 12000000 		.4byte	.LVL2
 872 000f 7E000000 		.4byte	.LVL18
 873 0013 0100     		.2byte	0x1
 874 0015 54       		.byte	0x54
 875 0016 7E000000 		.4byte	.LVL18
ARM GAS  C:\Users\Anders\AppData\Local\Temp\ccjYmEPP.s 			page 18


 876 001a 81000000 		.4byte	.LVL19-1
 877 001e 0100     		.2byte	0x1
 878 0020 50       		.byte	0x50
 879 0021 81000000 		.4byte	.LVL19-1
 880 0025 EC000000 		.4byte	.LVL34
 881 0029 0400     		.2byte	0x4
 882 002b F3       		.byte	0xf3
 883 002c 01       		.uleb128 0x1
 884 002d 50       		.byte	0x50
 885 002e 9F       		.byte	0x9f
 886 002f 00000000 		.4byte	0
 887 0033 00000000 		.4byte	0
 888              	.LLST1:
 889 0037 00000000 		.4byte	.LVL0
 890 003b 15000000 		.4byte	.LVL3-1
 891 003f 0100     		.2byte	0x1
 892 0041 51       		.byte	0x51
 893 0042 15000000 		.4byte	.LVL3-1
 894 0046 7E000000 		.4byte	.LVL18
 895 004a 0400     		.2byte	0x4
 896 004c F3       		.byte	0xf3
 897 004d 01       		.uleb128 0x1
 898 004e 51       		.byte	0x51
 899 004f 9F       		.byte	0x9f
 900 0050 7E000000 		.4byte	.LVL18
 901 0054 81000000 		.4byte	.LVL19-1
 902 0058 0100     		.2byte	0x1
 903 005a 51       		.byte	0x51
 904 005b 81000000 		.4byte	.LVL19-1
 905 005f F8000000 		.4byte	.LFE63
 906 0063 0400     		.2byte	0x4
 907 0065 F3       		.byte	0xf3
 908 0066 01       		.uleb128 0x1
 909 0067 51       		.byte	0x51
 910 0068 9F       		.byte	0x9f
 911 0069 00000000 		.4byte	0
 912 006d 00000000 		.4byte	0
 913              	.LLST2:
 914 0071 04000000 		.4byte	.LVL1
 915 0075 26000000 		.4byte	.LVL5
 916 0079 0200     		.2byte	0x2
 917 007b 30       		.byte	0x30
 918 007c 9F       		.byte	0x9f
 919 007d 26000000 		.4byte	.LVL5
 920 0081 50000000 		.4byte	.LVL12
 921 0085 0100     		.2byte	0x1
 922 0087 55       		.byte	0x55
 923 0088 50000000 		.4byte	.LVL12
 924 008c 92000000 		.4byte	.LVL21
 925 0090 0200     		.2byte	0x2
 926 0092 30       		.byte	0x30
 927 0093 9F       		.byte	0x9f
 928 0094 92000000 		.4byte	.LVL21
 929 0098 BC000000 		.4byte	.LVL28
 930 009c 0100     		.2byte	0x1
 931 009e 55       		.byte	0x55
 932 009f BC000000 		.4byte	.LVL28
ARM GAS  C:\Users\Anders\AppData\Local\Temp\ccjYmEPP.s 			page 19


 933 00a3 E6000000 		.4byte	.LVL33
 934 00a7 0200     		.2byte	0x2
 935 00a9 30       		.byte	0x30
 936 00aa 9F       		.byte	0x9f
 937 00ab 00000000 		.4byte	0
 938 00af 00000000 		.4byte	0
 939              		.section	.debug_aranges,"",%progbits
 940 0000 1C000000 		.4byte	0x1c
 941 0004 0200     		.2byte	0x2
 942 0006 00000000 		.4byte	.Ldebug_info0
 943 000a 04       		.byte	0x4
 944 000b 00       		.byte	0
 945 000c 0000     		.2byte	0
 946 000e 0000     		.2byte	0
 947 0010 00000000 		.4byte	.LFB63
 948 0014 F8000000 		.4byte	.LFE63-.LFB63
 949 0018 00000000 		.4byte	0
 950 001c 00000000 		.4byte	0
 951              		.section	.debug_ranges,"",%progbits
 952              	.Ldebug_ranges0:
 953 0000 00000000 		.4byte	.LFB63
 954 0004 F8000000 		.4byte	.LFE63
 955 0008 00000000 		.4byte	0
 956 000c 00000000 		.4byte	0
 957              		.section	.debug_line,"",%progbits
 958              	.Ldebug_line0:
 959 0000 E1010000 		.section	.debug_str,"MS",%progbits,1
 959      02008B01 
 959      00000201 
 959      FB0E0D00 
 959      01010101 
 960              	.LASF20:
 961 0000 69326362 		.ascii	"i2cbuf\000"
 961      756600
 962              	.LASF16:
 963 0007 616E6732 		.ascii	"ang2\000"
 963      00
 964              	.LASF31:
 965 000c 72756E5F 		.ascii	"run_front\000"
 965      66726F6E 
 965      7400
 966              	.LASF22:
 967 0016 50574D46 		.ascii	"PWMF1_Start\000"
 967      315F5374 
 967      61727400 
 968              	.LASF9:
 969 0022 5F5F696E 		.ascii	"__int32_t\000"
 969      7433325F 
 969      7400
 970              	.LASF24:
 971 002c 50574D46 		.ascii	"PWMF2_Start\000"
 971      325F5374 
 971      61727400 
 972              	.LASF13:
 973 0038 646F7562 		.ascii	"double\000"
 973      6C6500
 974              	.LASF17:
ARM GAS  C:\Users\Anders\AppData\Local\Temp\ccjYmEPP.s 			page 20


 975 003f 6E657761 		.ascii	"newang\000"
 975      6E6700
 976              	.LASF18:
 977 0046 6E657761 		.ascii	"newang2\000"
 977      6E673200 
 978              	.LASF29:
 979 004e 72756E5F 		.ascii	"run_front.c\000"
 979      66726F6E 
 979      742E6300 
 980              	.LASF21:
 981 005a 6F6C6462 		.ascii	"oldbuf\000"
 981      756600
 982              	.LASF12:
 983 0061 666C6F61 		.ascii	"float\000"
 983      7400
 984              	.LASF1:
 985 0067 756E7369 		.ascii	"unsigned char\000"
 985      676E6564 
 985      20636861 
 985      7200
 986              	.LASF5:
 987 0075 6C6F6E67 		.ascii	"long unsigned int\000"
 987      20756E73 
 987      69676E65 
 987      6420696E 
 987      7400
 988              	.LASF3:
 989 0087 73686F72 		.ascii	"short unsigned int\000"
 989      7420756E 
 989      7369676E 
 989      65642069 
 989      6E7400
 990              	.LASF19:
 991 009a 49544D5F 		.ascii	"ITM_RxBuffer\000"
 991      52784275 
 991      66666572 
 991      00
 992              	.LASF25:
 993 00a7 50574D46 		.ascii	"PWMF2_Stop\000"
 993      325F5374 
 993      6F7000
 994              	.LASF30:
 995 00b2 433A5C55 		.ascii	"C:\\Users\\Anders\\Desktop\\HellYaeh\\E4PRJ4-Gruppe"
 995      73657273 
 995      5C416E64 
 995      6572735C 
 995      4465736B 
 996 00e0 315C5465 		.ascii	"1\\Test4\\version_01.cydsn\000"
 996      7374345C 
 996      76657273 
 996      696F6E5F 
 996      30312E63 
 997              	.LASF8:
 998 00f9 756E7369 		.ascii	"unsigned int\000"
 998      676E6564 
 998      20696E74 
 998      00
ARM GAS  C:\Users\Anders\AppData\Local\Temp\ccjYmEPP.s 			page 21


 999              	.LASF7:
 1000 0106 6C6F6E67 		.ascii	"long long unsigned int\000"
 1000      206C6F6E 
 1000      6720756E 
 1000      7369676E 
 1000      65642069 
 1001              	.LASF28:
 1002 011d 474E5520 		.ascii	"GNU C 4.9.3 20150303 (release) [ARM/embedded-4_9-br"
 1002      4320342E 
 1002      392E3320 
 1002      32303135 
 1002      30333033 
 1003 0150 616E6368 		.ascii	"anch revision 221220] -mcpu=cortex-m3 -mthumb -g -O"
 1003      20726576 
 1003      6973696F 
 1003      6E203232 
 1003      31323230 
 1004 0183 67202D66 		.ascii	"g -ffunction-sections -ffat-lto-objects\000"
 1004      66756E63 
 1004      74696F6E 
 1004      2D736563 
 1004      74696F6E 
 1005              	.LASF10:
 1006 01ab 696E7433 		.ascii	"int32_t\000"
 1006      325F7400 
 1007              	.LASF15:
 1008 01b3 73697A65 		.ascii	"sizetype\000"
 1008      74797065 
 1008      00
 1009              	.LASF27:
 1010 01bc 72756E5F 		.ascii	"run_back\000"
 1010      6261636B 
 1010      00
 1011              	.LASF6:
 1012 01c5 6C6F6E67 		.ascii	"long long int\000"
 1012      206C6F6E 
 1012      6720696E 
 1012      7400
 1013              	.LASF14:
 1014 01d3 63686172 		.ascii	"char\000"
 1014      00
 1015              	.LASF23:
 1016 01d8 50574D46 		.ascii	"PWMF1_Stop\000"
 1016      315F5374 
 1016      6F7000
 1017              	.LASF2:
 1018 01e3 73686F72 		.ascii	"short int\000"
 1018      7420696E 
 1018      7400
 1019              	.LASF32:
 1020 01ed 436F756E 		.ascii	"CounterF_ReadCounter\000"
 1020      74657246 
 1020      5F526561 
 1020      64436F75 
 1020      6E746572 
 1021              	.LASF11:
 1022 0202 75696E74 		.ascii	"uint8\000"
ARM GAS  C:\Users\Anders\AppData\Local\Temp\ccjYmEPP.s 			page 22


 1022      3800
 1023              	.LASF4:
 1024 0208 6C6F6E67 		.ascii	"long int\000"
 1024      20696E74 
 1024      00
 1025              	.LASF0:
 1026 0211 7369676E 		.ascii	"signed char\000"
 1026      65642063 
 1026      68617200 
 1027              	.LASF26:
 1028 021d 4469725F 		.ascii	"Dir_stepF_Write\000"
 1028      73746570 
 1028      465F5772 
 1028      69746500 
 1029              		.ident	"GCC: (GNU Tools for ARM Embedded Processors) 4.9.3 20150303 (release) [ARM/embedded-4_9-br
