ARM GAS  C:\Users\EmilR\AppData\Local\Temp\cc5ZadXZ.s 			page 1


   1              		.syntax unified
   2              		.cpu cortex-m3
   3              		.fpu softvfp
   4              		.eabi_attribute 20, 1
   5              		.eabi_attribute 21, 1
   6              		.eabi_attribute 23, 3
   7              		.eabi_attribute 24, 1
   8              		.eabi_attribute 25, 1
   9              		.eabi_attribute 26, 1
  10              		.eabi_attribute 30, 1
  11              		.eabi_attribute 34, 1
  12              		.eabi_attribute 18, 4
  13              		.thumb
  14              		.file	"stabil.c"
  15              		.text
  16              	.Ltext0:
  17              		.cfi_sections	.debug_frame
  18              		.section	.text.stabil,"ax",%progbits
  19              		.align	2
  20              		.global	stabil
  21              		.thumb
  22              		.thumb_func
  23              		.type	stabil, %function
  24              	stabil:
  25              	.LFB63:
  26              		.file 1 "stabil.c"
   1:stabil.c      **** #include <main.h>
   2:stabil.c      **** 
   3:stabil.c      **** 
   4:stabil.c      **** uint8 stabil(uint8 ang)
   5:stabil.c      **** {
  27              		.loc 1 5 0
  28              		.cfi_startproc
  29              		@ args = 0, pretend = 0, frame = 0
  30              		@ frame_needed = 0, uses_anonymous_args = 0
  31              	.LVL0:
  32 0000 10B5     		push	{r4, lr}
  33              		.cfi_def_cfa_offset 8
  34              		.cfi_offset 4, -8
  35              		.cfi_offset 14, -4
  36 0002 0446     		mov	r4, r0
  37              	.LVL1:
   6:stabil.c      ****     
   7:stabil.c      ****     uint8 newang = 0;
   8:stabil.c      ****     uint8 newang2 = 0;
   9:stabil.c      ****     //Opdatere oldbuf 
  10:stabil.c      ****     
  11:stabil.c      ****         //Stabil mode
  12:stabil.c      ****      //  ang = ang/1.8;
  13:stabil.c      ****             //tæl counter op og drejer steppermotoren med uret
  14:stabil.c      ****         	if(ang > CounterF_ReadCounter() && ang < MAX_POS)
  38              		.loc 1 14 0
  39 0004 FFF7FEFF 		bl	CounterF_ReadCounter
  40              	.LVL2:
  41 0008 A042     		cmp	r0, r4
  42 000a 15D2     		bcs	.L2
  43              		.loc 1 14 0 is_stmt 0 discriminator 1
ARM GAS  C:\Users\EmilR\AppData\Local\Temp\cc5ZadXZ.s 			page 2


  44 000c C82C     		cmp	r4, #200
  45 000e 13D8     		bhi	.L2
  15:stabil.c      ****             {
  16:stabil.c      ****                 newang = ang - CounterF_ReadCounter();
  46              		.loc 1 16 0 is_stmt 1
  47 0010 FFF7FEFF 		bl	CounterF_ReadCounter
  48              	.LVL3:
  49 0014 201A     		subs	r0, r4, r0
  50 0016 C4B2     		uxtb	r4, r0
  51              	.LVL4:
  17:stabil.c      ****                 newang += CounterF_ReadCounter();
  52              		.loc 1 17 0
  53 0018 FFF7FEFF 		bl	CounterF_ReadCounter
  54              	.LVL5:
  55 001c 2044     		add	r0, r0, r4
  56 001e C4B2     		uxtb	r4, r0
  57              	.LVL6:
  18:stabil.c      ****                 
  19:stabil.c      ****                 Dir_stepF_Write(HIGH);  
  58              		.loc 1 19 0
  59 0020 0120     		movs	r0, #1
  60 0022 FFF7FEFF 		bl	Dir_stepF_Write
  61              	.LVL7:
  20:stabil.c      ****                 PWMF1_Start();
  62              		.loc 1 20 0
  63 0026 FFF7FEFF 		bl	PWMF1_Start
  64              	.LVL8:
  65              	.L3:
  21:stabil.c      ****                 while(CounterF_ReadCounter()!=newang)
  66              		.loc 1 21 0 discriminator 1
  67 002a FFF7FEFF 		bl	CounterF_ReadCounter
  68              	.LVL9:
  69 002e A042     		cmp	r0, r4
  70 0030 FBD1     		bne	.L3
  22:stabil.c      ****                 {    
  23:stabil.c      ****                    
  24:stabil.c      ****                     
  25:stabil.c      ****                 }
  26:stabil.c      ****                 PWMF1_Stop(); 
  71              		.loc 1 26 0
  72 0032 FFF7FEFF 		bl	PWMF1_Stop
  73              	.LVL10:
  74 0036 0FE0     		b	.L4
  75              	.LVL11:
  76              	.L2:
  27:stabil.c      ****                
  28:stabil.c      ****             }
  29:stabil.c      **** 
  30:stabil.c      ****             //tæl counter ned og drejer steppermotoren mod uret
  31:stabil.c      ****             else if(ang < CounterF_ReadCounter() && ang > MIN_POS)
  77              		.loc 1 31 0
  78 0038 FFF7FEFF 		bl	CounterF_ReadCounter
  79              	.LVL12:
  80 003c A042     		cmp	r0, r4
  81 003e 0BD9     		bls	.L4
  82              		.loc 1 31 0 is_stmt 0 discriminator 1
  83 0040 54B1     		cbz	r4, .L4
ARM GAS  C:\Users\EmilR\AppData\Local\Temp\cc5ZadXZ.s 			page 3


  32:stabil.c      ****             {
  33:stabil.c      ****                 Dir_stepF_Write(LOW);
  84              		.loc 1 33 0 is_stmt 1
  85 0042 0020     		movs	r0, #0
  86 0044 FFF7FEFF 		bl	Dir_stepF_Write
  87              	.LVL13:
  34:stabil.c      ****                 PWMF2_Start();
  88              		.loc 1 34 0
  89 0048 FFF7FEFF 		bl	PWMF2_Start
  90              	.LVL14:
  91              	.L5:
  35:stabil.c      ****                 while(CounterF_ReadCounter()!=ang)
  92              		.loc 1 35 0 discriminator 1
  93 004c FFF7FEFF 		bl	CounterF_ReadCounter
  94              	.LVL15:
  95 0050 A042     		cmp	r0, r4
  96 0052 FBD1     		bne	.L5
  36:stabil.c      ****                 {    
  37:stabil.c      ****                     
  38:stabil.c      ****                 }
  39:stabil.c      ****                 PWMF2_Stop();
  97              		.loc 1 39 0
  98 0054 FFF7FEFF 		bl	PWMF2_Stop
  99              	.LVL16:
 100              	.L4:
  40:stabil.c      ****             }
  41:stabil.c      ****       
  42:stabil.c      **** 
  43:stabil.c      ****     return 0;
  44:stabil.c      **** }
 101              		.loc 1 44 0
 102 0058 0020     		movs	r0, #0
 103 005a 10BD     		pop	{r4, pc}
 104              		.cfi_endproc
 105              	.LFE63:
 106              		.size	stabil, .-stabil
 107              		.text
 108              	.Letext0:
 109              		.file 2 "c:\\program files (x86)\\cypress\\psoc creator\\4.0\\psoc creator\\import\\gnu\\arm\\4.9.
 110              		.file 3 "c:\\program files (x86)\\cypress\\psoc creator\\4.0\\psoc creator\\import\\gnu\\arm\\4.9.
 111              		.file 4 "Generated_Source\\PSoC5/cytypes.h"
 112              		.file 5 "Generated_Source\\PSoC5/PWMF1.h"
 113              		.file 6 "Generated_Source\\PSoC5/PWMF2.h"
 114              		.file 7 "Generated_Source\\PSoC5/core_cm3.h"
 115              		.file 8 "Generated_Source\\PSoC5/CounterF.h"
 116              		.file 9 "Generated_Source\\PSoC5/Dir_stepF.h"
 117              		.section	.debug_info,"",%progbits
 118              	.Ldebug_info0:
 119 0000 B3010000 		.4byte	0x1b3
 120 0004 0400     		.2byte	0x4
 121 0006 00000000 		.4byte	.Ldebug_abbrev0
 122 000a 04       		.byte	0x4
 123 000b 01       		.uleb128 0x1
 124 000c 92000000 		.4byte	.LASF22
 125 0010 01       		.byte	0x1
 126 0011 4C000000 		.4byte	.LASF23
 127 0015 4B010000 		.4byte	.LASF24
ARM GAS  C:\Users\EmilR\AppData\Local\Temp\cc5ZadXZ.s 			page 4


 128 0019 00000000 		.4byte	.Ldebug_ranges0+0
 129 001d 00000000 		.4byte	0
 130 0021 00000000 		.4byte	.Ldebug_line0
 131 0025 02       		.uleb128 0x2
 132 0026 01       		.byte	0x1
 133 0027 06       		.byte	0x6
 134 0028 EF010000 		.4byte	.LASF0
 135 002c 02       		.uleb128 0x2
 136 002d 01       		.byte	0x1
 137 002e 08       		.byte	0x8
 138 002f 3E000000 		.4byte	.LASF1
 139 0033 02       		.uleb128 0x2
 140 0034 02       		.byte	0x2
 141 0035 05       		.byte	0x5
 142 0036 C1010000 		.4byte	.LASF2
 143 003a 02       		.uleb128 0x2
 144 003b 02       		.byte	0x2
 145 003c 07       		.byte	0x7
 146 003d 67000000 		.4byte	.LASF3
 147 0041 03       		.uleb128 0x3
 148 0042 0C000000 		.4byte	.LASF9
 149 0046 02       		.byte	0x2
 150 0047 3F       		.byte	0x3f
 151 0048 4C000000 		.4byte	0x4c
 152 004c 02       		.uleb128 0x2
 153 004d 04       		.byte	0x4
 154 004e 05       		.byte	0x5
 155 004f E6010000 		.4byte	.LASF4
 156 0053 02       		.uleb128 0x2
 157 0054 04       		.byte	0x4
 158 0055 07       		.byte	0x7
 159 0056 55000000 		.4byte	.LASF5
 160 005a 02       		.uleb128 0x2
 161 005b 08       		.byte	0x8
 162 005c 05       		.byte	0x5
 163 005d A3010000 		.4byte	.LASF6
 164 0061 02       		.uleb128 0x2
 165 0062 08       		.byte	0x8
 166 0063 07       		.byte	0x7
 167 0064 34010000 		.4byte	.LASF7
 168 0068 04       		.uleb128 0x4
 169 0069 04       		.byte	0x4
 170 006a 05       		.byte	0x5
 171 006b 696E7400 		.ascii	"int\000"
 172 006f 02       		.uleb128 0x2
 173 0070 04       		.byte	0x4
 174 0071 07       		.byte	0x7
 175 0072 20010000 		.4byte	.LASF8
 176 0076 03       		.uleb128 0x3
 177 0077 92010000 		.4byte	.LASF10
 178 007b 03       		.byte	0x3
 179 007c 2C       		.byte	0x2c
 180 007d 41000000 		.4byte	0x41
 181 0081 05       		.uleb128 0x5
 182 0082 E0010000 		.4byte	.LASF11
 183 0086 04       		.byte	0x4
 184 0087 9201     		.2byte	0x192
ARM GAS  C:\Users\EmilR\AppData\Local\Temp\cc5ZadXZ.s 			page 5


 185 0089 2C000000 		.4byte	0x2c
 186 008d 02       		.uleb128 0x2
 187 008e 04       		.byte	0x4
 188 008f 04       		.byte	0x4
 189 0090 38000000 		.4byte	.LASF12
 190 0094 02       		.uleb128 0x2
 191 0095 08       		.byte	0x8
 192 0096 04       		.byte	0x4
 193 0097 22000000 		.4byte	.LASF13
 194 009b 02       		.uleb128 0x2
 195 009c 01       		.byte	0x1
 196 009d 08       		.byte	0x8
 197 009e B1010000 		.4byte	.LASF14
 198 00a2 02       		.uleb128 0x2
 199 00a3 04       		.byte	0x4
 200 00a4 07       		.byte	0x7
 201 00a5 9A010000 		.4byte	.LASF15
 202 00a9 06       		.uleb128 0x6
 203 00aa 2D010000 		.4byte	.LASF25
 204 00ae 01       		.byte	0x1
 205 00af 04       		.byte	0x4
 206 00b0 81000000 		.4byte	0x81
 207 00b4 00000000 		.4byte	.LFB63
 208 00b8 5C000000 		.4byte	.LFE63-.LFB63
 209 00bc 01       		.uleb128 0x1
 210 00bd 9C       		.byte	0x9c
 211 00be 6D010000 		.4byte	0x16d
 212 00c2 07       		.uleb128 0x7
 213 00c3 616E6700 		.ascii	"ang\000"
 214 00c7 01       		.byte	0x1
 215 00c8 04       		.byte	0x4
 216 00c9 81000000 		.4byte	0x81
 217 00cd 00000000 		.4byte	.LLST0
 218 00d1 08       		.uleb128 0x8
 219 00d2 29000000 		.4byte	.LASF16
 220 00d6 01       		.byte	0x1
 221 00d7 07       		.byte	0x7
 222 00d8 81000000 		.4byte	0x81
 223 00dc 21000000 		.4byte	.LLST1
 224 00e0 09       		.uleb128 0x9
 225 00e1 30000000 		.4byte	.LASF17
 226 00e5 01       		.byte	0x1
 227 00e6 08       		.byte	0x8
 228 00e7 81000000 		.4byte	0x81
 229 00eb 00       		.byte	0
 230 00ec 0A       		.uleb128 0xa
 231 00ed 08000000 		.4byte	.LVL2
 232 00f1 7E010000 		.4byte	0x17e
 233 00f5 0A       		.uleb128 0xa
 234 00f6 14000000 		.4byte	.LVL3
 235 00fa 7E010000 		.4byte	0x17e
 236 00fe 0A       		.uleb128 0xa
 237 00ff 1C000000 		.4byte	.LVL5
 238 0103 7E010000 		.4byte	0x17e
 239 0107 0B       		.uleb128 0xb
 240 0108 26000000 		.4byte	.LVL7
 241 010c 89010000 		.4byte	0x189
ARM GAS  C:\Users\EmilR\AppData\Local\Temp\cc5ZadXZ.s 			page 6


 242 0110 1A010000 		.4byte	0x11a
 243 0114 0C       		.uleb128 0xc
 244 0115 01       		.uleb128 0x1
 245 0116 50       		.byte	0x50
 246 0117 01       		.uleb128 0x1
 247 0118 31       		.byte	0x31
 248 0119 00       		.byte	0
 249 011a 0A       		.uleb128 0xa
 250 011b 2A000000 		.4byte	.LVL8
 251 011f 9A010000 		.4byte	0x19a
 252 0123 0A       		.uleb128 0xa
 253 0124 2E000000 		.4byte	.LVL9
 254 0128 7E010000 		.4byte	0x17e
 255 012c 0A       		.uleb128 0xa
 256 012d 36000000 		.4byte	.LVL10
 257 0131 A1010000 		.4byte	0x1a1
 258 0135 0A       		.uleb128 0xa
 259 0136 3C000000 		.4byte	.LVL12
 260 013a 7E010000 		.4byte	0x17e
 261 013e 0B       		.uleb128 0xb
 262 013f 48000000 		.4byte	.LVL13
 263 0143 89010000 		.4byte	0x189
 264 0147 51010000 		.4byte	0x151
 265 014b 0C       		.uleb128 0xc
 266 014c 01       		.uleb128 0x1
 267 014d 50       		.byte	0x50
 268 014e 01       		.uleb128 0x1
 269 014f 30       		.byte	0x30
 270 0150 00       		.byte	0
 271 0151 0A       		.uleb128 0xa
 272 0152 4C000000 		.4byte	.LVL14
 273 0156 A8010000 		.4byte	0x1a8
 274 015a 0A       		.uleb128 0xa
 275 015b 50000000 		.4byte	.LVL15
 276 015f 7E010000 		.4byte	0x17e
 277 0163 0A       		.uleb128 0xa
 278 0164 58000000 		.4byte	.LVL16
 279 0168 AF010000 		.4byte	0x1af
 280 016c 00       		.byte	0
 281 016d 0D       		.uleb128 0xd
 282 016e 7A000000 		.4byte	.LASF26
 283 0172 07       		.byte	0x7
 284 0173 9606     		.2byte	0x696
 285 0175 79010000 		.4byte	0x179
 286 0179 0E       		.uleb128 0xe
 287 017a 76000000 		.4byte	0x76
 288 017e 0F       		.uleb128 0xf
 289 017f CB010000 		.4byte	.LASF27
 290 0183 08       		.byte	0x8
 291 0184 5D       		.byte	0x5d
 292 0185 81000000 		.4byte	0x81
 293 0189 10       		.uleb128 0x10
 294 018a FB010000 		.4byte	.LASF28
 295 018e 09       		.byte	0x9
 296 018f 26       		.byte	0x26
 297 0190 9A010000 		.4byte	0x19a
 298 0194 11       		.uleb128 0x11
ARM GAS  C:\Users\EmilR\AppData\Local\Temp\cc5ZadXZ.s 			page 7


 299 0195 81000000 		.4byte	0x81
 300 0199 00       		.byte	0
 301 019a 12       		.uleb128 0x12
 302 019b 00000000 		.4byte	.LASF18
 303 019f 05       		.byte	0x5
 304 01a0 92       		.byte	0x92
 305 01a1 12       		.uleb128 0x12
 306 01a2 B6010000 		.4byte	.LASF19
 307 01a6 05       		.byte	0x5
 308 01a7 93       		.byte	0x93
 309 01a8 12       		.uleb128 0x12
 310 01a9 16000000 		.4byte	.LASF20
 311 01ad 06       		.byte	0x6
 312 01ae 92       		.byte	0x92
 313 01af 12       		.uleb128 0x12
 314 01b0 87000000 		.4byte	.LASF21
 315 01b4 06       		.byte	0x6
 316 01b5 93       		.byte	0x93
 317 01b6 00       		.byte	0
 318              		.section	.debug_abbrev,"",%progbits
 319              	.Ldebug_abbrev0:
 320 0000 01       		.uleb128 0x1
 321 0001 11       		.uleb128 0x11
 322 0002 01       		.byte	0x1
 323 0003 25       		.uleb128 0x25
 324 0004 0E       		.uleb128 0xe
 325 0005 13       		.uleb128 0x13
 326 0006 0B       		.uleb128 0xb
 327 0007 03       		.uleb128 0x3
 328 0008 0E       		.uleb128 0xe
 329 0009 1B       		.uleb128 0x1b
 330 000a 0E       		.uleb128 0xe
 331 000b 55       		.uleb128 0x55
 332 000c 17       		.uleb128 0x17
 333 000d 11       		.uleb128 0x11
 334 000e 01       		.uleb128 0x1
 335 000f 10       		.uleb128 0x10
 336 0010 17       		.uleb128 0x17
 337 0011 00       		.byte	0
 338 0012 00       		.byte	0
 339 0013 02       		.uleb128 0x2
 340 0014 24       		.uleb128 0x24
 341 0015 00       		.byte	0
 342 0016 0B       		.uleb128 0xb
 343 0017 0B       		.uleb128 0xb
 344 0018 3E       		.uleb128 0x3e
 345 0019 0B       		.uleb128 0xb
 346 001a 03       		.uleb128 0x3
 347 001b 0E       		.uleb128 0xe
 348 001c 00       		.byte	0
 349 001d 00       		.byte	0
 350 001e 03       		.uleb128 0x3
 351 001f 16       		.uleb128 0x16
 352 0020 00       		.byte	0
 353 0021 03       		.uleb128 0x3
 354 0022 0E       		.uleb128 0xe
 355 0023 3A       		.uleb128 0x3a
ARM GAS  C:\Users\EmilR\AppData\Local\Temp\cc5ZadXZ.s 			page 8


 356 0024 0B       		.uleb128 0xb
 357 0025 3B       		.uleb128 0x3b
 358 0026 0B       		.uleb128 0xb
 359 0027 49       		.uleb128 0x49
 360 0028 13       		.uleb128 0x13
 361 0029 00       		.byte	0
 362 002a 00       		.byte	0
 363 002b 04       		.uleb128 0x4
 364 002c 24       		.uleb128 0x24
 365 002d 00       		.byte	0
 366 002e 0B       		.uleb128 0xb
 367 002f 0B       		.uleb128 0xb
 368 0030 3E       		.uleb128 0x3e
 369 0031 0B       		.uleb128 0xb
 370 0032 03       		.uleb128 0x3
 371 0033 08       		.uleb128 0x8
 372 0034 00       		.byte	0
 373 0035 00       		.byte	0
 374 0036 05       		.uleb128 0x5
 375 0037 16       		.uleb128 0x16
 376 0038 00       		.byte	0
 377 0039 03       		.uleb128 0x3
 378 003a 0E       		.uleb128 0xe
 379 003b 3A       		.uleb128 0x3a
 380 003c 0B       		.uleb128 0xb
 381 003d 3B       		.uleb128 0x3b
 382 003e 05       		.uleb128 0x5
 383 003f 49       		.uleb128 0x49
 384 0040 13       		.uleb128 0x13
 385 0041 00       		.byte	0
 386 0042 00       		.byte	0
 387 0043 06       		.uleb128 0x6
 388 0044 2E       		.uleb128 0x2e
 389 0045 01       		.byte	0x1
 390 0046 3F       		.uleb128 0x3f
 391 0047 19       		.uleb128 0x19
 392 0048 03       		.uleb128 0x3
 393 0049 0E       		.uleb128 0xe
 394 004a 3A       		.uleb128 0x3a
 395 004b 0B       		.uleb128 0xb
 396 004c 3B       		.uleb128 0x3b
 397 004d 0B       		.uleb128 0xb
 398 004e 27       		.uleb128 0x27
 399 004f 19       		.uleb128 0x19
 400 0050 49       		.uleb128 0x49
 401 0051 13       		.uleb128 0x13
 402 0052 11       		.uleb128 0x11
 403 0053 01       		.uleb128 0x1
 404 0054 12       		.uleb128 0x12
 405 0055 06       		.uleb128 0x6
 406 0056 40       		.uleb128 0x40
 407 0057 18       		.uleb128 0x18
 408 0058 9742     		.uleb128 0x2117
 409 005a 19       		.uleb128 0x19
 410 005b 01       		.uleb128 0x1
 411 005c 13       		.uleb128 0x13
 412 005d 00       		.byte	0
ARM GAS  C:\Users\EmilR\AppData\Local\Temp\cc5ZadXZ.s 			page 9


 413 005e 00       		.byte	0
 414 005f 07       		.uleb128 0x7
 415 0060 05       		.uleb128 0x5
 416 0061 00       		.byte	0
 417 0062 03       		.uleb128 0x3
 418 0063 08       		.uleb128 0x8
 419 0064 3A       		.uleb128 0x3a
 420 0065 0B       		.uleb128 0xb
 421 0066 3B       		.uleb128 0x3b
 422 0067 0B       		.uleb128 0xb
 423 0068 49       		.uleb128 0x49
 424 0069 13       		.uleb128 0x13
 425 006a 02       		.uleb128 0x2
 426 006b 17       		.uleb128 0x17
 427 006c 00       		.byte	0
 428 006d 00       		.byte	0
 429 006e 08       		.uleb128 0x8
 430 006f 34       		.uleb128 0x34
 431 0070 00       		.byte	0
 432 0071 03       		.uleb128 0x3
 433 0072 0E       		.uleb128 0xe
 434 0073 3A       		.uleb128 0x3a
 435 0074 0B       		.uleb128 0xb
 436 0075 3B       		.uleb128 0x3b
 437 0076 0B       		.uleb128 0xb
 438 0077 49       		.uleb128 0x49
 439 0078 13       		.uleb128 0x13
 440 0079 02       		.uleb128 0x2
 441 007a 17       		.uleb128 0x17
 442 007b 00       		.byte	0
 443 007c 00       		.byte	0
 444 007d 09       		.uleb128 0x9
 445 007e 34       		.uleb128 0x34
 446 007f 00       		.byte	0
 447 0080 03       		.uleb128 0x3
 448 0081 0E       		.uleb128 0xe
 449 0082 3A       		.uleb128 0x3a
 450 0083 0B       		.uleb128 0xb
 451 0084 3B       		.uleb128 0x3b
 452 0085 0B       		.uleb128 0xb
 453 0086 49       		.uleb128 0x49
 454 0087 13       		.uleb128 0x13
 455 0088 1C       		.uleb128 0x1c
 456 0089 0B       		.uleb128 0xb
 457 008a 00       		.byte	0
 458 008b 00       		.byte	0
 459 008c 0A       		.uleb128 0xa
 460 008d 898201   		.uleb128 0x4109
 461 0090 00       		.byte	0
 462 0091 11       		.uleb128 0x11
 463 0092 01       		.uleb128 0x1
 464 0093 31       		.uleb128 0x31
 465 0094 13       		.uleb128 0x13
 466 0095 00       		.byte	0
 467 0096 00       		.byte	0
 468 0097 0B       		.uleb128 0xb
 469 0098 898201   		.uleb128 0x4109
ARM GAS  C:\Users\EmilR\AppData\Local\Temp\cc5ZadXZ.s 			page 10


 470 009b 01       		.byte	0x1
 471 009c 11       		.uleb128 0x11
 472 009d 01       		.uleb128 0x1
 473 009e 31       		.uleb128 0x31
 474 009f 13       		.uleb128 0x13
 475 00a0 01       		.uleb128 0x1
 476 00a1 13       		.uleb128 0x13
 477 00a2 00       		.byte	0
 478 00a3 00       		.byte	0
 479 00a4 0C       		.uleb128 0xc
 480 00a5 8A8201   		.uleb128 0x410a
 481 00a8 00       		.byte	0
 482 00a9 02       		.uleb128 0x2
 483 00aa 18       		.uleb128 0x18
 484 00ab 9142     		.uleb128 0x2111
 485 00ad 18       		.uleb128 0x18
 486 00ae 00       		.byte	0
 487 00af 00       		.byte	0
 488 00b0 0D       		.uleb128 0xd
 489 00b1 34       		.uleb128 0x34
 490 00b2 00       		.byte	0
 491 00b3 03       		.uleb128 0x3
 492 00b4 0E       		.uleb128 0xe
 493 00b5 3A       		.uleb128 0x3a
 494 00b6 0B       		.uleb128 0xb
 495 00b7 3B       		.uleb128 0x3b
 496 00b8 05       		.uleb128 0x5
 497 00b9 49       		.uleb128 0x49
 498 00ba 13       		.uleb128 0x13
 499 00bb 3F       		.uleb128 0x3f
 500 00bc 19       		.uleb128 0x19
 501 00bd 3C       		.uleb128 0x3c
 502 00be 19       		.uleb128 0x19
 503 00bf 00       		.byte	0
 504 00c0 00       		.byte	0
 505 00c1 0E       		.uleb128 0xe
 506 00c2 35       		.uleb128 0x35
 507 00c3 00       		.byte	0
 508 00c4 49       		.uleb128 0x49
 509 00c5 13       		.uleb128 0x13
 510 00c6 00       		.byte	0
 511 00c7 00       		.byte	0
 512 00c8 0F       		.uleb128 0xf
 513 00c9 2E       		.uleb128 0x2e
 514 00ca 00       		.byte	0
 515 00cb 3F       		.uleb128 0x3f
 516 00cc 19       		.uleb128 0x19
 517 00cd 03       		.uleb128 0x3
 518 00ce 0E       		.uleb128 0xe
 519 00cf 3A       		.uleb128 0x3a
 520 00d0 0B       		.uleb128 0xb
 521 00d1 3B       		.uleb128 0x3b
 522 00d2 0B       		.uleb128 0xb
 523 00d3 27       		.uleb128 0x27
 524 00d4 19       		.uleb128 0x19
 525 00d5 49       		.uleb128 0x49
 526 00d6 13       		.uleb128 0x13
ARM GAS  C:\Users\EmilR\AppData\Local\Temp\cc5ZadXZ.s 			page 11


 527 00d7 3C       		.uleb128 0x3c
 528 00d8 19       		.uleb128 0x19
 529 00d9 00       		.byte	0
 530 00da 00       		.byte	0
 531 00db 10       		.uleb128 0x10
 532 00dc 2E       		.uleb128 0x2e
 533 00dd 01       		.byte	0x1
 534 00de 3F       		.uleb128 0x3f
 535 00df 19       		.uleb128 0x19
 536 00e0 03       		.uleb128 0x3
 537 00e1 0E       		.uleb128 0xe
 538 00e2 3A       		.uleb128 0x3a
 539 00e3 0B       		.uleb128 0xb
 540 00e4 3B       		.uleb128 0x3b
 541 00e5 0B       		.uleb128 0xb
 542 00e6 27       		.uleb128 0x27
 543 00e7 19       		.uleb128 0x19
 544 00e8 3C       		.uleb128 0x3c
 545 00e9 19       		.uleb128 0x19
 546 00ea 01       		.uleb128 0x1
 547 00eb 13       		.uleb128 0x13
 548 00ec 00       		.byte	0
 549 00ed 00       		.byte	0
 550 00ee 11       		.uleb128 0x11
 551 00ef 05       		.uleb128 0x5
 552 00f0 00       		.byte	0
 553 00f1 49       		.uleb128 0x49
 554 00f2 13       		.uleb128 0x13
 555 00f3 00       		.byte	0
 556 00f4 00       		.byte	0
 557 00f5 12       		.uleb128 0x12
 558 00f6 2E       		.uleb128 0x2e
 559 00f7 00       		.byte	0
 560 00f8 3F       		.uleb128 0x3f
 561 00f9 19       		.uleb128 0x19
 562 00fa 03       		.uleb128 0x3
 563 00fb 0E       		.uleb128 0xe
 564 00fc 3A       		.uleb128 0x3a
 565 00fd 0B       		.uleb128 0xb
 566 00fe 3B       		.uleb128 0x3b
 567 00ff 0B       		.uleb128 0xb
 568 0100 27       		.uleb128 0x27
 569 0101 19       		.uleb128 0x19
 570 0102 3C       		.uleb128 0x3c
 571 0103 19       		.uleb128 0x19
 572 0104 00       		.byte	0
 573 0105 00       		.byte	0
 574 0106 00       		.byte	0
 575              		.section	.debug_loc,"",%progbits
 576              	.Ldebug_loc0:
 577              	.LLST0:
 578 0000 00000000 		.4byte	.LVL0
 579 0004 07000000 		.4byte	.LVL2-1
 580 0008 0100     		.2byte	0x1
 581 000a 50       		.byte	0x50
 582 000b 07000000 		.4byte	.LVL2-1
 583 000f 5C000000 		.4byte	.LFE63
ARM GAS  C:\Users\EmilR\AppData\Local\Temp\cc5ZadXZ.s 			page 12


 584 0013 0400     		.2byte	0x4
 585 0015 F3       		.byte	0xf3
 586 0016 01       		.uleb128 0x1
 587 0017 50       		.byte	0x50
 588 0018 9F       		.byte	0x9f
 589 0019 00000000 		.4byte	0
 590 001d 00000000 		.4byte	0
 591              	.LLST1:
 592 0021 04000000 		.4byte	.LVL1
 593 0025 18000000 		.4byte	.LVL4
 594 0029 0200     		.2byte	0x2
 595 002b 30       		.byte	0x30
 596 002c 9F       		.byte	0x9f
 597 002d 18000000 		.4byte	.LVL4
 598 0031 38000000 		.4byte	.LVL11
 599 0035 0100     		.2byte	0x1
 600 0037 54       		.byte	0x54
 601 0038 38000000 		.4byte	.LVL11
 602 003c 58000000 		.4byte	.LVL16
 603 0040 0200     		.2byte	0x2
 604 0042 30       		.byte	0x30
 605 0043 9F       		.byte	0x9f
 606 0044 00000000 		.4byte	0
 607 0048 00000000 		.4byte	0
 608              		.section	.debug_aranges,"",%progbits
 609 0000 1C000000 		.4byte	0x1c
 610 0004 0200     		.2byte	0x2
 611 0006 00000000 		.4byte	.Ldebug_info0
 612 000a 04       		.byte	0x4
 613 000b 00       		.byte	0
 614 000c 0000     		.2byte	0
 615 000e 0000     		.2byte	0
 616 0010 00000000 		.4byte	.LFB63
 617 0014 5C000000 		.4byte	.LFE63-.LFB63
 618 0018 00000000 		.4byte	0
 619 001c 00000000 		.4byte	0
 620              		.section	.debug_ranges,"",%progbits
 621              	.Ldebug_ranges0:
 622 0000 00000000 		.4byte	.LFB63
 623 0004 5C000000 		.4byte	.LFE63
 624 0008 00000000 		.4byte	0
 625 000c 00000000 		.4byte	0
 626              		.section	.debug_line,"",%progbits
 627              	.Ldebug_line0:
 628 0000 B4010000 		.section	.debug_str,"MS",%progbits,1
 628      02007C01 
 628      00000201 
 628      FB0E0D00 
 628      01010101 
 629              	.LASF18:
 630 0000 50574D46 		.ascii	"PWMF1_Start\000"
 630      315F5374 
 630      61727400 
 631              	.LASF9:
 632 000c 5F5F696E 		.ascii	"__int32_t\000"
 632      7433325F 
 632      7400
ARM GAS  C:\Users\EmilR\AppData\Local\Temp\cc5ZadXZ.s 			page 13


 633              	.LASF20:
 634 0016 50574D46 		.ascii	"PWMF2_Start\000"
 634      325F5374 
 634      61727400 
 635              	.LASF13:
 636 0022 646F7562 		.ascii	"double\000"
 636      6C6500
 637              	.LASF16:
 638 0029 6E657761 		.ascii	"newang\000"
 638      6E6700
 639              	.LASF17:
 640 0030 6E657761 		.ascii	"newang2\000"
 640      6E673200 
 641              	.LASF12:
 642 0038 666C6F61 		.ascii	"float\000"
 642      7400
 643              	.LASF1:
 644 003e 756E7369 		.ascii	"unsigned char\000"
 644      676E6564 
 644      20636861 
 644      7200
 645              	.LASF23:
 646 004c 73746162 		.ascii	"stabil.c\000"
 646      696C2E63 
 646      00
 647              	.LASF5:
 648 0055 6C6F6E67 		.ascii	"long unsigned int\000"
 648      20756E73 
 648      69676E65 
 648      6420696E 
 648      7400
 649              	.LASF3:
 650 0067 73686F72 		.ascii	"short unsigned int\000"
 650      7420756E 
 650      7369676E 
 650      65642069 
 650      6E7400
 651              	.LASF26:
 652 007a 49544D5F 		.ascii	"ITM_RxBuffer\000"
 652      52784275 
 652      66666572 
 652      00
 653              	.LASF21:
 654 0087 50574D46 		.ascii	"PWMF2_Stop\000"
 654      325F5374 
 654      6F7000
 655              	.LASF22:
 656 0092 474E5520 		.ascii	"GNU C 4.9.3 20150303 (release) [ARM/embedded-4_9-br"
 656      4320342E 
 656      392E3320 
 656      32303135 
 656      30333033 
 657 00c5 616E6368 		.ascii	"anch revision 221220] -mcpu=cortex-m3 -mthumb -g -O"
 657      20726576 
 657      6973696F 
 657      6E203232 
 657      31323230 
ARM GAS  C:\Users\EmilR\AppData\Local\Temp\cc5ZadXZ.s 			page 14


 658 00f8 67202D66 		.ascii	"g -ffunction-sections -ffat-lto-objects\000"
 658      66756E63 
 658      74696F6E 
 658      2D736563 
 658      74696F6E 
 659              	.LASF8:
 660 0120 756E7369 		.ascii	"unsigned int\000"
 660      676E6564 
 660      20696E74 
 660      00
 661              	.LASF25:
 662 012d 73746162 		.ascii	"stabil\000"
 662      696C00
 663              	.LASF7:
 664 0134 6C6F6E67 		.ascii	"long long unsigned int\000"
 664      206C6F6E 
 664      6720756E 
 664      7369676E 
 664      65642069 
 665              	.LASF24:
 666 014b 433A5C55 		.ascii	"C:\\Users\\EmilR\\Desktop\\E4PRJ4-Gruppe1\\Retning "
 666      73657273 
 666      5C456D69 
 666      6C525C44 
 666      65736B74 
 667 0179 6D656420 		.ascii	"med mus\\version_01.cydsn\000"
 667      6D75735C 
 667      76657273 
 667      696F6E5F 
 667      30312E63 
 668              	.LASF10:
 669 0192 696E7433 		.ascii	"int32_t\000"
 669      325F7400 
 670              	.LASF15:
 671 019a 73697A65 		.ascii	"sizetype\000"
 671      74797065 
 671      00
 672              	.LASF6:
 673 01a3 6C6F6E67 		.ascii	"long long int\000"
 673      206C6F6E 
 673      6720696E 
 673      7400
 674              	.LASF14:
 675 01b1 63686172 		.ascii	"char\000"
 675      00
 676              	.LASF19:
 677 01b6 50574D46 		.ascii	"PWMF1_Stop\000"
 677      315F5374 
 677      6F7000
 678              	.LASF2:
 679 01c1 73686F72 		.ascii	"short int\000"
 679      7420696E 
 679      7400
 680              	.LASF27:
 681 01cb 436F756E 		.ascii	"CounterF_ReadCounter\000"
 681      74657246 
 681      5F526561 
ARM GAS  C:\Users\EmilR\AppData\Local\Temp\cc5ZadXZ.s 			page 15


 681      64436F75 
 681      6E746572 
 682              	.LASF11:
 683 01e0 75696E74 		.ascii	"uint8\000"
 683      3800
 684              	.LASF4:
 685 01e6 6C6F6E67 		.ascii	"long int\000"
 685      20696E74 
 685      00
 686              	.LASF0:
 687 01ef 7369676E 		.ascii	"signed char\000"
 687      65642063 
 687      68617200 
 688              	.LASF28:
 689 01fb 4469725F 		.ascii	"Dir_stepF_Write\000"
 689      73746570 
 689      465F5772 
 689      69746500 
 690              		.ident	"GCC: (GNU Tools for ARM Embedded Processors) 4.9.3 20150303 (release) [ARM/embedded-4_9-br
