ARM GAS  C:\Users\Anders\AppData\Local\Temp\cct29QxP.s 			page 1


   1              		.syntax unified
   2              		.cpu cortex-m3
   3              		.fpu softvfp
   4              		.eabi_attribute 20, 1
   5              		.eabi_attribute 21, 1
   6              		.eabi_attribute 23, 3
   7              		.eabi_attribute 24, 1
   8              		.eabi_attribute 25, 1
   9              		.eabi_attribute 26, 1
  10              		.eabi_attribute 30, 1
  11              		.eabi_attribute 34, 1
  12              		.eabi_attribute 18, 4
  13              		.thumb
  14              		.file	"steer.c"
  15              		.text
  16              	.Ltext0:
  17              		.cfi_sections	.debug_frame
  18              		.section	.text.steer,"ax",%progbits
  19              		.align	2
  20              		.global	steer
  21              		.thumb
  22              		.thumb_func
  23              		.type	steer, %function
  24              	steer:
  25              	.LFB63:
  26              		.file 1 "steer.c"
   1:steer.c       **** #include <main.h>
   2:steer.c       **** 
   3:steer.c       **** extern uint8 i2cbuf[];
   4:steer.c       **** extern uint8 oldbuf[];
   5:steer.c       **** uint8 steer(uint8 ang, uint8 ang2)
   6:steer.c       **** {
  27              		.loc 1 6 0
  28              		.cfi_startproc
  29              		@ args = 0, pretend = 0, frame = 0
  30              		@ frame_needed = 0, uses_anonymous_args = 0
  31              	.LVL0:
  32 0000 38B5     		push	{r3, r4, r5, lr}
  33              		.cfi_def_cfa_offset 16
  34              		.cfi_offset 3, -16
  35              		.cfi_offset 4, -12
  36              		.cfi_offset 5, -8
  37              		.cfi_offset 14, -4
  38              	.LVL1:
   7:steer.c       ****     
   8:steer.c       ****     uint8 newang = 0;
   9:steer.c       ****     uint8 newang2 = 0;
  10:steer.c       ****     //Opdatere oldbuf 
  11:steer.c       ****     oldbuf[ANG_FRONT_POS] = i2cbuf[ANG_FRONT_POS];
  39              		.loc 1 11 0
  40 0002 1E4B     		ldr	r3, .L11
  41 0004 1A78     		ldrb	r2, [r3]	@ zero_extendqisi2
  42 0006 1E4B     		ldr	r3, .L11+4
  43 0008 1A70     		strb	r2, [r3]
  12:steer.c       **** 
  13:steer.c       ****     //Steer mode
  14:steer.c       ****     if(ang2 == 0)
ARM GAS  C:\Users\Anders\AppData\Local\Temp\cct29QxP.s 			page 2


  44              		.loc 1 14 0
  45 000a A9BB     		cbnz	r1, .L2
  15:steer.c       ****     {
  16:steer.c       ****         ang = (ang/2)+50;
  46              		.loc 1 16 0
  47 000c 4408     		lsrs	r4, r0, #1
  48 000e 3234     		adds	r4, r4, #50
  49              	.LVL2:
  17:steer.c       ****         //tæl counter op og drejer steppermotoren med uret
  18:steer.c       ****     	if(ang > CounterF_ReadCounter() && ang < MAX_POS)
  50              		.loc 1 18 0
  51 0010 FFF7FEFF 		bl	CounterF_ReadCounter
  52              	.LVL3:
  53 0014 A042     		cmp	r0, r4
  54 0016 1AD2     		bcs	.L3
  55              		.loc 1 18 0 is_stmt 0 discriminator 1
  56 0018 C82C     		cmp	r4, #200
  57 001a 18D8     		bhi	.L3
  19:steer.c       ****         {
  20:steer.c       ****             newang = ang - CounterF_ReadCounter();
  58              		.loc 1 20 0 is_stmt 1
  59 001c FFF7FEFF 		bl	CounterF_ReadCounter
  60              	.LVL4:
  61 0020 201A     		subs	r0, r4, r0
  62 0022 C5B2     		uxtb	r5, r0
  63              	.LVL5:
  21:steer.c       ****             newang += CounterF_ReadCounter();
  64              		.loc 1 21 0
  65 0024 FFF7FEFF 		bl	CounterF_ReadCounter
  66              	.LVL6:
  67 0028 2844     		add	r0, r0, r5
  68 002a C5B2     		uxtb	r5, r0
  69              	.LVL7:
  22:steer.c       ****             
  23:steer.c       ****             Dir_stepF_Write(HIGH);  
  70              		.loc 1 23 0
  71 002c 0120     		movs	r0, #1
  72 002e FFF7FEFF 		bl	Dir_stepF_Write
  73              	.LVL8:
  24:steer.c       ****             PWMF1_Start();
  74              		.loc 1 24 0
  75 0032 FFF7FEFF 		bl	PWMF1_Start
  76              	.LVL9:
  25:steer.c       ****             while(CounterF_ReadCounter()!=newang)
  77              		.loc 1 25 0
  78 0036 03E0     		b	.L4
  79              	.L6:
  26:steer.c       ****             {    
  27:steer.c       ****                
  28:steer.c       ****                 if(ang != i2cbuf[ANG_FRONT_POS])
  80              		.loc 1 28 0
  81 0038 104B     		ldr	r3, .L11
  82 003a 1B78     		ldrb	r3, [r3]	@ zero_extendqisi2
  83 003c A342     		cmp	r3, r4
  84 003e 03D1     		bne	.L5
  85              	.L4:
  25:steer.c       ****             while(CounterF_ReadCounter()!=newang)
ARM GAS  C:\Users\Anders\AppData\Local\Temp\cct29QxP.s 			page 3


  86              		.loc 1 25 0
  87 0040 FFF7FEFF 		bl	CounterF_ReadCounter
  88              	.LVL10:
  89 0044 A842     		cmp	r0, r5
  90 0046 F7D1     		bne	.L6
  91              	.L5:
  29:steer.c       ****                 break;
  30:steer.c       ****             }
  31:steer.c       ****             PWMF1_Stop(); 
  92              		.loc 1 31 0
  93 0048 FFF7FEFF 		bl	PWMF1_Stop
  94              	.LVL11:
  95 004c 14E0     		b	.L2
  96              	.LVL12:
  97              	.L3:
  32:steer.c       ****            
  33:steer.c       ****         }
  34:steer.c       **** 
  35:steer.c       ****         //tæl counter ned og drejer steppermotoren mod uret
  36:steer.c       ****         else if(ang < CounterF_ReadCounter() && ang > MIN_POS)
  98              		.loc 1 36 0
  99 004e FFF7FEFF 		bl	CounterF_ReadCounter
 100              	.LVL13:
 101 0052 A042     		cmp	r0, r4
 102 0054 10D9     		bls	.L2
 103              		.loc 1 36 0 is_stmt 0 discriminator 1
 104 0056 7CB1     		cbz	r4, .L2
  37:steer.c       ****         {
  38:steer.c       ****             Dir_stepF_Write(LOW);
 105              		.loc 1 38 0 is_stmt 1
 106 0058 0020     		movs	r0, #0
 107 005a FFF7FEFF 		bl	Dir_stepF_Write
 108              	.LVL14:
  39:steer.c       ****             PWMF2_Start();
 109              		.loc 1 39 0
 110 005e FFF7FEFF 		bl	PWMF2_Start
 111              	.LVL15:
  40:steer.c       ****             while(CounterF_ReadCounter()!=ang)
 112              		.loc 1 40 0
 113 0062 03E0     		b	.L7
 114              	.L9:
  41:steer.c       ****             {    
  42:steer.c       ****                 
  43:steer.c       ****                 if(ang != i2cbuf[ANG_FRONT_POS])
 115              		.loc 1 43 0
 116 0064 054B     		ldr	r3, .L11
 117 0066 1B78     		ldrb	r3, [r3]	@ zero_extendqisi2
 118 0068 A342     		cmp	r3, r4
 119 006a 03D1     		bne	.L8
 120              	.L7:
  40:steer.c       ****             while(CounterF_ReadCounter()!=ang)
 121              		.loc 1 40 0
 122 006c FFF7FEFF 		bl	CounterF_ReadCounter
 123              	.LVL16:
 124 0070 A042     		cmp	r0, r4
 125 0072 F7D1     		bne	.L9
 126              	.L8:
ARM GAS  C:\Users\Anders\AppData\Local\Temp\cct29QxP.s 			page 4


  44:steer.c       ****                 break;
  45:steer.c       ****             }
  46:steer.c       ****             PWMF2_Stop();
 127              		.loc 1 46 0
 128 0074 FFF7FEFF 		bl	PWMF2_Stop
 129              	.LVL17:
 130              	.L2:
  47:steer.c       ****         }
  48:steer.c       ****     }
  49:steer.c       ****     
  50:steer.c       ****    
  51:steer.c       ****     
  52:steer.c       ****     return 0;
  53:steer.c       **** }
 131              		.loc 1 53 0
 132 0078 0020     		movs	r0, #0
 133 007a 38BD     		pop	{r3, r4, r5, pc}
 134              	.L12:
 135              		.align	2
 136              	.L11:
 137 007c 00000000 		.word	i2cbuf
 138 0080 00000000 		.word	oldbuf
 139              		.cfi_endproc
 140              	.LFE63:
 141              		.size	steer, .-steer
 142              		.text
 143              	.Letext0:
 144              		.file 2 "c:\\program files (x86)\\cypress\\psoc creator\\4.0\\psoc creator\\import\\gnu\\arm\\4.9.
 145              		.file 3 "c:\\program files (x86)\\cypress\\psoc creator\\4.0\\psoc creator\\import\\gnu\\arm\\4.9.
 146              		.file 4 "Generated_Source\\PSoC5/cytypes.h"
 147              		.file 5 "Generated_Source\\PSoC5/core_cm3.h"
 148              		.file 6 "Generated_Source\\PSoC5/PWMF1.h"
 149              		.file 7 "Generated_Source\\PSoC5/PWMF2.h"
 150              		.file 8 "Generated_Source\\PSoC5/CounterF.h"
 151              		.file 9 "Generated_Source\\PSoC5/Dir_stepF.h"
 152              		.section	.debug_info,"",%progbits
 153              	.Ldebug_info0:
 154 0000 E3010000 		.4byte	0x1e3
 155 0004 0400     		.2byte	0x4
 156 0006 00000000 		.4byte	.Ldebug_abbrev0
 157 000a 04       		.byte	0x4
 158 000b 01       		.uleb128 0x1
 159 000c F5000000 		.4byte	.LASF26
 160 0010 01       		.byte	0x1
 161 0011 ED000000 		.4byte	.LASF27
 162 0015 5F000000 		.4byte	.LASF28
 163 0019 00000000 		.4byte	.Ldebug_ranges0+0
 164 001d 00000000 		.4byte	0
 165 0021 00000000 		.4byte	.Ldebug_line0
 166 0025 02       		.uleb128 0x2
 167 0026 01       		.byte	0x1
 168 0027 06       		.byte	0x6
 169 0028 0A020000 		.4byte	.LASF0
 170 002c 02       		.uleb128 0x2
 171 002d 01       		.byte	0x1
 172 002e 08       		.byte	0x8
 173 002f 51000000 		.4byte	.LASF1
ARM GAS  C:\Users\Anders\AppData\Local\Temp\cct29QxP.s 			page 5


 174 0033 02       		.uleb128 0x2
 175 0034 02       		.byte	0x2
 176 0035 05       		.byte	0x5
 177 0036 DC010000 		.4byte	.LASF2
 178 003a 02       		.uleb128 0x2
 179 003b 02       		.byte	0x2
 180 003c 07       		.byte	0x7
 181 003d C2000000 		.4byte	.LASF3
 182 0041 03       		.uleb128 0x3
 183 0042 18000000 		.4byte	.LASF9
 184 0046 02       		.byte	0x2
 185 0047 3F       		.byte	0x3f
 186 0048 4C000000 		.4byte	0x4c
 187 004c 02       		.uleb128 0x2
 188 004d 04       		.byte	0x4
 189 004e 05       		.byte	0x5
 190 004f 01020000 		.4byte	.LASF4
 191 0053 02       		.uleb128 0x2
 192 0054 04       		.byte	0x4
 193 0055 07       		.byte	0x7
 194 0056 B0000000 		.4byte	.LASF5
 195 005a 02       		.uleb128 0x2
 196 005b 08       		.byte	0x8
 197 005c 05       		.byte	0x5
 198 005d BE010000 		.4byte	.LASF6
 199 0061 02       		.uleb128 0x2
 200 0062 08       		.byte	0x8
 201 0063 07       		.byte	0x7
 202 0064 90010000 		.4byte	.LASF7
 203 0068 04       		.uleb128 0x4
 204 0069 04       		.byte	0x4
 205 006a 05       		.byte	0x5
 206 006b 696E7400 		.ascii	"int\000"
 207 006f 02       		.uleb128 0x2
 208 0070 04       		.byte	0x4
 209 0071 07       		.byte	0x7
 210 0072 83010000 		.4byte	.LASF8
 211 0076 03       		.uleb128 0x3
 212 0077 AD010000 		.4byte	.LASF10
 213 007b 03       		.byte	0x3
 214 007c 2C       		.byte	0x2c
 215 007d 41000000 		.4byte	0x41
 216 0081 05       		.uleb128 0x5
 217 0082 FB010000 		.4byte	.LASF11
 218 0086 04       		.byte	0x4
 219 0087 9201     		.2byte	0x192
 220 0089 2C000000 		.4byte	0x2c
 221 008d 02       		.uleb128 0x2
 222 008e 04       		.byte	0x4
 223 008f 04       		.byte	0x4
 224 0090 4B000000 		.4byte	.LASF12
 225 0094 02       		.uleb128 0x2
 226 0095 08       		.byte	0x8
 227 0096 04       		.byte	0x4
 228 0097 2E000000 		.4byte	.LASF13
 229 009b 02       		.uleb128 0x2
 230 009c 01       		.byte	0x1
ARM GAS  C:\Users\Anders\AppData\Local\Temp\cct29QxP.s 			page 6


 231 009d 08       		.byte	0x8
 232 009e CC010000 		.4byte	.LASF14
 233 00a2 02       		.uleb128 0x2
 234 00a3 04       		.byte	0x4
 235 00a4 07       		.byte	0x7
 236 00a5 B5010000 		.4byte	.LASF15
 237 00a9 06       		.uleb128 0x6
 238 00aa A7010000 		.4byte	.LASF29
 239 00ae 01       		.byte	0x1
 240 00af 05       		.byte	0x5
 241 00b0 81000000 		.4byte	0x81
 242 00b4 00000000 		.4byte	.LFB63
 243 00b8 84000000 		.4byte	.LFE63-.LFB63
 244 00bc 01       		.uleb128 0x1
 245 00bd 9C       		.byte	0x9c
 246 00be 7C010000 		.4byte	0x17c
 247 00c2 07       		.uleb128 0x7
 248 00c3 616E6700 		.ascii	"ang\000"
 249 00c7 01       		.byte	0x1
 250 00c8 05       		.byte	0x5
 251 00c9 81000000 		.4byte	0x81
 252 00cd 00000000 		.4byte	.LLST0
 253 00d1 08       		.uleb128 0x8
 254 00d2 07000000 		.4byte	.LASF16
 255 00d6 01       		.byte	0x1
 256 00d7 05       		.byte	0x5
 257 00d8 81000000 		.4byte	0x81
 258 00dc 1E000000 		.4byte	.LLST1
 259 00e0 09       		.uleb128 0x9
 260 00e1 35000000 		.4byte	.LASF17
 261 00e5 01       		.byte	0x1
 262 00e6 08       		.byte	0x8
 263 00e7 81000000 		.4byte	0x81
 264 00eb 3F000000 		.4byte	.LLST2
 265 00ef 0A       		.uleb128 0xa
 266 00f0 3C000000 		.4byte	.LASF18
 267 00f4 01       		.byte	0x1
 268 00f5 09       		.byte	0x9
 269 00f6 81000000 		.4byte	0x81
 270 00fa 00       		.byte	0
 271 00fb 0B       		.uleb128 0xb
 272 00fc 14000000 		.4byte	.LVL3
 273 0100 AE010000 		.4byte	0x1ae
 274 0104 0B       		.uleb128 0xb
 275 0105 20000000 		.4byte	.LVL4
 276 0109 AE010000 		.4byte	0x1ae
 277 010d 0B       		.uleb128 0xb
 278 010e 28000000 		.4byte	.LVL6
 279 0112 AE010000 		.4byte	0x1ae
 280 0116 0C       		.uleb128 0xc
 281 0117 32000000 		.4byte	.LVL8
 282 011b B9010000 		.4byte	0x1b9
 283 011f 29010000 		.4byte	0x129
 284 0123 0D       		.uleb128 0xd
 285 0124 01       		.uleb128 0x1
 286 0125 50       		.byte	0x50
 287 0126 01       		.uleb128 0x1
ARM GAS  C:\Users\Anders\AppData\Local\Temp\cct29QxP.s 			page 7


 288 0127 31       		.byte	0x31
 289 0128 00       		.byte	0
 290 0129 0B       		.uleb128 0xb
 291 012a 36000000 		.4byte	.LVL9
 292 012e CA010000 		.4byte	0x1ca
 293 0132 0B       		.uleb128 0xb
 294 0133 44000000 		.4byte	.LVL10
 295 0137 AE010000 		.4byte	0x1ae
 296 013b 0B       		.uleb128 0xb
 297 013c 4C000000 		.4byte	.LVL11
 298 0140 D1010000 		.4byte	0x1d1
 299 0144 0B       		.uleb128 0xb
 300 0145 52000000 		.4byte	.LVL13
 301 0149 AE010000 		.4byte	0x1ae
 302 014d 0C       		.uleb128 0xc
 303 014e 5E000000 		.4byte	.LVL14
 304 0152 B9010000 		.4byte	0x1b9
 305 0156 60010000 		.4byte	0x160
 306 015a 0D       		.uleb128 0xd
 307 015b 01       		.uleb128 0x1
 308 015c 50       		.byte	0x50
 309 015d 01       		.uleb128 0x1
 310 015e 30       		.byte	0x30
 311 015f 00       		.byte	0
 312 0160 0B       		.uleb128 0xb
 313 0161 62000000 		.4byte	.LVL15
 314 0165 D8010000 		.4byte	0x1d8
 315 0169 0B       		.uleb128 0xb
 316 016a 70000000 		.4byte	.LVL16
 317 016e AE010000 		.4byte	0x1ae
 318 0172 0B       		.uleb128 0xb
 319 0173 78000000 		.4byte	.LVL17
 320 0177 DF010000 		.4byte	0x1df
 321 017b 00       		.byte	0
 322 017c 0E       		.uleb128 0xe
 323 017d D5000000 		.4byte	.LASF19
 324 0181 05       		.byte	0x5
 325 0182 9606     		.2byte	0x696
 326 0184 88010000 		.4byte	0x188
 327 0188 0F       		.uleb128 0xf
 328 0189 76000000 		.4byte	0x76
 329 018d 10       		.uleb128 0x10
 330 018e 81000000 		.4byte	0x81
 331 0192 98010000 		.4byte	0x198
 332 0196 11       		.uleb128 0x11
 333 0197 00       		.byte	0
 334 0198 12       		.uleb128 0x12
 335 0199 00000000 		.4byte	.LASF20
 336 019d 01       		.byte	0x1
 337 019e 03       		.byte	0x3
 338 019f 8D010000 		.4byte	0x18d
 339 01a3 12       		.uleb128 0x12
 340 01a4 44000000 		.4byte	.LASF21
 341 01a8 01       		.byte	0x1
 342 01a9 04       		.byte	0x4
 343 01aa 8D010000 		.4byte	0x18d
 344 01ae 13       		.uleb128 0x13
ARM GAS  C:\Users\Anders\AppData\Local\Temp\cct29QxP.s 			page 8


 345 01af E6010000 		.4byte	.LASF30
 346 01b3 08       		.byte	0x8
 347 01b4 5D       		.byte	0x5d
 348 01b5 81000000 		.4byte	0x81
 349 01b9 14       		.uleb128 0x14
 350 01ba 16020000 		.4byte	.LASF31
 351 01be 09       		.byte	0x9
 352 01bf 26       		.byte	0x26
 353 01c0 CA010000 		.4byte	0x1ca
 354 01c4 15       		.uleb128 0x15
 355 01c5 81000000 		.4byte	0x81
 356 01c9 00       		.byte	0
 357 01ca 16       		.uleb128 0x16
 358 01cb 0C000000 		.4byte	.LASF22
 359 01cf 06       		.byte	0x6
 360 01d0 92       		.byte	0x92
 361 01d1 16       		.uleb128 0x16
 362 01d2 D1010000 		.4byte	.LASF23
 363 01d6 06       		.byte	0x6
 364 01d7 93       		.byte	0x93
 365 01d8 16       		.uleb128 0x16
 366 01d9 22000000 		.4byte	.LASF24
 367 01dd 07       		.byte	0x7
 368 01de 92       		.byte	0x92
 369 01df 16       		.uleb128 0x16
 370 01e0 E2000000 		.4byte	.LASF25
 371 01e4 07       		.byte	0x7
 372 01e5 93       		.byte	0x93
 373 01e6 00       		.byte	0
 374              		.section	.debug_abbrev,"",%progbits
 375              	.Ldebug_abbrev0:
 376 0000 01       		.uleb128 0x1
 377 0001 11       		.uleb128 0x11
 378 0002 01       		.byte	0x1
 379 0003 25       		.uleb128 0x25
 380 0004 0E       		.uleb128 0xe
 381 0005 13       		.uleb128 0x13
 382 0006 0B       		.uleb128 0xb
 383 0007 03       		.uleb128 0x3
 384 0008 0E       		.uleb128 0xe
 385 0009 1B       		.uleb128 0x1b
 386 000a 0E       		.uleb128 0xe
 387 000b 55       		.uleb128 0x55
 388 000c 17       		.uleb128 0x17
 389 000d 11       		.uleb128 0x11
 390 000e 01       		.uleb128 0x1
 391 000f 10       		.uleb128 0x10
 392 0010 17       		.uleb128 0x17
 393 0011 00       		.byte	0
 394 0012 00       		.byte	0
 395 0013 02       		.uleb128 0x2
 396 0014 24       		.uleb128 0x24
 397 0015 00       		.byte	0
 398 0016 0B       		.uleb128 0xb
 399 0017 0B       		.uleb128 0xb
 400 0018 3E       		.uleb128 0x3e
 401 0019 0B       		.uleb128 0xb
ARM GAS  C:\Users\Anders\AppData\Local\Temp\cct29QxP.s 			page 9


 402 001a 03       		.uleb128 0x3
 403 001b 0E       		.uleb128 0xe
 404 001c 00       		.byte	0
 405 001d 00       		.byte	0
 406 001e 03       		.uleb128 0x3
 407 001f 16       		.uleb128 0x16
 408 0020 00       		.byte	0
 409 0021 03       		.uleb128 0x3
 410 0022 0E       		.uleb128 0xe
 411 0023 3A       		.uleb128 0x3a
 412 0024 0B       		.uleb128 0xb
 413 0025 3B       		.uleb128 0x3b
 414 0026 0B       		.uleb128 0xb
 415 0027 49       		.uleb128 0x49
 416 0028 13       		.uleb128 0x13
 417 0029 00       		.byte	0
 418 002a 00       		.byte	0
 419 002b 04       		.uleb128 0x4
 420 002c 24       		.uleb128 0x24
 421 002d 00       		.byte	0
 422 002e 0B       		.uleb128 0xb
 423 002f 0B       		.uleb128 0xb
 424 0030 3E       		.uleb128 0x3e
 425 0031 0B       		.uleb128 0xb
 426 0032 03       		.uleb128 0x3
 427 0033 08       		.uleb128 0x8
 428 0034 00       		.byte	0
 429 0035 00       		.byte	0
 430 0036 05       		.uleb128 0x5
 431 0037 16       		.uleb128 0x16
 432 0038 00       		.byte	0
 433 0039 03       		.uleb128 0x3
 434 003a 0E       		.uleb128 0xe
 435 003b 3A       		.uleb128 0x3a
 436 003c 0B       		.uleb128 0xb
 437 003d 3B       		.uleb128 0x3b
 438 003e 05       		.uleb128 0x5
 439 003f 49       		.uleb128 0x49
 440 0040 13       		.uleb128 0x13
 441 0041 00       		.byte	0
 442 0042 00       		.byte	0
 443 0043 06       		.uleb128 0x6
 444 0044 2E       		.uleb128 0x2e
 445 0045 01       		.byte	0x1
 446 0046 3F       		.uleb128 0x3f
 447 0047 19       		.uleb128 0x19
 448 0048 03       		.uleb128 0x3
 449 0049 0E       		.uleb128 0xe
 450 004a 3A       		.uleb128 0x3a
 451 004b 0B       		.uleb128 0xb
 452 004c 3B       		.uleb128 0x3b
 453 004d 0B       		.uleb128 0xb
 454 004e 27       		.uleb128 0x27
 455 004f 19       		.uleb128 0x19
 456 0050 49       		.uleb128 0x49
 457 0051 13       		.uleb128 0x13
 458 0052 11       		.uleb128 0x11
ARM GAS  C:\Users\Anders\AppData\Local\Temp\cct29QxP.s 			page 10


 459 0053 01       		.uleb128 0x1
 460 0054 12       		.uleb128 0x12
 461 0055 06       		.uleb128 0x6
 462 0056 40       		.uleb128 0x40
 463 0057 18       		.uleb128 0x18
 464 0058 9742     		.uleb128 0x2117
 465 005a 19       		.uleb128 0x19
 466 005b 01       		.uleb128 0x1
 467 005c 13       		.uleb128 0x13
 468 005d 00       		.byte	0
 469 005e 00       		.byte	0
 470 005f 07       		.uleb128 0x7
 471 0060 05       		.uleb128 0x5
 472 0061 00       		.byte	0
 473 0062 03       		.uleb128 0x3
 474 0063 08       		.uleb128 0x8
 475 0064 3A       		.uleb128 0x3a
 476 0065 0B       		.uleb128 0xb
 477 0066 3B       		.uleb128 0x3b
 478 0067 0B       		.uleb128 0xb
 479 0068 49       		.uleb128 0x49
 480 0069 13       		.uleb128 0x13
 481 006a 02       		.uleb128 0x2
 482 006b 17       		.uleb128 0x17
 483 006c 00       		.byte	0
 484 006d 00       		.byte	0
 485 006e 08       		.uleb128 0x8
 486 006f 05       		.uleb128 0x5
 487 0070 00       		.byte	0
 488 0071 03       		.uleb128 0x3
 489 0072 0E       		.uleb128 0xe
 490 0073 3A       		.uleb128 0x3a
 491 0074 0B       		.uleb128 0xb
 492 0075 3B       		.uleb128 0x3b
 493 0076 0B       		.uleb128 0xb
 494 0077 49       		.uleb128 0x49
 495 0078 13       		.uleb128 0x13
 496 0079 02       		.uleb128 0x2
 497 007a 17       		.uleb128 0x17
 498 007b 00       		.byte	0
 499 007c 00       		.byte	0
 500 007d 09       		.uleb128 0x9
 501 007e 34       		.uleb128 0x34
 502 007f 00       		.byte	0
 503 0080 03       		.uleb128 0x3
 504 0081 0E       		.uleb128 0xe
 505 0082 3A       		.uleb128 0x3a
 506 0083 0B       		.uleb128 0xb
 507 0084 3B       		.uleb128 0x3b
 508 0085 0B       		.uleb128 0xb
 509 0086 49       		.uleb128 0x49
 510 0087 13       		.uleb128 0x13
 511 0088 02       		.uleb128 0x2
 512 0089 17       		.uleb128 0x17
 513 008a 00       		.byte	0
 514 008b 00       		.byte	0
 515 008c 0A       		.uleb128 0xa
ARM GAS  C:\Users\Anders\AppData\Local\Temp\cct29QxP.s 			page 11


 516 008d 34       		.uleb128 0x34
 517 008e 00       		.byte	0
 518 008f 03       		.uleb128 0x3
 519 0090 0E       		.uleb128 0xe
 520 0091 3A       		.uleb128 0x3a
 521 0092 0B       		.uleb128 0xb
 522 0093 3B       		.uleb128 0x3b
 523 0094 0B       		.uleb128 0xb
 524 0095 49       		.uleb128 0x49
 525 0096 13       		.uleb128 0x13
 526 0097 1C       		.uleb128 0x1c
 527 0098 0B       		.uleb128 0xb
 528 0099 00       		.byte	0
 529 009a 00       		.byte	0
 530 009b 0B       		.uleb128 0xb
 531 009c 898201   		.uleb128 0x4109
 532 009f 00       		.byte	0
 533 00a0 11       		.uleb128 0x11
 534 00a1 01       		.uleb128 0x1
 535 00a2 31       		.uleb128 0x31
 536 00a3 13       		.uleb128 0x13
 537 00a4 00       		.byte	0
 538 00a5 00       		.byte	0
 539 00a6 0C       		.uleb128 0xc
 540 00a7 898201   		.uleb128 0x4109
 541 00aa 01       		.byte	0x1
 542 00ab 11       		.uleb128 0x11
 543 00ac 01       		.uleb128 0x1
 544 00ad 31       		.uleb128 0x31
 545 00ae 13       		.uleb128 0x13
 546 00af 01       		.uleb128 0x1
 547 00b0 13       		.uleb128 0x13
 548 00b1 00       		.byte	0
 549 00b2 00       		.byte	0
 550 00b3 0D       		.uleb128 0xd
 551 00b4 8A8201   		.uleb128 0x410a
 552 00b7 00       		.byte	0
 553 00b8 02       		.uleb128 0x2
 554 00b9 18       		.uleb128 0x18
 555 00ba 9142     		.uleb128 0x2111
 556 00bc 18       		.uleb128 0x18
 557 00bd 00       		.byte	0
 558 00be 00       		.byte	0
 559 00bf 0E       		.uleb128 0xe
 560 00c0 34       		.uleb128 0x34
 561 00c1 00       		.byte	0
 562 00c2 03       		.uleb128 0x3
 563 00c3 0E       		.uleb128 0xe
 564 00c4 3A       		.uleb128 0x3a
 565 00c5 0B       		.uleb128 0xb
 566 00c6 3B       		.uleb128 0x3b
 567 00c7 05       		.uleb128 0x5
 568 00c8 49       		.uleb128 0x49
 569 00c9 13       		.uleb128 0x13
 570 00ca 3F       		.uleb128 0x3f
 571 00cb 19       		.uleb128 0x19
 572 00cc 3C       		.uleb128 0x3c
ARM GAS  C:\Users\Anders\AppData\Local\Temp\cct29QxP.s 			page 12


 573 00cd 19       		.uleb128 0x19
 574 00ce 00       		.byte	0
 575 00cf 00       		.byte	0
 576 00d0 0F       		.uleb128 0xf
 577 00d1 35       		.uleb128 0x35
 578 00d2 00       		.byte	0
 579 00d3 49       		.uleb128 0x49
 580 00d4 13       		.uleb128 0x13
 581 00d5 00       		.byte	0
 582 00d6 00       		.byte	0
 583 00d7 10       		.uleb128 0x10
 584 00d8 01       		.uleb128 0x1
 585 00d9 01       		.byte	0x1
 586 00da 49       		.uleb128 0x49
 587 00db 13       		.uleb128 0x13
 588 00dc 01       		.uleb128 0x1
 589 00dd 13       		.uleb128 0x13
 590 00de 00       		.byte	0
 591 00df 00       		.byte	0
 592 00e0 11       		.uleb128 0x11
 593 00e1 21       		.uleb128 0x21
 594 00e2 00       		.byte	0
 595 00e3 00       		.byte	0
 596 00e4 00       		.byte	0
 597 00e5 12       		.uleb128 0x12
 598 00e6 34       		.uleb128 0x34
 599 00e7 00       		.byte	0
 600 00e8 03       		.uleb128 0x3
 601 00e9 0E       		.uleb128 0xe
 602 00ea 3A       		.uleb128 0x3a
 603 00eb 0B       		.uleb128 0xb
 604 00ec 3B       		.uleb128 0x3b
 605 00ed 0B       		.uleb128 0xb
 606 00ee 49       		.uleb128 0x49
 607 00ef 13       		.uleb128 0x13
 608 00f0 3F       		.uleb128 0x3f
 609 00f1 19       		.uleb128 0x19
 610 00f2 3C       		.uleb128 0x3c
 611 00f3 19       		.uleb128 0x19
 612 00f4 00       		.byte	0
 613 00f5 00       		.byte	0
 614 00f6 13       		.uleb128 0x13
 615 00f7 2E       		.uleb128 0x2e
 616 00f8 00       		.byte	0
 617 00f9 3F       		.uleb128 0x3f
 618 00fa 19       		.uleb128 0x19
 619 00fb 03       		.uleb128 0x3
 620 00fc 0E       		.uleb128 0xe
 621 00fd 3A       		.uleb128 0x3a
 622 00fe 0B       		.uleb128 0xb
 623 00ff 3B       		.uleb128 0x3b
 624 0100 0B       		.uleb128 0xb
 625 0101 27       		.uleb128 0x27
 626 0102 19       		.uleb128 0x19
 627 0103 49       		.uleb128 0x49
 628 0104 13       		.uleb128 0x13
 629 0105 3C       		.uleb128 0x3c
ARM GAS  C:\Users\Anders\AppData\Local\Temp\cct29QxP.s 			page 13


 630 0106 19       		.uleb128 0x19
 631 0107 00       		.byte	0
 632 0108 00       		.byte	0
 633 0109 14       		.uleb128 0x14
 634 010a 2E       		.uleb128 0x2e
 635 010b 01       		.byte	0x1
 636 010c 3F       		.uleb128 0x3f
 637 010d 19       		.uleb128 0x19
 638 010e 03       		.uleb128 0x3
 639 010f 0E       		.uleb128 0xe
 640 0110 3A       		.uleb128 0x3a
 641 0111 0B       		.uleb128 0xb
 642 0112 3B       		.uleb128 0x3b
 643 0113 0B       		.uleb128 0xb
 644 0114 27       		.uleb128 0x27
 645 0115 19       		.uleb128 0x19
 646 0116 3C       		.uleb128 0x3c
 647 0117 19       		.uleb128 0x19
 648 0118 01       		.uleb128 0x1
 649 0119 13       		.uleb128 0x13
 650 011a 00       		.byte	0
 651 011b 00       		.byte	0
 652 011c 15       		.uleb128 0x15
 653 011d 05       		.uleb128 0x5
 654 011e 00       		.byte	0
 655 011f 49       		.uleb128 0x49
 656 0120 13       		.uleb128 0x13
 657 0121 00       		.byte	0
 658 0122 00       		.byte	0
 659 0123 16       		.uleb128 0x16
 660 0124 2E       		.uleb128 0x2e
 661 0125 00       		.byte	0
 662 0126 3F       		.uleb128 0x3f
 663 0127 19       		.uleb128 0x19
 664 0128 03       		.uleb128 0x3
 665 0129 0E       		.uleb128 0xe
 666 012a 3A       		.uleb128 0x3a
 667 012b 0B       		.uleb128 0xb
 668 012c 3B       		.uleb128 0x3b
 669 012d 0B       		.uleb128 0xb
 670 012e 27       		.uleb128 0x27
 671 012f 19       		.uleb128 0x19
 672 0130 3C       		.uleb128 0x3c
 673 0131 19       		.uleb128 0x19
 674 0132 00       		.byte	0
 675 0133 00       		.byte	0
 676 0134 00       		.byte	0
 677              		.section	.debug_loc,"",%progbits
 678              	.Ldebug_loc0:
 679              	.LLST0:
 680 0000 00000000 		.4byte	.LVL0
 681 0004 10000000 		.4byte	.LVL2
 682 0008 0100     		.2byte	0x1
 683 000a 50       		.byte	0x50
 684 000b 10000000 		.4byte	.LVL2
 685 000f 78000000 		.4byte	.LVL17
 686 0013 0100     		.2byte	0x1
ARM GAS  C:\Users\Anders\AppData\Local\Temp\cct29QxP.s 			page 14


 687 0015 54       		.byte	0x54
 688 0016 00000000 		.4byte	0
 689 001a 00000000 		.4byte	0
 690              	.LLST1:
 691 001e 00000000 		.4byte	.LVL0
 692 0022 13000000 		.4byte	.LVL3-1
 693 0026 0100     		.2byte	0x1
 694 0028 51       		.byte	0x51
 695 0029 13000000 		.4byte	.LVL3-1
 696 002d 84000000 		.4byte	.LFE63
 697 0031 0400     		.2byte	0x4
 698 0033 F3       		.byte	0xf3
 699 0034 01       		.uleb128 0x1
 700 0035 51       		.byte	0x51
 701 0036 9F       		.byte	0x9f
 702 0037 00000000 		.4byte	0
 703 003b 00000000 		.4byte	0
 704              	.LLST2:
 705 003f 02000000 		.4byte	.LVL1
 706 0043 24000000 		.4byte	.LVL5
 707 0047 0200     		.2byte	0x2
 708 0049 30       		.byte	0x30
 709 004a 9F       		.byte	0x9f
 710 004b 24000000 		.4byte	.LVL5
 711 004f 4E000000 		.4byte	.LVL12
 712 0053 0100     		.2byte	0x1
 713 0055 55       		.byte	0x55
 714 0056 4E000000 		.4byte	.LVL12
 715 005a 78000000 		.4byte	.LVL17
 716 005e 0200     		.2byte	0x2
 717 0060 30       		.byte	0x30
 718 0061 9F       		.byte	0x9f
 719 0062 00000000 		.4byte	0
 720 0066 00000000 		.4byte	0
 721              		.section	.debug_aranges,"",%progbits
 722 0000 1C000000 		.4byte	0x1c
 723 0004 0200     		.2byte	0x2
 724 0006 00000000 		.4byte	.Ldebug_info0
 725 000a 04       		.byte	0x4
 726 000b 00       		.byte	0
 727 000c 0000     		.2byte	0
 728 000e 0000     		.2byte	0
 729 0010 00000000 		.4byte	.LFB63
 730 0014 84000000 		.4byte	.LFE63-.LFB63
 731 0018 00000000 		.4byte	0
 732 001c 00000000 		.4byte	0
 733              		.section	.debug_ranges,"",%progbits
 734              	.Ldebug_ranges0:
 735 0000 00000000 		.4byte	.LFB63
 736 0004 84000000 		.4byte	.LFE63
 737 0008 00000000 		.4byte	0
 738 000c 00000000 		.4byte	0
 739              		.section	.debug_line,"",%progbits
 740              	.Ldebug_line0:
 741 0000 B0010000 		.section	.debug_str,"MS",%progbits,1
 741      02007B01 
 741      00000201 
ARM GAS  C:\Users\Anders\AppData\Local\Temp\cct29QxP.s 			page 15


 741      FB0E0D00 
 741      01010101 
 742              	.LASF20:
 743 0000 69326362 		.ascii	"i2cbuf\000"
 743      756600
 744              	.LASF16:
 745 0007 616E6732 		.ascii	"ang2\000"
 745      00
 746              	.LASF22:
 747 000c 50574D46 		.ascii	"PWMF1_Start\000"
 747      315F5374 
 747      61727400 
 748              	.LASF9:
 749 0018 5F5F696E 		.ascii	"__int32_t\000"
 749      7433325F 
 749      7400
 750              	.LASF24:
 751 0022 50574D46 		.ascii	"PWMF2_Start\000"
 751      325F5374 
 751      61727400 
 752              	.LASF13:
 753 002e 646F7562 		.ascii	"double\000"
 753      6C6500
 754              	.LASF17:
 755 0035 6E657761 		.ascii	"newang\000"
 755      6E6700
 756              	.LASF18:
 757 003c 6E657761 		.ascii	"newang2\000"
 757      6E673200 
 758              	.LASF21:
 759 0044 6F6C6462 		.ascii	"oldbuf\000"
 759      756600
 760              	.LASF12:
 761 004b 666C6F61 		.ascii	"float\000"
 761      7400
 762              	.LASF1:
 763 0051 756E7369 		.ascii	"unsigned char\000"
 763      676E6564 
 763      20636861 
 763      7200
 764              	.LASF28:
 765 005f 433A5C55 		.ascii	"C:\\Users\\Anders\\Desktop\\HellYaeh\\E4PRJ4-Gruppe"
 765      73657273 
 765      5C416E64 
 765      6572735C 
 765      4465736B 
 766 008d 315C5265 		.ascii	"1\\Retning med mus\\version_01.cydsn\000"
 766      746E696E 
 766      67206D65 
 766      64206D75 
 766      735C7665 
 767              	.LASF5:
 768 00b0 6C6F6E67 		.ascii	"long unsigned int\000"
 768      20756E73 
 768      69676E65 
 768      6420696E 
 768      7400
ARM GAS  C:\Users\Anders\AppData\Local\Temp\cct29QxP.s 			page 16


 769              	.LASF3:
 770 00c2 73686F72 		.ascii	"short unsigned int\000"
 770      7420756E 
 770      7369676E 
 770      65642069 
 770      6E7400
 771              	.LASF19:
 772 00d5 49544D5F 		.ascii	"ITM_RxBuffer\000"
 772      52784275 
 772      66666572 
 772      00
 773              	.LASF25:
 774 00e2 50574D46 		.ascii	"PWMF2_Stop\000"
 774      325F5374 
 774      6F7000
 775              	.LASF27:
 776 00ed 73746565 		.ascii	"steer.c\000"
 776      722E6300 
 777              	.LASF26:
 778 00f5 474E5520 		.ascii	"GNU C 4.9.3 20150303 (release) [ARM/embedded-4_9-br"
 778      4320342E 
 778      392E3320 
 778      32303135 
 778      30333033 
 779 0128 616E6368 		.ascii	"anch revision 221220] -mcpu=cortex-m3 -mthumb -g -O"
 779      20726576 
 779      6973696F 
 779      6E203232 
 779      31323230 
 780 015b 67202D66 		.ascii	"g -ffunction-sections -ffat-lto-objects\000"
 780      66756E63 
 780      74696F6E 
 780      2D736563 
 780      74696F6E 
 781              	.LASF8:
 782 0183 756E7369 		.ascii	"unsigned int\000"
 782      676E6564 
 782      20696E74 
 782      00
 783              	.LASF7:
 784 0190 6C6F6E67 		.ascii	"long long unsigned int\000"
 784      206C6F6E 
 784      6720756E 
 784      7369676E 
 784      65642069 
 785              	.LASF29:
 786 01a7 73746565 		.ascii	"steer\000"
 786      7200
 787              	.LASF10:
 788 01ad 696E7433 		.ascii	"int32_t\000"
 788      325F7400 
 789              	.LASF15:
 790 01b5 73697A65 		.ascii	"sizetype\000"
 790      74797065 
 790      00
 791              	.LASF6:
 792 01be 6C6F6E67 		.ascii	"long long int\000"
ARM GAS  C:\Users\Anders\AppData\Local\Temp\cct29QxP.s 			page 17


 792      206C6F6E 
 792      6720696E 
 792      7400
 793              	.LASF14:
 794 01cc 63686172 		.ascii	"char\000"
 794      00
 795              	.LASF23:
 796 01d1 50574D46 		.ascii	"PWMF1_Stop\000"
 796      315F5374 
 796      6F7000
 797              	.LASF2:
 798 01dc 73686F72 		.ascii	"short int\000"
 798      7420696E 
 798      7400
 799              	.LASF30:
 800 01e6 436F756E 		.ascii	"CounterF_ReadCounter\000"
 800      74657246 
 800      5F526561 
 800      64436F75 
 800      6E746572 
 801              	.LASF11:
 802 01fb 75696E74 		.ascii	"uint8\000"
 802      3800
 803              	.LASF4:
 804 0201 6C6F6E67 		.ascii	"long int\000"
 804      20696E74 
 804      00
 805              	.LASF0:
 806 020a 7369676E 		.ascii	"signed char\000"
 806      65642063 
 806      68617200 
 807              	.LASF31:
 808 0216 4469725F 		.ascii	"Dir_stepF_Write\000"
 808      73746570 
 808      465F5772 
 808      69746500 
 809              		.ident	"GCC: (GNU Tools for ARM Embedded Processors) 4.9.3 20150303 (release) [ARM/embedded-4_9-br
