--------------- Build Started: 11/19/2016 14:51:16 Project: I2C_Slave_prog, Configuration: ARM GCC 4.9-2015-q1-update Debug ---------------
cydsfit.exe -.appdatapath "C:\Users\Anders\AppData\Local\Cypress Semiconductor\PSoC Creator\4.0" -.fdsnotice -.fdswarpdepfile=warp_dependencies.txt -.fdselabdepfile=elab_dependencies.txt -.fdsbldfile=generated_files.txt -.fdsreffile=referenced_files.txt -p "C:\Users\Anders\Desktop\Projekt 4. semester\E4PRJ4-Gruppe1\Retnings og fremdrifts enhed version psoc 5\Retning_psoc_5\I2C_Slave_prog.cydsn\I2C_Slave_prog.cyprj" -d CY8C5868LTI-LP039 -s "C:\Users\Anders\Desktop\Projekt 4. semester\E4PRJ4-Gruppe1\Retnings og fremdrifts enhed version psoc 5\Retning_psoc_5\I2C_Slave_prog.cydsn\Generated_Source\PSoC5" -- -yv2 -q10 -ygs -o2 -v3 -.fftcfgtype=LE
Elaborating Design...
HDL Generation...
Synthesis...
Tech Mapping...
Analog Placement...
Analog Routing...
Analog Code Generation...
Digital Placement...
Digital Routing...
Bitstream Generation...
Bitstream Verification...
Static timing analysis...
API Generation...
Dependency Generation...
Cleanup...
arm-none-eabi-gcc.exe -mcpu=cortex-m3 -mthumb -I. -IGenerated_Source\PSoC5 -Wa,-alh=.\CortexM3\ARM_GCC_493\Debug/main.lst -g -D DEBUG -Wall -ffunction-sections -Og -ffat-lto-objects -c main.c -o .\CortexM3\ARM_GCC_493\Debug\main.o
arm-none-eabi-gcc.exe -mcpu=cortex-m3 -mthumb -I. -IGenerated_Source\PSoC5 -Wa,-alh=.\CortexM3\ARM_GCC_493\Debug/run_back.lst -g -D DEBUG -Wall -ffunction-sections -Og -ffat-lto-objects -c run_back.c -o .\CortexM3\ARM_GCC_493\Debug\run_back.o
arm-none-eabi-gcc.exe -mcpu=cortex-m3 -mthumb -I. -IGenerated_Source\PSoC5 -Wa,-alh=.\CortexM3\ARM_GCC_493\Debug/run_front.lst -g -D DEBUG -Wall -ffunction-sections -Og -ffat-lto-objects -c run_front.c -o .\CortexM3\ARM_GCC_493\Debug\run_front.o
arm-none-eabi-gcc.exe -mcpu=cortex-m3 -mthumb -I. -IGenerated_Source\PSoC5 -Wa,-alh=.\CortexM3\ARM_GCC_493\Debug/cyfitter_cfg.lst -g -D DEBUG -Wall -ffunction-sections -Og -ffat-lto-objects -c Generated_Source\PSoC5\cyfitter_cfg.c -o .\CortexM3\ARM_GCC_493\Debug\cyfitter_cfg.o
arm-none-eabi-gcc.exe -mcpu=cortex-m3 -mthumb -I. -IGenerated_Source\PSoC5 -Wa,-alh=.\CortexM3\ARM_GCC_493\Debug/cymetadata.lst -g -D DEBUG -Wall -ffunction-sections -Og -ffat-lto-objects -c Generated_Source\PSoC5\cymetadata.c -o .\CortexM3\ARM_GCC_493\Debug\cymetadata.o
arm-none-eabi-gcc.exe -mcpu=cortex-m3 -mthumb -I. -IGenerated_Source\PSoC5 -Wa,-alh=.\CortexM3\ARM_GCC_493\Debug/State_1_CtrlReg_Run.lst -g -D DEBUG -Wall -ffunction-sections -Og -ffat-lto-objects -c Generated_Source\PSoC5\State_1_CtrlReg_Run.c -o .\CortexM3\ARM_GCC_493\Debug\State_1_CtrlReg_Run.o
arm-none-eabi-gcc.exe -mcpu=cortex-m3 -mthumb -I. -IGenerated_Source\PSoC5 -Wa,-alh=.\CortexM3\ARM_GCC_493\Debug/State_1_CtrlReg_Run_PM.lst -g -D DEBUG -Wall -ffunction-sections -Og -ffat-lto-objects -c Generated_Source\PSoC5\State_1_CtrlReg_Run_PM.c -o .\CortexM3\ARM_GCC_493\Debug\State_1_CtrlReg_Run_PM.o
arm-none-eabi-gcc.exe -mcpu=cortex-m3 -mthumb -I. -IGenerated_Source\PSoC5 -Wa,-alh=.\CortexM3\ARM_GCC_493\Debug/State_1_CtrlReg_Dir.lst -g -D DEBUG -Wall -ffunction-sections -Og -ffat-lto-objects -c Generated_Source\PSoC5\State_1_CtrlReg_Dir.c -o .\CortexM3\ARM_GCC_493\Debug\State_1_CtrlReg_Dir.o
arm-none-eabi-gcc.exe -mcpu=cortex-m3 -mthumb -I. -IGenerated_Source\PSoC5 -Wa,-alh=.\CortexM3\ARM_GCC_493\Debug/State_1_CtrlReg_Dir_PM.lst -g -D DEBUG -Wall -ffunction-sections -Og -ffat-lto-objects -c Generated_Source\PSoC5\State_1_CtrlReg_Dir_PM.c -o .\CortexM3\ARM_GCC_493\Debug\State_1_CtrlReg_Dir_PM.o
arm-none-eabi-gcc.exe -mcpu=cortex-m3 -mthumb -I. -IGenerated_Source\PSoC5 -Wa,-alh=.\CortexM3\ARM_GCC_493\Debug/Clock_1.lst -g -D DEBUG -Wall -ffunction-sections -Og -ffat-lto-objects -c Generated_Source\PSoC5\Clock_1.c -o .\CortexM3\ARM_GCC_493\Debug\Clock_1.o
arm-none-eabi-gcc.exe -mcpu=cortex-m3 -mthumb -I. -IGenerated_Source\PSoC5 -Wa,-alh=.\CortexM3\ARM_GCC_493\Debug/SDA_1.lst -g -D DEBUG -Wall -ffunction-sections -Og -ffat-lto-objects -c Generated_Source\PSoC5\SDA_1.c -o .\CortexM3\ARM_GCC_493\Debug\SDA_1.o
arm-none-eabi-gcc.exe -mcpu=cortex-m3 -mthumb -I. -IGenerated_Source\PSoC5 -Wa,-alh=.\CortexM3\ARM_GCC_493\Debug/SCL_1.lst -g -D DEBUG -Wall -ffunction-sections -Og -ffat-lto-objects -c Generated_Source\PSoC5\SCL_1.c -o .\CortexM3\ARM_GCC_493\Debug\SCL_1.o
arm-none-eabi-gcc.exe -mcpu=cortex-m3 -mthumb -I. -IGenerated_Source\PSoC5 -Wa,-alh=.\CortexM3\ARM_GCC_493\Debug/I2CS.lst -g -D DEBUG -Wall -ffunction-sections -Og -ffat-lto-objects -c Generated_Source\PSoC5\I2CS.c -o .\CortexM3\ARM_GCC_493\Debug\I2CS.o
arm-none-eabi-gcc.exe -mcpu=cortex-m3 -mthumb -I. -IGenerated_Source\PSoC5 -Wa,-alh=.\CortexM3\ARM_GCC_493\Debug/I2CS_BOOT.lst -g -D DEBUG -Wall -ffunction-sections -Og -ffat-lto-objects -c Generated_Source\PSoC5\I2CS_BOOT.c -o .\CortexM3\ARM_GCC_493\Debug\I2CS_BOOT.o
arm-none-eabi-gcc.exe -mcpu=cortex-m3 -mthumb -I. -IGenerated_Source\PSoC5 -Wa,-alh=.\CortexM3\ARM_GCC_493\Debug/I2CS_INT.lst -g -D DEBUG -Wall -ffunction-sections -Og -ffat-lto-objects -c Generated_Source\PSoC5\I2CS_INT.c -o .\CortexM3\ARM_GCC_493\Debug\I2CS_INT.o
arm-none-eabi-gcc.exe -mcpu=cortex-m3 -mthumb -I. -IGenerated_Source\PSoC5 -Wa,-alh=.\CortexM3\ARM_GCC_493\Debug/I2CS_PM.lst -g -D DEBUG -Wall -ffunction-sections -Og -ffat-lto-objects -c Generated_Source\PSoC5\I2CS_PM.c -o .\CortexM3\ARM_GCC_493\Debug\I2CS_PM.o
arm-none-eabi-gcc.exe -mcpu=cortex-m3 -mthumb -I. -IGenerated_Source\PSoC5 -Wa,-alh=.\CortexM3\ARM_GCC_493\Debug/I2CS_SLAVE.lst -g -D DEBUG -Wall -ffunction-sections -Og -ffat-lto-objects -c Generated_Source\PSoC5\I2CS_SLAVE.c -o .\CortexM3\ARM_GCC_493\Debug\I2CS_SLAVE.o
arm-none-eabi-gcc.exe -mcpu=cortex-m3 -mthumb -I. -IGenerated_Source\PSoC5 -Wa,-alh=.\CortexM3\ARM_GCC_493\Debug/I2CS_MASTER.lst -g -D DEBUG -Wall -ffunction-sections -Og -ffat-lto-objects -c Generated_Source\PSoC5\I2CS_MASTER.c -o .\CortexM3\ARM_GCC_493\Debug\I2CS_MASTER.o
arm-none-eabi-gcc.exe -mcpu=cortex-m3 -mthumb -I. -IGenerated_Source\PSoC5 -Wa,-alh=.\CortexM3\ARM_GCC_493\Debug/A.lst -g -D DEBUG -Wall -ffunction-sections -Og -ffat-lto-objects -c Generated_Source\PSoC5\A.c -o .\CortexM3\ARM_GCC_493\Debug\A.o
arm-none-eabi-gcc.exe -mcpu=cortex-m3 -mthumb -I. -IGenerated_Source\PSoC5 -Wa,-alh=.\CortexM3\ARM_GCC_493\Debug/B.lst -g -D DEBUG -Wall -ffunction-sections -Og -ffat-lto-objects -c Generated_Source\PSoC5\B.c -o .\CortexM3\ARM_GCC_493\Debug\B.o
arm-none-eabi-gcc.exe -mcpu=cortex-m3 -mthumb -I. -IGenerated_Source\PSoC5 -Wa,-alh=.\CortexM3\ARM_GCC_493\Debug/C.lst -g -D DEBUG -Wall -ffunction-sections -Og -ffat-lto-objects -c Generated_Source\PSoC5\C.c -o .\CortexM3\ARM_GCC_493\Debug\C.o
arm-none-eabi-gcc.exe -mcpu=cortex-m3 -mthumb -I. -IGenerated_Source\PSoC5 -Wa,-alh=.\CortexM3\ARM_GCC_493\Debug/D.lst -g -D DEBUG -Wall -ffunction-sections -Og -ffat-lto-objects -c Generated_Source\PSoC5\D.c -o .\CortexM3\ARM_GCC_493\Debug\D.o
arm-none-eabi-gcc.exe -mcpu=cortex-m3 -mthumb -I. -IGenerated_Source\PSoC5 -Wa,-alh=.\CortexM3\ARM_GCC_493\Debug/Cm3Start.lst -g -D DEBUG -Wall -ffunction-sections -Og -ffat-lto-objects -c Generated_Source\PSoC5\Cm3Start.c -o .\CortexM3\ARM_GCC_493\Debug\Cm3Start.o
arm-none-eabi-gcc.exe -mcpu=cortex-m3 -mthumb -I. -IGenerated_Source\PSoC5 -Wa,-alh=.\CortexM3\ARM_GCC_493\Debug/CyDmac.lst -g -D DEBUG -Wall -ffunction-sections -Og -ffat-lto-objects -c Generated_Source\PSoC5\CyDmac.c -o .\CortexM3\ARM_GCC_493\Debug\CyDmac.o
arm-none-eabi-gcc.exe -mcpu=cortex-m3 -mthumb -I. -IGenerated_Source\PSoC5 -Wa,-alh=.\CortexM3\ARM_GCC_493\Debug/CyFlash.lst -g -D DEBUG -Wall -ffunction-sections -Og -ffat-lto-objects -c Generated_Source\PSoC5\CyFlash.c -o .\CortexM3\ARM_GCC_493\Debug\CyFlash.o
arm-none-eabi-gcc.exe -mcpu=cortex-m3 -mthumb -I. -IGenerated_Source\PSoC5 -Wa,-alh=.\CortexM3\ARM_GCC_493\Debug/CyLib.lst -g -D DEBUG -Wall -ffunction-sections -Og -ffat-lto-objects -c Generated_Source\PSoC5\CyLib.c -o .\CortexM3\ARM_GCC_493\Debug\CyLib.o
arm-none-eabi-gcc.exe -mcpu=cortex-m3 -mthumb -I. -IGenerated_Source\PSoC5 -Wa,-alh=.\CortexM3\ARM_GCC_493\Debug/cyPm.lst -g -D DEBUG -Wall -ffunction-sections -Og -ffat-lto-objects -c Generated_Source\PSoC5\cyPm.c -o .\CortexM3\ARM_GCC_493\Debug\cyPm.o
arm-none-eabi-gcc.exe -mcpu=cortex-m3 -mthumb -I. -IGenerated_Source\PSoC5 -Wa,-alh=.\CortexM3\ARM_GCC_493\Debug/CySpc.lst -g -D DEBUG -Wall -ffunction-sections -Og -ffat-lto-objects -c Generated_Source\PSoC5\CySpc.c -o .\CortexM3\ARM_GCC_493\Debug\CySpc.o
arm-none-eabi-gcc.exe -mcpu=cortex-m3 -mthumb -I. -IGenerated_Source\PSoC5 -Wa,-alh=.\CortexM3\ARM_GCC_493\Debug/cyutils.lst -g -D DEBUG -Wall -ffunction-sections -Og -ffat-lto-objects -c Generated_Source\PSoC5\cyutils.c -o .\CortexM3\ARM_GCC_493\Debug\cyutils.o
arm-none-eabi-gcc.exe -mcpu=cortex-m3 -mthumb -I. -IGenerated_Source\PSoC5 -Wa,-alh=.\CortexM3\ARM_GCC_493\Debug/State_CtrlReg_Run.lst -g -D DEBUG -Wall -ffunction-sections -Og -ffat-lto-objects -c Generated_Source\PSoC5\State_CtrlReg_Run.c -o .\CortexM3\ARM_GCC_493\Debug\State_CtrlReg_Run.o
arm-none-eabi-gcc.exe -mcpu=cortex-m3 -mthumb -I. -IGenerated_Source\PSoC5 -Wa,-alh=.\CortexM3\ARM_GCC_493\Debug/State_CtrlReg_Run_PM.lst -g -D DEBUG -Wall -ffunction-sections -Og -ffat-lto-objects -c Generated_Source\PSoC5\State_CtrlReg_Run_PM.c -o .\CortexM3\ARM_GCC_493\Debug\State_CtrlReg_Run_PM.o
arm-none-eabi-gcc.exe -mcpu=cortex-m3 -mthumb -I. -IGenerated_Source\PSoC5 -Wa,-alh=.\CortexM3\ARM_GCC_493\Debug/State_CtrlReg_Dir.lst -g -D DEBUG -Wall -ffunction-sections -Og -ffat-lto-objects -c Generated_Source\PSoC5\State_CtrlReg_Dir.c -o .\CortexM3\ARM_GCC_493\Debug\State_CtrlReg_Dir.o
arm-none-eabi-gcc.exe -mcpu=cortex-m3 -mthumb -I. -IGenerated_Source\PSoC5 -Wa,-alh=.\CortexM3\ARM_GCC_493\Debug/State_CtrlReg_Dir_PM.lst -g -D DEBUG -Wall -ffunction-sections -Og -ffat-lto-objects -c Generated_Source\PSoC5\State_CtrlReg_Dir_PM.c -o .\CortexM3\ARM_GCC_493\Debug\State_CtrlReg_Dir_PM.o
arm-none-eabi-gcc.exe -mcpu=cortex-m3 -mthumb -I. -IGenerated_Source\PSoC5 -Wa,-alh=.\CortexM3\ARM_GCC_493\Debug/PWM_1.lst -g -D DEBUG -Wall -ffunction-sections -Og -ffat-lto-objects -c Generated_Source\PSoC5\PWM_1.c -o .\CortexM3\ARM_GCC_493\Debug\PWM_1.o
arm-none-eabi-gcc.exe -mcpu=cortex-m3 -mthumb -I. -IGenerated_Source\PSoC5 -Wa,-alh=.\CortexM3\ARM_GCC_493\Debug/PWM_1_PM.lst -g -D DEBUG -Wall -ffunction-sections -Og -ffat-lto-objects -c Generated_Source\PSoC5\PWM_1_PM.c -o .\CortexM3\ARM_GCC_493\Debug\PWM_1_PM.o
arm-none-eabi-gcc.exe -mcpu=cortex-m3 -mthumb -I. -IGenerated_Source\PSoC5 -Wa,-alh=.\CortexM3\ARM_GCC_493\Debug/State_2_CtrlReg_Run.lst -g -D DEBUG -Wall -ffunction-sections -Og -ffat-lto-objects -c Generated_Source\PSoC5\State_2_CtrlReg_Run.c -o .\CortexM3\ARM_GCC_493\Debug\State_2_CtrlReg_Run.o
arm-none-eabi-gcc.exe -mcpu=cortex-m3 -mthumb -I. -IGenerated_Source\PSoC5 -Wa,-alh=.\CortexM3\ARM_GCC_493\Debug/State_2_CtrlReg_Run_PM.lst -g -D DEBUG -Wall -ffunction-sections -Og -ffat-lto-objects -c Generated_Source\PSoC5\State_2_CtrlReg_Run_PM.c -o .\CortexM3\ARM_GCC_493\Debug\State_2_CtrlReg_Run_PM.o
arm-none-eabi-gcc.exe -mcpu=cortex-m3 -mthumb -I. -IGenerated_Source\PSoC5 -Wa,-alh=.\CortexM3\ARM_GCC_493\Debug/State_2_CtrlReg_Dir.lst -g -D DEBUG -Wall -ffunction-sections -Og -ffat-lto-objects -c Generated_Source\PSoC5\State_2_CtrlReg_Dir.c -o .\CortexM3\ARM_GCC_493\Debug\State_2_CtrlReg_Dir.o
arm-none-eabi-gcc.exe -mcpu=cortex-m3 -mthumb -I. -IGenerated_Source\PSoC5 -Wa,-alh=.\CortexM3\ARM_GCC_493\Debug/State_2_CtrlReg_Dir_PM.lst -g -D DEBUG -Wall -ffunction-sections -Og -ffat-lto-objects -c Generated_Source\PSoC5\State_2_CtrlReg_Dir_PM.c -o .\CortexM3\ARM_GCC_493\Debug\State_2_CtrlReg_Dir_PM.o
arm-none-eabi-gcc.exe -mcpu=cortex-m3 -mthumb -I. -IGenerated_Source\PSoC5 -Wa,-alh=.\CortexM3\ARM_GCC_493\Debug/State_3_CtrlReg_Run.lst -g -D DEBUG -Wall -ffunction-sections -Og -ffat-lto-objects -c Generated_Source\PSoC5\State_3_CtrlReg_Run.c -o .\CortexM3\ARM_GCC_493\Debug\State_3_CtrlReg_Run.o
arm-none-eabi-gcc.exe -mcpu=cortex-m3 -mthumb -I. -IGenerated_Source\PSoC5 -Wa,-alh=.\CortexM3\ARM_GCC_493\Debug/State_3_CtrlReg_Run_PM.lst -g -D DEBUG -Wall -ffunction-sections -Og -ffat-lto-objects -c Generated_Source\PSoC5\State_3_CtrlReg_Run_PM.c -o .\CortexM3\ARM_GCC_493\Debug\State_3_CtrlReg_Run_PM.o
arm-none-eabi-gcc.exe -mcpu=cortex-m3 -mthumb -I. -IGenerated_Source\PSoC5 -Wa,-alh=.\CortexM3\ARM_GCC_493\Debug/State_3_CtrlReg_Dir.lst -g -D DEBUG -Wall -ffunction-sections -Og -ffat-lto-objects -c Generated_Source\PSoC5\State_3_CtrlReg_Dir.c -o .\CortexM3\ARM_GCC_493\Debug\State_3_CtrlReg_Dir.o
arm-none-eabi-gcc.exe -mcpu=cortex-m3 -mthumb -I. -IGenerated_Source\PSoC5 -Wa,-alh=.\CortexM3\ARM_GCC_493\Debug/State_3_CtrlReg_Dir_PM.lst -g -D DEBUG -Wall -ffunction-sections -Og -ffat-lto-objects -c Generated_Source\PSoC5\State_3_CtrlReg_Dir_PM.c -o .\CortexM3\ARM_GCC_493\Debug\State_3_CtrlReg_Dir_PM.o
arm-none-eabi-gcc.exe -mcpu=cortex-m3 -mthumb -I. -IGenerated_Source\PSoC5 -Wa,-alh=.\CortexM3\ARM_GCC_493\Debug/State_4_CtrlReg_Run.lst -g -D DEBUG -Wall -ffunction-sections -Og -ffat-lto-objects -c Generated_Source\PSoC5\State_4_CtrlReg_Run.c -o .\CortexM3\ARM_GCC_493\Debug\State_4_CtrlReg_Run.o
arm-none-eabi-gcc.exe -mcpu=cortex-m3 -mthumb -I. -IGenerated_Source\PSoC5 -Wa,-alh=.\CortexM3\ARM_GCC_493\Debug/State_4_CtrlReg_Run_PM.lst -g -D DEBUG -Wall -ffunction-sections -Og -ffat-lto-objects -c Generated_Source\PSoC5\State_4_CtrlReg_Run_PM.c -o .\CortexM3\ARM_GCC_493\Debug\State_4_CtrlReg_Run_PM.o
arm-none-eabi-gcc.exe -mcpu=cortex-m3 -mthumb -I. -IGenerated_Source\PSoC5 -Wa,-alh=.\CortexM3\ARM_GCC_493\Debug/State_4_CtrlReg_Dir.lst -g -D DEBUG -Wall -ffunction-sections -Og -ffat-lto-objects -c Generated_Source\PSoC5\State_4_CtrlReg_Dir.c -o .\CortexM3\ARM_GCC_493\Debug\State_4_CtrlReg_Dir.o
arm-none-eabi-gcc.exe -mcpu=cortex-m3 -mthumb -I. -IGenerated_Source\PSoC5 -Wa,-alh=.\CortexM3\ARM_GCC_493\Debug/State_4_CtrlReg_Dir_PM.lst -g -D DEBUG -Wall -ffunction-sections -Og -ffat-lto-objects -c Generated_Source\PSoC5\State_4_CtrlReg_Dir_PM.c -o .\CortexM3\ARM_GCC_493\Debug\State_4_CtrlReg_Dir_PM.o
arm-none-eabi-gcc.exe -mcpu=cortex-m3 -mthumb -I. -IGenerated_Source\PSoC5 -Wa,-alh=.\CortexM3\ARM_GCC_493\Debug/State_5_CtrlReg_Run.lst -g -D DEBUG -Wall -ffunction-sections -Og -ffat-lto-objects -c Generated_Source\PSoC5\State_5_CtrlReg_Run.c -o .\CortexM3\ARM_GCC_493\Debug\State_5_CtrlReg_Run.o
arm-none-eabi-gcc.exe -mcpu=cortex-m3 -mthumb -I. -IGenerated_Source\PSoC5 -Wa,-alh=.\CortexM3\ARM_GCC_493\Debug/State_5_CtrlReg_Run_PM.lst -g -D DEBUG -Wall -ffunction-sections -Og -ffat-lto-objects -c Generated_Source\PSoC5\State_5_CtrlReg_Run_PM.c -o .\CortexM3\ARM_GCC_493\Debug\State_5_CtrlReg_Run_PM.o
arm-none-eabi-gcc.exe -mcpu=cortex-m3 -mthumb -I. -IGenerated_Source\PSoC5 -Wa,-alh=.\CortexM3\ARM_GCC_493\Debug/State_5_CtrlReg_Dir.lst -g -D DEBUG -Wall -ffunction-sections -Og -ffat-lto-objects -c Generated_Source\PSoC5\State_5_CtrlReg_Dir.c -o .\CortexM3\ARM_GCC_493\Debug\State_5_CtrlReg_Dir.o
arm-none-eabi-gcc.exe -mcpu=cortex-m3 -mthumb -I. -IGenerated_Source\PSoC5 -Wa,-alh=.\CortexM3\ARM_GCC_493\Debug/State_5_CtrlReg_Dir_PM.lst -g -D DEBUG -Wall -ffunction-sections -Og -ffat-lto-objects -c Generated_Source\PSoC5\State_5_CtrlReg_Dir_PM.c -o .\CortexM3\ARM_GCC_493\Debug\State_5_CtrlReg_Dir_PM.o
arm-none-eabi-gcc.exe -mcpu=cortex-m3 -mthumb -I. -IGenerated_Source\PSoC5 -Wa,-alh=.\CortexM3\ARM_GCC_493\Debug/State_6_CtrlReg_Run.lst -g -D DEBUG -Wall -ffunction-sections -Og -ffat-lto-objects -c Generated_Source\PSoC5\State_6_CtrlReg_Run.c -o .\CortexM3\ARM_GCC_493\Debug\State_6_CtrlReg_Run.o
arm-none-eabi-gcc.exe -mcpu=cortex-m3 -mthumb -I. -IGenerated_Source\PSoC5 -Wa,-alh=.\CortexM3\ARM_GCC_493\Debug/State_6_CtrlReg_Run_PM.lst -g -D DEBUG -Wall -ffunction-sections -Og -ffat-lto-objects -c Generated_Source\PSoC5\State_6_CtrlReg_Run_PM.c -o .\CortexM3\ARM_GCC_493\Debug\State_6_CtrlReg_Run_PM.o
arm-none-eabi-gcc.exe -mcpu=cortex-m3 -mthumb -I. -IGenerated_Source\PSoC5 -Wa,-alh=.\CortexM3\ARM_GCC_493\Debug/State_6_CtrlReg_Dir.lst -g -D DEBUG -Wall -ffunction-sections -Og -ffat-lto-objects -c Generated_Source\PSoC5\State_6_CtrlReg_Dir.c -o .\CortexM3\ARM_GCC_493\Debug\State_6_CtrlReg_Dir.o
arm-none-eabi-gcc.exe -mcpu=cortex-m3 -mthumb -I. -IGenerated_Source\PSoC5 -Wa,-alh=.\CortexM3\ARM_GCC_493\Debug/State_6_CtrlReg_Dir_PM.lst -g -D DEBUG -Wall -ffunction-sections -Og -ffat-lto-objects -c Generated_Source\PSoC5\State_6_CtrlReg_Dir_PM.c -o .\CortexM3\ARM_GCC_493\Debug\State_6_CtrlReg_Dir_PM.o
arm-none-eabi-gcc.exe -mcpu=cortex-m3 -mthumb -I. -IGenerated_Source\PSoC5 -Wa,-alh=.\CortexM3\ARM_GCC_493\Debug/State_7_CtrlReg_Run.lst -g -D DEBUG -Wall -ffunction-sections -Og -ffat-lto-objects -c Generated_Source\PSoC5\State_7_CtrlReg_Run.c -o .\CortexM3\ARM_GCC_493\Debug\State_7_CtrlReg_Run.o
arm-none-eabi-gcc.exe -mcpu=cortex-m3 -mthumb -I. -IGenerated_Source\PSoC5 -Wa,-alh=.\CortexM3\ARM_GCC_493\Debug/State_7_CtrlReg_Run_PM.lst -g -D DEBUG -Wall -ffunction-sections -Og -ffat-lto-objects -c Generated_Source\PSoC5\State_7_CtrlReg_Run_PM.c -o .\CortexM3\ARM_GCC_493\Debug\State_7_CtrlReg_Run_PM.o
arm-none-eabi-gcc.exe -mcpu=cortex-m3 -mthumb -I. -IGenerated_Source\PSoC5 -Wa,-alh=.\CortexM3\ARM_GCC_493\Debug/State_7_CtrlReg_Dir.lst -g -D DEBUG -Wall -ffunction-sections -Og -ffat-lto-objects -c Generated_Source\PSoC5\State_7_CtrlReg_Dir.c -o .\CortexM3\ARM_GCC_493\Debug\State_7_CtrlReg_Dir.o
arm-none-eabi-gcc.exe -mcpu=cortex-m3 -mthumb -I. -IGenerated_Source\PSoC5 -Wa,-alh=.\CortexM3\ARM_GCC_493\Debug/State_7_CtrlReg_Dir_PM.lst -g -D DEBUG -Wall -ffunction-sections -Og -ffat-lto-objects -c Generated_Source\PSoC5\State_7_CtrlReg_Dir_PM.c -o .\CortexM3\ARM_GCC_493\Debug\State_7_CtrlReg_Dir_PM.o
arm-none-eabi-gcc.exe -mcpu=cortex-m3 -mthumb -I. -IGenerated_Source\PSoC5 -Wa,-alh=.\CortexM3\ARM_GCC_493\Debug/State_8_CtrlReg_Run.lst -g -D DEBUG -Wall -ffunction-sections -Og -ffat-lto-objects -c Generated_Source\PSoC5\State_8_CtrlReg_Run.c -o .\CortexM3\ARM_GCC_493\Debug\State_8_CtrlReg_Run.o
arm-none-eabi-gcc.exe -mcpu=cortex-m3 -mthumb -I. -IGenerated_Source\PSoC5 -Wa,-alh=.\CortexM3\ARM_GCC_493\Debug/State_8_CtrlReg_Run_PM.lst -g -D DEBUG -Wall -ffunction-sections -Og -ffat-lto-objects -c Generated_Source\PSoC5\State_8_CtrlReg_Run_PM.c -o .\CortexM3\ARM_GCC_493\Debug\State_8_CtrlReg_Run_PM.o
arm-none-eabi-gcc.exe -mcpu=cortex-m3 -mthumb -I. -IGenerated_Source\PSoC5 -Wa,-alh=.\CortexM3\ARM_GCC_493\Debug/State_8_CtrlReg_Dir.lst -g -D DEBUG -Wall -ffunction-sections -Og -ffat-lto-objects -c Generated_Source\PSoC5\State_8_CtrlReg_Dir.c -o .\CortexM3\ARM_GCC_493\Debug\State_8_CtrlReg_Dir.o
arm-none-eabi-gcc.exe -mcpu=cortex-m3 -mthumb -I. -IGenerated_Source\PSoC5 -Wa,-alh=.\CortexM3\ARM_GCC_493\Debug/State_8_CtrlReg_Dir_PM.lst -g -D DEBUG -Wall -ffunction-sections -Og -ffat-lto-objects -c Generated_Source\PSoC5\State_8_CtrlReg_Dir_PM.c -o .\CortexM3\ARM_GCC_493\Debug\State_8_CtrlReg_Dir_PM.o
arm-none-eabi-gcc.exe -mcpu=cortex-m3 -mthumb -I. -IGenerated_Source\PSoC5 -Wa,-alh=.\CortexM3\ARM_GCC_493\Debug/State_9_CtrlReg_Run.lst -g -D DEBUG -Wall -ffunction-sections -Og -ffat-lto-objects -c Generated_Source\PSoC5\State_9_CtrlReg_Run.c -o .\CortexM3\ARM_GCC_493\Debug\State_9_CtrlReg_Run.o
arm-none-eabi-gcc.exe -mcpu=cortex-m3 -mthumb -I. -IGenerated_Source\PSoC5 -Wa,-alh=.\CortexM3\ARM_GCC_493\Debug/State_9_CtrlReg_Run_PM.lst -g -D DEBUG -Wall -ffunction-sections -Og -ffat-lto-objects -c Generated_Source\PSoC5\State_9_CtrlReg_Run_PM.c -o .\CortexM3\ARM_GCC_493\Debug\State_9_CtrlReg_Run_PM.o
arm-none-eabi-gcc.exe -mcpu=cortex-m3 -mthumb -I. -IGenerated_Source\PSoC5 -Wa,-alh=.\CortexM3\ARM_GCC_493\Debug/State_9_CtrlReg_Dir.lst -g -D DEBUG -Wall -ffunction-sections -Og -ffat-lto-objects -c Generated_Source\PSoC5\State_9_CtrlReg_Dir.c -o .\CortexM3\ARM_GCC_493\Debug\State_9_CtrlReg_Dir.o
arm-none-eabi-gcc.exe -mcpu=cortex-m3 -mthumb -I. -IGenerated_Source\PSoC5 -Wa,-alh=.\CortexM3\ARM_GCC_493\Debug/State_9_CtrlReg_Dir_PM.lst -g -D DEBUG -Wall -ffunction-sections -Og -ffat-lto-objects -c Generated_Source\PSoC5\State_9_CtrlReg_Dir_PM.c -o .\CortexM3\ARM_GCC_493\Debug\State_9_CtrlReg_Dir_PM.o
arm-none-eabi-gcc.exe -mcpu=cortex-m3 -mthumb -I. -IGenerated_Source\PSoC5 -Wa,-alh=.\CortexM3\ARM_GCC_493\Debug/State_10_CtrlReg_Run.lst -g -D DEBUG -Wall -ffunction-sections -Og -ffat-lto-objects -c Generated_Source\PSoC5\State_10_CtrlReg_Run.c -o .\CortexM3\ARM_GCC_493\Debug\State_10_CtrlReg_Run.o
arm-none-eabi-gcc.exe -mcpu=cortex-m3 -mthumb -I. -IGenerated_Source\PSoC5 -Wa,-alh=.\CortexM3\ARM_GCC_493\Debug/State_10_CtrlReg_Run_PM.lst -g -D DEBUG -Wall -ffunction-sections -Og -ffat-lto-objects -c Generated_Source\PSoC5\State_10_CtrlReg_Run_PM.c -o .\CortexM3\ARM_GCC_493\Debug\State_10_CtrlReg_Run_PM.o
arm-none-eabi-gcc.exe -mcpu=cortex-m3 -mthumb -I. -IGenerated_Source\PSoC5 -Wa,-alh=.\CortexM3\ARM_GCC_493\Debug/State_10_CtrlReg_Dir.lst -g -D DEBUG -Wall -ffunction-sections -Og -ffat-lto-objects -c Generated_Source\PSoC5\State_10_CtrlReg_Dir.c -o .\CortexM3\ARM_GCC_493\Debug\State_10_CtrlReg_Dir.o
arm-none-eabi-gcc.exe -mcpu=cortex-m3 -mthumb -I. -IGenerated_Source\PSoC5 -Wa,-alh=.\CortexM3\ARM_GCC_493\Debug/State_10_CtrlReg_Dir_PM.lst -g -D DEBUG -Wall -ffunction-sections -Og -ffat-lto-objects -c Generated_Source\PSoC5\State_10_CtrlReg_Dir_PM.c -o .\CortexM3\ARM_GCC_493\Debug\State_10_CtrlReg_Dir_PM.o
arm-none-eabi-as.exe -mcpu=cortex-m3 -mthumb -I. -IGenerated_Source\PSoC5 -alh=.\CortexM3\ARM_GCC_493\Debug/CyBootAsmGnu.lst -g -W -o .\CortexM3\ARM_GCC_493\Debug\CyBootAsmGnu.o Generated_Source\PSoC5\CyBootAsmGnu.s
arm-none-eabi-ar.exe -rs .\CortexM3\ARM_GCC_493\Debug\I2C_Slave_prog.a .\CortexM3\ARM_GCC_493\Debug\cyfitter_cfg.o .\CortexM3\ARM_GCC_493\Debug\State_1_CtrlReg_Run.o .\CortexM3\ARM_GCC_493\Debug\State_1_CtrlReg_Run_PM.o .\CortexM3\ARM_GCC_493\Debug\State_1_CtrlReg_Dir.o .\CortexM3\ARM_GCC_493\Debug\State_1_CtrlReg_Dir_PM.o .\CortexM3\ARM_GCC_493\Debug\Clock_1.o .\CortexM3\ARM_GCC_493\Debug\SDA_1.o .\CortexM3\ARM_GCC_493\Debug\SCL_1.o .\CortexM3\ARM_GCC_493\Debug\I2CS.o .\CortexM3\ARM_GCC_493\Debug\I2CS_BOOT.o .\CortexM3\ARM_GCC_493\Debug\I2CS_INT.o .\CortexM3\ARM_GCC_493\Debug\I2CS_PM.o .\CortexM3\ARM_GCC_493\Debug\I2CS_SLAVE.o .\CortexM3\ARM_GCC_493\Debug\I2CS_MASTER.o .\CortexM3\ARM_GCC_493\Debug\A.o .\CortexM3\ARM_GCC_493\Debug\B.o .\CortexM3\ARM_GCC_493\Debug\C.o .\CortexM3\ARM_GCC_493\Debug\D.o .\CortexM3\ARM_GCC_493\Debug\CyDmac.o .\CortexM3\ARM_GCC_493\Debug\CyFlash.o .\CortexM3\ARM_GCC_493\Debug\CyLib.o .\CortexM3\ARM_GCC_493\Debug\cyPm.o .\CortexM3\ARM_GCC_493\Debug\CySpc.o .\CortexM3\ARM_GCC_493\Debug\cyutils.o .\CortexM3\ARM_GCC_493\Debug\State_CtrlReg_Run.o .\CortexM3\ARM_GCC_493\Debug\State_CtrlReg_Run_PM.o .\CortexM3\ARM_GCC_493\Debug\State_CtrlReg_Dir.o .\CortexM3\ARM_GCC_493\Debug\State_CtrlReg_Dir_PM.o .\CortexM3\ARM_GCC_493\Debug\PWM_1.o .\CortexM3\ARM_GCC_493\Debug\PWM_1_PM.o .\CortexM3\ARM_GCC_493\Debug\State_2_CtrlReg_Run.o .\CortexM3\ARM_GCC_493\Debug\State_2_CtrlReg_Run_PM.o .\CortexM3\ARM_GCC_493\Debug\State_2_CtrlReg_Dir.o .\CortexM3\ARM_GCC_493\Debug\State_2_CtrlReg_Dir_PM.o .\CortexM3\ARM_GCC_493\Debug\State_3_CtrlReg_Run.o .\CortexM3\ARM_GCC_493\Debug\State_3_CtrlReg_Run_PM.o .\CortexM3\ARM_GCC_493\Debug\State_3_CtrlReg_Dir.o .\CortexM3\ARM_GCC_493\Debug\State_3_CtrlReg_Dir_PM.o .\CortexM3\ARM_GCC_493\Debug\State_4_CtrlReg_Run.o .\CortexM3\ARM_GCC_493\Debug\State_4_CtrlReg_Run_PM.o .\CortexM3\ARM_GCC_493\Debug\State_4_CtrlReg_Dir.o .\CortexM3\ARM_GCC_493\Debug\State_4_CtrlReg_Dir_PM.o .\CortexM3\ARM_GCC_493\Debug\State_5_CtrlReg_Run.o .\CortexM3\ARM_GCC_493\Debug\State_5_CtrlReg_Run_PM.o .\CortexM3\ARM_GCC_493\Debug\State_5_CtrlReg_Dir.o .\CortexM3\ARM_GCC_493\Debug\State_5_CtrlReg_Dir_PM.o .\CortexM3\ARM_GCC_493\Debug\State_6_CtrlReg_Run.o .\CortexM3\ARM_GCC_493\Debug\State_6_CtrlReg_Run_PM.o .\CortexM3\ARM_GCC_493\Debug\State_6_CtrlReg_Dir.o .\CortexM3\ARM_GCC_493\Debug\State_6_CtrlReg_Dir_PM.o .\CortexM3\ARM_GCC_493\Debug\State_7_CtrlReg_Run.o .\CortexM3\ARM_GCC_493\Debug\State_7_CtrlReg_Run_PM.o .\CortexM3\ARM_GCC_493\Debug\State_7_CtrlReg_Dir.o .\CortexM3\ARM_GCC_493\Debug\State_7_CtrlReg_Dir_PM.o .\CortexM3\ARM_GCC_493\Debug\State_8_CtrlReg_Run.o .\CortexM3\ARM_GCC_493\Debug\State_8_CtrlReg_Run_PM.o .\CortexM3\ARM_GCC_493\Debug\State_8_CtrlReg_Dir.o .\CortexM3\ARM_GCC_493\Debug\State_8_CtrlReg_Dir_PM.o .\CortexM3\ARM_GCC_493\Debug\State_9_CtrlReg_Run.o .\CortexM3\ARM_GCC_493\Debug\State_9_CtrlReg_Run_PM.o .\CortexM3\ARM_GCC_493\Debug\State_9_CtrlReg_Dir.o .\CortexM3\ARM_GCC_493\Debug\State_9_CtrlReg_Dir_PM.o .\CortexM3\ARM_GCC_493\Debug\State_10_CtrlReg_Run.o .\CortexM3\ARM_GCC_493\Debug\State_10_CtrlReg_Run_PM.o .\CortexM3\ARM_GCC_493\Debug\State_10_CtrlReg_Dir.o .\CortexM3\ARM_GCC_493\Debug\State_10_CtrlReg_Dir_PM.o .\CortexM3\ARM_GCC_493\Debug\CyBootAsmGnu.o
arm-none-eabi-ar.exe: creating .\CortexM3\ARM_GCC_493\Debug\I2C_Slave_prog.a
arm-none-eabi-gcc.exe -Wl,--start-group -o .\CortexM3\ARM_GCC_493\Debug\I2C_Slave_prog.elf .\CortexM3\ARM_GCC_493\Debug\main.o .\CortexM3\ARM_GCC_493\Debug\run_back.o .\CortexM3\ARM_GCC_493\Debug\run_front.o .\CortexM3\ARM_GCC_493\Debug\cymetadata.o .\CortexM3\ARM_GCC_493\Debug\Cm3Start.o .\CortexM3\ARM_GCC_493\Debug\I2C_Slave_prog.a "C:\Program Files (x86)\Cypress\PSoC Creator\4.0\PSoC Creator\psoc\content\cycomponentlibrary\CyComponentLibrary.cylib\CortexM3\ARM_GCC_493\Debug\CyComponentLibrary.a" -mcpu=cortex-m3 -mthumb -g -ffunction-sections -Og -ffat-lto-objects -L Generated_Source\PSoC5 -Wl,-Map,.\CortexM3\ARM_GCC_493\Debug/I2C_Slave_prog.map -T "C:\Users\Anders\Desktop\Projekt 4. semester\E4PRJ4-Gruppe1\Retnings og fremdrifts enhed version psoc 5\Retning_psoc_5\I2C_Slave_prog.cydsn\Generated_Source\PSoC5\cm3gcc.ld" -specs=nano.specs -Wl,--gc-sections -Wl,--end-group
cyelftool.exe -C "C:\Users\Anders\Desktop\Projekt 4. semester\E4PRJ4-Gruppe1\Retnings og fremdrifts enhed version psoc 5\Retning_psoc_5\I2C_Slave_prog.cydsn\CortexM3\ARM_GCC_493\Debug\I2C_Slave_prog.elf" --flash_row_size 256 --flash_size 262144
cyelftool.exe -S "C:\Users\Anders\Desktop\Projekt 4. semester\E4PRJ4-Gruppe1\Retnings og fremdrifts enhed version psoc 5\Retning_psoc_5\I2C_Slave_prog.cydsn\CortexM3\ARM_GCC_493\Debug\I2C_Slave_prog.elf"
Flash used: 2550 of 262144 bytes (1,0 %).
SRAM used: 2605 of 65536 bytes (4,0 %). Stack: 2048 bytes. Heap: 128 bytes.
--------------- Build Succeeded: 11/19/2016 14:51:37 ---------------
