ARM GAS  C:\Users\Anders\AppData\Local\Temp\cckJ7OK3.s 			page 1


   1              		.syntax unified
   2              		.cpu cortex-m3
   3              		.fpu softvfp
   4              		.eabi_attribute 20, 1
   5              		.eabi_attribute 21, 1
   6              		.eabi_attribute 23, 3
   7              		.eabi_attribute 24, 1
   8              		.eabi_attribute 25, 1
   9              		.eabi_attribute 26, 1
  10              		.eabi_attribute 30, 1
  11              		.eabi_attribute 34, 1
  12              		.eabi_attribute 18, 4
  13              		.thumb
  14              		.file	"cymetadata.c"
  15              		.text
  16              	.Ltext0:
  17              		.cfi_sections	.debug_frame
  18              		.global	cy_metadata
  19              		.global	cy_meta_flashprotect
  20              		.global	cy_meta_wonvl
  21              		.global	cy_meta_custnvl
  22              		.global	cy_meta_configecc
  23              		.section	.cyconfigecc,"a",%progbits
  24              		.align	2
  25              		.type	cy_meta_configecc, %object
  26              		.size	cy_meta_configecc, 1108
  27              	cy_meta_configecc:
  28 0000 04       		.byte	4
  29 0001 52       		.byte	82
  30 0002 00       		.byte	0
  31 0003 40       		.byte	64
  32 0004 05       		.byte	5
  33 0005 64       		.byte	100
  34 0006 00       		.byte	0
  35 0007 40       		.byte	64
  36 0008 45       		.byte	69
  37 0009 02       		.byte	2
  38 000a 01       		.byte	1
  39 000b 40       		.byte	64
  40 000c 24       		.byte	36
  41 000d 03       		.byte	3
  42 000e 01       		.byte	1
  43 000f 40       		.byte	64
  44 0010 01       		.byte	1
  45 0011 05       		.byte	5
  46 0012 01       		.byte	1
  47 0013 40       		.byte	64
  48 0014 39       		.byte	57
  49 0015 0A       		.byte	10
  50 0016 01       		.byte	1
  51 0017 40       		.byte	64
  52 0018 22       		.byte	34
  53 0019 0B       		.byte	11
  54 001a 01       		.byte	1
  55 001b 40       		.byte	64
  56 001c 4E       		.byte	78
  57 001d 0C       		.byte	12
ARM GAS  C:\Users\Anders\AppData\Local\Temp\cckJ7OK3.s 			page 2


  58 001e 01       		.byte	1
  59 001f 40       		.byte	64
  60 0020 2B       		.byte	43
  61 0021 0D       		.byte	13
  62 0022 01       		.byte	1
  63 0023 40       		.byte	64
  64 0024 39       		.byte	57
  65 0025 0E       		.byte	14
  66 0026 01       		.byte	1
  67 0027 40       		.byte	64
  68 0028 1A       		.byte	26
  69 0029 0F       		.byte	15
  70 002a 01       		.byte	1
  71 002b 40       		.byte	64
  72 002c 01       		.byte	1
  73 002d 15       		.byte	21
  74 002e 01       		.byte	1
  75 002f 40       		.byte	64
  76 0030 01       		.byte	1
  77 0031 1B       		.byte	27
  78 0032 01       		.byte	1
  79 0033 40       		.byte	64
  80 0034 0C       		.byte	12
  81 0035 41       		.byte	65
  82 0036 01       		.byte	1
  83 0037 40       		.byte	64
  84 0038 04       		.byte	4
  85 0039 42       		.byte	66
  86 003a 01       		.byte	1
  87 003b 40       		.byte	64
  88 003c 01       		.byte	1
  89 003d 43       		.byte	67
  90 003e 01       		.byte	1
  91 003f 40       		.byte	64
  92 0040 03       		.byte	3
  93 0041 44       		.byte	68
  94 0042 01       		.byte	1
  95 0043 40       		.byte	64
  96 0044 12       		.byte	18
  97 0045 45       		.byte	69
  98 0046 01       		.byte	1
  99 0047 40       		.byte	64
 100 0048 06       		.byte	6
 101 0049 46       		.byte	70
 102 004a 01       		.byte	1
 103 004b 40       		.byte	64
 104 004c 01       		.byte	1
 105 004d 47       		.byte	71
 106 004e 01       		.byte	1
 107 004f 40       		.byte	64
 108 0050 01       		.byte	1
 109 0051 48       		.byte	72
 110 0052 01       		.byte	1
 111 0053 40       		.byte	64
 112 0054 02       		.byte	2
 113 0055 49       		.byte	73
 114 0056 01       		.byte	1
ARM GAS  C:\Users\Anders\AppData\Local\Temp\cckJ7OK3.s 			page 3


 115 0057 40       		.byte	64
 116 0058 08       		.byte	8
 117 0059 4C       		.byte	76
 118 005a 01       		.byte	1
 119 005b 40       		.byte	64
 120 005c 06       		.byte	6
 121 005d 4D       		.byte	77
 122 005e 01       		.byte	1
 123 005f 40       		.byte	64
 124 0060 04       		.byte	4
 125 0061 50       		.byte	80
 126 0062 01       		.byte	1
 127 0063 40       		.byte	64
 128 0064 01       		.byte	1
 129 0065 51       		.byte	81
 130 0066 01       		.byte	1
 131 0067 40       		.byte	64
 132 0068 00       		.byte	0
 133 0069 0C       		.byte	12
 134 006a 01       		.byte	1
 135 006b 86       		.byte	-122
 136 006c 10       		.byte	16
 137 006d 59       		.byte	89
 138 006e 11       		.byte	17
 139 006f 9A       		.byte	-102
 140 0070 0C       		.byte	12
 141 0071 64       		.byte	100
 142 0072 0D       		.byte	13
 143 0073 64       		.byte	100
 144 0074 82       		.byte	-126
 145 0075 0D       		.byte	13
 146 0076 8A       		.byte	-118
 147 0077 0D       		.byte	13
 148 0078 8F       		.byte	-113
 149 0079 0D       		.byte	13
 150 007a 0F       		.byte	15
 151 007b 01       		.byte	1
 152 007c 14       		.byte	20
 153 007d 01       		.byte	1
 154 007e 1A       		.byte	26
 155 007f 07       		.byte	7
 156 0080 1E       		.byte	30
 157 0081 04       		.byte	4
 158 0082 22       		.byte	34
 159 0083 08       		.byte	8
 160 0084 23       		.byte	35
 161 0085 01       		.byte	1
 162 0086 30       		.byte	48
 163 0087 01       		.byte	1
 164 0088 32       		.byte	50
 165 0089 02       		.byte	2
 166 008a 34       		.byte	52
 167 008b 04       		.byte	4
 168 008c 35       		.byte	53
 169 008d 01       		.byte	1
 170 008e 36       		.byte	54
 171 008f 08       		.byte	8
ARM GAS  C:\Users\Anders\AppData\Local\Temp\cckJ7OK3.s 			page 4


 172 0090 3F       		.byte	63
 173 0091 10       		.byte	16
 174 0092 40       		.byte	64
 175 0093 10       		.byte	16
 176 0094 41       		.byte	65
 177 0095 05       		.byte	5
 178 0096 45       		.byte	69
 179 0097 D1       		.byte	-47
 180 0098 46       		.byte	70
 181 0099 02       		.byte	2
 182 009a 48       		.byte	72
 183 009b 07       		.byte	7
 184 009c 49       		.byte	73
 185 009d FF       		.byte	-1
 186 009e 4A       		.byte	74
 187 009f FF       		.byte	-1
 188 00a0 4B       		.byte	75
 189 00a1 FF       		.byte	-1
 190 00a2 4D       		.byte	77
 191 00a3 A0       		.byte	-96
 192 00a4 4F       		.byte	79
 193 00a5 04       		.byte	4
 194 00a6 50       		.byte	80
 195 00a7 18       		.byte	24
 196 00a8 52       		.byte	82
 197 00a9 80       		.byte	-128
 198 00aa 54       		.byte	84
 199 00ab 05       		.byte	5
 200 00ac 58       		.byte	88
 201 00ad 04       		.byte	4
 202 00ae 59       		.byte	89
 203 00af 04       		.byte	4
 204 00b0 5A       		.byte	90
 205 00b1 04       		.byte	4
 206 00b2 5B       		.byte	91
 207 00b3 04       		.byte	4
 208 00b4 5F       		.byte	95
 209 00b5 01       		.byte	1
 210 00b6 60       		.byte	96
 211 00b7 40       		.byte	64
 212 00b8 62       		.byte	98
 213 00b9 C0       		.byte	-64
 214 00ba 64       		.byte	100
 215 00bb 40       		.byte	64
 216 00bc 65       		.byte	101
 217 00bd 40       		.byte	64
 218 00be 66       		.byte	102
 219 00bf C0       		.byte	-64
 220 00c0 68       		.byte	104
 221 00c1 C0       		.byte	-64
 222 00c2 6A       		.byte	106
 223 00c3 C0       		.byte	-64
 224 00c4 6C       		.byte	108
 225 00c5 C0       		.byte	-64
 226 00c6 6E       		.byte	110
 227 00c7 C0       		.byte	-64
 228 00c8 86       		.byte	-122
ARM GAS  C:\Users\Anders\AppData\Local\Temp\cckJ7OK3.s 			page 5


 229 00c9 01       		.byte	1
 230 00ca 92       		.byte	-110
 231 00cb 02       		.byte	2
 232 00cc A6       		.byte	-90
 233 00cd 01       		.byte	1
 234 00ce B2       		.byte	-78
 235 00cf 01       		.byte	1
 236 00d0 B4       		.byte	-76
 237 00d1 02       		.byte	2
 238 00d2 C0       		.byte	-64
 239 00d3 20       		.byte	32
 240 00d4 C1       		.byte	-63
 241 00d5 06       		.byte	6
 242 00d6 C5       		.byte	-59
 243 00d7 01       		.byte	1
 244 00d8 C7       		.byte	-57
 245 00d9 02       		.byte	2
 246 00da C8       		.byte	-56
 247 00db 11       		.byte	17
 248 00dc C9       		.byte	-55
 249 00dd FF       		.byte	-1
 250 00de CA       		.byte	-54
 251 00df FF       		.byte	-1
 252 00e0 CB       		.byte	-53
 253 00e1 FF       		.byte	-1
 254 00e2 CD       		.byte	-51
 255 00e3 A0       		.byte	-96
 256 00e4 CF       		.byte	-49
 257 00e5 04       		.byte	4
 258 00e6 D0       		.byte	-48
 259 00e7 18       		.byte	24
 260 00e8 D2       		.byte	-46
 261 00e9 80       		.byte	-128
 262 00ea D8       		.byte	-40
 263 00eb 04       		.byte	4
 264 00ec DA       		.byte	-38
 265 00ed 04       		.byte	4
 266 00ee DB       		.byte	-37
 267 00ef 04       		.byte	4
 268 00f0 DF       		.byte	-33
 269 00f1 01       		.byte	1
 270 00f2 E0       		.byte	-32
 271 00f3 40       		.byte	64
 272 00f4 E2       		.byte	-30
 273 00f5 C0       		.byte	-64
 274 00f6 E4       		.byte	-28
 275 00f7 40       		.byte	64
 276 00f8 E5       		.byte	-27
 277 00f9 40       		.byte	64
 278 00fa E6       		.byte	-26
 279 00fb C0       		.byte	-64
 280 00fc E8       		.byte	-24
 281 00fd C0       		.byte	-64
 282 00fe EA       		.byte	-22
 283 00ff C0       		.byte	-64
 284 0100 EC       		.byte	-20
 285 0101 C0       		.byte	-64
ARM GAS  C:\Users\Anders\AppData\Local\Temp\cckJ7OK3.s 			page 6


 286 0102 EE       		.byte	-18
 287 0103 C0       		.byte	-64
 288 0104 00       		.byte	0
 289 0105 04       		.byte	4
 290 0106 09       		.byte	9
 291 0107 02       		.byte	2
 292 0108 0D       		.byte	13
 293 0109 80       		.byte	-128
 294 010a 0E       		.byte	14
 295 010b 20       		.byte	32
 296 010c 0F       		.byte	15
 297 010d 08       		.byte	8
 298 010e 10       		.byte	16
 299 010f 20       		.byte	32
 300 0110 16       		.byte	22
 301 0111 80       		.byte	-128
 302 0112 18       		.byte	24
 303 0113 04       		.byte	4
 304 0114 1B       		.byte	27
 305 0115 08       		.byte	8
 306 0116 1D       		.byte	29
 307 0117 80       		.byte	-128
 308 0118 1E       		.byte	30
 309 0119 60       		.byte	96
 310 011a 1F       		.byte	31
 311 011b A0       		.byte	-96
 312 011c 27       		.byte	39
 313 011d 08       		.byte	8
 314 011e 2F       		.byte	47
 315 011f 80       		.byte	-128
 316 0120 3F       		.byte	63
 317 0121 80       		.byte	-128
 318 0122 40       		.byte	64
 319 0123 04       		.byte	4
 320 0124 45       		.byte	69
 321 0125 80       		.byte	-128
 322 0126 48       		.byte	72
 323 0127 28       		.byte	40
 324 0128 4F       		.byte	79
 325 0129 89       		.byte	-119
 326 012a 50       		.byte	80
 327 012b 08       		.byte	8
 328 012c 57       		.byte	87
 329 012d 40       		.byte	64
 330 012e 5E       		.byte	94
 331 012f 40       		.byte	64
 332 0130 5F       		.byte	95
 333 0131 09       		.byte	9
 334 0132 71       		.byte	113
 335 0133 02       		.byte	2
 336 0134 76       		.byte	118
 337 0135 80       		.byte	-128
 338 0136 8B       		.byte	-117
 339 0137 08       		.byte	8
 340 0138 C0       		.byte	-64
 341 0139 04       		.byte	4
 342 013a C2       		.byte	-62
ARM GAS  C:\Users\Anders\AppData\Local\Temp\cckJ7OK3.s 			page 7


 343 013b E8       		.byte	-24
 344 013c C4       		.byte	-60
 345 013d 14       		.byte	20
 346 013e CA       		.byte	-54
 347 013f 80       		.byte	-128
 348 0140 CE       		.byte	-50
 349 0141 10       		.byte	16
 350 0142 D0       		.byte	-48
 351 0143 14       		.byte	20
 352 0144 D2       		.byte	-46
 353 0145 14       		.byte	20
 354 0146 D6       		.byte	-42
 355 0147 D0       		.byte	-48
 356 0148 E2       		.byte	-30
 357 0149 22       		.byte	34
 358 014a EE       		.byte	-18
 359 014b 08       		.byte	8
 360 014c AB       		.byte	-85
 361 014d 20       		.byte	32
 362 014e 03       		.byte	3
 363 014f 01       		.byte	1
 364 0150 12       		.byte	18
 365 0151 08       		.byte	8
 366 0152 1A       		.byte	26
 367 0153 04       		.byte	4
 368 0154 1C       		.byte	28
 369 0155 01       		.byte	1
 370 0156 26       		.byte	38
 371 0157 07       		.byte	7
 372 0158 2B       		.byte	43
 373 0159 01       		.byte	1
 374 015a 30       		.byte	48
 375 015b 01       		.byte	1
 376 015c 32       		.byte	50
 377 015d 04       		.byte	4
 378 015e 33       		.byte	51
 379 015f 01       		.byte	1
 380 0160 34       		.byte	52
 381 0161 08       		.byte	8
 382 0162 36       		.byte	54
 383 0163 02       		.byte	2
 384 0164 3F       		.byte	63
 385 0165 04       		.byte	4
 386 0166 40       		.byte	64
 387 0167 60       		.byte	96
 388 0168 41       		.byte	65
 389 0169 04       		.byte	4
 390 016a 45       		.byte	69
 391 016b D1       		.byte	-47
 392 016c 47       		.byte	71
 393 016d 20       		.byte	32
 394 016e 48       		.byte	72
 395 016f 23       		.byte	35
 396 0170 49       		.byte	73
 397 0171 FF       		.byte	-1
 398 0172 4A       		.byte	74
 399 0173 FF       		.byte	-1
ARM GAS  C:\Users\Anders\AppData\Local\Temp\cckJ7OK3.s 			page 8


 400 0174 4B       		.byte	75
 401 0175 FF       		.byte	-1
 402 0176 4D       		.byte	77
 403 0177 A0       		.byte	-96
 404 0178 4F       		.byte	79
 405 0179 04       		.byte	4
 406 017a 50       		.byte	80
 407 017b 18       		.byte	24
 408 017c 52       		.byte	82
 409 017d 80       		.byte	-128
 410 017e 54       		.byte	84
 411 017f 05       		.byte	5
 412 0180 58       		.byte	88
 413 0181 04       		.byte	4
 414 0182 59       		.byte	89
 415 0183 04       		.byte	4
 416 0184 5A       		.byte	90
 417 0185 04       		.byte	4
 418 0186 5B       		.byte	91
 419 0187 04       		.byte	4
 420 0188 5F       		.byte	95
 421 0189 01       		.byte	1
 422 018a 60       		.byte	96
 423 018b 40       		.byte	64
 424 018c 62       		.byte	98
 425 018d C0       		.byte	-64
 426 018e 64       		.byte	100
 427 018f 40       		.byte	64
 428 0190 65       		.byte	101
 429 0191 40       		.byte	64
 430 0192 66       		.byte	102
 431 0193 C0       		.byte	-64
 432 0194 68       		.byte	104
 433 0195 C0       		.byte	-64
 434 0196 6A       		.byte	106
 435 0197 C0       		.byte	-64
 436 0198 6C       		.byte	108
 437 0199 C0       		.byte	-64
 438 019a 6E       		.byte	110
 439 019b C0       		.byte	-64
 440 019c C0       		.byte	-64
 441 019d 54       		.byte	84
 442 019e C6       		.byte	-58
 443 019f 22       		.byte	34
 444 01a0 C8       		.byte	-56
 445 01a1 0C       		.byte	12
 446 01a2 C9       		.byte	-55
 447 01a3 FF       		.byte	-1
 448 01a4 CA       		.byte	-54
 449 01a5 FF       		.byte	-1
 450 01a6 CB       		.byte	-53
 451 01a7 FF       		.byte	-1
 452 01a8 CD       		.byte	-51
 453 01a9 20       		.byte	32
 454 01aa CE       		.byte	-50
 455 01ab F0       		.byte	-16
 456 01ac CF       		.byte	-49
ARM GAS  C:\Users\Anders\AppData\Local\Temp\cckJ7OK3.s 			page 9


 457 01ad 10       		.byte	16
 458 01ae D1       		.byte	-47
 459 01af 10       		.byte	16
 460 01b0 D2       		.byte	-46
 461 01b1 01       		.byte	1
 462 01b2 D6       		.byte	-42
 463 01b3 10       		.byte	16
 464 01b4 DA       		.byte	-38
 465 01b5 04       		.byte	4
 466 01b6 DB       		.byte	-37
 467 01b7 04       		.byte	4
 468 01b8 DD       		.byte	-35
 469 01b9 11       		.byte	17
 470 01ba DF       		.byte	-33
 471 01bb 01       		.byte	1
 472 01bc E2       		.byte	-30
 473 01bd 40       		.byte	64
 474 01be E3       		.byte	-29
 475 01bf 40       		.byte	64
 476 01c0 09       		.byte	9
 477 01c1 02       		.byte	2
 478 01c2 0A       		.byte	10
 479 01c3 05       		.byte	5
 480 01c4 10       		.byte	16
 481 01c5 20       		.byte	32
 482 01c6 19       		.byte	25
 483 01c7 28       		.byte	40
 484 01c8 1A       		.byte	26
 485 01c9 45       		.byte	69
 486 01ca 22       		.byte	34
 487 01cb 04       		.byte	4
 488 01cc 29       		.byte	41
 489 01cd 20       		.byte	32
 490 01ce 38       		.byte	56
 491 01cf 02       		.byte	2
 492 01d0 41       		.byte	65
 493 01d1 01       		.byte	1
 494 01d2 47       		.byte	71
 495 01d3 01       		.byte	1
 496 01d4 48       		.byte	72
 497 01d5 20       		.byte	32
 498 01d6 49       		.byte	73
 499 01d7 21       		.byte	33
 500 01d8 4F       		.byte	79
 501 01d9 80       		.byte	-128
 502 01da 50       		.byte	80
 503 01db 01       		.byte	1
 504 01dc 51       		.byte	81
 505 01dd 01       		.byte	1
 506 01de 57       		.byte	87
 507 01df 50       		.byte	80
 508 01e0 59       		.byte	89
 509 01e1 01       		.byte	1
 510 01e2 5A       		.byte	90
 511 01e3 48       		.byte	72
 512 01e4 6D       		.byte	109
 513 01e5 80       		.byte	-128
ARM GAS  C:\Users\Anders\AppData\Local\Temp\cckJ7OK3.s 			page 10


 514 01e6 6F       		.byte	111
 515 01e7 01       		.byte	1
 516 01e8 71       		.byte	113
 517 01e9 02       		.byte	2
 518 01ea 81       		.byte	-127
 519 01eb 08       		.byte	8
 520 01ec A5       		.byte	-91
 521 01ed 40       		.byte	64
 522 01ee A7       		.byte	-89
 523 01ef 10       		.byte	16
 524 01f0 B5       		.byte	-75
 525 01f1 80       		.byte	-128
 526 01f2 B7       		.byte	-73
 527 01f3 01       		.byte	1
 528 01f4 C2       		.byte	-62
 529 01f5 0B       		.byte	11
 530 01f6 C4       		.byte	-60
 531 01f7 04       		.byte	4
 532 01f8 CA       		.byte	-54
 533 01f9 04       		.byte	4
 534 01fa CE       		.byte	-50
 535 01fb 01       		.byte	1
 536 01fc D0       		.byte	-48
 537 01fd 81       		.byte	-127
 538 01fe D2       		.byte	-46
 539 01ff 14       		.byte	20
 540 0200 D6       		.byte	-42
 541 0201 0B       		.byte	11
 542 0202 E4       		.byte	-28
 543 0203 04       		.byte	4
 544 0204 04       		.byte	4
 545 0205 31       		.byte	49
 546 0206 06       		.byte	6
 547 0207 02       		.byte	2
 548 0208 08       		.byte	8
 549 0209 10       		.byte	16
 550 020a 0A       		.byte	10
 551 020b 20       		.byte	32
 552 020c 14       		.byte	20
 553 020d 0F       		.byte	15
 554 020e 17       		.byte	23
 555 020f 03       		.byte	3
 556 0210 19       		.byte	25
 557 0211 01       		.byte	1
 558 0212 1B       		.byte	27
 559 0213 02       		.byte	2
 560 0214 26       		.byte	38
 561 0215 09       		.byte	9
 562 0216 2C       		.byte	44
 563 0217 01       		.byte	1
 564 0218 2E       		.byte	46
 565 0219 06       		.byte	6
 566 021a 30       		.byte	48
 567 021b 20       		.byte	32
 568 021c 31       		.byte	49
 569 021d 02       		.byte	2
 570 021e 32       		.byte	50
ARM GAS  C:\Users\Anders\AppData\Local\Temp\cckJ7OK3.s 			page 11


 571 021f 0C       		.byte	12
 572 0220 34       		.byte	52
 573 0221 03       		.byte	3
 574 0222 35       		.byte	53
 575 0223 01       		.byte	1
 576 0224 36       		.byte	54
 577 0225 10       		.byte	16
 578 0226 3A       		.byte	58
 579 0227 28       		.byte	40
 580 0228 40       		.byte	64
 581 0229 41       		.byte	65
 582 022a 41       		.byte	65
 583 022b 06       		.byte	6
 584 022c 49       		.byte	73
 585 022d FF       		.byte	-1
 586 022e 4A       		.byte	74
 587 022f FF       		.byte	-1
 588 0230 4B       		.byte	75
 589 0231 FF       		.byte	-1
 590 0232 4D       		.byte	77
 591 0233 20       		.byte	32
 592 0234 4E       		.byte	78
 593 0235 F0       		.byte	-16
 594 0236 51       		.byte	81
 595 0237 10       		.byte	16
 596 0238 52       		.byte	82
 597 0239 03       		.byte	3
 598 023a 56       		.byte	86
 599 023b 10       		.byte	16
 600 023c 58       		.byte	88
 601 023d 04       		.byte	4
 602 023e 59       		.byte	89
 603 023f 04       		.byte	4
 604 0240 5A       		.byte	90
 605 0241 04       		.byte	4
 606 0242 5B       		.byte	91
 607 0243 04       		.byte	4
 608 0244 5C       		.byte	92
 609 0245 11       		.byte	17
 610 0246 5D       		.byte	93
 611 0247 11       		.byte	17
 612 0248 5F       		.byte	95
 613 0249 01       		.byte	1
 614 024a 66       		.byte	102
 615 024b 40       		.byte	64
 616 024c 67       		.byte	103
 617 024d 20       		.byte	32
 618 024e 6A       		.byte	106
 619 024f 40       		.byte	64
 620 0250 6B       		.byte	107
 621 0251 40       		.byte	64
 622 0252 84       		.byte	-124
 623 0253 10       		.byte	16
 624 0254 86       		.byte	-122
 625 0255 20       		.byte	32
 626 0256 8C       		.byte	-116
 627 0257 31       		.byte	49
ARM GAS  C:\Users\Anders\AppData\Local\Temp\cckJ7OK3.s 			page 12


 628 0258 8E       		.byte	-114
 629 0259 02       		.byte	2
 630 025a 90       		.byte	-112
 631 025b 01       		.byte	1
 632 025c 92       		.byte	-110
 633 025d 06       		.byte	6
 634 025e 93       		.byte	-109
 635 025f 03       		.byte	3
 636 0260 98       		.byte	-104
 637 0261 0F       		.byte	15
 638 0262 99       		.byte	-103
 639 0263 01       		.byte	1
 640 0264 9B       		.byte	-101
 641 0265 02       		.byte	2
 642 0266 AA       		.byte	-86
 643 0267 09       		.byte	9
 644 0268 B0       		.byte	-80
 645 0269 0C       		.byte	12
 646 026a B1       		.byte	-79
 647 026b 02       		.byte	2
 648 026c B2       		.byte	-78
 649 026d 10       		.byte	16
 650 026e B4       		.byte	-76
 651 026f 03       		.byte	3
 652 0270 B5       		.byte	-75
 653 0271 01       		.byte	1
 654 0272 B6       		.byte	-74
 655 0273 20       		.byte	32
 656 0274 BA       		.byte	-70
 657 0275 22       		.byte	34
 658 0276 C0       		.byte	-64
 659 0277 41       		.byte	65
 660 0278 C1       		.byte	-63
 661 0279 06       		.byte	6
 662 027a C9       		.byte	-55
 663 027b FF       		.byte	-1
 664 027c CA       		.byte	-54
 665 027d FF       		.byte	-1
 666 027e CB       		.byte	-53
 667 027f FF       		.byte	-1
 668 0280 CD       		.byte	-51
 669 0281 20       		.byte	32
 670 0282 CE       		.byte	-50
 671 0283 F0       		.byte	-16
 672 0284 D1       		.byte	-47
 673 0285 10       		.byte	16
 674 0286 D2       		.byte	-46
 675 0287 03       		.byte	3
 676 0288 D6       		.byte	-42
 677 0289 10       		.byte	16
 678 028a D8       		.byte	-40
 679 028b 04       		.byte	4
 680 028c D9       		.byte	-39
 681 028d 04       		.byte	4
 682 028e DA       		.byte	-38
 683 028f 04       		.byte	4
 684 0290 DB       		.byte	-37
ARM GAS  C:\Users\Anders\AppData\Local\Temp\cckJ7OK3.s 			page 13


 685 0291 04       		.byte	4
 686 0292 DC       		.byte	-36
 687 0293 11       		.byte	17
 688 0294 DD       		.byte	-35
 689 0295 11       		.byte	17
 690 0296 DF       		.byte	-33
 691 0297 01       		.byte	1
 692 0298 E6       		.byte	-26
 693 0299 40       		.byte	64
 694 029a E7       		.byte	-25
 695 029b 20       		.byte	32
 696 029c EA       		.byte	-22
 697 029d 40       		.byte	64
 698 029e EB       		.byte	-21
 699 029f 40       		.byte	64
 700 02a0 03       		.byte	3
 701 02a1 22       		.byte	34
 702 02a2 05       		.byte	5
 703 02a3 14       		.byte	20
 704 02a4 09       		.byte	9
 705 02a5 20       		.byte	32
 706 02a6 0A       		.byte	10
 707 02a7 40       		.byte	64
 708 02a8 0F       		.byte	15
 709 02a9 20       		.byte	32
 710 02aa 10       		.byte	16
 711 02ab 08       		.byte	8
 712 02ac 15       		.byte	21
 713 02ad 40       		.byte	64
 714 02ae 17       		.byte	23
 715 02af 04       		.byte	4
 716 02b0 1B       		.byte	27
 717 02b1 6A       		.byte	106
 718 02b2 1D       		.byte	29
 719 02b3 94       		.byte	-108
 720 02b4 1F       		.byte	31
 721 02b5 01       		.byte	1
 722 02b6 20       		.byte	32
 723 02b7 84       		.byte	-124
 724 02b8 26       		.byte	38
 725 02b9 10       		.byte	16
 726 02ba 27       		.byte	39
 727 02bb 80       		.byte	-128
 728 02bc 33       		.byte	51
 729 02bd 22       		.byte	34
 730 02be 35       		.byte	53
 731 02bf 14       		.byte	20
 732 02c0 41       		.byte	65
 733 02c1 40       		.byte	64
 734 02c2 42       		.byte	66
 735 02c3 40       		.byte	64
 736 02c4 45       		.byte	69
 737 02c5 40       		.byte	64
 738 02c6 47       		.byte	71
 739 02c7 01       		.byte	1
 740 02c8 48       		.byte	72
 741 02c9 04       		.byte	4
ARM GAS  C:\Users\Anders\AppData\Local\Temp\cckJ7OK3.s 			page 14


 742 02ca 4D       		.byte	77
 743 02cb 10       		.byte	16
 744 02cc 68       		.byte	104
 745 02cd 0C       		.byte	12
 746 02ce 6A       		.byte	106
 747 02cf 40       		.byte	64
 748 02d0 6D       		.byte	109
 749 02d1 50       		.byte	80
 750 02d2 6F       		.byte	111
 751 02d3 05       		.byte	5
 752 02d4 80       		.byte	-128
 753 02d5 04       		.byte	4
 754 02d6 83       		.byte	-125
 755 02d7 08       		.byte	8
 756 02d8 87       		.byte	-121
 757 02d9 80       		.byte	-128
 758 02da 88       		.byte	-120
 759 02db 40       		.byte	64
 760 02dc 8A       		.byte	-118
 761 02dd 10       		.byte	16
 762 02de 8F       		.byte	-113
 763 02df 40       		.byte	64
 764 02e0 91       		.byte	-111
 765 02e1 80       		.byte	-128
 766 02e2 A1       		.byte	-95
 767 02e3 20       		.byte	32
 768 02e4 AF       		.byte	-81
 769 02e5 20       		.byte	32
 770 02e6 C0       		.byte	-64
 771 02e7 65       		.byte	101
 772 02e8 C2       		.byte	-62
 773 02e9 2A       		.byte	42
 774 02ea C4       		.byte	-60
 775 02eb A2       		.byte	-94
 776 02ec CC       		.byte	-52
 777 02ed 65       		.byte	101
 778 02ee D0       		.byte	-48
 779 02ef 99       		.byte	-103
 780 02f0 D2       		.byte	-46
 781 02f1 24       		.byte	36
 782 02f2 E0       		.byte	-32
 783 02f3 04       		.byte	4
 784 02f4 E4       		.byte	-28
 785 02f5 01       		.byte	1
 786 02f6 40       		.byte	64
 787 02f7 21       		.byte	33
 788 02f8 46       		.byte	70
 789 02f9 20       		.byte	32
 790 02fa 48       		.byte	72
 791 02fb 08       		.byte	8
 792 02fc 49       		.byte	73
 793 02fd FF       		.byte	-1
 794 02fe 4A       		.byte	74
 795 02ff FF       		.byte	-1
 796 0300 4B       		.byte	75
 797 0301 FF       		.byte	-1
 798 0302 4D       		.byte	77
ARM GAS  C:\Users\Anders\AppData\Local\Temp\cckJ7OK3.s 			page 15


 799 0303 20       		.byte	32
 800 0304 4E       		.byte	78
 801 0305 F0       		.byte	-16
 802 0306 4F       		.byte	79
 803 0307 10       		.byte	16
 804 0308 51       		.byte	81
 805 0309 10       		.byte	16
 806 030a 52       		.byte	82
 807 030b 01       		.byte	1
 808 030c 56       		.byte	86
 809 030d 10       		.byte	16
 810 030e 5A       		.byte	90
 811 030f 04       		.byte	4
 812 0310 5B       		.byte	91
 813 0311 04       		.byte	4
 814 0312 5D       		.byte	93
 815 0313 11       		.byte	17
 816 0314 5F       		.byte	95
 817 0315 01       		.byte	1
 818 0316 62       		.byte	98
 819 0317 40       		.byte	64
 820 0318 63       		.byte	99
 821 0319 40       		.byte	64
 822 031a 8F       		.byte	-113
 823 031b 01       		.byte	1
 824 031c 94       		.byte	-108
 825 031d 01       		.byte	1
 826 031e 9A       		.byte	-102
 827 031f 07       		.byte	7
 828 0320 9E       		.byte	-98
 829 0321 04       		.byte	4
 830 0322 A3       		.byte	-93
 831 0323 01       		.byte	1
 832 0324 AE       		.byte	-82
 833 0325 08       		.byte	8
 834 0326 B0       		.byte	-80
 835 0327 01       		.byte	1
 836 0328 B2       		.byte	-78
 837 0329 02       		.byte	2
 838 032a B4       		.byte	-76
 839 032b 04       		.byte	4
 840 032c B5       		.byte	-75
 841 032d 01       		.byte	1
 842 032e B6       		.byte	-74
 843 032f 08       		.byte	8
 844 0330 BF       		.byte	-65
 845 0331 10       		.byte	16
 846 0332 C0       		.byte	-64
 847 0333 10       		.byte	16
 848 0334 C1       		.byte	-63
 849 0335 05       		.byte	5
 850 0336 C5       		.byte	-59
 851 0337 D1       		.byte	-47
 852 0338 C6       		.byte	-58
 853 0339 02       		.byte	2
 854 033a C8       		.byte	-56
 855 033b 07       		.byte	7
ARM GAS  C:\Users\Anders\AppData\Local\Temp\cckJ7OK3.s 			page 16


 856 033c C9       		.byte	-55
 857 033d FF       		.byte	-1
 858 033e CA       		.byte	-54
 859 033f FF       		.byte	-1
 860 0340 CB       		.byte	-53
 861 0341 FF       		.byte	-1
 862 0342 CD       		.byte	-51
 863 0343 A0       		.byte	-96
 864 0344 CF       		.byte	-49
 865 0345 04       		.byte	4
 866 0346 D0       		.byte	-48
 867 0347 18       		.byte	24
 868 0348 D2       		.byte	-46
 869 0349 80       		.byte	-128
 870 034a D4       		.byte	-44
 871 034b 05       		.byte	5
 872 034c D8       		.byte	-40
 873 034d 04       		.byte	4
 874 034e D9       		.byte	-39
 875 034f 04       		.byte	4
 876 0350 DA       		.byte	-38
 877 0351 04       		.byte	4
 878 0352 DB       		.byte	-37
 879 0353 04       		.byte	4
 880 0354 DF       		.byte	-33
 881 0355 01       		.byte	1
 882 0356 E0       		.byte	-32
 883 0357 40       		.byte	64
 884 0358 E2       		.byte	-30
 885 0359 C0       		.byte	-64
 886 035a E4       		.byte	-28
 887 035b 40       		.byte	64
 888 035c E5       		.byte	-27
 889 035d 40       		.byte	64
 890 035e E6       		.byte	-26
 891 035f C0       		.byte	-64
 892 0360 E8       		.byte	-24
 893 0361 C0       		.byte	-64
 894 0362 EA       		.byte	-22
 895 0363 C0       		.byte	-64
 896 0364 EC       		.byte	-20
 897 0365 C0       		.byte	-64
 898 0366 EE       		.byte	-18
 899 0367 C0       		.byte	-64
 900 0368 0D       		.byte	13
 901 0369 80       		.byte	-128
 902 036a 0E       		.byte	14
 903 036b 20       		.byte	32
 904 036c 0F       		.byte	15
 905 036d 08       		.byte	8
 906 036e 17       		.byte	23
 907 036f 80       		.byte	-128
 908 0370 1D       		.byte	29
 909 0371 80       		.byte	-128
 910 0372 1E       		.byte	30
 911 0373 60       		.byte	96
 912 0374 1F       		.byte	31
ARM GAS  C:\Users\Anders\AppData\Local\Temp\cckJ7OK3.s 			page 17


 913 0375 A0       		.byte	-96
 914 0376 27       		.byte	39
 915 0377 08       		.byte	8
 916 0378 2F       		.byte	47
 917 0379 80       		.byte	-128
 918 037a 3F       		.byte	63
 919 037b 80       		.byte	-128
 920 037c 41       		.byte	65
 921 037d 60       		.byte	96
 922 037e 45       		.byte	69
 923 037f 80       		.byte	-128
 924 0380 4F       		.byte	79
 925 0381 89       		.byte	-119
 926 0382 51       		.byte	81
 927 0383 20       		.byte	32
 928 0384 57       		.byte	87
 929 0385 40       		.byte	64
 930 0386 5E       		.byte	94
 931 0387 40       		.byte	64
 932 0388 5F       		.byte	95
 933 0389 09       		.byte	9
 934 038a 69       		.byte	105
 935 038b 80       		.byte	-128
 936 038c 77       		.byte	119
 937 038d 80       		.byte	-128
 938 038e C2       		.byte	-62
 939 038f E0       		.byte	-32
 940 0390 C4       		.byte	-60
 941 0391 80       		.byte	-128
 942 0392 CA       		.byte	-54
 943 0393 80       		.byte	-128
 944 0394 CE       		.byte	-50
 945 0395 10       		.byte	16
 946 0396 D0       		.byte	-48
 947 0397 1C       		.byte	28
 948 0398 D2       		.byte	-46
 949 0399 10       		.byte	16
 950 039a D6       		.byte	-42
 951 039b D0       		.byte	-48
 952 039c EA       		.byte	-22
 953 039d 01       		.byte	1
 954 039e EA       		.byte	-22
 955 039f 01       		.byte	1
 956 03a0 51       		.byte	81
 957 03a1 01       		.byte	1
 958 03a2 57       		.byte	87
 959 03a3 81       		.byte	-127
 960 03a4 63       		.byte	99
 961 03a5 04       		.byte	4
 962 03a6 87       		.byte	-121
 963 03a7 04       		.byte	4
 964 03a8 89       		.byte	-119
 965 03a9 01       		.byte	1
 966 03aa A3       		.byte	-93
 967 03ab 01       		.byte	1
 968 03ac AF       		.byte	-81
 969 03ad 01       		.byte	1
ARM GAS  C:\Users\Anders\AppData\Local\Temp\cckJ7OK3.s 			page 18


 970 03ae D4       		.byte	-44
 971 03af C0       		.byte	-64
 972 03b0 D6       		.byte	-42
 973 03b1 20       		.byte	32
 974 03b2 D8       		.byte	-40
 975 03b3 40       		.byte	64
 976 03b4 E2       		.byte	-30
 977 03b5 40       		.byte	64
 978 03b6 EE       		.byte	-18
 979 03b7 10       		.byte	16
 980 03b8 3E       		.byte	62
 981 03b9 10       		.byte	16
 982 03ba AB       		.byte	-85
 983 03bb 80       		.byte	-128
 984 03bc CE       		.byte	-50
 985 03bd 20       		.byte	32
 986 03be EE       		.byte	-18
 987 03bf 20       		.byte	32
 988 03c0 96       		.byte	-106
 989 03c1 10       		.byte	16
 990 03c2 10       		.byte	16
 991 03c3 10       		.byte	16
 992 03c4 14       		.byte	20
 993 03c5 20       		.byte	32
 994 03c6 C4       		.byte	-60
 995 03c7 0C       		.byte	12
 996 03c8 50       		.byte	80
 997 03c9 01       		.byte	1
 998 03ca 52       		.byte	82
 999 03cb 80       		.byte	-128
 1000 03cc 57       		.byte	87
 1001 03cd 10       		.byte	16
 1002 03ce 59       		.byte	89
 1003 03cf 01       		.byte	1
 1004 03d0 5C       		.byte	92
 1005 03d1 40       		.byte	64
 1006 03d2 5F       		.byte	95
 1007 03d3 08       		.byte	8
 1008 03d4 62       		.byte	98
 1009 03d5 02       		.byte	2
 1010 03d6 66       		.byte	102
 1011 03d7 08       		.byte	8
 1012 03d8 82       		.byte	-126
 1013 03d9 08       		.byte	8
 1014 03da 83       		.byte	-125
 1015 03db 08       		.byte	8
 1016 03dc 8A       		.byte	-118
 1017 03dd 82       		.byte	-126
 1018 03de 8D       		.byte	-115
 1019 03df 01       		.byte	1
 1020 03e0 98       		.byte	-104
 1021 03e1 30       		.byte	48
 1022 03e2 D4       		.byte	-44
 1023 03e3 07       		.byte	7
 1024 03e4 D6       		.byte	-42
 1025 03e5 07       		.byte	7
 1026 03e6 D8       		.byte	-40
ARM GAS  C:\Users\Anders\AppData\Local\Temp\cckJ7OK3.s 			page 19


 1027 03e7 03       		.byte	3
 1028 03e8 E0       		.byte	-32
 1029 03e9 01       		.byte	1
 1030 03ea E4       		.byte	-28
 1031 03eb 06       		.byte	6
 1032 03ec 80       		.byte	-128
 1033 03ed 40       		.byte	64
 1034 03ee 94       		.byte	-108
 1035 03ef 40       		.byte	64
 1036 03f0 98       		.byte	-104
 1037 03f1 30       		.byte	48
 1038 03f2 B4       		.byte	-76
 1039 03f3 01       		.byte	1
 1040 03f4 B7       		.byte	-73
 1041 03f5 10       		.byte	16
 1042 03f6 E8       		.byte	-24
 1043 03f7 0A       		.byte	10
 1044 03f8 98       		.byte	-104
 1045 03f9 30       		.byte	48
 1046 03fa 96       		.byte	-106
 1047 03fb 10       		.byte	16
 1048 03fc AA       		.byte	-86
 1049 03fd 10       		.byte	16
 1050 03fe EA       		.byte	-22
 1051 03ff 80       		.byte	-128
 1052 0400 10       		.byte	16
 1053 0401 40       		.byte	64
 1054 0402 13       		.byte	19
 1055 0403 20       		.byte	32
 1056 0404 14       		.byte	20
 1057 0405 80       		.byte	-128
 1058 0406 78       		.byte	120
 1059 0407 10       		.byte	16
 1060 0408 7C       		.byte	124
 1061 0409 20       		.byte	32
 1062 040a 98       		.byte	-104
 1063 040b 30       		.byte	48
 1064 040c C4       		.byte	-60
 1065 040d 0E       		.byte	14
 1066 040e DE       		.byte	-34
 1067 040f 03       		.byte	3
 1068 0410 78       		.byte	120
 1069 0411 40       		.byte	64
 1070 0412 7C       		.byte	124
 1071 0413 80       		.byte	-128
 1072 0414 98       		.byte	-104
 1073 0415 C0       		.byte	-64
 1074 0416 AB       		.byte	-85
 1075 0417 20       		.byte	32
 1076 0418 DC       		.byte	-36
 1077 0419 01       		.byte	1
 1078 041a DE       		.byte	-34
 1079 041b 04       		.byte	4
 1080 041c 00       		.byte	0
 1081 041d 03       		.byte	3
 1082 041e 08       		.byte	8
 1083 041f 01       		.byte	1
ARM GAS  C:\Users\Anders\AppData\Local\Temp\cckJ7OK3.s 			page 20


 1084 0420 0C       		.byte	12
 1085 0421 03       		.byte	3
 1086 0422 0E       		.byte	14
 1087 0423 03       		.byte	3
 1088 0424 03       		.byte	3
 1089 0425 C0       		.byte	-64
 1090 0426 00       		.byte	0
 1091 0427 00       		.byte	0
 1092 0428 20       		.byte	32
 1093 0429 30       		.byte	48
 1094 042a 00       		.byte	0
 1095 042b 00       		.byte	0
 1096 042c 30       		.byte	48
 1097 042d 00       		.byte	0
 1098 042e 00       		.byte	0
 1099 042f 00       		.byte	0
 1100 0430 00       		.byte	0
 1101 0431 8F       		.byte	-113
 1102 0432 8F       		.byte	-113
 1103 0433 00       		.byte	0
 1104 0434 8E       		.byte	-114
 1105 0435 00       		.byte	0
 1106 0436 00       		.byte	0
 1107 0437 00       		.byte	0
 1108 0438 30       		.byte	48
 1109 0439 00       		.byte	0
 1110 043a 00       		.byte	0
 1111 043b 00       		.byte	0
 1112 043c 30       		.byte	48
 1113 043d 00       		.byte	0
 1114 043e 30       		.byte	48
 1115 043f 00       		.byte	0
 1116 0440 00       		.byte	0
 1117 0441 00       		.byte	0
 1118 0442 00       		.byte	0
 1119 0443 00       		.byte	0
 1120 0444 00       		.byte	0
 1121 0445 0B       		.byte	11
 1122 0446 0B       		.byte	11
 1123 0447 00       		.byte	0
 1124 0448 00       		.byte	0
 1125 0449 00       		.byte	0
 1126 044a 00       		.byte	0
 1127 044b 00       		.byte	0
 1128 044c 00       		.byte	0
 1129 044d FF       		.byte	-1
 1130 044e FF       		.byte	-1
 1131 044f 00       		.byte	0
 1132 0450 FF       		.byte	-1
 1133 0451 00       		.byte	0
 1134 0452 00       		.byte	0
 1135 0453 00       		.byte	0
 1136              		.section	.cywolatch,"a",%progbits
 1137              		.align	2
 1138              		.type	cy_meta_wonvl, %object
 1139              		.size	cy_meta_wonvl, 4
 1140              	cy_meta_wonvl:
ARM GAS  C:\Users\Anders\AppData\Local\Temp\cckJ7OK3.s 			page 21


 1141 0000 BC       		.byte	-68
 1142 0001 90       		.byte	-112
 1143 0002 AC       		.byte	-84
 1144 0003 AF       		.byte	-81
 1145              		.section	.cycustnvl,"a",%progbits
 1146              		.align	2
 1147              		.type	cy_meta_custnvl, %object
 1148              		.size	cy_meta_custnvl, 4
 1149              	cy_meta_custnvl:
 1150 0000 00       		.byte	0
 1151 0001 00       		.byte	0
 1152 0002 40       		.byte	64
 1153 0003 05       		.byte	5
 1154              		.section	.cymeta,"a",%progbits
 1155              		.align	2
 1156              		.type	cy_metadata, %object
 1157              		.size	cy_metadata, 12
 1158              	cy_metadata:
 1159 0000 00       		.byte	0
 1160 0001 01       		.byte	1
 1161 0002 2E       		.byte	46
 1162 0003 12       		.byte	18
 1163 0004 70       		.byte	112
 1164 0005 69       		.byte	105
 1165 0006 00       		.byte	0
 1166 0007 01       		.byte	1
 1167 0008 00       		.byte	0
 1168 0009 00       		.byte	0
 1169 000a 00       		.byte	0
 1170 000b 00       		.byte	0
 1171              		.section	.cyflashprotect,"a",%progbits
 1172              		.align	2
 1173              		.type	cy_meta_flashprotect, %object
 1174              		.size	cy_meta_flashprotect, 256
 1175              	cy_meta_flashprotect:
 1176 0000 00000000 		.space	256
 1176      00000000 
 1176      00000000 
 1176      00000000 
 1176      00000000 
 1177              		.text
 1178              	.Letext0:
 1179              		.file 1 "Generated_Source\\PSoC5\\cymetadata.c"
 1180              		.file 2 "Generated_Source\\PSoC5\\cytypes.h"
 1181              		.section	.debug_info,"",%progbits
 1182              	.Ldebug_info0:
 1183 0000 38010000 		.4byte	0x138
 1184 0004 0400     		.2byte	0x4
 1185 0006 00000000 		.4byte	.Ldebug_abbrev0
 1186 000a 04       		.byte	0x4
 1187 000b 01       		.uleb128 0x1
 1188 000c 85000000 		.4byte	.LASF18
 1189 0010 01       		.byte	0x1
 1190 0011 0F020000 		.4byte	.LASF19
 1191 0015 20010000 		.4byte	.LASF20
 1192 0019 00000000 		.4byte	.Ldebug_line0
 1193 001d 02       		.uleb128 0x2
ARM GAS  C:\Users\Anders\AppData\Local\Temp\cckJ7OK3.s 			page 22


 1194 001e 01       		.byte	0x1
 1195 001f 06       		.byte	0x6
 1196 0020 03020000 		.4byte	.LASF0
 1197 0024 02       		.uleb128 0x2
 1198 0025 01       		.byte	0x1
 1199 0026 08       		.byte	0x8
 1200 0027 29000000 		.4byte	.LASF1
 1201 002b 02       		.uleb128 0x2
 1202 002c 02       		.byte	0x2
 1203 002d 05       		.byte	0x5
 1204 002e EA010000 		.4byte	.LASF2
 1205 0032 02       		.uleb128 0x2
 1206 0033 02       		.byte	0x2
 1207 0034 07       		.byte	0x7
 1208 0035 49000000 		.4byte	.LASF3
 1209 0039 02       		.uleb128 0x2
 1210 003a 04       		.byte	0x4
 1211 003b 05       		.byte	0x5
 1212 003c FA010000 		.4byte	.LASF4
 1213 0040 02       		.uleb128 0x2
 1214 0041 04       		.byte	0x4
 1215 0042 07       		.byte	0x7
 1216 0043 37000000 		.4byte	.LASF5
 1217 0047 02       		.uleb128 0x2
 1218 0048 08       		.byte	0x8
 1219 0049 05       		.byte	0x5
 1220 004a D7010000 		.4byte	.LASF6
 1221 004e 02       		.uleb128 0x2
 1222 004f 08       		.byte	0x8
 1223 0050 07       		.byte	0x7
 1224 0051 12000000 		.4byte	.LASF7
 1225 0055 03       		.uleb128 0x3
 1226 0056 04       		.byte	0x4
 1227 0057 05       		.byte	0x5
 1228 0058 696E7400 		.ascii	"int\000"
 1229 005c 02       		.uleb128 0x2
 1230 005d 04       		.byte	0x4
 1231 005e 07       		.byte	0x7
 1232 005f 13010000 		.4byte	.LASF8
 1233 0063 04       		.uleb128 0x4
 1234 0064 F4010000 		.4byte	.LASF21
 1235 0068 02       		.byte	0x2
 1236 0069 9201     		.2byte	0x192
 1237 006b 24000000 		.4byte	0x24
 1238 006f 02       		.uleb128 0x2
 1239 0070 04       		.byte	0x4
 1240 0071 04       		.byte	0x4
 1241 0072 0C000000 		.4byte	.LASF9
 1242 0076 02       		.uleb128 0x2
 1243 0077 08       		.byte	0x8
 1244 0078 04       		.byte	0x4
 1245 0079 5C000000 		.4byte	.LASF10
 1246 007d 02       		.uleb128 0x2
 1247 007e 01       		.byte	0x1
 1248 007f 08       		.byte	0x8
 1249 0080 E5010000 		.4byte	.LASF11
 1250 0084 05       		.uleb128 0x5
ARM GAS  C:\Users\Anders\AppData\Local\Temp\cckJ7OK3.s 			page 23


 1251 0085 63000000 		.4byte	0x63
 1252 0089 95000000 		.4byte	0x95
 1253 008d 06       		.uleb128 0x6
 1254 008e 95000000 		.4byte	0x95
 1255 0092 5304     		.2byte	0x453
 1256 0094 00       		.byte	0
 1257 0095 02       		.uleb128 0x2
 1258 0096 04       		.byte	0x4
 1259 0097 07       		.byte	0x7
 1260 0098 CE010000 		.4byte	.LASF12
 1261 009c 07       		.uleb128 0x7
 1262 009d 73000000 		.4byte	.LASF13
 1263 00a1 01       		.byte	0x1
 1264 00a2 1F       		.byte	0x1f
 1265 00a3 AD000000 		.4byte	0xad
 1266 00a7 05       		.uleb128 0x5
 1267 00a8 03       		.byte	0x3
 1268 00a9 00000000 		.4byte	cy_meta_configecc
 1269 00ad 08       		.uleb128 0x8
 1270 00ae 84000000 		.4byte	0x84
 1271 00b2 05       		.uleb128 0x5
 1272 00b3 63000000 		.4byte	0x63
 1273 00b7 C2000000 		.4byte	0xc2
 1274 00bb 09       		.uleb128 0x9
 1275 00bc 95000000 		.4byte	0x95
 1276 00c0 03       		.byte	0x3
 1277 00c1 00       		.byte	0
 1278 00c2 07       		.uleb128 0x7
 1279 00c3 63000000 		.4byte	.LASF14
 1280 00c7 01       		.byte	0x1
 1281 00c8 B7       		.byte	0xb7
 1282 00c9 D3000000 		.4byte	0xd3
 1283 00cd 05       		.uleb128 0x5
 1284 00ce 03       		.byte	0x3
 1285 00cf 00000000 		.4byte	cy_meta_custnvl
 1286 00d3 08       		.uleb128 0x8
 1287 00d4 B2000000 		.4byte	0xb2
 1288 00d8 07       		.uleb128 0x7
 1289 00d9 C0010000 		.4byte	.LASF15
 1290 00dd 01       		.byte	0x1
 1291 00de C5       		.byte	0xc5
 1292 00df E9000000 		.4byte	0xe9
 1293 00e3 05       		.uleb128 0x5
 1294 00e4 03       		.byte	0x3
 1295 00e5 00000000 		.4byte	cy_meta_wonvl
 1296 00e9 08       		.uleb128 0x8
 1297 00ea B2000000 		.4byte	0xb2
 1298 00ee 05       		.uleb128 0x5
 1299 00ef 63000000 		.4byte	0x63
 1300 00f3 FE000000 		.4byte	0xfe
 1301 00f7 09       		.uleb128 0x9
 1302 00f8 95000000 		.4byte	0x95
 1303 00fc FF       		.byte	0xff
 1304 00fd 00       		.byte	0
 1305 00fe 07       		.uleb128 0x7
 1306 00ff AB010000 		.4byte	.LASF16
 1307 0103 01       		.byte	0x1
ARM GAS  C:\Users\Anders\AppData\Local\Temp\cckJ7OK3.s 			page 24


 1308 0104 D3       		.byte	0xd3
 1309 0105 0F010000 		.4byte	0x10f
 1310 0109 05       		.uleb128 0x5
 1311 010a 03       		.byte	0x3
 1312 010b 00000000 		.4byte	cy_meta_flashprotect
 1313 010f 08       		.uleb128 0x8
 1314 0110 EE000000 		.4byte	0xee
 1315 0114 05       		.uleb128 0x5
 1316 0115 63000000 		.4byte	0x63
 1317 0119 24010000 		.4byte	0x124
 1318 011d 09       		.uleb128 0x9
 1319 011e 95000000 		.4byte	0x95
 1320 0122 0B       		.byte	0xb
 1321 0123 00       		.byte	0
 1322 0124 0A       		.uleb128 0xa
 1323 0125 00000000 		.4byte	.LASF17
 1324 0129 01       		.byte	0x1
 1325 012a 0001     		.2byte	0x100
 1326 012c 36010000 		.4byte	0x136
 1327 0130 05       		.uleb128 0x5
 1328 0131 03       		.byte	0x3
 1329 0132 00000000 		.4byte	cy_metadata
 1330 0136 08       		.uleb128 0x8
 1331 0137 14010000 		.4byte	0x114
 1332 013b 00       		.byte	0
 1333              		.section	.debug_abbrev,"",%progbits
 1334              	.Ldebug_abbrev0:
 1335 0000 01       		.uleb128 0x1
 1336 0001 11       		.uleb128 0x11
 1337 0002 01       		.byte	0x1
 1338 0003 25       		.uleb128 0x25
 1339 0004 0E       		.uleb128 0xe
 1340 0005 13       		.uleb128 0x13
 1341 0006 0B       		.uleb128 0xb
 1342 0007 03       		.uleb128 0x3
 1343 0008 0E       		.uleb128 0xe
 1344 0009 1B       		.uleb128 0x1b
 1345 000a 0E       		.uleb128 0xe
 1346 000b 10       		.uleb128 0x10
 1347 000c 17       		.uleb128 0x17
 1348 000d 00       		.byte	0
 1349 000e 00       		.byte	0
 1350 000f 02       		.uleb128 0x2
 1351 0010 24       		.uleb128 0x24
 1352 0011 00       		.byte	0
 1353 0012 0B       		.uleb128 0xb
 1354 0013 0B       		.uleb128 0xb
 1355 0014 3E       		.uleb128 0x3e
 1356 0015 0B       		.uleb128 0xb
 1357 0016 03       		.uleb128 0x3
 1358 0017 0E       		.uleb128 0xe
 1359 0018 00       		.byte	0
 1360 0019 00       		.byte	0
 1361 001a 03       		.uleb128 0x3
 1362 001b 24       		.uleb128 0x24
 1363 001c 00       		.byte	0
 1364 001d 0B       		.uleb128 0xb
ARM GAS  C:\Users\Anders\AppData\Local\Temp\cckJ7OK3.s 			page 25


 1365 001e 0B       		.uleb128 0xb
 1366 001f 3E       		.uleb128 0x3e
 1367 0020 0B       		.uleb128 0xb
 1368 0021 03       		.uleb128 0x3
 1369 0022 08       		.uleb128 0x8
 1370 0023 00       		.byte	0
 1371 0024 00       		.byte	0
 1372 0025 04       		.uleb128 0x4
 1373 0026 16       		.uleb128 0x16
 1374 0027 00       		.byte	0
 1375 0028 03       		.uleb128 0x3
 1376 0029 0E       		.uleb128 0xe
 1377 002a 3A       		.uleb128 0x3a
 1378 002b 0B       		.uleb128 0xb
 1379 002c 3B       		.uleb128 0x3b
 1380 002d 05       		.uleb128 0x5
 1381 002e 49       		.uleb128 0x49
 1382 002f 13       		.uleb128 0x13
 1383 0030 00       		.byte	0
 1384 0031 00       		.byte	0
 1385 0032 05       		.uleb128 0x5
 1386 0033 01       		.uleb128 0x1
 1387 0034 01       		.byte	0x1
 1388 0035 49       		.uleb128 0x49
 1389 0036 13       		.uleb128 0x13
 1390 0037 01       		.uleb128 0x1
 1391 0038 13       		.uleb128 0x13
 1392 0039 00       		.byte	0
 1393 003a 00       		.byte	0
 1394 003b 06       		.uleb128 0x6
 1395 003c 21       		.uleb128 0x21
 1396 003d 00       		.byte	0
 1397 003e 49       		.uleb128 0x49
 1398 003f 13       		.uleb128 0x13
 1399 0040 2F       		.uleb128 0x2f
 1400 0041 05       		.uleb128 0x5
 1401 0042 00       		.byte	0
 1402 0043 00       		.byte	0
 1403 0044 07       		.uleb128 0x7
 1404 0045 34       		.uleb128 0x34
 1405 0046 00       		.byte	0
 1406 0047 03       		.uleb128 0x3
 1407 0048 0E       		.uleb128 0xe
 1408 0049 3A       		.uleb128 0x3a
 1409 004a 0B       		.uleb128 0xb
 1410 004b 3B       		.uleb128 0x3b
 1411 004c 0B       		.uleb128 0xb
 1412 004d 49       		.uleb128 0x49
 1413 004e 13       		.uleb128 0x13
 1414 004f 3F       		.uleb128 0x3f
 1415 0050 19       		.uleb128 0x19
 1416 0051 02       		.uleb128 0x2
 1417 0052 18       		.uleb128 0x18
 1418 0053 00       		.byte	0
 1419 0054 00       		.byte	0
 1420 0055 08       		.uleb128 0x8
 1421 0056 26       		.uleb128 0x26
ARM GAS  C:\Users\Anders\AppData\Local\Temp\cckJ7OK3.s 			page 26


 1422 0057 00       		.byte	0
 1423 0058 49       		.uleb128 0x49
 1424 0059 13       		.uleb128 0x13
 1425 005a 00       		.byte	0
 1426 005b 00       		.byte	0
 1427 005c 09       		.uleb128 0x9
 1428 005d 21       		.uleb128 0x21
 1429 005e 00       		.byte	0
 1430 005f 49       		.uleb128 0x49
 1431 0060 13       		.uleb128 0x13
 1432 0061 2F       		.uleb128 0x2f
 1433 0062 0B       		.uleb128 0xb
 1434 0063 00       		.byte	0
 1435 0064 00       		.byte	0
 1436 0065 0A       		.uleb128 0xa
 1437 0066 34       		.uleb128 0x34
 1438 0067 00       		.byte	0
 1439 0068 03       		.uleb128 0x3
 1440 0069 0E       		.uleb128 0xe
 1441 006a 3A       		.uleb128 0x3a
 1442 006b 0B       		.uleb128 0xb
 1443 006c 3B       		.uleb128 0x3b
 1444 006d 05       		.uleb128 0x5
 1445 006e 49       		.uleb128 0x49
 1446 006f 13       		.uleb128 0x13
 1447 0070 3F       		.uleb128 0x3f
 1448 0071 19       		.uleb128 0x19
 1449 0072 02       		.uleb128 0x2
 1450 0073 18       		.uleb128 0x18
 1451 0074 00       		.byte	0
 1452 0075 00       		.byte	0
 1453 0076 00       		.byte	0
 1454              		.section	.debug_aranges,"",%progbits
 1455 0000 14000000 		.4byte	0x14
 1456 0004 0200     		.2byte	0x2
 1457 0006 00000000 		.4byte	.Ldebug_info0
 1458 000a 04       		.byte	0x4
 1459 000b 00       		.byte	0
 1460 000c 0000     		.2byte	0
 1461 000e 0000     		.2byte	0
 1462 0010 00000000 		.4byte	0
 1463 0014 00000000 		.4byte	0
 1464              		.section	.debug_line,"",%progbits
 1465              	.Ldebug_line0:
 1466 0000 4D000000 		.section	.debug_str,"MS",%progbits,1
 1466      02004700 
 1466      00000201 
 1466      FB0E0D00 
 1466      01010101 
 1467              	.LASF17:
 1468 0000 63795F6D 		.ascii	"cy_metadata\000"
 1468      65746164 
 1468      61746100 
 1469              	.LASF9:
 1470 000c 666C6F61 		.ascii	"float\000"
 1470      7400
 1471              	.LASF7:
ARM GAS  C:\Users\Anders\AppData\Local\Temp\cckJ7OK3.s 			page 27


 1472 0012 6C6F6E67 		.ascii	"long long unsigned int\000"
 1472      206C6F6E 
 1472      6720756E 
 1472      7369676E 
 1472      65642069 
 1473              	.LASF1:
 1474 0029 756E7369 		.ascii	"unsigned char\000"
 1474      676E6564 
 1474      20636861 
 1474      7200
 1475              	.LASF5:
 1476 0037 6C6F6E67 		.ascii	"long unsigned int\000"
 1476      20756E73 
 1476      69676E65 
 1476      6420696E 
 1476      7400
 1477              	.LASF3:
 1478 0049 73686F72 		.ascii	"short unsigned int\000"
 1478      7420756E 
 1478      7369676E 
 1478      65642069 
 1478      6E7400
 1479              	.LASF10:
 1480 005c 646F7562 		.ascii	"double\000"
 1480      6C6500
 1481              	.LASF14:
 1482 0063 63795F6D 		.ascii	"cy_meta_custnvl\000"
 1482      6574615F 
 1482      63757374 
 1482      6E766C00 
 1483              	.LASF13:
 1484 0073 63795F6D 		.ascii	"cy_meta_configecc\000"
 1484      6574615F 
 1484      636F6E66 
 1484      69676563 
 1484      6300
 1485              	.LASF18:
 1486 0085 474E5520 		.ascii	"GNU C 4.9.3 20150303 (release) [ARM/embedded-4_9-br"
 1486      4320342E 
 1486      392E3320 
 1486      32303135 
 1486      30333033 
 1487 00b8 616E6368 		.ascii	"anch revision 221220] -mcpu=cortex-m3 -mthumb -g -O"
 1487      20726576 
 1487      6973696F 
 1487      6E203232 
 1487      31323230 
 1488 00eb 67202D66 		.ascii	"g -ffunction-sections -ffat-lto-objects\000"
 1488      66756E63 
 1488      74696F6E 
 1488      2D736563 
 1488      74696F6E 
 1489              	.LASF8:
 1490 0113 756E7369 		.ascii	"unsigned int\000"
 1490      676E6564 
 1490      20696E74 
 1490      00
ARM GAS  C:\Users\Anders\AppData\Local\Temp\cckJ7OK3.s 			page 28


 1491              	.LASF20:
 1492 0120 433A5C55 		.ascii	"C:\\Users\\Anders\\Desktop\\Projekt 4. semester\\E4"
 1492      73657273 
 1492      5C416E64 
 1492      6572735C 
 1492      4465736B 
 1493 014e 50524A34 		.ascii	"PRJ4-Gruppe1\\Retnings og fremdrifts enhed version "
 1493      2D477275 
 1493      70706531 
 1493      5C526574 
 1493      6E696E67 
 1494 0180 70736F63 		.ascii	"psoc 5\\Retning_psoc_5\\I2C_Slave_prog.cydsn\000"
 1494      20355C52 
 1494      65746E69 
 1494      6E675F70 
 1494      736F635F 
 1495              	.LASF16:
 1496 01ab 63795F6D 		.ascii	"cy_meta_flashprotect\000"
 1496      6574615F 
 1496      666C6173 
 1496      6870726F 
 1496      74656374 
 1497              	.LASF15:
 1498 01c0 63795F6D 		.ascii	"cy_meta_wonvl\000"
 1498      6574615F 
 1498      776F6E76 
 1498      6C00
 1499              	.LASF12:
 1500 01ce 73697A65 		.ascii	"sizetype\000"
 1500      74797065 
 1500      00
 1501              	.LASF6:
 1502 01d7 6C6F6E67 		.ascii	"long long int\000"
 1502      206C6F6E 
 1502      6720696E 
 1502      7400
 1503              	.LASF11:
 1504 01e5 63686172 		.ascii	"char\000"
 1504      00
 1505              	.LASF2:
 1506 01ea 73686F72 		.ascii	"short int\000"
 1506      7420696E 
 1506      7400
 1507              	.LASF21:
 1508 01f4 75696E74 		.ascii	"uint8\000"
 1508      3800
 1509              	.LASF4:
 1510 01fa 6C6F6E67 		.ascii	"long int\000"
 1510      20696E74 
 1510      00
 1511              	.LASF0:
 1512 0203 7369676E 		.ascii	"signed char\000"
 1512      65642063 
 1512      68617200 
 1513              	.LASF19:
 1514 020f 47656E65 		.ascii	"Generated_Source\\PSoC5\\cymetadata.c\000"
 1514      72617465 
ARM GAS  C:\Users\Anders\AppData\Local\Temp\cckJ7OK3.s 			page 29


 1514      645F536F 
 1514      75726365 
 1514      5C50536F 
 1515              		.ident	"GCC: (GNU Tools for ARM Embedded Processors) 4.9.3 20150303 (release) [ARM/embedded-4_9-br
