ARM GAS  C:\Users\Anders\AppData\Local\Temp\cciG71Cy.s 			page 1


   1              		.syntax unified
   2              		.cpu cortex-m3
   3              		.fpu softvfp
   4              		.eabi_attribute 20, 1
   5              		.eabi_attribute 21, 1
   6              		.eabi_attribute 23, 3
   7              		.eabi_attribute 24, 1
   8              		.eabi_attribute 25, 1
   9              		.eabi_attribute 26, 1
  10              		.eabi_attribute 30, 1
  11              		.eabi_attribute 34, 1
  12              		.eabi_attribute 18, 4
  13              		.thumb
  14              		.file	"main.c"
  15              		.text
  16              	.Ltext0:
  17              		.cfi_sections	.debug_frame
  18              		.section	.text.main,"ax",%progbits
  19              		.align	2
  20              		.global	main
  21              		.thumb
  22              		.thumb_func
  23              		.type	main, %function
  24              	main:
  25              	.LFB63:
  26              		.file 1 "main.c"
   1:main.c        **** /* ========================================
   2:main.c        ****  *
   3:main.c        ****  * Copyright Anders Dalsgaard Norlyk, 2016
   4:main.c        ****  * All Rights Reserved
   5:main.c        ****  * UNPUBLISHED, LICENSED SOFTWARE.
   6:main.c        ****  *
   7:main.c        ****  * CONFIDENTIAL AND PROPRIETARY INFORMATION
   8:main.c        ****  * WHICH IS THE PROPERTY OF your company.
   9:main.c        ****  *
  10:main.c        ****  * ========================================
  11:main.c        **** */
  12:main.c        **** 
  13:main.c        **** #include "main.h"
  14:main.c        **** 
  15:main.c        **** /* I2C slave read and write buffers */
  16:main.c        **** uint8 i2cReadBuffer [BUFFER_SIZE] = {PACKET_SOP, STS_CMD_FAIL, STS_CMD_DONE, STS_CMD_DONE, STS_CMD_
  17:main.c        **** uint8 i2cWriteBuffer[BUFFER_SIZE];
  18:main.c        **** 
  19:main.c        **** int main()
  20:main.c        **** {
  27              		.loc 1 20 0
  28              		.cfi_startproc
  29              		@ args = 0, pretend = 0, frame = 0
  30              		@ frame_needed = 0, uses_anonymous_args = 0
  31 0000 10B5     		push	{r4, lr}
  32              		.cfi_def_cfa_offset 8
  33              		.cfi_offset 4, -8
  34              		.cfi_offset 14, -4
  35              	.LVL0:
  21:main.c        ****     uint8 status = STS_CMD_FAIL;
  22:main.c        ****     PWM_foreste_fremdrift_Start();
ARM GAS  C:\Users\Anders\AppData\Local\Temp\cciG71Cy.s 			page 2


  36              		.loc 1 22 0
  37 0002 FFF7FEFF 		bl	PWM_foreste_fremdrift_Start
  38              	.LVL1:
  23:main.c        ****     //PWM_foreste_fremdrift_Start();
  24:main.c        **** 
  25:main.c        ****     /* Start I2C slave (SCB mode) */
  26:main.c        ****     I2CS_SlaveInitReadBuf (i2cReadBuffer,  BUFFER_SIZE);
  39              		.loc 1 26 0
  40 0006 1E48     		ldr	r0, .L10
  41 0008 0621     		movs	r1, #6
  42 000a FFF7FEFF 		bl	I2CS_SlaveInitReadBuf
  43              	.LVL2:
  27:main.c        ****     I2CS_SlaveInitWriteBuf(i2cWriteBuffer, BUFFER_SIZE);
  44              		.loc 1 27 0
  45 000e 1D48     		ldr	r0, .L10+4
  46 0010 0621     		movs	r1, #6
  47 0012 FFF7FEFF 		bl	I2CS_SlaveInitWriteBuf
  48              	.LVL3:
  28:main.c        ****     I2CS_Start();
  49              		.loc 1 28 0
  50 0016 FFF7FEFF 		bl	I2CS_Start
  51              	.LVL4:
  29:main.c        **** 
  30:main.c        ****     CyGlobalIntEnable;
  52              		.loc 1 30 0
  53              	@ 30 "main.c" 1
  54 001a 62B6     		CPSIE   i
  55              	@ 0 "" 2
  56              		.thumb
  57              	.L4:
  31:main.c        ****     
  32:main.c        **** 
  33:main.c        ****     /***************************************************************************
  34:main.c        ****     * Main polling loop
  35:main.c        ****     ***************************************************************************/
  36:main.c        ****     for (;;)
  37:main.c        ****     {
  38:main.c        ****          test_Write(1);   
  58              		.loc 1 38 0
  59 001c 0120     		movs	r0, #1
  60 001e FFF7FEFF 		bl	test_Write
  61              	.LVL5:
  39:main.c        ****         /* Write complete: parse command packet */
  40:main.c        ****         if (0u != (I2CS_SlaveStatus() & I2CS_SSTAT_WR_CMPLT))
  62              		.loc 1 40 0
  63 0022 FFF7FEFF 		bl	I2CS_SlaveStatus
  64              	.LVL6:
  65 0026 10F0100F 		tst	r0, #16
  66 002a 1FD0     		beq	.L2
  41:main.c        ****         {
  42:main.c        ****             /* Check packet length */
  43:main.c        ****             if (PACKET_SIZE == I2CS_SlaveGetWriteBufSize())
  67              		.loc 1 43 0
  68 002c FFF7FEFF 		bl	I2CS_SlaveGetWriteBufSize
  69              	.LVL7:
  70 0030 0628     		cmp	r0, #6
  71 0032 10D1     		bne	.L6
ARM GAS  C:\Users\Anders\AppData\Local\Temp\cciG71Cy.s 			page 3


  44:main.c        ****             {
  45:main.c        ****                 /* Check start and end of packet markers */
  46:main.c        ****                 if ((i2cWriteBuffer[PACKET_SOP_POS] == PACKET_SOP) &&
  72              		.loc 1 46 0
  73 0034 134B     		ldr	r3, .L10+4
  74 0036 1B78     		ldrb	r3, [r3]	@ zero_extendqisi2
  75 0038 012B     		cmp	r3, #1
  76 003a 0ED1     		bne	.L7
  47:main.c        ****                     (i2cWriteBuffer[PACKET_EOP_POS] == PACKET_EOP))
  77              		.loc 1 47 0 discriminator 1
  78 003c 114B     		ldr	r3, .L10+4
  79 003e 5B79     		ldrb	r3, [r3, #5]	@ zero_extendqisi2
  46:main.c        ****                     (i2cWriteBuffer[PACKET_EOP_POS] == PACKET_EOP))
  80              		.loc 1 46 0 discriminator 1
  81 0040 172B     		cmp	r3, #23
  82 0042 0CD1     		bne	.L8
  48:main.c        ****                 {
  49:main.c        ****                     status = run_front(i2cWriteBuffer[PACKET_ANG1_POS],i2cWriteBuffer[PACKET_SPEED1
  83              		.loc 1 49 0
  84 0044 0F4B     		ldr	r3, .L10+4
  85 0046 5878     		ldrb	r0, [r3, #1]	@ zero_extendqisi2
  86 0048 9978     		ldrb	r1, [r3, #2]	@ zero_extendqisi2
  87 004a DA78     		ldrb	r2, [r3, #3]	@ zero_extendqisi2
  88 004c 1B79     		ldrb	r3, [r3, #4]	@ zero_extendqisi2
  89 004e FFF7FEFF 		bl	run_front
  90              	.LVL8:
  91 0052 0446     		mov	r4, r0
  92              	.LVL9:
  93 0054 04E0     		b	.L3
  94              	.LVL10:
  95              	.L6:
  96 0056 FF24     		movs	r4, #255
  97 0058 02E0     		b	.L3
  98              	.L7:
  99 005a FF24     		movs	r4, #255
 100 005c 00E0     		b	.L3
 101              	.L8:
 102 005e FF24     		movs	r4, #255
 103              	.LVL11:
 104              	.L3:
  50:main.c        ****                     
  51:main.c        ****                 }
  52:main.c        ****             }
  53:main.c        **** 
  54:main.c        ****             /* Clear slave write buffer and status */
  55:main.c        ****             I2CS_SlaveClearWriteBuf();
 105              		.loc 1 55 0
 106 0060 FFF7FEFF 		bl	I2CS_SlaveClearWriteBuf
 107              	.LVL12:
  56:main.c        ****             (void) I2CS_SlaveClearWriteStatus();
 108              		.loc 1 56 0
 109 0064 FFF7FEFF 		bl	I2CS_SlaveClearWriteStatus
 110              	.LVL13:
  57:main.c        **** 
  58:main.c        ****             /*  read buffer */
  59:main.c        ****             i2cReadBuffer[PACKET_STS_1_POS] = status;
 111              		.loc 1 59 0
ARM GAS  C:\Users\Anders\AppData\Local\Temp\cciG71Cy.s 			page 4


 112 0068 054B     		ldr	r3, .L10
 113 006a 5C70     		strb	r4, [r3, #1]
 114              	.LVL14:
 115              	.L2:
  60:main.c        ****             status = STS_CMD_FAIL;
  61:main.c        ****         }
  62:main.c        **** 
  63:main.c        ****         /* Read complete: expose buffer to master */
  64:main.c        ****         if (0u != (I2CS_SlaveStatus() & I2CS_SSTAT_RD_CMPLT))
 116              		.loc 1 64 0
 117 006c FFF7FEFF 		bl	I2CS_SlaveStatus
 118              	.LVL15:
 119 0070 10F0010F 		tst	r0, #1
 120 0074 D2D0     		beq	.L4
  65:main.c        ****         {
  66:main.c        ****             /* Clear slave read buffer and status */
  67:main.c        ****             I2CS_SlaveClearReadBuf();
 121              		.loc 1 67 0
 122 0076 FFF7FEFF 		bl	I2CS_SlaveClearReadBuf
 123              	.LVL16:
  68:main.c        ****             (void) I2CS_SlaveClearReadStatus();
 124              		.loc 1 68 0
 125 007a FFF7FEFF 		bl	I2CS_SlaveClearReadStatus
 126              	.LVL17:
 127 007e CDE7     		b	.L4
 128              	.L11:
 129              		.align	2
 130              	.L10:
 131 0080 00000000 		.word	.LANCHOR0
 132 0084 00000000 		.word	i2cWriteBuffer
 133              		.cfi_endproc
 134              	.LFE63:
 135              		.size	main, .-main
 136              		.comm	i2cWriteBuffer,6,4
 137              		.global	i2cReadBuffer
 138              		.data
 139              		.align	2
 140              		.set	.LANCHOR0,. + 0
 141              		.type	i2cReadBuffer, %object
 142              		.size	i2cReadBuffer, 6
 143              	i2cReadBuffer:
 144 0000 01       		.byte	1
 145 0001 FF       		.byte	-1
 146 0002 00       		.byte	0
 147 0003 00       		.byte	0
 148 0004 00       		.byte	0
 149 0005 17       		.byte	23
 150 0006 0000     		.text
 151              	.Letext0:
 152              		.file 2 "c:\\program files (x86)\\cypress\\psoc creator\\4.0\\psoc creator\\import\\gnu\\arm\\4.9.
 153              		.file 3 "c:\\program files (x86)\\cypress\\psoc creator\\4.0\\psoc creator\\import\\gnu\\arm\\4.9.
 154              		.file 4 "Generated_Source\\PSoC5/cytypes.h"
 155              		.file 5 "Generated_Source\\PSoC5/core_cm3.h"
 156              		.file 6 "Generated_Source\\PSoC5/I2CS.h"
 157              		.file 7 "Generated_Source\\PSoC5/PWM_foreste_fremdrift.h"
 158              		.file 8 "Generated_Source\\PSoC5/test.h"
 159              		.file 9 "main.h"
ARM GAS  C:\Users\Anders\AppData\Local\Temp\cciG71Cy.s 			page 5


 160              		.section	.debug_info,"",%progbits
 161              	.Ldebug_info0:
 162 0000 66020000 		.4byte	0x266
 163 0004 0400     		.2byte	0x4
 164 0006 00000000 		.4byte	.Ldebug_abbrev0
 165 000a 04       		.byte	0x4
 166 000b 01       		.uleb128 0x1
 167 000c 74010000 		.4byte	.LASF30
 168 0010 01       		.byte	0x1
 169 0011 6E020000 		.4byte	.LASF31
 170 0015 49000000 		.4byte	.LASF32
 171 0019 00000000 		.4byte	.Ldebug_ranges0+0
 172 001d 00000000 		.4byte	0
 173 0021 00000000 		.4byte	.Ldebug_line0
 174 0025 02       		.uleb128 0x2
 175 0026 01       		.byte	0x1
 176 0027 06       		.byte	0x6
 177 0028 F9020000 		.4byte	.LASF0
 178 002c 02       		.uleb128 0x2
 179 002d 01       		.byte	0x1
 180 002e 08       		.byte	0x8
 181 002f 07010000 		.4byte	.LASF1
 182 0033 02       		.uleb128 0x2
 183 0034 02       		.byte	0x2
 184 0035 05       		.byte	0x5
 185 0036 A9020000 		.4byte	.LASF2
 186 003a 02       		.uleb128 0x2
 187 003b 02       		.byte	0x2
 188 003c 07       		.byte	0x7
 189 003d 28000000 		.4byte	.LASF3
 190 0041 03       		.uleb128 0x3
 191 0042 15000000 		.4byte	.LASF9
 192 0046 02       		.byte	0x2
 193 0047 3F       		.byte	0x3f
 194 0048 4C000000 		.4byte	0x4c
 195 004c 02       		.uleb128 0x2
 196 004d 04       		.byte	0x4
 197 004e 05       		.byte	0x5
 198 004f 1F000000 		.4byte	.LASF4
 199 0053 02       		.uleb128 0x2
 200 0054 04       		.byte	0x4
 201 0055 07       		.byte	0x7
 202 0056 23010000 		.4byte	.LASF5
 203 005a 02       		.uleb128 0x2
 204 005b 08       		.byte	0x8
 205 005c 05       		.byte	0x5
 206 005d 60020000 		.4byte	.LASF6
 207 0061 02       		.uleb128 0x2
 208 0062 08       		.byte	0x8
 209 0063 07       		.byte	0x7
 210 0064 0F020000 		.4byte	.LASF7
 211 0068 04       		.uleb128 0x4
 212 0069 04       		.byte	0x4
 213 006a 05       		.byte	0x5
 214 006b 696E7400 		.ascii	"int\000"
 215 006f 02       		.uleb128 0x2
 216 0070 04       		.byte	0x4
ARM GAS  C:\Users\Anders\AppData\Local\Temp\cciG71Cy.s 			page 6


 217 0071 07       		.byte	0x7
 218 0072 02020000 		.4byte	.LASF8
 219 0076 03       		.uleb128 0x3
 220 0077 35020000 		.4byte	.LASF10
 221 007b 03       		.byte	0x3
 222 007c 2C       		.byte	0x2c
 223 007d 41000000 		.4byte	0x41
 224 0081 05       		.uleb128 0x5
 225 0082 BE020000 		.4byte	.LASF11
 226 0086 04       		.byte	0x4
 227 0087 9201     		.2byte	0x192
 228 0089 2C000000 		.4byte	0x2c
 229 008d 02       		.uleb128 0x2
 230 008e 04       		.byte	0x4
 231 008f 04       		.byte	0x4
 232 0090 E5000000 		.4byte	.LASF12
 233 0094 02       		.uleb128 0x2
 234 0095 08       		.byte	0x8
 235 0096 04       		.byte	0x4
 236 0097 3B000000 		.4byte	.LASF13
 237 009b 02       		.uleb128 0x2
 238 009c 01       		.byte	0x1
 239 009d 08       		.byte	0x8
 240 009e 75020000 		.4byte	.LASF14
 241 00a2 02       		.uleb128 0x2
 242 00a3 04       		.byte	0x4
 243 00a4 07       		.byte	0x7
 244 00a5 3D020000 		.4byte	.LASF15
 245 00a9 06       		.uleb128 0x6
 246 00aa 6F010000 		.4byte	.LASF33
 247 00ae 01       		.byte	0x1
 248 00af 13       		.byte	0x13
 249 00b0 68000000 		.4byte	0x68
 250 00b4 00000000 		.4byte	.LFB63
 251 00b8 88000000 		.4byte	.LFE63-.LFB63
 252 00bc 01       		.uleb128 0x1
 253 00bd 9C       		.byte	0x9c
 254 00be 77010000 		.4byte	0x177
 255 00c2 07       		.uleb128 0x7
 256 00c3 42000000 		.4byte	.LASF34
 257 00c7 01       		.byte	0x1
 258 00c8 15       		.byte	0x15
 259 00c9 81000000 		.4byte	0x81
 260 00cd 00000000 		.4byte	.LLST0
 261 00d1 08       		.uleb128 0x8
 262 00d2 06000000 		.4byte	.LVL1
 263 00d6 BA010000 		.4byte	0x1ba
 264 00da 09       		.uleb128 0x9
 265 00db 0E000000 		.4byte	.LVL2
 266 00df C1010000 		.4byte	0x1c1
 267 00e3 F6000000 		.4byte	0xf6
 268 00e7 0A       		.uleb128 0xa
 269 00e8 01       		.uleb128 0x1
 270 00e9 51       		.byte	0x51
 271 00ea 01       		.uleb128 0x1
 272 00eb 36       		.byte	0x36
 273 00ec 0A       		.uleb128 0xa
ARM GAS  C:\Users\Anders\AppData\Local\Temp\cciG71Cy.s 			page 7


 274 00ed 01       		.uleb128 0x1
 275 00ee 50       		.byte	0x50
 276 00ef 05       		.uleb128 0x5
 277 00f0 03       		.byte	0x3
 278 00f1 00000000 		.4byte	.LANCHOR0
 279 00f5 00       		.byte	0
 280 00f6 09       		.uleb128 0x9
 281 00f7 16000000 		.4byte	.LVL3
 282 00fb DD010000 		.4byte	0x1dd
 283 00ff 12010000 		.4byte	0x112
 284 0103 0A       		.uleb128 0xa
 285 0104 01       		.uleb128 0x1
 286 0105 51       		.byte	0x51
 287 0106 01       		.uleb128 0x1
 288 0107 36       		.byte	0x36
 289 0108 0A       		.uleb128 0xa
 290 0109 01       		.uleb128 0x1
 291 010a 50       		.byte	0x50
 292 010b 05       		.uleb128 0x5
 293 010c 03       		.byte	0x3
 294 010d 00000000 		.4byte	i2cWriteBuffer
 295 0111 00       		.byte	0
 296 0112 08       		.uleb128 0x8
 297 0113 1A000000 		.4byte	.LVL4
 298 0117 F3010000 		.4byte	0x1f3
 299 011b 09       		.uleb128 0x9
 300 011c 22000000 		.4byte	.LVL5
 301 0120 FA010000 		.4byte	0x1fa
 302 0124 2E010000 		.4byte	0x12e
 303 0128 0A       		.uleb128 0xa
 304 0129 01       		.uleb128 0x1
 305 012a 50       		.byte	0x50
 306 012b 01       		.uleb128 0x1
 307 012c 31       		.byte	0x31
 308 012d 00       		.byte	0
 309 012e 08       		.uleb128 0x8
 310 012f 26000000 		.4byte	.LVL6
 311 0133 0B020000 		.4byte	0x20b
 312 0137 08       		.uleb128 0x8
 313 0138 30000000 		.4byte	.LVL7
 314 013c 16020000 		.4byte	0x216
 315 0140 08       		.uleb128 0x8
 316 0141 52000000 		.4byte	.LVL8
 317 0145 21020000 		.4byte	0x221
 318 0149 08       		.uleb128 0x8
 319 014a 64000000 		.4byte	.LVL12
 320 014e 45020000 		.4byte	0x245
 321 0152 08       		.uleb128 0x8
 322 0153 68000000 		.4byte	.LVL13
 323 0157 4C020000 		.4byte	0x24c
 324 015b 08       		.uleb128 0x8
 325 015c 70000000 		.4byte	.LVL15
 326 0160 0B020000 		.4byte	0x20b
 327 0164 08       		.uleb128 0x8
 328 0165 7A000000 		.4byte	.LVL16
 329 0169 57020000 		.4byte	0x257
 330 016d 08       		.uleb128 0x8
ARM GAS  C:\Users\Anders\AppData\Local\Temp\cciG71Cy.s 			page 8


 331 016e 7E000000 		.4byte	.LVL17
 332 0172 5E020000 		.4byte	0x25e
 333 0176 00       		.byte	0
 334 0177 0B       		.uleb128 0xb
 335 0178 4B010000 		.4byte	.LASF16
 336 017c 05       		.byte	0x5
 337 017d 9606     		.2byte	0x696
 338 017f 83010000 		.4byte	0x183
 339 0183 0C       		.uleb128 0xc
 340 0184 76000000 		.4byte	0x76
 341 0188 0D       		.uleb128 0xd
 342 0189 81000000 		.4byte	0x81
 343 018d 98010000 		.4byte	0x198
 344 0191 0E       		.uleb128 0xe
 345 0192 A2000000 		.4byte	0xa2
 346 0196 05       		.byte	0x5
 347 0197 00       		.byte	0
 348 0198 0F       		.uleb128 0xf
 349 0199 15010000 		.4byte	.LASF17
 350 019d 01       		.byte	0x1
 351 019e 10       		.byte	0x10
 352 019f 88010000 		.4byte	0x188
 353 01a3 05       		.uleb128 0x5
 354 01a4 03       		.byte	0x3
 355 01a5 00000000 		.4byte	i2cReadBuffer
 356 01a9 0F       		.uleb128 0xf
 357 01aa 26020000 		.4byte	.LASF18
 358 01ae 01       		.byte	0x1
 359 01af 11       		.byte	0x11
 360 01b0 88010000 		.4byte	0x188
 361 01b4 05       		.uleb128 0x5
 362 01b5 03       		.byte	0x3
 363 01b6 00000000 		.4byte	i2cWriteBuffer
 364 01ba 10       		.uleb128 0x10
 365 01bb EB000000 		.4byte	.LASF21
 366 01bf 07       		.byte	0x7
 367 01c0 92       		.byte	0x92
 368 01c1 11       		.uleb128 0x11
 369 01c2 35010000 		.4byte	.LASF19
 370 01c6 06       		.byte	0x6
 371 01c7 C5       		.byte	0xc5
 372 01c8 D7010000 		.4byte	0x1d7
 373 01cc 12       		.uleb128 0x12
 374 01cd D7010000 		.4byte	0x1d7
 375 01d1 12       		.uleb128 0x12
 376 01d2 81000000 		.4byte	0x81
 377 01d6 00       		.byte	0
 378 01d7 13       		.uleb128 0x13
 379 01d8 04       		.byte	0x4
 380 01d9 81000000 		.4byte	0x81
 381 01dd 11       		.uleb128 0x11
 382 01de 58010000 		.4byte	.LASF20
 383 01e2 06       		.byte	0x6
 384 01e3 C7       		.byte	0xc7
 385 01e4 F3010000 		.4byte	0x1f3
 386 01e8 12       		.uleb128 0x12
 387 01e9 D7010000 		.4byte	0x1d7
ARM GAS  C:\Users\Anders\AppData\Local\Temp\cciG71Cy.s 			page 9


 388 01ed 12       		.uleb128 0x12
 389 01ee 81000000 		.4byte	0x81
 390 01f2 00       		.byte	0
 391 01f3 10       		.uleb128 0x10
 392 01f4 00000000 		.4byte	.LASF22
 393 01f8 06       		.byte	0x6
 394 01f9 93       		.byte	0x93
 395 01fa 11       		.uleb128 0x11
 396 01fb B3020000 		.4byte	.LASF23
 397 01ff 08       		.byte	0x8
 398 0200 26       		.byte	0x26
 399 0201 0B020000 		.4byte	0x20b
 400 0205 12       		.uleb128 0x12
 401 0206 81000000 		.4byte	0x81
 402 020a 00       		.byte	0
 403 020b 14       		.uleb128 0x14
 404 020c D4000000 		.4byte	.LASF24
 405 0210 06       		.byte	0x6
 406 0211 BE       		.byte	0xbe
 407 0212 81000000 		.4byte	0x81
 408 0216 14       		.uleb128 0x14
 409 0217 46020000 		.4byte	.LASF25
 410 021b 06       		.byte	0x6
 411 021c CA       		.byte	0xca
 412 021d 81000000 		.4byte	0x81
 413 0221 15       		.uleb128 0x15
 414 0222 0B000000 		.4byte	.LASF35
 415 0226 09       		.byte	0x9
 416 0227 0B       		.byte	0xb
 417 0228 81000000 		.4byte	0x81
 418 022c 45020000 		.4byte	0x245
 419 0230 12       		.uleb128 0x12
 420 0231 81000000 		.4byte	0x81
 421 0235 12       		.uleb128 0x12
 422 0236 81000000 		.4byte	0x81
 423 023a 12       		.uleb128 0x12
 424 023b 81000000 		.4byte	0x81
 425 023f 12       		.uleb128 0x12
 426 0240 81000000 		.4byte	0x81
 427 0244 00       		.byte	0
 428 0245 10       		.uleb128 0x10
 429 0246 7A020000 		.4byte	.LASF26
 430 024a 06       		.byte	0x6
 431 024b CC       		.byte	0xcc
 432 024c 14       		.uleb128 0x14
 433 024d DE020000 		.4byte	.LASF27
 434 0251 06       		.byte	0x6
 435 0252 C0       		.byte	0xc0
 436 0253 81000000 		.4byte	0x81
 437 0257 10       		.uleb128 0x10
 438 0258 92020000 		.4byte	.LASF28
 439 025c 06       		.byte	0x6
 440 025d CB       		.byte	0xcb
 441 025e 14       		.uleb128 0x14
 442 025f C4020000 		.4byte	.LASF29
 443 0263 06       		.byte	0x6
 444 0264 BF       		.byte	0xbf
ARM GAS  C:\Users\Anders\AppData\Local\Temp\cciG71Cy.s 			page 10


 445 0265 81000000 		.4byte	0x81
 446 0269 00       		.byte	0
 447              		.section	.debug_abbrev,"",%progbits
 448              	.Ldebug_abbrev0:
 449 0000 01       		.uleb128 0x1
 450 0001 11       		.uleb128 0x11
 451 0002 01       		.byte	0x1
 452 0003 25       		.uleb128 0x25
 453 0004 0E       		.uleb128 0xe
 454 0005 13       		.uleb128 0x13
 455 0006 0B       		.uleb128 0xb
 456 0007 03       		.uleb128 0x3
 457 0008 0E       		.uleb128 0xe
 458 0009 1B       		.uleb128 0x1b
 459 000a 0E       		.uleb128 0xe
 460 000b 55       		.uleb128 0x55
 461 000c 17       		.uleb128 0x17
 462 000d 11       		.uleb128 0x11
 463 000e 01       		.uleb128 0x1
 464 000f 10       		.uleb128 0x10
 465 0010 17       		.uleb128 0x17
 466 0011 00       		.byte	0
 467 0012 00       		.byte	0
 468 0013 02       		.uleb128 0x2
 469 0014 24       		.uleb128 0x24
 470 0015 00       		.byte	0
 471 0016 0B       		.uleb128 0xb
 472 0017 0B       		.uleb128 0xb
 473 0018 3E       		.uleb128 0x3e
 474 0019 0B       		.uleb128 0xb
 475 001a 03       		.uleb128 0x3
 476 001b 0E       		.uleb128 0xe
 477 001c 00       		.byte	0
 478 001d 00       		.byte	0
 479 001e 03       		.uleb128 0x3
 480 001f 16       		.uleb128 0x16
 481 0020 00       		.byte	0
 482 0021 03       		.uleb128 0x3
 483 0022 0E       		.uleb128 0xe
 484 0023 3A       		.uleb128 0x3a
 485 0024 0B       		.uleb128 0xb
 486 0025 3B       		.uleb128 0x3b
 487 0026 0B       		.uleb128 0xb
 488 0027 49       		.uleb128 0x49
 489 0028 13       		.uleb128 0x13
 490 0029 00       		.byte	0
 491 002a 00       		.byte	0
 492 002b 04       		.uleb128 0x4
 493 002c 24       		.uleb128 0x24
 494 002d 00       		.byte	0
 495 002e 0B       		.uleb128 0xb
 496 002f 0B       		.uleb128 0xb
 497 0030 3E       		.uleb128 0x3e
 498 0031 0B       		.uleb128 0xb
 499 0032 03       		.uleb128 0x3
 500 0033 08       		.uleb128 0x8
 501 0034 00       		.byte	0
ARM GAS  C:\Users\Anders\AppData\Local\Temp\cciG71Cy.s 			page 11


 502 0035 00       		.byte	0
 503 0036 05       		.uleb128 0x5
 504 0037 16       		.uleb128 0x16
 505 0038 00       		.byte	0
 506 0039 03       		.uleb128 0x3
 507 003a 0E       		.uleb128 0xe
 508 003b 3A       		.uleb128 0x3a
 509 003c 0B       		.uleb128 0xb
 510 003d 3B       		.uleb128 0x3b
 511 003e 05       		.uleb128 0x5
 512 003f 49       		.uleb128 0x49
 513 0040 13       		.uleb128 0x13
 514 0041 00       		.byte	0
 515 0042 00       		.byte	0
 516 0043 06       		.uleb128 0x6
 517 0044 2E       		.uleb128 0x2e
 518 0045 01       		.byte	0x1
 519 0046 3F       		.uleb128 0x3f
 520 0047 19       		.uleb128 0x19
 521 0048 03       		.uleb128 0x3
 522 0049 0E       		.uleb128 0xe
 523 004a 3A       		.uleb128 0x3a
 524 004b 0B       		.uleb128 0xb
 525 004c 3B       		.uleb128 0x3b
 526 004d 0B       		.uleb128 0xb
 527 004e 49       		.uleb128 0x49
 528 004f 13       		.uleb128 0x13
 529 0050 11       		.uleb128 0x11
 530 0051 01       		.uleb128 0x1
 531 0052 12       		.uleb128 0x12
 532 0053 06       		.uleb128 0x6
 533 0054 40       		.uleb128 0x40
 534 0055 18       		.uleb128 0x18
 535 0056 9742     		.uleb128 0x2117
 536 0058 19       		.uleb128 0x19
 537 0059 01       		.uleb128 0x1
 538 005a 13       		.uleb128 0x13
 539 005b 00       		.byte	0
 540 005c 00       		.byte	0
 541 005d 07       		.uleb128 0x7
 542 005e 34       		.uleb128 0x34
 543 005f 00       		.byte	0
 544 0060 03       		.uleb128 0x3
 545 0061 0E       		.uleb128 0xe
 546 0062 3A       		.uleb128 0x3a
 547 0063 0B       		.uleb128 0xb
 548 0064 3B       		.uleb128 0x3b
 549 0065 0B       		.uleb128 0xb
 550 0066 49       		.uleb128 0x49
 551 0067 13       		.uleb128 0x13
 552 0068 02       		.uleb128 0x2
 553 0069 17       		.uleb128 0x17
 554 006a 00       		.byte	0
 555 006b 00       		.byte	0
 556 006c 08       		.uleb128 0x8
 557 006d 898201   		.uleb128 0x4109
 558 0070 00       		.byte	0
ARM GAS  C:\Users\Anders\AppData\Local\Temp\cciG71Cy.s 			page 12


 559 0071 11       		.uleb128 0x11
 560 0072 01       		.uleb128 0x1
 561 0073 31       		.uleb128 0x31
 562 0074 13       		.uleb128 0x13
 563 0075 00       		.byte	0
 564 0076 00       		.byte	0
 565 0077 09       		.uleb128 0x9
 566 0078 898201   		.uleb128 0x4109
 567 007b 01       		.byte	0x1
 568 007c 11       		.uleb128 0x11
 569 007d 01       		.uleb128 0x1
 570 007e 31       		.uleb128 0x31
 571 007f 13       		.uleb128 0x13
 572 0080 01       		.uleb128 0x1
 573 0081 13       		.uleb128 0x13
 574 0082 00       		.byte	0
 575 0083 00       		.byte	0
 576 0084 0A       		.uleb128 0xa
 577 0085 8A8201   		.uleb128 0x410a
 578 0088 00       		.byte	0
 579 0089 02       		.uleb128 0x2
 580 008a 18       		.uleb128 0x18
 581 008b 9142     		.uleb128 0x2111
 582 008d 18       		.uleb128 0x18
 583 008e 00       		.byte	0
 584 008f 00       		.byte	0
 585 0090 0B       		.uleb128 0xb
 586 0091 34       		.uleb128 0x34
 587 0092 00       		.byte	0
 588 0093 03       		.uleb128 0x3
 589 0094 0E       		.uleb128 0xe
 590 0095 3A       		.uleb128 0x3a
 591 0096 0B       		.uleb128 0xb
 592 0097 3B       		.uleb128 0x3b
 593 0098 05       		.uleb128 0x5
 594 0099 49       		.uleb128 0x49
 595 009a 13       		.uleb128 0x13
 596 009b 3F       		.uleb128 0x3f
 597 009c 19       		.uleb128 0x19
 598 009d 3C       		.uleb128 0x3c
 599 009e 19       		.uleb128 0x19
 600 009f 00       		.byte	0
 601 00a0 00       		.byte	0
 602 00a1 0C       		.uleb128 0xc
 603 00a2 35       		.uleb128 0x35
 604 00a3 00       		.byte	0
 605 00a4 49       		.uleb128 0x49
 606 00a5 13       		.uleb128 0x13
 607 00a6 00       		.byte	0
 608 00a7 00       		.byte	0
 609 00a8 0D       		.uleb128 0xd
 610 00a9 01       		.uleb128 0x1
 611 00aa 01       		.byte	0x1
 612 00ab 49       		.uleb128 0x49
 613 00ac 13       		.uleb128 0x13
 614 00ad 01       		.uleb128 0x1
 615 00ae 13       		.uleb128 0x13
ARM GAS  C:\Users\Anders\AppData\Local\Temp\cciG71Cy.s 			page 13


 616 00af 00       		.byte	0
 617 00b0 00       		.byte	0
 618 00b1 0E       		.uleb128 0xe
 619 00b2 21       		.uleb128 0x21
 620 00b3 00       		.byte	0
 621 00b4 49       		.uleb128 0x49
 622 00b5 13       		.uleb128 0x13
 623 00b6 2F       		.uleb128 0x2f
 624 00b7 0B       		.uleb128 0xb
 625 00b8 00       		.byte	0
 626 00b9 00       		.byte	0
 627 00ba 0F       		.uleb128 0xf
 628 00bb 34       		.uleb128 0x34
 629 00bc 00       		.byte	0
 630 00bd 03       		.uleb128 0x3
 631 00be 0E       		.uleb128 0xe
 632 00bf 3A       		.uleb128 0x3a
 633 00c0 0B       		.uleb128 0xb
 634 00c1 3B       		.uleb128 0x3b
 635 00c2 0B       		.uleb128 0xb
 636 00c3 49       		.uleb128 0x49
 637 00c4 13       		.uleb128 0x13
 638 00c5 3F       		.uleb128 0x3f
 639 00c6 19       		.uleb128 0x19
 640 00c7 02       		.uleb128 0x2
 641 00c8 18       		.uleb128 0x18
 642 00c9 00       		.byte	0
 643 00ca 00       		.byte	0
 644 00cb 10       		.uleb128 0x10
 645 00cc 2E       		.uleb128 0x2e
 646 00cd 00       		.byte	0
 647 00ce 3F       		.uleb128 0x3f
 648 00cf 19       		.uleb128 0x19
 649 00d0 03       		.uleb128 0x3
 650 00d1 0E       		.uleb128 0xe
 651 00d2 3A       		.uleb128 0x3a
 652 00d3 0B       		.uleb128 0xb
 653 00d4 3B       		.uleb128 0x3b
 654 00d5 0B       		.uleb128 0xb
 655 00d6 27       		.uleb128 0x27
 656 00d7 19       		.uleb128 0x19
 657 00d8 3C       		.uleb128 0x3c
 658 00d9 19       		.uleb128 0x19
 659 00da 00       		.byte	0
 660 00db 00       		.byte	0
 661 00dc 11       		.uleb128 0x11
 662 00dd 2E       		.uleb128 0x2e
 663 00de 01       		.byte	0x1
 664 00df 3F       		.uleb128 0x3f
 665 00e0 19       		.uleb128 0x19
 666 00e1 03       		.uleb128 0x3
 667 00e2 0E       		.uleb128 0xe
 668 00e3 3A       		.uleb128 0x3a
 669 00e4 0B       		.uleb128 0xb
 670 00e5 3B       		.uleb128 0x3b
 671 00e6 0B       		.uleb128 0xb
 672 00e7 27       		.uleb128 0x27
ARM GAS  C:\Users\Anders\AppData\Local\Temp\cciG71Cy.s 			page 14


 673 00e8 19       		.uleb128 0x19
 674 00e9 3C       		.uleb128 0x3c
 675 00ea 19       		.uleb128 0x19
 676 00eb 01       		.uleb128 0x1
 677 00ec 13       		.uleb128 0x13
 678 00ed 00       		.byte	0
 679 00ee 00       		.byte	0
 680 00ef 12       		.uleb128 0x12
 681 00f0 05       		.uleb128 0x5
 682 00f1 00       		.byte	0
 683 00f2 49       		.uleb128 0x49
 684 00f3 13       		.uleb128 0x13
 685 00f4 00       		.byte	0
 686 00f5 00       		.byte	0
 687 00f6 13       		.uleb128 0x13
 688 00f7 0F       		.uleb128 0xf
 689 00f8 00       		.byte	0
 690 00f9 0B       		.uleb128 0xb
 691 00fa 0B       		.uleb128 0xb
 692 00fb 49       		.uleb128 0x49
 693 00fc 13       		.uleb128 0x13
 694 00fd 00       		.byte	0
 695 00fe 00       		.byte	0
 696 00ff 14       		.uleb128 0x14
 697 0100 2E       		.uleb128 0x2e
 698 0101 00       		.byte	0
 699 0102 3F       		.uleb128 0x3f
 700 0103 19       		.uleb128 0x19
 701 0104 03       		.uleb128 0x3
 702 0105 0E       		.uleb128 0xe
 703 0106 3A       		.uleb128 0x3a
 704 0107 0B       		.uleb128 0xb
 705 0108 3B       		.uleb128 0x3b
 706 0109 0B       		.uleb128 0xb
 707 010a 27       		.uleb128 0x27
 708 010b 19       		.uleb128 0x19
 709 010c 49       		.uleb128 0x49
 710 010d 13       		.uleb128 0x13
 711 010e 3C       		.uleb128 0x3c
 712 010f 19       		.uleb128 0x19
 713 0110 00       		.byte	0
 714 0111 00       		.byte	0
 715 0112 15       		.uleb128 0x15
 716 0113 2E       		.uleb128 0x2e
 717 0114 01       		.byte	0x1
 718 0115 3F       		.uleb128 0x3f
 719 0116 19       		.uleb128 0x19
 720 0117 03       		.uleb128 0x3
 721 0118 0E       		.uleb128 0xe
 722 0119 3A       		.uleb128 0x3a
 723 011a 0B       		.uleb128 0xb
 724 011b 3B       		.uleb128 0x3b
 725 011c 0B       		.uleb128 0xb
 726 011d 27       		.uleb128 0x27
 727 011e 19       		.uleb128 0x19
 728 011f 49       		.uleb128 0x49
 729 0120 13       		.uleb128 0x13
ARM GAS  C:\Users\Anders\AppData\Local\Temp\cciG71Cy.s 			page 15


 730 0121 3C       		.uleb128 0x3c
 731 0122 19       		.uleb128 0x19
 732 0123 01       		.uleb128 0x1
 733 0124 13       		.uleb128 0x13
 734 0125 00       		.byte	0
 735 0126 00       		.byte	0
 736 0127 00       		.byte	0
 737              		.section	.debug_loc,"",%progbits
 738              	.Ldebug_loc0:
 739              	.LLST0:
 740 0000 02000000 		.4byte	.LVL0
 741 0004 54000000 		.4byte	.LVL9
 742 0008 0300     		.2byte	0x3
 743 000a 09       		.byte	0x9
 744 000b FF       		.byte	0xff
 745 000c 9F       		.byte	0x9f
 746 000d 54000000 		.4byte	.LVL9
 747 0011 56000000 		.4byte	.LVL10
 748 0015 0100     		.2byte	0x1
 749 0017 54       		.byte	0x54
 750 0018 56000000 		.4byte	.LVL10
 751 001c 60000000 		.4byte	.LVL11
 752 0020 0300     		.2byte	0x3
 753 0022 09       		.byte	0x9
 754 0023 FF       		.byte	0xff
 755 0024 9F       		.byte	0x9f
 756 0025 60000000 		.4byte	.LVL11
 757 0029 6C000000 		.4byte	.LVL14
 758 002d 0100     		.2byte	0x1
 759 002f 54       		.byte	0x54
 760 0030 6C000000 		.4byte	.LVL14
 761 0034 88000000 		.4byte	.LFE63
 762 0038 0300     		.2byte	0x3
 763 003a 09       		.byte	0x9
 764 003b FF       		.byte	0xff
 765 003c 9F       		.byte	0x9f
 766 003d 00000000 		.4byte	0
 767 0041 00000000 		.4byte	0
 768              		.section	.debug_aranges,"",%progbits
 769 0000 1C000000 		.4byte	0x1c
 770 0004 0200     		.2byte	0x2
 771 0006 00000000 		.4byte	.Ldebug_info0
 772 000a 04       		.byte	0x4
 773 000b 00       		.byte	0
 774 000c 0000     		.2byte	0
 775 000e 0000     		.2byte	0
 776 0010 00000000 		.4byte	.LFB63
 777 0014 88000000 		.4byte	.LFE63-.LFB63
 778 0018 00000000 		.4byte	0
 779 001c 00000000 		.4byte	0
 780              		.section	.debug_ranges,"",%progbits
 781              	.Ldebug_ranges0:
 782 0000 00000000 		.4byte	.LFB63
 783 0004 88000000 		.4byte	.LFE63
 784 0008 00000000 		.4byte	0
 785 000c 00000000 		.4byte	0
 786              		.section	.debug_line,"",%progbits
ARM GAS  C:\Users\Anders\AppData\Local\Temp\cciG71Cy.s 			page 16


 787              	.Ldebug_line0:
 788 0000 AF010000 		.section	.debug_str,"MS",%progbits,1
 788      02008001 
 788      00000201 
 788      FB0E0D00 
 788      01010101 
 789              	.LASF22:
 790 0000 49324353 		.ascii	"I2CS_Start\000"
 790      5F537461 
 790      727400
 791              	.LASF35:
 792 000b 72756E5F 		.ascii	"run_front\000"
 792      66726F6E 
 792      7400
 793              	.LASF9:
 794 0015 5F5F696E 		.ascii	"__int32_t\000"
 794      7433325F 
 794      7400
 795              	.LASF4:
 796 001f 6C6F6E67 		.ascii	"long int\000"
 796      20696E74 
 796      00
 797              	.LASF3:
 798 0028 73686F72 		.ascii	"short unsigned int\000"
 798      7420756E 
 798      7369676E 
 798      65642069 
 798      6E7400
 799              	.LASF13:
 800 003b 646F7562 		.ascii	"double\000"
 800      6C6500
 801              	.LASF34:
 802 0042 73746174 		.ascii	"status\000"
 802      757300
 803              	.LASF32:
 804 0049 433A5C55 		.ascii	"C:\\Users\\Anders\\Desktop\\Projekt 4. semester\\E4"
 804      73657273 
 804      5C416E64 
 804      6572735C 
 804      4465736B 
 805 0077 50524A34 		.ascii	"PRJ4-Gruppe1\\Retnings og fremdrifts enhed version "
 805      2D477275 
 805      70706531 
 805      5C526574 
 805      6E696E67 
 806 00a9 70736F63 		.ascii	"psoc 5\\Retning_psoc_5\\I2C_Slave_prog.cydsn\000"
 806      20355C52 
 806      65746E69 
 806      6E675F70 
 806      736F635F 
 807              	.LASF24:
 808 00d4 49324353 		.ascii	"I2CS_SlaveStatus\000"
 808      5F536C61 
 808      76655374 
 808      61747573 
 808      00
 809              	.LASF12:
ARM GAS  C:\Users\Anders\AppData\Local\Temp\cciG71Cy.s 			page 17


 810 00e5 666C6F61 		.ascii	"float\000"
 810      7400
 811              	.LASF21:
 812 00eb 50574D5F 		.ascii	"PWM_foreste_fremdrift_Start\000"
 812      666F7265 
 812      7374655F 
 812      6672656D 
 812      64726966 
 813              	.LASF1:
 814 0107 756E7369 		.ascii	"unsigned char\000"
 814      676E6564 
 814      20636861 
 814      7200
 815              	.LASF17:
 816 0115 69326352 		.ascii	"i2cReadBuffer\000"
 816      65616442 
 816      75666665 
 816      7200
 817              	.LASF5:
 818 0123 6C6F6E67 		.ascii	"long unsigned int\000"
 818      20756E73 
 818      69676E65 
 818      6420696E 
 818      7400
 819              	.LASF19:
 820 0135 49324353 		.ascii	"I2CS_SlaveInitReadBuf\000"
 820      5F536C61 
 820      7665496E 
 820      69745265 
 820      61644275 
 821              	.LASF16:
 822 014b 49544D5F 		.ascii	"ITM_RxBuffer\000"
 822      52784275 
 822      66666572 
 822      00
 823              	.LASF20:
 824 0158 49324353 		.ascii	"I2CS_SlaveInitWriteBuf\000"
 824      5F536C61 
 824      7665496E 
 824      69745772 
 824      69746542 
 825              	.LASF33:
 826 016f 6D61696E 		.ascii	"main\000"
 826      00
 827              	.LASF30:
 828 0174 474E5520 		.ascii	"GNU C 4.9.3 20150303 (release) [ARM/embedded-4_9-br"
 828      4320342E 
 828      392E3320 
 828      32303135 
 828      30333033 
 829 01a7 616E6368 		.ascii	"anch revision 221220] -mcpu=cortex-m3 -mthumb -g -O"
 829      20726576 
 829      6973696F 
 829      6E203232 
 829      31323230 
 830 01da 67202D66 		.ascii	"g -ffunction-sections -ffat-lto-objects\000"
 830      66756E63 
ARM GAS  C:\Users\Anders\AppData\Local\Temp\cciG71Cy.s 			page 18


 830      74696F6E 
 830      2D736563 
 830      74696F6E 
 831              	.LASF8:
 832 0202 756E7369 		.ascii	"unsigned int\000"
 832      676E6564 
 832      20696E74 
 832      00
 833              	.LASF7:
 834 020f 6C6F6E67 		.ascii	"long long unsigned int\000"
 834      206C6F6E 
 834      6720756E 
 834      7369676E 
 834      65642069 
 835              	.LASF18:
 836 0226 69326357 		.ascii	"i2cWriteBuffer\000"
 836      72697465 
 836      42756666 
 836      657200
 837              	.LASF10:
 838 0235 696E7433 		.ascii	"int32_t\000"
 838      325F7400 
 839              	.LASF15:
 840 023d 73697A65 		.ascii	"sizetype\000"
 840      74797065 
 840      00
 841              	.LASF25:
 842 0246 49324353 		.ascii	"I2CS_SlaveGetWriteBufSize\000"
 842      5F536C61 
 842      76654765 
 842      74577269 
 842      74654275 
 843              	.LASF6:
 844 0260 6C6F6E67 		.ascii	"long long int\000"
 844      206C6F6E 
 844      6720696E 
 844      7400
 845              	.LASF31:
 846 026e 6D61696E 		.ascii	"main.c\000"
 846      2E6300
 847              	.LASF14:
 848 0275 63686172 		.ascii	"char\000"
 848      00
 849              	.LASF26:
 850 027a 49324353 		.ascii	"I2CS_SlaveClearWriteBuf\000"
 850      5F536C61 
 850      7665436C 
 850      65617257 
 850      72697465 
 851              	.LASF28:
 852 0292 49324353 		.ascii	"I2CS_SlaveClearReadBuf\000"
 852      5F536C61 
 852      7665436C 
 852      65617252 
 852      65616442 
 853              	.LASF2:
 854 02a9 73686F72 		.ascii	"short int\000"
ARM GAS  C:\Users\Anders\AppData\Local\Temp\cciG71Cy.s 			page 19


 854      7420696E 
 854      7400
 855              	.LASF23:
 856 02b3 74657374 		.ascii	"test_Write\000"
 856      5F577269 
 856      746500
 857              	.LASF11:
 858 02be 75696E74 		.ascii	"uint8\000"
 858      3800
 859              	.LASF29:
 860 02c4 49324353 		.ascii	"I2CS_SlaveClearReadStatus\000"
 860      5F536C61 
 860      7665436C 
 860      65617252 
 860      65616453 
 861              	.LASF27:
 862 02de 49324353 		.ascii	"I2CS_SlaveClearWriteStatus\000"
 862      5F536C61 
 862      7665436C 
 862      65617257 
 862      72697465 
 863              	.LASF0:
 864 02f9 7369676E 		.ascii	"signed char\000"
 864      65642063 
 864      68617200 
 865              		.ident	"GCC: (GNU Tools for ARM Embedded Processors) 4.9.3 20150303 (release) [ARM/embedded-4_9-br
