ARM GAS  C:\Users\Anders\AppData\Local\Temp\ccNQXZny.s 			page 1


   1              		.syntax unified
   2              		.cpu cortex-m3
   3              		.fpu softvfp
   4              		.eabi_attribute 20, 1
   5              		.eabi_attribute 21, 1
   6              		.eabi_attribute 23, 3
   7              		.eabi_attribute 24, 1
   8              		.eabi_attribute 25, 1
   9              		.eabi_attribute 26, 1
  10              		.eabi_attribute 30, 1
  11              		.eabi_attribute 34, 1
  12              		.eabi_attribute 18, 4
  13              		.thumb
  14              		.file	"run_front.c"
  15              		.text
  16              	.Ltext0:
  17              		.cfi_sections	.debug_frame
  18              		.section	.text.run_front,"ax",%progbits
  19              		.align	2
  20              		.global	run_front
  21              		.thumb
  22              		.thumb_func
  23              		.type	run_front, %function
  24              	run_front:
  25              	.LFB63:
  26              		.file 1 "run_front.c"
   1:run_front.c   **** #include <main.h>
   2:run_front.c   **** 
   3:run_front.c   **** uint8 run_front(uint8 ang, uint8 speed, uint8 ang2, uint8 speed2)
   4:run_front.c   **** {
  27              		.loc 1 4 0
  28              		.cfi_startproc
  29              		@ args = 0, pretend = 0, frame = 0
  30              		@ frame_needed = 0, uses_anonymous_args = 0
  31              	.LVL0:
  32 0000 08B5     		push	{r3, lr}
  33              		.cfi_def_cfa_offset 8
  34              		.cfi_offset 3, -8
  35              		.cfi_offset 14, -4
   5:run_front.c   ****     
   6:run_front.c   ****     if(ang > 0 && speed == 0)
  36              		.loc 1 6 0
  37 0002 0346     		mov	r3, r0
  38              	.LVL1:
  39 0004 48B1     		cbz	r0, .L2
  40              		.loc 1 6 0 is_stmt 0 discriminator 1
  41 0006 41B9     		cbnz	r1, .L2
   7:run_front.c   ****     {
   8:run_front.c   ****         State_Forward_cnt = ang;
  42              		.loc 1 8 0 is_stmt 1
  43 0008 0A4A     		ldr	r2, .L5
  44              	.LVL2:
  45 000a 1070     		strb	r0, [r2]
   9:run_front.c   ****         State_CtrlReg_Dir_Write(1);
  46              		.loc 1 9 0
  47 000c 0120     		movs	r0, #1
  48              	.LVL3:
ARM GAS  C:\Users\Anders\AppData\Local\Temp\ccNQXZny.s 			page 2


  49 000e FFF7FEFF 		bl	State_CtrlReg_Dir_Write
  50              	.LVL4:
  10:run_front.c   ****         State_CtrlReg_Run_Write(1);
  51              		.loc 1 10 0
  52 0012 0120     		movs	r0, #1
  53 0014 FFF7FEFF 		bl	State_CtrlReg_Run_Write
  54              	.LVL5:
  55 0018 09E0     		b	.L3
  56              	.LVL6:
  57              	.L2:
  11:run_front.c   ****     }
  12:run_front.c   ****       
  13:run_front.c   ****     
  14:run_front.c   ****     else if(speed > 0 && ang == 0)
  58              		.loc 1 14 0
  59 001a 41B1     		cbz	r1, .L3
  60              		.loc 1 14 0 is_stmt 0 discriminator 1
  61 001c 3BB9     		cbnz	r3, .L3
  15:run_front.c   ****     {
  16:run_front.c   ****         State_Forward_cnt = speed;
  62              		.loc 1 16 0 is_stmt 1
  63 001e 054B     		ldr	r3, .L5
  64 0020 1970     		strb	r1, [r3]
  17:run_front.c   ****         State_CtrlReg_Dir_Write(2);
  65              		.loc 1 17 0
  66 0022 0220     		movs	r0, #2
  67              	.LVL7:
  68 0024 FFF7FEFF 		bl	State_CtrlReg_Dir_Write
  69              	.LVL8:
  18:run_front.c   ****         State_CtrlReg_Run_Write(1);
  70              		.loc 1 18 0
  71 0028 0120     		movs	r0, #1
  72 002a FFF7FEFF 		bl	State_CtrlReg_Run_Write
  73              	.LVL9:
  74              	.L3:
  19:run_front.c   ****     }
  20:run_front.c   ****     
  21:run_front.c   **** 
  22:run_front.c   ****   
  23:run_front.c   ****     
  24:run_front.c   ****     return 0;
  25:run_front.c   **** }
  75              		.loc 1 25 0
  76 002e 0020     		movs	r0, #0
  77 0030 08BD     		pop	{r3, pc}
  78              	.L6:
  79 0032 00BF     		.align	2
  80              	.L5:
  81 0034 0C640040 		.word	1073767436
  82              		.cfi_endproc
  83              	.LFE63:
  84              		.size	run_front, .-run_front
  85              		.text
  86              	.Letext0:
  87              		.file 2 "c:\\program files (x86)\\cypress\\psoc creator\\4.0\\psoc creator\\import\\gnu\\arm\\4.9.
  88              		.file 3 "c:\\program files (x86)\\cypress\\psoc creator\\4.0\\psoc creator\\import\\gnu\\arm\\4.9.
  89              		.file 4 "Generated_Source\\PSoC5/cytypes.h"
ARM GAS  C:\Users\Anders\AppData\Local\Temp\ccNQXZny.s 			page 3


  90              		.file 5 "Generated_Source\\PSoC5/core_cm3.h"
  91              		.file 6 "Generated_Source\\PSoC5/State_CtrlReg_Dir.h"
  92              		.file 7 "Generated_Source\\PSoC5/State_CtrlReg_Run.h"
  93              		.section	.debug_info,"",%progbits
  94              	.Ldebug_info0:
  95 0000 84010000 		.4byte	0x184
  96 0004 0400     		.2byte	0x4
  97 0006 00000000 		.4byte	.Ldebug_abbrev0
  98 000a 04       		.byte	0x4
  99 000b 01       		.uleb128 0x1
 100 000c AD000000 		.4byte	.LASF20
 101 0010 01       		.byte	0x1
 102 0011 5A000000 		.4byte	.LASF21
 103 0015 3B010000 		.4byte	.LASF22
 104 0019 00000000 		.4byte	.Ldebug_ranges0+0
 105 001d 00000000 		.4byte	0
 106 0021 00000000 		.4byte	.Ldebug_line0
 107 0025 02       		.uleb128 0x2
 108 0026 01       		.byte	0x1
 109 0027 06       		.byte	0x6
 110 0028 FD010000 		.4byte	.LASF0
 111 002c 02       		.uleb128 0x2
 112 002d 01       		.byte	0x1
 113 002e 08       		.byte	0x8
 114 002f 2E000000 		.4byte	.LASF1
 115 0033 02       		.uleb128 0x2
 116 0034 02       		.byte	0x2
 117 0035 05       		.byte	0x5
 118 0036 1F020000 		.4byte	.LASF2
 119 003a 02       		.uleb128 0x2
 120 003b 02       		.byte	0x2
 121 003c 07       		.byte	0x7
 122 003d 0E000000 		.4byte	.LASF3
 123 0041 03       		.uleb128 0x3
 124 0042 09020000 		.4byte	.LASF9
 125 0046 02       		.byte	0x2
 126 0047 3F       		.byte	0x3f
 127 0048 4C000000 		.4byte	0x4c
 128 004c 02       		.uleb128 0x2
 129 004d 04       		.byte	0x4
 130 004e 05       		.byte	0x5
 131 004f DD010000 		.4byte	.LASF4
 132 0053 02       		.uleb128 0x2
 133 0054 04       		.byte	0x4
 134 0055 07       		.byte	0x7
 135 0056 66000000 		.4byte	.LASF5
 136 005a 02       		.uleb128 0x2
 137 005b 08       		.byte	0x8
 138 005c 05       		.byte	0x5
 139 005d 00000000 		.4byte	.LASF6
 140 0061 02       		.uleb128 0x2
 141 0062 08       		.byte	0x8
 142 0063 07       		.byte	0x7
 143 0064 78000000 		.4byte	.LASF7
 144 0068 04       		.uleb128 0x4
 145 0069 04       		.byte	0x4
 146 006a 05       		.byte	0x5
ARM GAS  C:\Users\Anders\AppData\Local\Temp\ccNQXZny.s 			page 4


 147 006b 696E7400 		.ascii	"int\000"
 148 006f 02       		.uleb128 0x2
 149 0070 04       		.byte	0x4
 150 0071 07       		.byte	0x7
 151 0072 21000000 		.4byte	.LASF8
 152 0076 03       		.uleb128 0x3
 153 0077 29020000 		.4byte	.LASF10
 154 007b 03       		.byte	0x3
 155 007c 2C       		.byte	0x2c
 156 007d 41000000 		.4byte	0x41
 157 0081 05       		.uleb128 0x5
 158 0082 3C000000 		.4byte	.LASF11
 159 0086 04       		.byte	0x4
 160 0087 9201     		.2byte	0x192
 161 0089 2C000000 		.4byte	0x2c
 162 008d 02       		.uleb128 0x2
 163 008e 04       		.byte	0x4
 164 008f 04       		.byte	0x4
 165 0090 A7000000 		.4byte	.LASF12
 166 0094 02       		.uleb128 0x2
 167 0095 08       		.byte	0x8
 168 0096 04       		.byte	0x4
 169 0097 D6010000 		.4byte	.LASF13
 170 009b 02       		.uleb128 0x2
 171 009c 01       		.byte	0x1
 172 009d 08       		.byte	0x8
 173 009e CC010000 		.4byte	.LASF14
 174 00a2 05       		.uleb128 0x5
 175 00a3 D1010000 		.4byte	.LASF15
 176 00a7 04       		.byte	0x4
 177 00a8 3C02     		.2byte	0x23c
 178 00aa AE000000 		.4byte	0xae
 179 00ae 06       		.uleb128 0x6
 180 00af 81000000 		.4byte	0x81
 181 00b3 02       		.uleb128 0x2
 182 00b4 04       		.byte	0x4
 183 00b5 07       		.byte	0x7
 184 00b6 31020000 		.4byte	.LASF16
 185 00ba 07       		.uleb128 0x7
 186 00bb E6010000 		.4byte	.LASF23
 187 00bf 01       		.byte	0x1
 188 00c0 03       		.byte	0x3
 189 00c1 81000000 		.4byte	0x81
 190 00c5 00000000 		.4byte	.LFB63
 191 00c9 38000000 		.4byte	.LFE63-.LFB63
 192 00cd 01       		.uleb128 0x1
 193 00ce 9C       		.byte	0x9c
 194 00cf 58010000 		.4byte	0x158
 195 00d3 08       		.uleb128 0x8
 196 00d4 616E6700 		.ascii	"ang\000"
 197 00d8 01       		.byte	0x1
 198 00d9 03       		.byte	0x3
 199 00da 81000000 		.4byte	0x81
 200 00de 00000000 		.4byte	.LLST0
 201 00e2 09       		.uleb128 0x9
 202 00e3 C6010000 		.4byte	.LASF17
 203 00e7 01       		.byte	0x1
ARM GAS  C:\Users\Anders\AppData\Local\Temp\ccNQXZny.s 			page 5


 204 00e8 03       		.byte	0x3
 205 00e9 81000000 		.4byte	0x81
 206 00ed 46000000 		.4byte	.LLST1
 207 00f1 09       		.uleb128 0x9
 208 00f2 1A020000 		.4byte	.LASF18
 209 00f6 01       		.byte	0x1
 210 00f7 03       		.byte	0x3
 211 00f8 81000000 		.4byte	0x81
 212 00fc 80000000 		.4byte	.LLST2
 213 0100 09       		.uleb128 0x9
 214 0101 13020000 		.4byte	.LASF19
 215 0105 01       		.byte	0x1
 216 0106 03       		.byte	0x3
 217 0107 81000000 		.4byte	0x81
 218 010b BA000000 		.4byte	.LLST3
 219 010f 0A       		.uleb128 0xa
 220 0110 12000000 		.4byte	.LVL4
 221 0114 69010000 		.4byte	0x169
 222 0118 22010000 		.4byte	0x122
 223 011c 0B       		.uleb128 0xb
 224 011d 01       		.uleb128 0x1
 225 011e 50       		.byte	0x50
 226 011f 01       		.uleb128 0x1
 227 0120 31       		.byte	0x31
 228 0121 00       		.byte	0
 229 0122 0A       		.uleb128 0xa
 230 0123 18000000 		.4byte	.LVL5
 231 0127 7A010000 		.4byte	0x17a
 232 012b 35010000 		.4byte	0x135
 233 012f 0B       		.uleb128 0xb
 234 0130 01       		.uleb128 0x1
 235 0131 50       		.byte	0x50
 236 0132 01       		.uleb128 0x1
 237 0133 31       		.byte	0x31
 238 0134 00       		.byte	0
 239 0135 0A       		.uleb128 0xa
 240 0136 28000000 		.4byte	.LVL8
 241 013a 69010000 		.4byte	0x169
 242 013e 48010000 		.4byte	0x148
 243 0142 0B       		.uleb128 0xb
 244 0143 01       		.uleb128 0x1
 245 0144 50       		.byte	0x50
 246 0145 01       		.uleb128 0x1
 247 0146 32       		.byte	0x32
 248 0147 00       		.byte	0
 249 0148 0C       		.uleb128 0xc
 250 0149 2E000000 		.4byte	.LVL9
 251 014d 7A010000 		.4byte	0x17a
 252 0151 0B       		.uleb128 0xb
 253 0152 01       		.uleb128 0x1
 254 0153 50       		.byte	0x50
 255 0154 01       		.uleb128 0x1
 256 0155 31       		.byte	0x31
 257 0156 00       		.byte	0
 258 0157 00       		.byte	0
 259 0158 0D       		.uleb128 0xd
 260 0159 F0010000 		.4byte	.LASF24
ARM GAS  C:\Users\Anders\AppData\Local\Temp\ccNQXZny.s 			page 6


 261 015d 05       		.byte	0x5
 262 015e 9606     		.2byte	0x696
 263 0160 64010000 		.4byte	0x164
 264 0164 06       		.uleb128 0x6
 265 0165 76000000 		.4byte	0x76
 266 0169 0E       		.uleb128 0xe
 267 016a 8F000000 		.4byte	.LASF25
 268 016e 06       		.byte	0x6
 269 016f 27       		.byte	0x27
 270 0170 7A010000 		.4byte	0x17a
 271 0174 0F       		.uleb128 0xf
 272 0175 81000000 		.4byte	0x81
 273 0179 00       		.byte	0
 274 017a 10       		.uleb128 0x10
 275 017b 42000000 		.4byte	.LASF26
 276 017f 07       		.byte	0x7
 277 0180 27       		.byte	0x27
 278 0181 0F       		.uleb128 0xf
 279 0182 81000000 		.4byte	0x81
 280 0186 00       		.byte	0
 281 0187 00       		.byte	0
 282              		.section	.debug_abbrev,"",%progbits
 283              	.Ldebug_abbrev0:
 284 0000 01       		.uleb128 0x1
 285 0001 11       		.uleb128 0x11
 286 0002 01       		.byte	0x1
 287 0003 25       		.uleb128 0x25
 288 0004 0E       		.uleb128 0xe
 289 0005 13       		.uleb128 0x13
 290 0006 0B       		.uleb128 0xb
 291 0007 03       		.uleb128 0x3
 292 0008 0E       		.uleb128 0xe
 293 0009 1B       		.uleb128 0x1b
 294 000a 0E       		.uleb128 0xe
 295 000b 55       		.uleb128 0x55
 296 000c 17       		.uleb128 0x17
 297 000d 11       		.uleb128 0x11
 298 000e 01       		.uleb128 0x1
 299 000f 10       		.uleb128 0x10
 300 0010 17       		.uleb128 0x17
 301 0011 00       		.byte	0
 302 0012 00       		.byte	0
 303 0013 02       		.uleb128 0x2
 304 0014 24       		.uleb128 0x24
 305 0015 00       		.byte	0
 306 0016 0B       		.uleb128 0xb
 307 0017 0B       		.uleb128 0xb
 308 0018 3E       		.uleb128 0x3e
 309 0019 0B       		.uleb128 0xb
 310 001a 03       		.uleb128 0x3
 311 001b 0E       		.uleb128 0xe
 312 001c 00       		.byte	0
 313 001d 00       		.byte	0
 314 001e 03       		.uleb128 0x3
 315 001f 16       		.uleb128 0x16
 316 0020 00       		.byte	0
 317 0021 03       		.uleb128 0x3
ARM GAS  C:\Users\Anders\AppData\Local\Temp\ccNQXZny.s 			page 7


 318 0022 0E       		.uleb128 0xe
 319 0023 3A       		.uleb128 0x3a
 320 0024 0B       		.uleb128 0xb
 321 0025 3B       		.uleb128 0x3b
 322 0026 0B       		.uleb128 0xb
 323 0027 49       		.uleb128 0x49
 324 0028 13       		.uleb128 0x13
 325 0029 00       		.byte	0
 326 002a 00       		.byte	0
 327 002b 04       		.uleb128 0x4
 328 002c 24       		.uleb128 0x24
 329 002d 00       		.byte	0
 330 002e 0B       		.uleb128 0xb
 331 002f 0B       		.uleb128 0xb
 332 0030 3E       		.uleb128 0x3e
 333 0031 0B       		.uleb128 0xb
 334 0032 03       		.uleb128 0x3
 335 0033 08       		.uleb128 0x8
 336 0034 00       		.byte	0
 337 0035 00       		.byte	0
 338 0036 05       		.uleb128 0x5
 339 0037 16       		.uleb128 0x16
 340 0038 00       		.byte	0
 341 0039 03       		.uleb128 0x3
 342 003a 0E       		.uleb128 0xe
 343 003b 3A       		.uleb128 0x3a
 344 003c 0B       		.uleb128 0xb
 345 003d 3B       		.uleb128 0x3b
 346 003e 05       		.uleb128 0x5
 347 003f 49       		.uleb128 0x49
 348 0040 13       		.uleb128 0x13
 349 0041 00       		.byte	0
 350 0042 00       		.byte	0
 351 0043 06       		.uleb128 0x6
 352 0044 35       		.uleb128 0x35
 353 0045 00       		.byte	0
 354 0046 49       		.uleb128 0x49
 355 0047 13       		.uleb128 0x13
 356 0048 00       		.byte	0
 357 0049 00       		.byte	0
 358 004a 07       		.uleb128 0x7
 359 004b 2E       		.uleb128 0x2e
 360 004c 01       		.byte	0x1
 361 004d 3F       		.uleb128 0x3f
 362 004e 19       		.uleb128 0x19
 363 004f 03       		.uleb128 0x3
 364 0050 0E       		.uleb128 0xe
 365 0051 3A       		.uleb128 0x3a
 366 0052 0B       		.uleb128 0xb
 367 0053 3B       		.uleb128 0x3b
 368 0054 0B       		.uleb128 0xb
 369 0055 27       		.uleb128 0x27
 370 0056 19       		.uleb128 0x19
 371 0057 49       		.uleb128 0x49
 372 0058 13       		.uleb128 0x13
 373 0059 11       		.uleb128 0x11
 374 005a 01       		.uleb128 0x1
ARM GAS  C:\Users\Anders\AppData\Local\Temp\ccNQXZny.s 			page 8


 375 005b 12       		.uleb128 0x12
 376 005c 06       		.uleb128 0x6
 377 005d 40       		.uleb128 0x40
 378 005e 18       		.uleb128 0x18
 379 005f 9742     		.uleb128 0x2117
 380 0061 19       		.uleb128 0x19
 381 0062 01       		.uleb128 0x1
 382 0063 13       		.uleb128 0x13
 383 0064 00       		.byte	0
 384 0065 00       		.byte	0
 385 0066 08       		.uleb128 0x8
 386 0067 05       		.uleb128 0x5
 387 0068 00       		.byte	0
 388 0069 03       		.uleb128 0x3
 389 006a 08       		.uleb128 0x8
 390 006b 3A       		.uleb128 0x3a
 391 006c 0B       		.uleb128 0xb
 392 006d 3B       		.uleb128 0x3b
 393 006e 0B       		.uleb128 0xb
 394 006f 49       		.uleb128 0x49
 395 0070 13       		.uleb128 0x13
 396 0071 02       		.uleb128 0x2
 397 0072 17       		.uleb128 0x17
 398 0073 00       		.byte	0
 399 0074 00       		.byte	0
 400 0075 09       		.uleb128 0x9
 401 0076 05       		.uleb128 0x5
 402 0077 00       		.byte	0
 403 0078 03       		.uleb128 0x3
 404 0079 0E       		.uleb128 0xe
 405 007a 3A       		.uleb128 0x3a
 406 007b 0B       		.uleb128 0xb
 407 007c 3B       		.uleb128 0x3b
 408 007d 0B       		.uleb128 0xb
 409 007e 49       		.uleb128 0x49
 410 007f 13       		.uleb128 0x13
 411 0080 02       		.uleb128 0x2
 412 0081 17       		.uleb128 0x17
 413 0082 00       		.byte	0
 414 0083 00       		.byte	0
 415 0084 0A       		.uleb128 0xa
 416 0085 898201   		.uleb128 0x4109
 417 0088 01       		.byte	0x1
 418 0089 11       		.uleb128 0x11
 419 008a 01       		.uleb128 0x1
 420 008b 31       		.uleb128 0x31
 421 008c 13       		.uleb128 0x13
 422 008d 01       		.uleb128 0x1
 423 008e 13       		.uleb128 0x13
 424 008f 00       		.byte	0
 425 0090 00       		.byte	0
 426 0091 0B       		.uleb128 0xb
 427 0092 8A8201   		.uleb128 0x410a
 428 0095 00       		.byte	0
 429 0096 02       		.uleb128 0x2
 430 0097 18       		.uleb128 0x18
 431 0098 9142     		.uleb128 0x2111
ARM GAS  C:\Users\Anders\AppData\Local\Temp\ccNQXZny.s 			page 9


 432 009a 18       		.uleb128 0x18
 433 009b 00       		.byte	0
 434 009c 00       		.byte	0
 435 009d 0C       		.uleb128 0xc
 436 009e 898201   		.uleb128 0x4109
 437 00a1 01       		.byte	0x1
 438 00a2 11       		.uleb128 0x11
 439 00a3 01       		.uleb128 0x1
 440 00a4 31       		.uleb128 0x31
 441 00a5 13       		.uleb128 0x13
 442 00a6 00       		.byte	0
 443 00a7 00       		.byte	0
 444 00a8 0D       		.uleb128 0xd
 445 00a9 34       		.uleb128 0x34
 446 00aa 00       		.byte	0
 447 00ab 03       		.uleb128 0x3
 448 00ac 0E       		.uleb128 0xe
 449 00ad 3A       		.uleb128 0x3a
 450 00ae 0B       		.uleb128 0xb
 451 00af 3B       		.uleb128 0x3b
 452 00b0 05       		.uleb128 0x5
 453 00b1 49       		.uleb128 0x49
 454 00b2 13       		.uleb128 0x13
 455 00b3 3F       		.uleb128 0x3f
 456 00b4 19       		.uleb128 0x19
 457 00b5 3C       		.uleb128 0x3c
 458 00b6 19       		.uleb128 0x19
 459 00b7 00       		.byte	0
 460 00b8 00       		.byte	0
 461 00b9 0E       		.uleb128 0xe
 462 00ba 2E       		.uleb128 0x2e
 463 00bb 01       		.byte	0x1
 464 00bc 3F       		.uleb128 0x3f
 465 00bd 19       		.uleb128 0x19
 466 00be 03       		.uleb128 0x3
 467 00bf 0E       		.uleb128 0xe
 468 00c0 3A       		.uleb128 0x3a
 469 00c1 0B       		.uleb128 0xb
 470 00c2 3B       		.uleb128 0x3b
 471 00c3 0B       		.uleb128 0xb
 472 00c4 27       		.uleb128 0x27
 473 00c5 19       		.uleb128 0x19
 474 00c6 3C       		.uleb128 0x3c
 475 00c7 19       		.uleb128 0x19
 476 00c8 01       		.uleb128 0x1
 477 00c9 13       		.uleb128 0x13
 478 00ca 00       		.byte	0
 479 00cb 00       		.byte	0
 480 00cc 0F       		.uleb128 0xf
 481 00cd 05       		.uleb128 0x5
 482 00ce 00       		.byte	0
 483 00cf 49       		.uleb128 0x49
 484 00d0 13       		.uleb128 0x13
 485 00d1 00       		.byte	0
 486 00d2 00       		.byte	0
 487 00d3 10       		.uleb128 0x10
 488 00d4 2E       		.uleb128 0x2e
ARM GAS  C:\Users\Anders\AppData\Local\Temp\ccNQXZny.s 			page 10


 489 00d5 01       		.byte	0x1
 490 00d6 3F       		.uleb128 0x3f
 491 00d7 19       		.uleb128 0x19
 492 00d8 03       		.uleb128 0x3
 493 00d9 0E       		.uleb128 0xe
 494 00da 3A       		.uleb128 0x3a
 495 00db 0B       		.uleb128 0xb
 496 00dc 3B       		.uleb128 0x3b
 497 00dd 0B       		.uleb128 0xb
 498 00de 27       		.uleb128 0x27
 499 00df 19       		.uleb128 0x19
 500 00e0 3C       		.uleb128 0x3c
 501 00e1 19       		.uleb128 0x19
 502 00e2 00       		.byte	0
 503 00e3 00       		.byte	0
 504 00e4 00       		.byte	0
 505              		.section	.debug_loc,"",%progbits
 506              	.Ldebug_loc0:
 507              	.LLST0:
 508 0000 00000000 		.4byte	.LVL0
 509 0004 0E000000 		.4byte	.LVL3
 510 0008 0100     		.2byte	0x1
 511 000a 50       		.byte	0x50
 512 000b 0E000000 		.4byte	.LVL3
 513 000f 11000000 		.4byte	.LVL4-1
 514 0013 0200     		.2byte	0x2
 515 0015 72       		.byte	0x72
 516 0016 00       		.sleb128 0
 517 0017 11000000 		.4byte	.LVL4-1
 518 001b 1A000000 		.4byte	.LVL6
 519 001f 0400     		.2byte	0x4
 520 0021 F3       		.byte	0xf3
 521 0022 01       		.uleb128 0x1
 522 0023 50       		.byte	0x50
 523 0024 9F       		.byte	0x9f
 524 0025 1A000000 		.4byte	.LVL6
 525 0029 24000000 		.4byte	.LVL7
 526 002d 0100     		.2byte	0x1
 527 002f 50       		.byte	0x50
 528 0030 24000000 		.4byte	.LVL7
 529 0034 38000000 		.4byte	.LFE63
 530 0038 0400     		.2byte	0x4
 531 003a F3       		.byte	0xf3
 532 003b 01       		.uleb128 0x1
 533 003c 50       		.byte	0x50
 534 003d 9F       		.byte	0x9f
 535 003e 00000000 		.4byte	0
 536 0042 00000000 		.4byte	0
 537              	.LLST1:
 538 0046 00000000 		.4byte	.LVL0
 539 004a 11000000 		.4byte	.LVL4-1
 540 004e 0100     		.2byte	0x1
 541 0050 51       		.byte	0x51
 542 0051 11000000 		.4byte	.LVL4-1
 543 0055 1A000000 		.4byte	.LVL6
 544 0059 0400     		.2byte	0x4
 545 005b F3       		.byte	0xf3
ARM GAS  C:\Users\Anders\AppData\Local\Temp\ccNQXZny.s 			page 11


 546 005c 01       		.uleb128 0x1
 547 005d 51       		.byte	0x51
 548 005e 9F       		.byte	0x9f
 549 005f 1A000000 		.4byte	.LVL6
 550 0063 27000000 		.4byte	.LVL8-1
 551 0067 0100     		.2byte	0x1
 552 0069 51       		.byte	0x51
 553 006a 27000000 		.4byte	.LVL8-1
 554 006e 38000000 		.4byte	.LFE63
 555 0072 0400     		.2byte	0x4
 556 0074 F3       		.byte	0xf3
 557 0075 01       		.uleb128 0x1
 558 0076 51       		.byte	0x51
 559 0077 9F       		.byte	0x9f
 560 0078 00000000 		.4byte	0
 561 007c 00000000 		.4byte	0
 562              	.LLST2:
 563 0080 00000000 		.4byte	.LVL0
 564 0084 0A000000 		.4byte	.LVL2
 565 0088 0100     		.2byte	0x1
 566 008a 52       		.byte	0x52
 567 008b 0A000000 		.4byte	.LVL2
 568 008f 1A000000 		.4byte	.LVL6
 569 0093 0400     		.2byte	0x4
 570 0095 F3       		.byte	0xf3
 571 0096 01       		.uleb128 0x1
 572 0097 52       		.byte	0x52
 573 0098 9F       		.byte	0x9f
 574 0099 1A000000 		.4byte	.LVL6
 575 009d 27000000 		.4byte	.LVL8-1
 576 00a1 0100     		.2byte	0x1
 577 00a3 52       		.byte	0x52
 578 00a4 27000000 		.4byte	.LVL8-1
 579 00a8 38000000 		.4byte	.LFE63
 580 00ac 0400     		.2byte	0x4
 581 00ae F3       		.byte	0xf3
 582 00af 01       		.uleb128 0x1
 583 00b0 52       		.byte	0x52
 584 00b1 9F       		.byte	0x9f
 585 00b2 00000000 		.4byte	0
 586 00b6 00000000 		.4byte	0
 587              	.LLST3:
 588 00ba 00000000 		.4byte	.LVL0
 589 00be 04000000 		.4byte	.LVL1
 590 00c2 0100     		.2byte	0x1
 591 00c4 53       		.byte	0x53
 592 00c5 04000000 		.4byte	.LVL1
 593 00c9 38000000 		.4byte	.LFE63
 594 00cd 0400     		.2byte	0x4
 595 00cf F3       		.byte	0xf3
 596 00d0 01       		.uleb128 0x1
 597 00d1 53       		.byte	0x53
 598 00d2 9F       		.byte	0x9f
 599 00d3 00000000 		.4byte	0
 600 00d7 00000000 		.4byte	0
 601              		.section	.debug_aranges,"",%progbits
 602 0000 1C000000 		.4byte	0x1c
ARM GAS  C:\Users\Anders\AppData\Local\Temp\ccNQXZny.s 			page 12


 603 0004 0200     		.2byte	0x2
 604 0006 00000000 		.4byte	.Ldebug_info0
 605 000a 04       		.byte	0x4
 606 000b 00       		.byte	0
 607 000c 0000     		.2byte	0
 608 000e 0000     		.2byte	0
 609 0010 00000000 		.4byte	.LFB63
 610 0014 38000000 		.4byte	.LFE63-.LFB63
 611 0018 00000000 		.4byte	0
 612 001c 00000000 		.4byte	0
 613              		.section	.debug_ranges,"",%progbits
 614              	.Ldebug_ranges0:
 615 0000 00000000 		.4byte	.LFB63
 616 0004 38000000 		.4byte	.LFE63
 617 0008 00000000 		.4byte	0
 618 000c 00000000 		.4byte	0
 619              		.section	.debug_line,"",%progbits
 620              	.Ldebug_line0:
 621 0000 A4010000 		.section	.debug_str,"MS",%progbits,1
 621      02007A01 
 621      00000201 
 621      FB0E0D00 
 621      01010101 
 622              	.LASF6:
 623 0000 6C6F6E67 		.ascii	"long long int\000"
 623      206C6F6E 
 623      6720696E 
 623      7400
 624              	.LASF3:
 625 000e 73686F72 		.ascii	"short unsigned int\000"
 625      7420756E 
 625      7369676E 
 625      65642069 
 625      6E7400
 626              	.LASF8:
 627 0021 756E7369 		.ascii	"unsigned int\000"
 627      676E6564 
 627      20696E74 
 627      00
 628              	.LASF1:
 629 002e 756E7369 		.ascii	"unsigned char\000"
 629      676E6564 
 629      20636861 
 629      7200
 630              	.LASF11:
 631 003c 75696E74 		.ascii	"uint8\000"
 631      3800
 632              	.LASF26:
 633 0042 53746174 		.ascii	"State_CtrlReg_Run_Write\000"
 633      655F4374 
 633      726C5265 
 633      675F5275 
 633      6E5F5772 
 634              	.LASF21:
 635 005a 72756E5F 		.ascii	"run_front.c\000"
 635      66726F6E 
 635      742E6300 
ARM GAS  C:\Users\Anders\AppData\Local\Temp\ccNQXZny.s 			page 13


 636              	.LASF5:
 637 0066 6C6F6E67 		.ascii	"long unsigned int\000"
 637      20756E73 
 637      69676E65 
 637      6420696E 
 637      7400
 638              	.LASF7:
 639 0078 6C6F6E67 		.ascii	"long long unsigned int\000"
 639      206C6F6E 
 639      6720756E 
 639      7369676E 
 639      65642069 
 640              	.LASF25:
 641 008f 53746174 		.ascii	"State_CtrlReg_Dir_Write\000"
 641      655F4374 
 641      726C5265 
 641      675F4469 
 641      725F5772 
 642              	.LASF12:
 643 00a7 666C6F61 		.ascii	"float\000"
 643      7400
 644              	.LASF20:
 645 00ad 474E5520 		.ascii	"GNU C 4.9.3 20150303 (release) [ARM/embedded-4_9-br"
 645      4320342E 
 645      392E3320 
 645      32303135 
 645      30333033 
 646 00e0 616E6368 		.ascii	"anch revision 221220] -mcpu=cortex-m3 -mthumb -g -O"
 646      20726576 
 646      6973696F 
 646      6E203232 
 646      31323230 
 647 0113 67202D66 		.ascii	"g -ffunction-sections -ffat-lto-objects\000"
 647      66756E63 
 647      74696F6E 
 647      2D736563 
 647      74696F6E 
 648              	.LASF22:
 649 013b 433A5C55 		.ascii	"C:\\Users\\Anders\\Desktop\\Projekt 4. semester\\E4"
 649      73657273 
 649      5C416E64 
 649      6572735C 
 649      4465736B 
 650 0169 50524A34 		.ascii	"PRJ4-Gruppe1\\Retnings og fremdrifts enhed version "
 650      2D477275 
 650      70706531 
 650      5C526574 
 650      6E696E67 
 651 019b 70736F63 		.ascii	"psoc 5\\Retning_psoc_5\\I2C_Slave_prog.cydsn\000"
 651      20355C52 
 651      65746E69 
 651      6E675F70 
 651      736F635F 
 652              	.LASF17:
 653 01c6 73706565 		.ascii	"speed\000"
 653      6400
 654              	.LASF14:
ARM GAS  C:\Users\Anders\AppData\Local\Temp\ccNQXZny.s 			page 14


 655 01cc 63686172 		.ascii	"char\000"
 655      00
 656              	.LASF15:
 657 01d1 72656738 		.ascii	"reg8\000"
 657      00
 658              	.LASF13:
 659 01d6 646F7562 		.ascii	"double\000"
 659      6C6500
 660              	.LASF4:
 661 01dd 6C6F6E67 		.ascii	"long int\000"
 661      20696E74 
 661      00
 662              	.LASF23:
 663 01e6 72756E5F 		.ascii	"run_front\000"
 663      66726F6E 
 663      7400
 664              	.LASF24:
 665 01f0 49544D5F 		.ascii	"ITM_RxBuffer\000"
 665      52784275 
 665      66666572 
 665      00
 666              	.LASF0:
 667 01fd 7369676E 		.ascii	"signed char\000"
 667      65642063 
 667      68617200 
 668              	.LASF9:
 669 0209 5F5F696E 		.ascii	"__int32_t\000"
 669      7433325F 
 669      7400
 670              	.LASF19:
 671 0213 73706565 		.ascii	"speed2\000"
 671      643200
 672              	.LASF18:
 673 021a 616E6732 		.ascii	"ang2\000"
 673      00
 674              	.LASF2:
 675 021f 73686F72 		.ascii	"short int\000"
 675      7420696E 
 675      7400
 676              	.LASF10:
 677 0229 696E7433 		.ascii	"int32_t\000"
 677      325F7400 
 678              	.LASF16:
 679 0231 73697A65 		.ascii	"sizetype\000"
 679      74797065 
 679      00
 680              		.ident	"GCC: (GNU Tools for ARM Embedded Processors) 4.9.3 20150303 (release) [ARM/embedded-4_9-br
