ARM GAS  C:\Users\Anders\AppData\Local\Temp\ccYFNcla.s 			page 1


   1              		.syntax unified
   2              		.cpu cortex-m3
   3              		.fpu softvfp
   4              		.eabi_attribute 20, 1
   5              		.eabi_attribute 21, 1
   6              		.eabi_attribute 23, 3
   7              		.eabi_attribute 24, 1
   8              		.eabi_attribute 25, 1
   9              		.eabi_attribute 26, 1
  10              		.eabi_attribute 30, 1
  11              		.eabi_attribute 34, 1
  12              		.eabi_attribute 18, 4
  13              		.thumb
  14              		.file	"run_back.c"
  15              		.text
  16              	.Ltext0:
  17              		.cfi_sections	.debug_frame
  18              		.section	.text.run_back,"ax",%progbits
  19              		.align	2
  20              		.global	run_back
  21              		.thumb
  22              		.thumb_func
  23              		.type	run_back, %function
  24              	run_back:
  25              	.LFB63:
  26              		.file 1 "run_back.c"
   1:run_back.c    **** #include <main.h>
   2:run_back.c    **** 
   3:run_back.c    **** uint8 run_back(uint8 ang, uint8 speed)
   4:run_back.c    **** {
  27              		.loc 1 4 0
  28              		.cfi_startproc
  29              		@ args = 0, pretend = 0, frame = 0
  30              		@ frame_needed = 0, uses_anonymous_args = 0
  31              		@ link register save eliminated.
  32              	.LVL0:
   5:run_back.c    ****    
   6:run_back.c    ****  return 0;   
   7:run_back.c    **** }...
  33              		.loc 1 7 0
  34 0000 0020     		movs	r0, #0
  35              	.LVL1:
  36 0002 7047     		bx	lr
  37              		.cfi_endproc
  38              	.LFE63:
  39              		.size	run_back, .-run_back
  40              		.text
  41              	.Letext0:
  42              		.file 2 "c:\\program files (x86)\\cypress\\psoc creator\\4.0\\psoc creator\\import\\gnu\\arm\\4.9.
  43              		.file 3 "c:\\program files (x86)\\cypress\\psoc creator\\4.0\\psoc creator\\import\\gnu\\arm\\4.9.
  44              		.file 4 "Generated_Source\\PSoC5/cytypes.h"
  45              		.file 5 "Generated_Source\\PSoC5/core_cm3.h"
  46              		.section	.debug_info,"",%progbits
  47              	.Ldebug_info0:
  48 0000 ED000000 		.4byte	0xed
  49 0004 0400     		.2byte	0x4
  50 0006 00000000 		.4byte	.Ldebug_abbrev0
ARM GAS  C:\Users\Anders\AppData\Local\Temp\ccYFNcla.s 			page 2


  51 000a 04       		.byte	0x4
  52 000b 01       		.uleb128 0x1
  53 000c 6B000000 		.4byte	.LASF17
  54 0010 01       		.byte	0x1
  55 0011 D1010000 		.4byte	.LASF18
  56 0015 F9000000 		.4byte	.LASF19
  57 0019 00000000 		.4byte	.Ldebug_ranges0+0
  58 001d 00000000 		.4byte	0
  59 0021 00000000 		.4byte	.Ldebug_line0
  60 0025 02       		.uleb128 0x2
  61 0026 01       		.byte	0x1
  62 0027 06       		.byte	0x6
  63 0028 B5010000 		.4byte	.LASF0
  64 002c 02       		.uleb128 0x2
  65 002d 01       		.byte	0x1
  66 002e 08       		.byte	0x8
  67 002f 2E000000 		.4byte	.LASF1
  68 0033 02       		.uleb128 0x2
  69 0034 02       		.byte	0x2
  70 0035 05       		.byte	0x5
  71 0036 DC010000 		.4byte	.LASF2
  72 003a 02       		.uleb128 0x2
  73 003b 02       		.byte	0x2
  74 003c 07       		.byte	0x7
  75 003d 0E000000 		.4byte	.LASF3
  76 0041 03       		.uleb128 0x3
  77 0042 C1010000 		.4byte	.LASF9
  78 0046 02       		.byte	0x2
  79 0047 3F       		.byte	0x3f
  80 0048 4C000000 		.4byte	0x4c
  81 004c 02       		.uleb128 0x2
  82 004d 04       		.byte	0x4
  83 004e 05       		.byte	0x5
  84 004f 8F010000 		.4byte	.LASF4
  85 0053 02       		.uleb128 0x2
  86 0054 04       		.byte	0x4
  87 0055 07       		.byte	0x7
  88 0056 42000000 		.4byte	.LASF5
  89 005a 02       		.uleb128 0x2
  90 005b 08       		.byte	0x8
  91 005c 05       		.byte	0x5
  92 005d 00000000 		.4byte	.LASF6
  93 0061 02       		.uleb128 0x2
  94 0062 08       		.byte	0x8
  95 0063 07       		.byte	0x7
  96 0064 54000000 		.4byte	.LASF7
  97 0068 04       		.uleb128 0x4
  98 0069 04       		.byte	0x4
  99 006a 05       		.byte	0x5
 100 006b 696E7400 		.ascii	"int\000"
 101 006f 02       		.uleb128 0x2
 102 0070 04       		.byte	0x4
 103 0071 07       		.byte	0x7
 104 0072 21000000 		.4byte	.LASF8
 105 0076 03       		.uleb128 0x3
 106 0077 E6010000 		.4byte	.LASF10
 107 007b 03       		.byte	0x3
ARM GAS  C:\Users\Anders\AppData\Local\Temp\ccYFNcla.s 			page 3


 108 007c 2C       		.byte	0x2c
 109 007d 41000000 		.4byte	0x41
 110 0081 05       		.uleb128 0x5
 111 0082 3C000000 		.4byte	.LASF11
 112 0086 04       		.byte	0x4
 113 0087 9201     		.2byte	0x192
 114 0089 2C000000 		.4byte	0x2c
 115 008d 02       		.uleb128 0x2
 116 008e 04       		.byte	0x4
 117 008f 04       		.byte	0x4
 118 0090 CB010000 		.4byte	.LASF12
 119 0094 02       		.uleb128 0x2
 120 0095 08       		.byte	0x8
 121 0096 04       		.byte	0x4
 122 0097 A1010000 		.4byte	.LASF13
 123 009b 02       		.uleb128 0x2
 124 009c 01       		.byte	0x1
 125 009d 08       		.byte	0x8
 126 009e 8A010000 		.4byte	.LASF14
 127 00a2 02       		.uleb128 0x2
 128 00a3 04       		.byte	0x4
 129 00a4 07       		.byte	0x7
 130 00a5 EE010000 		.4byte	.LASF15
 131 00a9 06       		.uleb128 0x6
 132 00aa 98010000 		.4byte	.LASF20
 133 00ae 01       		.byte	0x1
 134 00af 03       		.byte	0x3
 135 00b0 81000000 		.4byte	0x81
 136 00b4 00000000 		.4byte	.LFB63
 137 00b8 04000000 		.4byte	.LFE63-.LFB63
 138 00bc 01       		.uleb128 0x1
 139 00bd 9C       		.byte	0x9c
 140 00be DF000000 		.4byte	0xdf
 141 00c2 07       		.uleb128 0x7
 142 00c3 616E6700 		.ascii	"ang\000"
 143 00c7 01       		.byte	0x1
 144 00c8 03       		.byte	0x3
 145 00c9 81000000 		.4byte	0x81
 146 00cd 00000000 		.4byte	.LLST0
 147 00d1 08       		.uleb128 0x8
 148 00d2 84010000 		.4byte	.LASF16
 149 00d6 01       		.byte	0x1
 150 00d7 03       		.byte	0x3
 151 00d8 81000000 		.4byte	0x81
 152 00dc 01       		.uleb128 0x1
 153 00dd 51       		.byte	0x51
 154 00de 00       		.byte	0
 155 00df 09       		.uleb128 0x9
 156 00e0 A8010000 		.4byte	.LASF21
 157 00e4 05       		.byte	0x5
 158 00e5 9606     		.2byte	0x696
 159 00e7 EB000000 		.4byte	0xeb
 160 00eb 0A       		.uleb128 0xa
 161 00ec 76000000 		.4byte	0x76
 162 00f0 00       		.byte	0
 163              		.section	.debug_abbrev,"",%progbits
 164              	.Ldebug_abbrev0:
ARM GAS  C:\Users\Anders\AppData\Local\Temp\ccYFNcla.s 			page 4


 165 0000 01       		.uleb128 0x1
 166 0001 11       		.uleb128 0x11
 167 0002 01       		.byte	0x1
 168 0003 25       		.uleb128 0x25
 169 0004 0E       		.uleb128 0xe
 170 0005 13       		.uleb128 0x13
 171 0006 0B       		.uleb128 0xb
 172 0007 03       		.uleb128 0x3
 173 0008 0E       		.uleb128 0xe
 174 0009 1B       		.uleb128 0x1b
 175 000a 0E       		.uleb128 0xe
 176 000b 55       		.uleb128 0x55
 177 000c 17       		.uleb128 0x17
 178 000d 11       		.uleb128 0x11
 179 000e 01       		.uleb128 0x1
 180 000f 10       		.uleb128 0x10
 181 0010 17       		.uleb128 0x17
 182 0011 00       		.byte	0
 183 0012 00       		.byte	0
 184 0013 02       		.uleb128 0x2
 185 0014 24       		.uleb128 0x24
 186 0015 00       		.byte	0
 187 0016 0B       		.uleb128 0xb
 188 0017 0B       		.uleb128 0xb
 189 0018 3E       		.uleb128 0x3e
 190 0019 0B       		.uleb128 0xb
 191 001a 03       		.uleb128 0x3
 192 001b 0E       		.uleb128 0xe
 193 001c 00       		.byte	0
 194 001d 00       		.byte	0
 195 001e 03       		.uleb128 0x3
 196 001f 16       		.uleb128 0x16
 197 0020 00       		.byte	0
 198 0021 03       		.uleb128 0x3
 199 0022 0E       		.uleb128 0xe
 200 0023 3A       		.uleb128 0x3a
 201 0024 0B       		.uleb128 0xb
 202 0025 3B       		.uleb128 0x3b
 203 0026 0B       		.uleb128 0xb
 204 0027 49       		.uleb128 0x49
 205 0028 13       		.uleb128 0x13
 206 0029 00       		.byte	0
 207 002a 00       		.byte	0
 208 002b 04       		.uleb128 0x4
 209 002c 24       		.uleb128 0x24
 210 002d 00       		.byte	0
 211 002e 0B       		.uleb128 0xb
 212 002f 0B       		.uleb128 0xb
 213 0030 3E       		.uleb128 0x3e
 214 0031 0B       		.uleb128 0xb
 215 0032 03       		.uleb128 0x3
 216 0033 08       		.uleb128 0x8
 217 0034 00       		.byte	0
 218 0035 00       		.byte	0
 219 0036 05       		.uleb128 0x5
 220 0037 16       		.uleb128 0x16
 221 0038 00       		.byte	0
ARM GAS  C:\Users\Anders\AppData\Local\Temp\ccYFNcla.s 			page 5


 222 0039 03       		.uleb128 0x3
 223 003a 0E       		.uleb128 0xe
 224 003b 3A       		.uleb128 0x3a
 225 003c 0B       		.uleb128 0xb
 226 003d 3B       		.uleb128 0x3b
 227 003e 05       		.uleb128 0x5
 228 003f 49       		.uleb128 0x49
 229 0040 13       		.uleb128 0x13
 230 0041 00       		.byte	0
 231 0042 00       		.byte	0
 232 0043 06       		.uleb128 0x6
 233 0044 2E       		.uleb128 0x2e
 234 0045 01       		.byte	0x1
 235 0046 3F       		.uleb128 0x3f
 236 0047 19       		.uleb128 0x19
 237 0048 03       		.uleb128 0x3
 238 0049 0E       		.uleb128 0xe
 239 004a 3A       		.uleb128 0x3a
 240 004b 0B       		.uleb128 0xb
 241 004c 3B       		.uleb128 0x3b
 242 004d 0B       		.uleb128 0xb
 243 004e 27       		.uleb128 0x27
 244 004f 19       		.uleb128 0x19
 245 0050 49       		.uleb128 0x49
 246 0051 13       		.uleb128 0x13
 247 0052 11       		.uleb128 0x11
 248 0053 01       		.uleb128 0x1
 249 0054 12       		.uleb128 0x12
 250 0055 06       		.uleb128 0x6
 251 0056 40       		.uleb128 0x40
 252 0057 18       		.uleb128 0x18
 253 0058 9742     		.uleb128 0x2117
 254 005a 19       		.uleb128 0x19
 255 005b 01       		.uleb128 0x1
 256 005c 13       		.uleb128 0x13
 257 005d 00       		.byte	0
 258 005e 00       		.byte	0
 259 005f 07       		.uleb128 0x7
 260 0060 05       		.uleb128 0x5
 261 0061 00       		.byte	0
 262 0062 03       		.uleb128 0x3
 263 0063 08       		.uleb128 0x8
 264 0064 3A       		.uleb128 0x3a
 265 0065 0B       		.uleb128 0xb
 266 0066 3B       		.uleb128 0x3b
 267 0067 0B       		.uleb128 0xb
 268 0068 49       		.uleb128 0x49
 269 0069 13       		.uleb128 0x13
 270 006a 02       		.uleb128 0x2
 271 006b 17       		.uleb128 0x17
 272 006c 00       		.byte	0
 273 006d 00       		.byte	0
 274 006e 08       		.uleb128 0x8
 275 006f 05       		.uleb128 0x5
 276 0070 00       		.byte	0
 277 0071 03       		.uleb128 0x3
 278 0072 0E       		.uleb128 0xe
ARM GAS  C:\Users\Anders\AppData\Local\Temp\ccYFNcla.s 			page 6


 279 0073 3A       		.uleb128 0x3a
 280 0074 0B       		.uleb128 0xb
 281 0075 3B       		.uleb128 0x3b
 282 0076 0B       		.uleb128 0xb
 283 0077 49       		.uleb128 0x49
 284 0078 13       		.uleb128 0x13
 285 0079 02       		.uleb128 0x2
 286 007a 18       		.uleb128 0x18
 287 007b 00       		.byte	0
 288 007c 00       		.byte	0
 289 007d 09       		.uleb128 0x9
 290 007e 34       		.uleb128 0x34
 291 007f 00       		.byte	0
 292 0080 03       		.uleb128 0x3
 293 0081 0E       		.uleb128 0xe
 294 0082 3A       		.uleb128 0x3a
 295 0083 0B       		.uleb128 0xb
 296 0084 3B       		.uleb128 0x3b
 297 0085 05       		.uleb128 0x5
 298 0086 49       		.uleb128 0x49
 299 0087 13       		.uleb128 0x13
 300 0088 3F       		.uleb128 0x3f
 301 0089 19       		.uleb128 0x19
 302 008a 3C       		.uleb128 0x3c
 303 008b 19       		.uleb128 0x19
 304 008c 00       		.byte	0
 305 008d 00       		.byte	0
 306 008e 0A       		.uleb128 0xa
 307 008f 35       		.uleb128 0x35
 308 0090 00       		.byte	0
 309 0091 49       		.uleb128 0x49
 310 0092 13       		.uleb128 0x13
 311 0093 00       		.byte	0
 312 0094 00       		.byte	0
 313 0095 00       		.byte	0
 314              		.section	.debug_loc,"",%progbits
 315              	.Ldebug_loc0:
 316              	.LLST0:
 317 0000 00000000 		.4byte	.LVL0
 318 0004 02000000 		.4byte	.LVL1
 319 0008 0100     		.2byte	0x1
 320 000a 50       		.byte	0x50
 321 000b 02000000 		.4byte	.LVL1
 322 000f 04000000 		.4byte	.LFE63
 323 0013 0400     		.2byte	0x4
 324 0015 F3       		.byte	0xf3
 325 0016 01       		.uleb128 0x1
 326 0017 50       		.byte	0x50
 327 0018 9F       		.byte	0x9f
 328 0019 00000000 		.4byte	0
 329 001d 00000000 		.4byte	0
 330              		.section	.debug_aranges,"",%progbits
 331 0000 1C000000 		.4byte	0x1c
 332 0004 0200     		.2byte	0x2
 333 0006 00000000 		.4byte	.Ldebug_info0
 334 000a 04       		.byte	0x4
 335 000b 00       		.byte	0
ARM GAS  C:\Users\Anders\AppData\Local\Temp\ccYFNcla.s 			page 7


 336 000c 0000     		.2byte	0
 337 000e 0000     		.2byte	0
 338 0010 00000000 		.4byte	.LFB63
 339 0014 04000000 		.4byte	.LFE63-.LFB63
 340 0018 00000000 		.4byte	0
 341 001c 00000000 		.4byte	0
 342              		.section	.debug_ranges,"",%progbits
 343              	.Ldebug_ranges0:
 344 0000 00000000 		.4byte	.LFB63
 345 0004 04000000 		.4byte	.LFE63
 346 0008 00000000 		.4byte	0
 347 000c 00000000 		.4byte	0
 348              		.section	.debug_line,"",%progbits
 349              	.Ldebug_line0:
 350 0000 5F010000 		.section	.debug_str,"MS",%progbits,1
 350      02004B01 
 350      00000201 
 350      FB0E0D00 
 350      01010101 
 351              	.LASF6:
 352 0000 6C6F6E67 		.ascii	"long long int\000"
 352      206C6F6E 
 352      6720696E 
 352      7400
 353              	.LASF3:
 354 000e 73686F72 		.ascii	"short unsigned int\000"
 354      7420756E 
 354      7369676E 
 354      65642069 
 354      6E7400
 355              	.LASF8:
 356 0021 756E7369 		.ascii	"unsigned int\000"
 356      676E6564 
 356      20696E74 
 356      00
 357              	.LASF1:
 358 002e 756E7369 		.ascii	"unsigned char\000"
 358      676E6564 
 358      20636861 
 358      7200
 359              	.LASF11:
 360 003c 75696E74 		.ascii	"uint8\000"
 360      3800
 361              	.LASF5:
 362 0042 6C6F6E67 		.ascii	"long unsigned int\000"
 362      20756E73 
 362      69676E65 
 362      6420696E 
 362      7400
 363              	.LASF7:
 364 0054 6C6F6E67 		.ascii	"long long unsigned int\000"
 364      206C6F6E 
 364      6720756E 
 364      7369676E 
 364      65642069 
 365              	.LASF17:
 366 006b 474E5520 		.ascii	"GNU C 4.9.3 20150303 (release) [ARM/embedded-4_9-br"
ARM GAS  C:\Users\Anders\AppData\Local\Temp\ccYFNcla.s 			page 8


 366      4320342E 
 366      392E3320 
 366      32303135 
 366      30333033 
 367 009e 616E6368 		.ascii	"anch revision 221220] -mcpu=cortex-m3 -mthumb -g -O"
 367      20726576 
 367      6973696F 
 367      6E203232 
 367      31323230 
 368 00d1 67202D66 		.ascii	"g -ffunction-sections -ffat-lto-objects\000"
 368      66756E63 
 368      74696F6E 
 368      2D736563 
 368      74696F6E 
 369              	.LASF19:
 370 00f9 433A5C55 		.ascii	"C:\\Users\\Anders\\Desktop\\Projekt 4. semester\\E4"
 370      73657273 
 370      5C416E64 
 370      6572735C 
 370      4465736B 
 371 0127 50524A34 		.ascii	"PRJ4-Gruppe1\\Retnings og fremdrifts enhed version "
 371      2D477275 
 371      70706531 
 371      5C526574 
 371      6E696E67 
 372 0159 70736F63 		.ascii	"psoc 5\\Retning_psoc_5\\I2C_Slave_prog.cydsn\000"
 372      20355C52 
 372      65746E69 
 372      6E675F70 
 372      736F635F 
 373              	.LASF16:
 374 0184 73706565 		.ascii	"speed\000"
 374      6400
 375              	.LASF14:
 376 018a 63686172 		.ascii	"char\000"
 376      00
 377              	.LASF4:
 378 018f 6C6F6E67 		.ascii	"long int\000"
 378      20696E74 
 378      00
 379              	.LASF20:
 380 0198 72756E5F 		.ascii	"run_back\000"
 380      6261636B 
 380      00
 381              	.LASF13:
 382 01a1 646F7562 		.ascii	"double\000"
 382      6C6500
 383              	.LASF21:
 384 01a8 49544D5F 		.ascii	"ITM_RxBuffer\000"
 384      52784275 
 384      66666572 
 384      00
 385              	.LASF0:
 386 01b5 7369676E 		.ascii	"signed char\000"
 386      65642063 
 386      68617200 
 387              	.LASF9:
ARM GAS  C:\Users\Anders\AppData\Local\Temp\ccYFNcla.s 			page 9


 388 01c1 5F5F696E 		.ascii	"__int32_t\000"
 388      7433325F 
 388      7400
 389              	.LASF12:
 390 01cb 666C6F61 		.ascii	"float\000"
 390      7400
 391              	.LASF18:
 392 01d1 72756E5F 		.ascii	"run_back.c\000"
 392      6261636B 
 392      2E6300
 393              	.LASF2:
 394 01dc 73686F72 		.ascii	"short int\000"
 394      7420696E 
 394      7400
 395              	.LASF10:
 396 01e6 696E7433 		.ascii	"int32_t\000"
 396      325F7400 
 397              	.LASF15:
 398 01ee 73697A65 		.ascii	"sizetype\000"
 398      74797065 
 398      00
 399              		.ident	"GCC: (GNU Tools for ARM Embedded Processors) 4.9.3 20150303 (release) [ARM/embedded-4_9-br
