ARM GAS  C:\Users\Anders\AppData\Local\Temp\ccEyCzzj.s 			page 1


   1              		.cpu cortex-m0
   2              		.fpu softvfp
   3              		.eabi_attribute 20, 1
   4              		.eabi_attribute 21, 1
   5              		.eabi_attribute 23, 3
   6              		.eabi_attribute 24, 1
   7              		.eabi_attribute 25, 1
   8              		.eabi_attribute 26, 1
   9              		.eabi_attribute 30, 6
  10              		.eabi_attribute 34, 0
  11              		.eabi_attribute 18, 4
  12              		.code	16
  13              		.file	"cyfitter_cfg.c"
  14              		.text
  15              	.Ltext0:
  16              		.cfi_sections	.debug_frame
  17              		.section	.text.CYMEMZERO,"ax",%progbits
  18              		.align	2
  19              		.code	16
  20              		.thumb_func
  21              		.type	CYMEMZERO, %function
  22              	CYMEMZERO:
  23              	.LFB0:
  24              		.file 1 ".\\Generated_Source\\PSoC4\\cyfitter_cfg.c"
   1:.\Generated_Source\PSoC4/cyfitter_cfg.c **** /*******************************************************************************
   2:.\Generated_Source\PSoC4/cyfitter_cfg.c **** * File Name: cyfitter_cfg.c
   3:.\Generated_Source\PSoC4/cyfitter_cfg.c **** * 
   4:.\Generated_Source\PSoC4/cyfitter_cfg.c **** * PSoC Creator  3.3 CP3
   5:.\Generated_Source\PSoC4/cyfitter_cfg.c **** *
   6:.\Generated_Source\PSoC4/cyfitter_cfg.c **** * Description:
   7:.\Generated_Source\PSoC4/cyfitter_cfg.c **** * This file contains device initialization code.
   8:.\Generated_Source\PSoC4/cyfitter_cfg.c **** * Except for the user defined sections in CyClockStartupError(), this file should not be modified.
   9:.\Generated_Source\PSoC4/cyfitter_cfg.c **** * This file is automatically generated by PSoC Creator.
  10:.\Generated_Source\PSoC4/cyfitter_cfg.c **** *
  11:.\Generated_Source\PSoC4/cyfitter_cfg.c **** ********************************************************************************
  12:.\Generated_Source\PSoC4/cyfitter_cfg.c **** * Copyright (c) 2007-2016 Cypress Semiconductor.  All rights reserved.
  13:.\Generated_Source\PSoC4/cyfitter_cfg.c **** * You may use this file only in accordance with the license, terms, conditions, 
  14:.\Generated_Source\PSoC4/cyfitter_cfg.c **** * disclaimers, and limitations in the end user license agreement accompanying 
  15:.\Generated_Source\PSoC4/cyfitter_cfg.c **** * the software package with which this file was provided.
  16:.\Generated_Source\PSoC4/cyfitter_cfg.c **** ********************************************************************************/
  17:.\Generated_Source\PSoC4/cyfitter_cfg.c **** 
  18:.\Generated_Source\PSoC4/cyfitter_cfg.c **** #include <string.h>
  19:.\Generated_Source\PSoC4/cyfitter_cfg.c **** #include "cytypes.h"
  20:.\Generated_Source\PSoC4/cyfitter_cfg.c **** #include "cydevice_trm.h"
  21:.\Generated_Source\PSoC4/cyfitter_cfg.c **** #include "cyfitter.h"
  22:.\Generated_Source\PSoC4/cyfitter_cfg.c **** #include "CyLib.h"
  23:.\Generated_Source\PSoC4/cyfitter_cfg.c **** #include "cyfitter_cfg.h"
  24:.\Generated_Source\PSoC4/cyfitter_cfg.c **** 
  25:.\Generated_Source\PSoC4/cyfitter_cfg.c **** 
  26:.\Generated_Source\PSoC4/cyfitter_cfg.c **** #if defined(__GNUC__) || defined(__ARMCC_VERSION)
  27:.\Generated_Source\PSoC4/cyfitter_cfg.c ****     #define CYPACKED 
  28:.\Generated_Source\PSoC4/cyfitter_cfg.c ****     #define CYPACKED_ATTR __attribute__ ((packed))
  29:.\Generated_Source\PSoC4/cyfitter_cfg.c ****     #define CYALIGNED __attribute__ ((aligned))
  30:.\Generated_Source\PSoC4/cyfitter_cfg.c ****     #define CY_CFG_UNUSED __attribute__ ((unused))
  31:.\Generated_Source\PSoC4/cyfitter_cfg.c ****     #ifndef CY_CFG_SECTION
  32:.\Generated_Source\PSoC4/cyfitter_cfg.c ****         #define CY_CFG_SECTION __attribute__ ((section(".psocinit")))
  33:.\Generated_Source\PSoC4/cyfitter_cfg.c ****     #endif
ARM GAS  C:\Users\Anders\AppData\Local\Temp\ccEyCzzj.s 			page 2


  34:.\Generated_Source\PSoC4/cyfitter_cfg.c ****     
  35:.\Generated_Source\PSoC4/cyfitter_cfg.c ****     #if defined(__ARMCC_VERSION)
  36:.\Generated_Source\PSoC4/cyfitter_cfg.c ****         #define CY_CFG_MEMORY_BARRIER() __memory_changed()
  37:.\Generated_Source\PSoC4/cyfitter_cfg.c ****     #else
  38:.\Generated_Source\PSoC4/cyfitter_cfg.c ****         #define CY_CFG_MEMORY_BARRIER() __sync_synchronize()
  39:.\Generated_Source\PSoC4/cyfitter_cfg.c ****     #endif
  40:.\Generated_Source\PSoC4/cyfitter_cfg.c ****     
  41:.\Generated_Source\PSoC4/cyfitter_cfg.c **** #elif defined(__ICCARM__)
  42:.\Generated_Source\PSoC4/cyfitter_cfg.c ****     #include <intrinsics.h>
  43:.\Generated_Source\PSoC4/cyfitter_cfg.c **** 
  44:.\Generated_Source\PSoC4/cyfitter_cfg.c ****     #define CYPACKED __packed
  45:.\Generated_Source\PSoC4/cyfitter_cfg.c ****     #define CYPACKED_ATTR 
  46:.\Generated_Source\PSoC4/cyfitter_cfg.c ****     #define CYALIGNED _Pragma("data_alignment=4")
  47:.\Generated_Source\PSoC4/cyfitter_cfg.c ****     #define CY_CFG_UNUSED _Pragma("diag_suppress=Pe177")
  48:.\Generated_Source\PSoC4/cyfitter_cfg.c ****     #define CY_CFG_SECTION _Pragma("location=\".psocinit\"")
  49:.\Generated_Source\PSoC4/cyfitter_cfg.c ****     
  50:.\Generated_Source\PSoC4/cyfitter_cfg.c ****     #define CY_CFG_MEMORY_BARRIER() __DMB()
  51:.\Generated_Source\PSoC4/cyfitter_cfg.c ****     
  52:.\Generated_Source\PSoC4/cyfitter_cfg.c **** #else
  53:.\Generated_Source\PSoC4/cyfitter_cfg.c ****     #error Unsupported toolchain
  54:.\Generated_Source\PSoC4/cyfitter_cfg.c **** #endif
  55:.\Generated_Source\PSoC4/cyfitter_cfg.c **** 
  56:.\Generated_Source\PSoC4/cyfitter_cfg.c **** 
  57:.\Generated_Source\PSoC4/cyfitter_cfg.c **** CY_CFG_UNUSED
  58:.\Generated_Source\PSoC4/cyfitter_cfg.c **** static void CYMEMZERO(void *s, size_t n);
  59:.\Generated_Source\PSoC4/cyfitter_cfg.c **** CY_CFG_UNUSED
  60:.\Generated_Source\PSoC4/cyfitter_cfg.c **** static void CYMEMZERO(void *s, size_t n)
  61:.\Generated_Source\PSoC4/cyfitter_cfg.c **** {
  25              		.loc 1 61 0
  26              		.cfi_startproc
  27 0000 80B5     		push	{r7, lr}
  28              		.cfi_def_cfa_offset 8
  29              		.cfi_offset 7, -8
  30              		.cfi_offset 14, -4
  31 0002 82B0     		sub	sp, sp, #8
  32              		.cfi_def_cfa_offset 16
  33 0004 00AF     		add	r7, sp, #0
  34              		.cfi_def_cfa_register 7
  35 0006 7860     		str	r0, [r7, #4]
  36 0008 3960     		str	r1, [r7]
  62:.\Generated_Source\PSoC4/cyfitter_cfg.c **** 	(void)memset(s, 0, n);
  37              		.loc 1 62 0
  38 000a 7A68     		ldr	r2, [r7, #4]
  39 000c 3B68     		ldr	r3, [r7]
  40 000e 101C     		mov	r0, r2
  41 0010 0021     		mov	r1, #0
  42 0012 1A1C     		mov	r2, r3
  43 0014 FFF7FEFF 		bl	memset
  63:.\Generated_Source\PSoC4/cyfitter_cfg.c **** }
  44              		.loc 1 63 0
  45 0018 BD46     		mov	sp, r7
  46 001a 02B0     		add	sp, sp, #8
  47              		@ sp needed
  48 001c 80BD     		pop	{r7, pc}
  49              		.cfi_endproc
  50              	.LFE0:
  51              		.size	CYMEMZERO, .-CYMEMZERO
ARM GAS  C:\Users\Anders\AppData\Local\Temp\ccEyCzzj.s 			page 3


  52 001e C046     		.section	.text.CYCONFIGCPY,"ax",%progbits
  53              		.align	2
  54              		.code	16
  55              		.thumb_func
  56              		.type	CYCONFIGCPY, %function
  57              	CYCONFIGCPY:
  58              	.LFB1:
  64:.\Generated_Source\PSoC4/cyfitter_cfg.c **** CY_CFG_UNUSED
  65:.\Generated_Source\PSoC4/cyfitter_cfg.c **** static void CYCONFIGCPY(void *dest, const void *src, size_t n);
  66:.\Generated_Source\PSoC4/cyfitter_cfg.c **** CY_CFG_UNUSED
  67:.\Generated_Source\PSoC4/cyfitter_cfg.c **** static void CYCONFIGCPY(void *dest, const void *src, size_t n)
  68:.\Generated_Source\PSoC4/cyfitter_cfg.c **** {
  59              		.loc 1 68 0
  60              		.cfi_startproc
  61 0000 80B5     		push	{r7, lr}
  62              		.cfi_def_cfa_offset 8
  63              		.cfi_offset 7, -8
  64              		.cfi_offset 14, -4
  65 0002 84B0     		sub	sp, sp, #16
  66              		.cfi_def_cfa_offset 24
  67 0004 00AF     		add	r7, sp, #0
  68              		.cfi_def_cfa_register 7
  69 0006 F860     		str	r0, [r7, #12]
  70 0008 B960     		str	r1, [r7, #8]
  71 000a 7A60     		str	r2, [r7, #4]
  69:.\Generated_Source\PSoC4/cyfitter_cfg.c **** 	(void)memcpy(dest, src, n);
  72              		.loc 1 69 0
  73 000c F968     		ldr	r1, [r7, #12]
  74 000e BA68     		ldr	r2, [r7, #8]
  75 0010 7B68     		ldr	r3, [r7, #4]
  76 0012 081C     		mov	r0, r1
  77 0014 111C     		mov	r1, r2
  78 0016 1A1C     		mov	r2, r3
  79 0018 FFF7FEFF 		bl	memcpy
  70:.\Generated_Source\PSoC4/cyfitter_cfg.c **** }
  80              		.loc 1 70 0
  81 001c BD46     		mov	sp, r7
  82 001e 04B0     		add	sp, sp, #16
  83              		@ sp needed
  84 0020 80BD     		pop	{r7, pc}
  85              		.cfi_endproc
  86              	.LFE1:
  87              		.size	CYCONFIGCPY, .-CYCONFIGCPY
  88 0022 C046     		.section	.text.CYCONFIGCPYCODE,"ax",%progbits
  89              		.align	2
  90              		.code	16
  91              		.thumb_func
  92              		.type	CYCONFIGCPYCODE, %function
  93              	CYCONFIGCPYCODE:
  94              	.LFB2:
  71:.\Generated_Source\PSoC4/cyfitter_cfg.c **** CY_CFG_UNUSED
  72:.\Generated_Source\PSoC4/cyfitter_cfg.c **** static void CYCONFIGCPYCODE(void *dest, const void *src, size_t n);
  73:.\Generated_Source\PSoC4/cyfitter_cfg.c **** CY_CFG_UNUSED
  74:.\Generated_Source\PSoC4/cyfitter_cfg.c **** static void CYCONFIGCPYCODE(void *dest, const void *src, size_t n)
  75:.\Generated_Source\PSoC4/cyfitter_cfg.c **** {
  95              		.loc 1 75 0
  96              		.cfi_startproc
ARM GAS  C:\Users\Anders\AppData\Local\Temp\ccEyCzzj.s 			page 4


  97 0000 80B5     		push	{r7, lr}
  98              		.cfi_def_cfa_offset 8
  99              		.cfi_offset 7, -8
 100              		.cfi_offset 14, -4
 101 0002 84B0     		sub	sp, sp, #16
 102              		.cfi_def_cfa_offset 24
 103 0004 00AF     		add	r7, sp, #0
 104              		.cfi_def_cfa_register 7
 105 0006 F860     		str	r0, [r7, #12]
 106 0008 B960     		str	r1, [r7, #8]
 107 000a 7A60     		str	r2, [r7, #4]
  76:.\Generated_Source\PSoC4/cyfitter_cfg.c **** 	(void)memcpy(dest, src, n);
 108              		.loc 1 76 0
 109 000c F968     		ldr	r1, [r7, #12]
 110 000e BA68     		ldr	r2, [r7, #8]
 111 0010 7B68     		ldr	r3, [r7, #4]
 112 0012 081C     		mov	r0, r1
 113 0014 111C     		mov	r1, r2
 114 0016 1A1C     		mov	r2, r3
 115 0018 FFF7FEFF 		bl	memcpy
  77:.\Generated_Source\PSoC4/cyfitter_cfg.c **** }
 116              		.loc 1 77 0
 117 001c BD46     		mov	sp, r7
 118 001e 04B0     		add	sp, sp, #16
 119              		@ sp needed
 120 0020 80BD     		pop	{r7, pc}
 121              		.cfi_endproc
 122              	.LFE2:
 123              		.size	CYCONFIGCPYCODE, .-CYCONFIGCPYCODE
 124 0022 C046     		.section	.text.cfg_write_bytes32,"ax",%progbits
 125              		.align	2
 126              		.code	16
 127              		.thumb_func
 128              		.type	cfg_write_bytes32, %function
 129              	cfg_write_bytes32:
 130              	.LFB3:
  78:.\Generated_Source\PSoC4/cyfitter_cfg.c **** 
  79:.\Generated_Source\PSoC4/cyfitter_cfg.c **** 
  80:.\Generated_Source\PSoC4/cyfitter_cfg.c **** 
  81:.\Generated_Source\PSoC4/cyfitter_cfg.c **** /* Clock startup error codes                                                   */
  82:.\Generated_Source\PSoC4/cyfitter_cfg.c **** #define CYCLOCKSTART_NO_ERROR    0u
  83:.\Generated_Source\PSoC4/cyfitter_cfg.c **** #define CYCLOCKSTART_XTAL_ERROR  1u
  84:.\Generated_Source\PSoC4/cyfitter_cfg.c **** #define CYCLOCKSTART_32KHZ_ERROR 2u
  85:.\Generated_Source\PSoC4/cyfitter_cfg.c **** #define CYCLOCKSTART_PLL_ERROR   3u
  86:.\Generated_Source\PSoC4/cyfitter_cfg.c **** 
  87:.\Generated_Source\PSoC4/cyfitter_cfg.c **** #ifdef CY_NEED_CYCLOCKSTARTUPERROR
  88:.\Generated_Source\PSoC4/cyfitter_cfg.c **** /*******************************************************************************
  89:.\Generated_Source\PSoC4/cyfitter_cfg.c **** * Function Name: CyClockStartupError
  90:.\Generated_Source\PSoC4/cyfitter_cfg.c **** ********************************************************************************
  91:.\Generated_Source\PSoC4/cyfitter_cfg.c **** * Summary:
  92:.\Generated_Source\PSoC4/cyfitter_cfg.c **** *  If an error is encountered during clock configuration (crystal startup error,
  93:.\Generated_Source\PSoC4/cyfitter_cfg.c **** *  PLL lock error, etc.), the system will end up here.  Unless reimplemented by
  94:.\Generated_Source\PSoC4/cyfitter_cfg.c **** *  the customer, this function will stop in an infinite loop.
  95:.\Generated_Source\PSoC4/cyfitter_cfg.c **** *
  96:.\Generated_Source\PSoC4/cyfitter_cfg.c **** * Parameters:
  97:.\Generated_Source\PSoC4/cyfitter_cfg.c **** *   void
  98:.\Generated_Source\PSoC4/cyfitter_cfg.c **** *
ARM GAS  C:\Users\Anders\AppData\Local\Temp\ccEyCzzj.s 			page 5


  99:.\Generated_Source\PSoC4/cyfitter_cfg.c **** * Return:
 100:.\Generated_Source\PSoC4/cyfitter_cfg.c **** *   void
 101:.\Generated_Source\PSoC4/cyfitter_cfg.c **** *
 102:.\Generated_Source\PSoC4/cyfitter_cfg.c **** *******************************************************************************/
 103:.\Generated_Source\PSoC4/cyfitter_cfg.c **** CY_CFG_UNUSED
 104:.\Generated_Source\PSoC4/cyfitter_cfg.c **** static void CyClockStartupError(uint8 errorCode);
 105:.\Generated_Source\PSoC4/cyfitter_cfg.c **** CY_CFG_UNUSED
 106:.\Generated_Source\PSoC4/cyfitter_cfg.c **** static void CyClockStartupError(uint8 errorCode)
 107:.\Generated_Source\PSoC4/cyfitter_cfg.c **** {
 108:.\Generated_Source\PSoC4/cyfitter_cfg.c ****     /* To remove the compiler warning if errorCode not used.                */
 109:.\Generated_Source\PSoC4/cyfitter_cfg.c ****     errorCode = errorCode;
 110:.\Generated_Source\PSoC4/cyfitter_cfg.c **** 
 111:.\Generated_Source\PSoC4/cyfitter_cfg.c ****     /* `#START CyClockStartupError` */
 112:.\Generated_Source\PSoC4/cyfitter_cfg.c **** 
 113:.\Generated_Source\PSoC4/cyfitter_cfg.c ****     /* If we have a clock startup error (bad MHz crystal, PLL lock, etc.),  */
 114:.\Generated_Source\PSoC4/cyfitter_cfg.c ****     /* we will end up here to allow the customer to implement something to  */
 115:.\Generated_Source\PSoC4/cyfitter_cfg.c ****     /* deal with the clock condition.                                       */
 116:.\Generated_Source\PSoC4/cyfitter_cfg.c **** 
 117:.\Generated_Source\PSoC4/cyfitter_cfg.c ****     /* `#END` */
 118:.\Generated_Source\PSoC4/cyfitter_cfg.c **** 
 119:.\Generated_Source\PSoC4/cyfitter_cfg.c ****     /* If nothing else, stop here since the clocks have not started         */
 120:.\Generated_Source\PSoC4/cyfitter_cfg.c ****     /* correctly.                                                           */
 121:.\Generated_Source\PSoC4/cyfitter_cfg.c ****     while(1) {}
 122:.\Generated_Source\PSoC4/cyfitter_cfg.c **** }
 123:.\Generated_Source\PSoC4/cyfitter_cfg.c **** #endif
 124:.\Generated_Source\PSoC4/cyfitter_cfg.c **** 
 125:.\Generated_Source\PSoC4/cyfitter_cfg.c **** #define CY_CFG_BASE_ADDR_COUNT 2u
 126:.\Generated_Source\PSoC4/cyfitter_cfg.c **** CYPACKED typedef struct
 127:.\Generated_Source\PSoC4/cyfitter_cfg.c **** {
 128:.\Generated_Source\PSoC4/cyfitter_cfg.c **** 	uint8 offset;
 129:.\Generated_Source\PSoC4/cyfitter_cfg.c **** 	uint8 value;
 130:.\Generated_Source\PSoC4/cyfitter_cfg.c **** } CYPACKED_ATTR cy_cfg_addrvalue_t;
 131:.\Generated_Source\PSoC4/cyfitter_cfg.c **** 
 132:.\Generated_Source\PSoC4/cyfitter_cfg.c **** 
 133:.\Generated_Source\PSoC4/cyfitter_cfg.c **** 
 134:.\Generated_Source\PSoC4/cyfitter_cfg.c **** /*******************************************************************************
 135:.\Generated_Source\PSoC4/cyfitter_cfg.c **** * Function Name: cfg_write_bytes32
 136:.\Generated_Source\PSoC4/cyfitter_cfg.c **** ********************************************************************************
 137:.\Generated_Source\PSoC4/cyfitter_cfg.c **** * Summary:
 138:.\Generated_Source\PSoC4/cyfitter_cfg.c **** *  This function is used for setting up the chip configuration areas that
 139:.\Generated_Source\PSoC4/cyfitter_cfg.c **** *  contain relatively sparse data.
 140:.\Generated_Source\PSoC4/cyfitter_cfg.c **** *
 141:.\Generated_Source\PSoC4/cyfitter_cfg.c **** * Parameters:
 142:.\Generated_Source\PSoC4/cyfitter_cfg.c **** *   void
 143:.\Generated_Source\PSoC4/cyfitter_cfg.c **** *
 144:.\Generated_Source\PSoC4/cyfitter_cfg.c **** * Return:
 145:.\Generated_Source\PSoC4/cyfitter_cfg.c **** *   void
 146:.\Generated_Source\PSoC4/cyfitter_cfg.c **** *
 147:.\Generated_Source\PSoC4/cyfitter_cfg.c **** *******************************************************************************/
 148:.\Generated_Source\PSoC4/cyfitter_cfg.c **** static void cfg_write_bytes32(const uint32 addr_table[], const cy_cfg_addrvalue_t data_table[]);
 149:.\Generated_Source\PSoC4/cyfitter_cfg.c **** static void cfg_write_bytes32(const uint32 addr_table[], const cy_cfg_addrvalue_t data_table[])
 150:.\Generated_Source\PSoC4/cyfitter_cfg.c **** {
 131              		.loc 1 150 0
 132              		.cfi_startproc
 133 0000 80B5     		push	{r7, lr}
 134              		.cfi_def_cfa_offset 8
 135              		.cfi_offset 7, -8
ARM GAS  C:\Users\Anders\AppData\Local\Temp\ccEyCzzj.s 			page 6


 136              		.cfi_offset 14, -4
 137 0002 86B0     		sub	sp, sp, #24
 138              		.cfi_def_cfa_offset 32
 139 0004 00AF     		add	r7, sp, #0
 140              		.cfi_def_cfa_register 7
 141 0006 7860     		str	r0, [r7, #4]
 142 0008 3960     		str	r1, [r7]
 151:.\Generated_Source\PSoC4/cyfitter_cfg.c **** 	/* For 32-bit little-endian architectures */
 152:.\Generated_Source\PSoC4/cyfitter_cfg.c **** 	uint32 i, j = 0u;
 143              		.loc 1 152 0
 144 000a 0023     		mov	r3, #0
 145 000c 3B61     		str	r3, [r7, #16]
 153:.\Generated_Source\PSoC4/cyfitter_cfg.c **** 	for (i = 0u; i < CY_CFG_BASE_ADDR_COUNT; i++)
 146              		.loc 1 153 0
 147 000e 0023     		mov	r3, #0
 148 0010 7B61     		str	r3, [r7, #20]
 149 0012 2FE0     		b	.L5
 150              	.L8:
 151              	.LBB2:
 154:.\Generated_Source\PSoC4/cyfitter_cfg.c **** 	{
 155:.\Generated_Source\PSoC4/cyfitter_cfg.c **** 		uint32 baseAddr = addr_table[i];
 152              		.loc 1 155 0
 153 0014 7B69     		ldr	r3, [r7, #20]
 154 0016 9B00     		lsl	r3, r3, #2
 155 0018 7A68     		ldr	r2, [r7, #4]
 156 001a D318     		add	r3, r2, r3
 157 001c 1B68     		ldr	r3, [r3]
 158 001e BB60     		str	r3, [r7, #8]
 156:.\Generated_Source\PSoC4/cyfitter_cfg.c **** 		uint8 count = (uint8)baseAddr;
 159              		.loc 1 156 0
 160 0020 0F23     		mov	r3, #15
 161 0022 FB18     		add	r3, r7, r3
 162 0024 BA68     		ldr	r2, [r7, #8]
 163 0026 1A70     		strb	r2, [r3]
 157:.\Generated_Source\PSoC4/cyfitter_cfg.c **** 		baseAddr &= 0xFFFFFF00u;
 164              		.loc 1 157 0
 165 0028 BB68     		ldr	r3, [r7, #8]
 166 002a FF22     		mov	r2, #255
 167 002c 9343     		bic	r3, r2
 168 002e BB60     		str	r3, [r7, #8]
 158:.\Generated_Source\PSoC4/cyfitter_cfg.c **** 		while (count != 0u)
 169              		.loc 1 158 0
 170 0030 18E0     		b	.L6
 171              	.L7:
 159:.\Generated_Source\PSoC4/cyfitter_cfg.c **** 		{
 160:.\Generated_Source\PSoC4/cyfitter_cfg.c **** 			CY_SET_XTND_REG8((void CYFAR *)(baseAddr + data_table[j].offset), data_table[j].value);
 172              		.loc 1 160 0
 173 0032 3B69     		ldr	r3, [r7, #16]
 174 0034 5B00     		lsl	r3, r3, #1
 175 0036 3A68     		ldr	r2, [r7]
 176 0038 D318     		add	r3, r2, r3
 177 003a 1B78     		ldrb	r3, [r3]
 178 003c 1A1C     		mov	r2, r3
 179 003e BB68     		ldr	r3, [r7, #8]
 180 0040 D318     		add	r3, r2, r3
 181 0042 191C     		mov	r1, r3
 182 0044 3B69     		ldr	r3, [r7, #16]
ARM GAS  C:\Users\Anders\AppData\Local\Temp\ccEyCzzj.s 			page 7


 183 0046 5B00     		lsl	r3, r3, #1
 184 0048 3A68     		ldr	r2, [r7]
 185 004a D318     		add	r3, r2, r3
 186 004c 5B78     		ldrb	r3, [r3, #1]
 187 004e 0B70     		strb	r3, [r1]
 161:.\Generated_Source\PSoC4/cyfitter_cfg.c **** 			j++;
 188              		.loc 1 161 0
 189 0050 3B69     		ldr	r3, [r7, #16]
 190 0052 0133     		add	r3, r3, #1
 191 0054 3B61     		str	r3, [r7, #16]
 162:.\Generated_Source\PSoC4/cyfitter_cfg.c **** 			count--;
 192              		.loc 1 162 0
 193 0056 0F23     		mov	r3, #15
 194 0058 FB18     		add	r3, r7, r3
 195 005a 1A78     		ldrb	r2, [r3]
 196 005c 0F23     		mov	r3, #15
 197 005e FB18     		add	r3, r7, r3
 198 0060 013A     		sub	r2, r2, #1
 199 0062 1A70     		strb	r2, [r3]
 200              	.L6:
 158:.\Generated_Source\PSoC4/cyfitter_cfg.c **** 		{
 201              		.loc 1 158 0
 202 0064 0F23     		mov	r3, #15
 203 0066 FB18     		add	r3, r7, r3
 204 0068 1B78     		ldrb	r3, [r3]
 205 006a 002B     		cmp	r3, #0
 206 006c E1D1     		bne	.L7
 207              	.LBE2:
 153:.\Generated_Source\PSoC4/cyfitter_cfg.c **** 	{
 208              		.loc 1 153 0 discriminator 2
 209 006e 7B69     		ldr	r3, [r7, #20]
 210 0070 0133     		add	r3, r3, #1
 211 0072 7B61     		str	r3, [r7, #20]
 212              	.L5:
 153:.\Generated_Source\PSoC4/cyfitter_cfg.c **** 	{
 213              		.loc 1 153 0 is_stmt 0 discriminator 1
 214 0074 7B69     		ldr	r3, [r7, #20]
 215 0076 012B     		cmp	r3, #1
 216 0078 CCD9     		bls	.L8
 163:.\Generated_Source\PSoC4/cyfitter_cfg.c **** 		}
 164:.\Generated_Source\PSoC4/cyfitter_cfg.c **** 	}
 165:.\Generated_Source\PSoC4/cyfitter_cfg.c **** }
 217              		.loc 1 165 0 is_stmt 1
 218 007a BD46     		mov	sp, r7
 219 007c 06B0     		add	sp, sp, #24
 220              		@ sp needed
 221 007e 80BD     		pop	{r7, pc}
 222              		.cfi_endproc
 223              	.LFE3:
 224              		.size	cfg_write_bytes32, .-cfg_write_bytes32
 225              		.section	.psocinit,"ax",%progbits
 226              		.align	2
 227              		.code	16
 228              		.thumb_func
 229              		.type	ClockSetup, %function
 230              	ClockSetup:
 231              	.LFB4:
ARM GAS  C:\Users\Anders\AppData\Local\Temp\ccEyCzzj.s 			page 8


 166:.\Generated_Source\PSoC4/cyfitter_cfg.c **** 
 167:.\Generated_Source\PSoC4/cyfitter_cfg.c **** 
 168:.\Generated_Source\PSoC4/cyfitter_cfg.c **** /*******************************************************************************
 169:.\Generated_Source\PSoC4/cyfitter_cfg.c **** * Function Name: ClockSetup
 170:.\Generated_Source\PSoC4/cyfitter_cfg.c **** ********************************************************************************
 171:.\Generated_Source\PSoC4/cyfitter_cfg.c **** *
 172:.\Generated_Source\PSoC4/cyfitter_cfg.c **** * Summary:
 173:.\Generated_Source\PSoC4/cyfitter_cfg.c **** *   Performs the initialization of all of the clocks in the device based on the
 174:.\Generated_Source\PSoC4/cyfitter_cfg.c **** *   settings in the Clock tab of the DWR.  This includes enabling the requested
 175:.\Generated_Source\PSoC4/cyfitter_cfg.c **** *   clocks and setting the necessary dividers to produce the desired frequency. 
 176:.\Generated_Source\PSoC4/cyfitter_cfg.c **** *
 177:.\Generated_Source\PSoC4/cyfitter_cfg.c **** * Parameters:
 178:.\Generated_Source\PSoC4/cyfitter_cfg.c **** *   void
 179:.\Generated_Source\PSoC4/cyfitter_cfg.c **** *
 180:.\Generated_Source\PSoC4/cyfitter_cfg.c **** * Return:
 181:.\Generated_Source\PSoC4/cyfitter_cfg.c **** *   void
 182:.\Generated_Source\PSoC4/cyfitter_cfg.c **** *
 183:.\Generated_Source\PSoC4/cyfitter_cfg.c **** *******************************************************************************/
 184:.\Generated_Source\PSoC4/cyfitter_cfg.c **** static void ClockSetup(void);
 185:.\Generated_Source\PSoC4/cyfitter_cfg.c **** CY_CFG_SECTION
 186:.\Generated_Source\PSoC4/cyfitter_cfg.c **** static void ClockSetup(void)
 187:.\Generated_Source\PSoC4/cyfitter_cfg.c **** {
 232              		.loc 1 187 0
 233              		.cfi_startproc
 234 0000 80B5     		push	{r7, lr}
 235              		.cfi_def_cfa_offset 8
 236              		.cfi_offset 7, -8
 237              		.cfi_offset 14, -4
 238 0002 00AF     		add	r7, sp, #0
 239              		.cfi_def_cfa_register 7
 188:.\Generated_Source\PSoC4/cyfitter_cfg.c **** 	/* Enable HALF_EN before trimming for the flash accelerator. */
 189:.\Generated_Source\PSoC4/cyfitter_cfg.c **** 	CY_SET_REG32((void CYXDATA *)(CYREG_CLK_SELECT), (CY_GET_REG32((void *)CYREG_CLK_SELECT) | 0x00040
 240              		.loc 1 189 0
 241 0004 154B     		ldr	r3, .L10
 242 0006 154A     		ldr	r2, .L10
 243 0008 1268     		ldr	r2, [r2]
 244 000a 8021     		mov	r1, #128
 245 000c C902     		lsl	r1, r1, #11
 246 000e 0A43     		orr	r2, r1
 247 0010 1A60     		str	r2, [r3]
 190:.\Generated_Source\PSoC4/cyfitter_cfg.c **** 
 191:.\Generated_Source\PSoC4/cyfitter_cfg.c **** 	/* Setup and trim IMO based on desired frequency. */
 192:.\Generated_Source\PSoC4/cyfitter_cfg.c **** 	CySysClkWriteImoFreq(24u);
 248              		.loc 1 192 0
 249 0012 1820     		mov	r0, #24
 250 0014 FFF7FEFF 		bl	CySysClkWriteImoFreq
 193:.\Generated_Source\PSoC4/cyfitter_cfg.c **** 
 194:.\Generated_Source\PSoC4/cyfitter_cfg.c **** 	/* Disable HALF_EN since it is not required at this IMO frequency. */
 195:.\Generated_Source\PSoC4/cyfitter_cfg.c **** 	CY_SET_REG32((void CYXDATA *)(CYREG_CLK_SELECT), (CY_GET_REG32((void *)CYREG_CLK_SELECT) & 0xFFFBF
 251              		.loc 1 195 0
 252 0018 104B     		ldr	r3, .L10
 253 001a 104A     		ldr	r2, .L10
 254 001c 1268     		ldr	r2, [r2]
 255 001e 1049     		ldr	r1, .L10+4
 256 0020 0A40     		and	r2, r1
 257 0022 1A60     		str	r2, [r3]
 196:.\Generated_Source\PSoC4/cyfitter_cfg.c **** 	/* CYDEV_CLK_ILO_CONFIG Starting address: CYDEV_CLK_ILO_CONFIG */
ARM GAS  C:\Users\Anders\AppData\Local\Temp\ccEyCzzj.s 			page 9


 197:.\Generated_Source\PSoC4/cyfitter_cfg.c **** 	CY_SET_XTND_REG32((void CYFAR *)(CYREG_CLK_ILO_CONFIG), 0x80000006u);
 258              		.loc 1 197 0
 259 0024 0F4B     		ldr	r3, .L10+8
 260 0026 104A     		ldr	r2, .L10+12
 261 0028 1A60     		str	r2, [r3]
 198:.\Generated_Source\PSoC4/cyfitter_cfg.c **** 
 199:.\Generated_Source\PSoC4/cyfitter_cfg.c **** 
 200:.\Generated_Source\PSoC4/cyfitter_cfg.c **** 	/* CYDEV_CLK_SELECT00 Starting address: CYDEV_CLK_SELECT00 */
 201:.\Generated_Source\PSoC4/cyfitter_cfg.c **** 	CY_SET_XTND_REG32((void CYFAR *)(CYREG_CLK_SELECT03), 0x00000010u);
 262              		.loc 1 201 0
 263 002a 104B     		ldr	r3, .L10+16
 264 002c 1022     		mov	r2, #16
 265 002e 1A60     		str	r2, [r3]
 202:.\Generated_Source\PSoC4/cyfitter_cfg.c **** 	CY_SET_XTND_REG32((void CYFAR *)(CYREG_CLK_SELECT08), 0x00000020u);
 266              		.loc 1 202 0
 267 0030 0F4B     		ldr	r3, .L10+20
 268 0032 2022     		mov	r2, #32
 269 0034 1A60     		str	r2, [r3]
 203:.\Generated_Source\PSoC4/cyfitter_cfg.c **** 
 204:.\Generated_Source\PSoC4/cyfitter_cfg.c **** 	/* CYDEV_CLK_IMO_CONFIG Starting address: CYDEV_CLK_IMO_CONFIG */
 205:.\Generated_Source\PSoC4/cyfitter_cfg.c **** 	CY_SET_XTND_REG32((void CYFAR *)(CYREG_CLK_IMO_CONFIG), 0x80000000u);
 270              		.loc 1 205 0
 271 0036 0F4B     		ldr	r3, .L10+24
 272 0038 8022     		mov	r2, #128
 273 003a 1206     		lsl	r2, r2, #24
 274 003c 1A60     		str	r2, [r3]
 206:.\Generated_Source\PSoC4/cyfitter_cfg.c **** 
 207:.\Generated_Source\PSoC4/cyfitter_cfg.c **** 	/* CYDEV_CLK_SELECT Starting address: CYDEV_CLK_SELECT */
 208:.\Generated_Source\PSoC4/cyfitter_cfg.c **** 	CY_SET_XTND_REG32((void CYFAR *)(CYREG_CLK_SELECT), 0x00000000u);
 275              		.loc 1 208 0
 276 003e 074B     		ldr	r3, .L10
 277 0040 0022     		mov	r2, #0
 278 0042 1A60     		str	r2, [r3]
 209:.\Generated_Source\PSoC4/cyfitter_cfg.c **** 
 210:.\Generated_Source\PSoC4/cyfitter_cfg.c **** 	/* CYDEV_CLK_DIVIDER_A00 Starting address: CYDEV_CLK_DIVIDER_A00 */
 211:.\Generated_Source\PSoC4/cyfitter_cfg.c **** 	CY_SET_XTND_REG32((void CYFAR *)(CYREG_CLK_DIVIDER_A00), 0x80000002u);
 279              		.loc 1 211 0
 280 0044 0C4B     		ldr	r3, .L10+28
 281 0046 0D4A     		ldr	r2, .L10+32
 282 0048 1A60     		str	r2, [r3]
 212:.\Generated_Source\PSoC4/cyfitter_cfg.c **** 
 213:.\Generated_Source\PSoC4/cyfitter_cfg.c **** 	/* CYDEV_CLK_DIVIDER_B00 Starting address: CYDEV_CLK_DIVIDER_B00 */
 214:.\Generated_Source\PSoC4/cyfitter_cfg.c **** 	CY_SET_XTND_REG32((void CYFAR *)(CYREG_CLK_DIVIDER_B00), 0x80000031u);
 283              		.loc 1 214 0
 284 004a 0D4B     		ldr	r3, .L10+36
 285 004c 0D4A     		ldr	r2, .L10+40
 286 004e 1A60     		str	r2, [r3]
 215:.\Generated_Source\PSoC4/cyfitter_cfg.c **** 
 216:.\Generated_Source\PSoC4/cyfitter_cfg.c **** 	CY_SET_XTND_REG32((void CYFAR *)(CYREG_WDT_CONFIG), 0x00000000u);
 287              		.loc 1 216 0
 288 0050 0D4B     		ldr	r3, .L10+44
 289 0052 0022     		mov	r2, #0
 290 0054 1A60     		str	r2, [r3]
 217:.\Generated_Source\PSoC4/cyfitter_cfg.c **** }
 291              		.loc 1 217 0
 292 0056 BD46     		mov	sp, r7
 293              		@ sp needed
ARM GAS  C:\Users\Anders\AppData\Local\Temp\ccEyCzzj.s 			page 10


 294 0058 80BD     		pop	{r7, pc}
 295              	.L11:
 296 005a C046     		.align	2
 297              	.L10:
 298 005c 00010B40 		.word	1074462976
 299 0060 FFFFFBFF 		.word	-262145
 300 0064 04010B40 		.word	1074462980
 301 0068 06000080 		.word	-2147483642
 302 006c 0C020240 		.word	1073873420
 303 0070 20020240 		.word	1073873440
 304 0074 08010B40 		.word	1074462984
 305 0078 00000240 		.word	1073872896
 306 007c 02000080 		.word	-2147483646
 307 0080 40000240 		.word	1073872960
 308 0084 31000080 		.word	-2147483599
 309 0088 0C020B40 		.word	1074463244
 310              		.cfi_endproc
 311              	.LFE4:
 312              		.size	ClockSetup, .-ClockSetup
 313              		.section	.text.AnalogSetDefault,"ax",%progbits
 314              		.align	2
 315              		.code	16
 316              		.thumb_func
 317              		.type	AnalogSetDefault, %function
 318              	AnalogSetDefault:
 319              	.LFB5:
 218:.\Generated_Source\PSoC4/cyfitter_cfg.c **** 
 219:.\Generated_Source\PSoC4/cyfitter_cfg.c **** 
 220:.\Generated_Source\PSoC4/cyfitter_cfg.c **** /* Analog API Functions */
 221:.\Generated_Source\PSoC4/cyfitter_cfg.c **** 
 222:.\Generated_Source\PSoC4/cyfitter_cfg.c **** 
 223:.\Generated_Source\PSoC4/cyfitter_cfg.c **** /*******************************************************************************
 224:.\Generated_Source\PSoC4/cyfitter_cfg.c **** * Function Name: AnalogSetDefault
 225:.\Generated_Source\PSoC4/cyfitter_cfg.c **** ********************************************************************************
 226:.\Generated_Source\PSoC4/cyfitter_cfg.c **** *
 227:.\Generated_Source\PSoC4/cyfitter_cfg.c **** * Summary:
 228:.\Generated_Source\PSoC4/cyfitter_cfg.c **** *  Sets up the analog portions of the chip to default values based on chip
 229:.\Generated_Source\PSoC4/cyfitter_cfg.c **** *  configuration options from the project.
 230:.\Generated_Source\PSoC4/cyfitter_cfg.c **** *
 231:.\Generated_Source\PSoC4/cyfitter_cfg.c **** * Parameters:
 232:.\Generated_Source\PSoC4/cyfitter_cfg.c **** *  void
 233:.\Generated_Source\PSoC4/cyfitter_cfg.c **** *
 234:.\Generated_Source\PSoC4/cyfitter_cfg.c **** * Return:
 235:.\Generated_Source\PSoC4/cyfitter_cfg.c **** *  void
 236:.\Generated_Source\PSoC4/cyfitter_cfg.c **** *
 237:.\Generated_Source\PSoC4/cyfitter_cfg.c **** *******************************************************************************/
 238:.\Generated_Source\PSoC4/cyfitter_cfg.c **** static void AnalogSetDefault(void);
 239:.\Generated_Source\PSoC4/cyfitter_cfg.c **** static void AnalogSetDefault(void)
 240:.\Generated_Source\PSoC4/cyfitter_cfg.c **** {
 320              		.loc 1 240 0
 321              		.cfi_startproc
 322 0000 80B5     		push	{r7, lr}
 323              		.cfi_def_cfa_offset 8
 324              		.cfi_offset 7, -8
 325              		.cfi_offset 14, -4
 326 0002 00AF     		add	r7, sp, #0
 327              		.cfi_def_cfa_register 7
ARM GAS  C:\Users\Anders\AppData\Local\Temp\ccEyCzzj.s 			page 11


 241:.\Generated_Source\PSoC4/cyfitter_cfg.c **** }
 328              		.loc 1 241 0
 329 0004 BD46     		mov	sp, r7
 330              		@ sp needed
 331 0006 80BD     		pop	{r7, pc}
 332              		.cfi_endproc
 333              	.LFE5:
 334              		.size	AnalogSetDefault, .-AnalogSetDefault
 335              		.section	.psocinit
 336              		.align	2
 337              		.global	cyfitter_cfg
 338              		.code	16
 339              		.thumb_func
 340              		.type	cyfitter_cfg, %function
 341              	cyfitter_cfg:
 342              	.LFB6:
 242:.\Generated_Source\PSoC4/cyfitter_cfg.c **** 
 243:.\Generated_Source\PSoC4/cyfitter_cfg.c **** #define CY_AMUX_UNUSED CYREG_CM0_ROM_DWT
 244:.\Generated_Source\PSoC4/cyfitter_cfg.c **** 
 245:.\Generated_Source\PSoC4/cyfitter_cfg.c **** 
 246:.\Generated_Source\PSoC4/cyfitter_cfg.c **** /*******************************************************************************
 247:.\Generated_Source\PSoC4/cyfitter_cfg.c **** * Function Name: cyfitter_cfg
 248:.\Generated_Source\PSoC4/cyfitter_cfg.c **** ********************************************************************************
 249:.\Generated_Source\PSoC4/cyfitter_cfg.c **** * Summary:
 250:.\Generated_Source\PSoC4/cyfitter_cfg.c **** *  This function is called by the start-up code for the selected device. It
 251:.\Generated_Source\PSoC4/cyfitter_cfg.c **** *  performs all of the necessary device configuration based on the design
 252:.\Generated_Source\PSoC4/cyfitter_cfg.c **** *  settings.  This includes settings from the Design Wide Resources (DWR) such
 253:.\Generated_Source\PSoC4/cyfitter_cfg.c **** *  as Clocks and Pins as well as any component configuration that is necessary.
 254:.\Generated_Source\PSoC4/cyfitter_cfg.c **** *
 255:.\Generated_Source\PSoC4/cyfitter_cfg.c **** * Parameters:  
 256:.\Generated_Source\PSoC4/cyfitter_cfg.c **** *   void
 257:.\Generated_Source\PSoC4/cyfitter_cfg.c **** *
 258:.\Generated_Source\PSoC4/cyfitter_cfg.c **** * Return:
 259:.\Generated_Source\PSoC4/cyfitter_cfg.c **** *   void
 260:.\Generated_Source\PSoC4/cyfitter_cfg.c **** *
 261:.\Generated_Source\PSoC4/cyfitter_cfg.c **** *******************************************************************************/
 262:.\Generated_Source\PSoC4/cyfitter_cfg.c **** CY_CFG_SECTION
 263:.\Generated_Source\PSoC4/cyfitter_cfg.c **** void cyfitter_cfg(void)
 264:.\Generated_Source\PSoC4/cyfitter_cfg.c **** {
 343              		.loc 1 264 0
 344              		.cfi_startproc
 345 008c 80B5     		push	{r7, lr}
 346              		.cfi_def_cfa_offset 8
 347              		.cfi_offset 7, -8
 348              		.cfi_offset 14, -4
 349 008e 82B0     		sub	sp, sp, #8
 350              		.cfi_def_cfa_offset 16
 351 0090 00AF     		add	r7, sp, #0
 352              		.cfi_def_cfa_register 7
 265:.\Generated_Source\PSoC4/cyfitter_cfg.c **** 	/* Disable interrupts by default. Let user enable if/when they want. */
 266:.\Generated_Source\PSoC4/cyfitter_cfg.c **** 	CyGlobalIntDisable;
 353              		.loc 1 266 0
 354              	@ 266 ".\Generated_Source\PSoC4\cyfitter_cfg.c" 1
 355 0092 72B6     		CPSID   i
 356              	@ 0 "" 2
 357              		.code	16
 358              	.LBB3:
ARM GAS  C:\Users\Anders\AppData\Local\Temp\ccEyCzzj.s 			page 12


 267:.\Generated_Source\PSoC4/cyfitter_cfg.c **** 
 268:.\Generated_Source\PSoC4/cyfitter_cfg.c **** 	{
 269:.\Generated_Source\PSoC4/cyfitter_cfg.c **** 		static const uint32 CYCODE cy_cfg_addr_table[] = {
 270:.\Generated_Source\PSoC4/cyfitter_cfg.c **** 			0x400F4202u, /* Base address: 0x400F4200 Count: 2 */
 271:.\Generated_Source\PSoC4/cyfitter_cfg.c **** 			0x400F4303u, /* Base address: 0x400F4300 Count: 3 */
 272:.\Generated_Source\PSoC4/cyfitter_cfg.c **** 		};
 273:.\Generated_Source\PSoC4/cyfitter_cfg.c **** 
 274:.\Generated_Source\PSoC4/cyfitter_cfg.c **** 		static const cy_cfg_addrvalue_t CYCODE cy_cfg_data_table[] = {
 275:.\Generated_Source\PSoC4/cyfitter_cfg.c **** 			{0x50u, 0x10u},
 276:.\Generated_Source\PSoC4/cyfitter_cfg.c **** 			{0xD4u, 0x04u},
 277:.\Generated_Source\PSoC4/cyfitter_cfg.c **** 			{0x18u, 0x20u},
 278:.\Generated_Source\PSoC4/cyfitter_cfg.c **** 			{0x94u, 0x20u},
 279:.\Generated_Source\PSoC4/cyfitter_cfg.c **** 			{0xC6u, 0x08u},
 280:.\Generated_Source\PSoC4/cyfitter_cfg.c **** 		};
 281:.\Generated_Source\PSoC4/cyfitter_cfg.c **** 
 282:.\Generated_Source\PSoC4/cyfitter_cfg.c **** 
 283:.\Generated_Source\PSoC4/cyfitter_cfg.c **** 
 284:.\Generated_Source\PSoC4/cyfitter_cfg.c **** 		CYPACKED typedef struct {
 285:.\Generated_Source\PSoC4/cyfitter_cfg.c **** 			void CYFAR *address;
 286:.\Generated_Source\PSoC4/cyfitter_cfg.c **** 			uint16 size;
 287:.\Generated_Source\PSoC4/cyfitter_cfg.c **** 		} CYPACKED_ATTR cfg_memset_t;
 288:.\Generated_Source\PSoC4/cyfitter_cfg.c **** 
 289:.\Generated_Source\PSoC4/cyfitter_cfg.c **** 		static const cfg_memset_t CYCODE cfg_memset_list [] = {
 290:.\Generated_Source\PSoC4/cyfitter_cfg.c **** 			/* address, size */
 291:.\Generated_Source\PSoC4/cyfitter_cfg.c **** 			{(void CYFAR *)(CYDEV_UDB_P0_U0_BASE), 1024u},
 292:.\Generated_Source\PSoC4/cyfitter_cfg.c **** 			{(void CYFAR *)(CYDEV_UDB_DSI0_BASE), 1024u},
 293:.\Generated_Source\PSoC4/cyfitter_cfg.c **** 		};
 294:.\Generated_Source\PSoC4/cyfitter_cfg.c **** 
 295:.\Generated_Source\PSoC4/cyfitter_cfg.c **** 		uint8 CYDATA i;
 296:.\Generated_Source\PSoC4/cyfitter_cfg.c **** 
 297:.\Generated_Source\PSoC4/cyfitter_cfg.c **** 		/* Zero out critical memory blocks before beginning configuration */
 298:.\Generated_Source\PSoC4/cyfitter_cfg.c **** 		for (i = 0u; i < (sizeof(cfg_memset_list)/sizeof(cfg_memset_list[0])); i++)
 359              		.loc 1 298 0
 360 0094 FB1D     		add	r3, r7, #7
 361 0096 0022     		mov	r2, #0
 362 0098 1A70     		strb	r2, [r3]
 363 009a 23E0     		b	.L14
 364              	.L15:
 365              	.LBB4:
 299:.\Generated_Source\PSoC4/cyfitter_cfg.c **** 		{
 300:.\Generated_Source\PSoC4/cyfitter_cfg.c **** 			const cfg_memset_t CYCODE * CYDATA ms = &cfg_memset_list[i];
 366              		.loc 1 300 0 discriminator 3
 367 009c FB1D     		add	r3, r7, #7
 368 009e 1A78     		ldrb	r2, [r3]
 369 00a0 131C     		mov	r3, r2
 370 00a2 5B00     		lsl	r3, r3, #1
 371 00a4 9B18     		add	r3, r3, r2
 372 00a6 5B00     		lsl	r3, r3, #1
 373 00a8 334A     		ldr	r2, .L16
 374 00aa 9B18     		add	r3, r3, r2
 375 00ac 3B60     		str	r3, [r7]
 301:.\Generated_Source\PSoC4/cyfitter_cfg.c **** 			CYMEMZERO(ms->address, (size_t)(uint32)(ms->size));
 376              		.loc 1 301 0 discriminator 3
 377 00ae 3B68     		ldr	r3, [r7]
 378 00b0 1A78     		ldrb	r2, [r3]
 379 00b2 5978     		ldrb	r1, [r3, #1]
 380 00b4 0902     		lsl	r1, r1, #8
ARM GAS  C:\Users\Anders\AppData\Local\Temp\ccEyCzzj.s 			page 13


 381 00b6 0A43     		orr	r2, r1
 382 00b8 9978     		ldrb	r1, [r3, #2]
 383 00ba 0904     		lsl	r1, r1, #16
 384 00bc 0A43     		orr	r2, r1
 385 00be DB78     		ldrb	r3, [r3, #3]
 386 00c0 1B06     		lsl	r3, r3, #24
 387 00c2 1343     		orr	r3, r2
 388 00c4 191C     		mov	r1, r3
 389 00c6 3B68     		ldr	r3, [r7]
 390 00c8 1A79     		ldrb	r2, [r3, #4]
 391 00ca 5B79     		ldrb	r3, [r3, #5]
 392 00cc 1B02     		lsl	r3, r3, #8
 393 00ce 1343     		orr	r3, r2
 394 00d0 9BB2     		uxth	r3, r3
 395 00d2 081C     		mov	r0, r1
 396 00d4 191C     		mov	r1, r3
 397 00d6 FFF7FEFF 		bl	CYMEMZERO
 398              	.LBE4:
 298:.\Generated_Source\PSoC4/cyfitter_cfg.c **** 		{
 399              		.loc 1 298 0 discriminator 3
 400 00da FB1D     		add	r3, r7, #7
 401 00dc 1A78     		ldrb	r2, [r3]
 402 00de FB1D     		add	r3, r7, #7
 403 00e0 0132     		add	r2, r2, #1
 404 00e2 1A70     		strb	r2, [r3]
 405              	.L14:
 298:.\Generated_Source\PSoC4/cyfitter_cfg.c **** 		{
 406              		.loc 1 298 0 is_stmt 0 discriminator 1
 407 00e4 FB1D     		add	r3, r7, #7
 408 00e6 1B78     		ldrb	r3, [r3]
 409 00e8 012B     		cmp	r3, #1
 410 00ea D7D9     		bls	.L15
 302:.\Generated_Source\PSoC4/cyfitter_cfg.c **** 		}
 303:.\Generated_Source\PSoC4/cyfitter_cfg.c **** 
 304:.\Generated_Source\PSoC4/cyfitter_cfg.c **** 		cfg_write_bytes32(cy_cfg_addr_table, cy_cfg_data_table);
 411              		.loc 1 304 0 is_stmt 1
 412 00ec 234A     		ldr	r2, .L16+4
 413 00ee 244B     		ldr	r3, .L16+8
 414 00f0 101C     		mov	r0, r2
 415 00f2 191C     		mov	r1, r3
 416 00f4 FFF7FEFF 		bl	cfg_write_bytes32
 305:.\Generated_Source\PSoC4/cyfitter_cfg.c **** 
 306:.\Generated_Source\PSoC4/cyfitter_cfg.c **** 		/* HSIOM Starting address: CYDEV_HSIOM_BASE */
 307:.\Generated_Source\PSoC4/cyfitter_cfg.c **** 		CY_SET_XTND_REG32((void CYFAR *)(CYREG_HSIOM_PORT_SEL2), 0x00000003u);
 417              		.loc 1 307 0
 418 00f8 224B     		ldr	r3, .L16+12
 419 00fa 0322     		mov	r2, #3
 420 00fc 1A60     		str	r2, [r3]
 308:.\Generated_Source\PSoC4/cyfitter_cfg.c **** 		CY_SET_XTND_REG32((void CYFAR *)(CYREG_HSIOM_PORT_SEL3), 0x0000EEEEu);
 421              		.loc 1 308 0
 422 00fe 224B     		ldr	r3, .L16+16
 423 0100 224A     		ldr	r2, .L16+20
 424 0102 1A60     		str	r2, [r3]
 309:.\Generated_Source\PSoC4/cyfitter_cfg.c **** 
 310:.\Generated_Source\PSoC4/cyfitter_cfg.c **** 		/* UDB_PA_2 Starting address: CYDEV_UDB_PA2_BASE */
 311:.\Generated_Source\PSoC4/cyfitter_cfg.c **** 		CY_SET_XTND_REG32((void CYFAR *)(CYDEV_UDB_PA2_BASE), 0x00990000u);
 425              		.loc 1 311 0
ARM GAS  C:\Users\Anders\AppData\Local\Temp\ccEyCzzj.s 			page 14


 426 0104 224B     		ldr	r3, .L16+24
 427 0106 9922     		mov	r2, #153
 428 0108 1204     		lsl	r2, r2, #16
 429 010a 1A60     		str	r2, [r3]
 312:.\Generated_Source\PSoC4/cyfitter_cfg.c **** 		CY_SET_XTND_REG32((void CYFAR *)(CYREG_UDB_PA2_CFG8), 0x00540000u);
 430              		.loc 1 312 0
 431 010c 214B     		ldr	r3, .L16+28
 432 010e A822     		mov	r2, #168
 433 0110 D203     		lsl	r2, r2, #15
 434 0112 1A60     		str	r2, [r3]
 313:.\Generated_Source\PSoC4/cyfitter_cfg.c **** 
 314:.\Generated_Source\PSoC4/cyfitter_cfg.c **** 		/* UDB_PA_3 Starting address: CYDEV_UDB_PA3_BASE */
 315:.\Generated_Source\PSoC4/cyfitter_cfg.c **** 		CY_SET_XTND_REG32((void CYFAR *)(CYDEV_UDB_PA3_BASE), 0x00990000u);
 435              		.loc 1 315 0
 436 0114 204B     		ldr	r3, .L16+32
 437 0116 9922     		mov	r2, #153
 438 0118 1204     		lsl	r2, r2, #16
 439 011a 1A60     		str	r2, [r3]
 316:.\Generated_Source\PSoC4/cyfitter_cfg.c **** 
 317:.\Generated_Source\PSoC4/cyfitter_cfg.c **** 		/* Enable digital routing */
 318:.\Generated_Source\PSoC4/cyfitter_cfg.c **** 		CY_SET_XTND_REG8((void *)CYREG_UDB_UDBIF_BANK_CTL, CY_GET_XTND_REG8((void *)CYREG_UDB_UDBIF_BANK_
 440              		.loc 1 318 0
 441 011c 1F4A     		ldr	r2, .L16+36
 442 011e 1F4B     		ldr	r3, .L16+36
 443 0120 1B78     		ldrb	r3, [r3]
 444 0122 DBB2     		uxtb	r3, r3
 445 0124 0221     		mov	r1, #2
 446 0126 0B43     		orr	r3, r1
 447 0128 DBB2     		uxtb	r3, r3
 448 012a 1370     		strb	r3, [r2]
 319:.\Generated_Source\PSoC4/cyfitter_cfg.c **** 
 320:.\Generated_Source\PSoC4/cyfitter_cfg.c **** 		/* Enable UDB array */
 321:.\Generated_Source\PSoC4/cyfitter_cfg.c **** 		CY_SET_XTND_REG8((void *)CYREG_UDB_UDBIF_WAIT_CFG, (uint8)((CY_GET_XTND_REG8((void *)CYREG_UDB_UD
 449              		.loc 1 321 0
 450 012c 1C4A     		ldr	r2, .L16+40
 451 012e 1C4B     		ldr	r3, .L16+40
 452 0130 1B78     		ldrb	r3, [r3]
 453 0132 DBB2     		uxtb	r3, r3
 454 0134 3C21     		mov	r1, #60
 455 0136 8B43     		bic	r3, r1
 456 0138 DBB2     		uxtb	r3, r3
 457 013a 1421     		mov	r1, #20
 458 013c 0B43     		orr	r3, r1
 459 013e DBB2     		uxtb	r3, r3
 460 0140 1370     		strb	r3, [r2]
 322:.\Generated_Source\PSoC4/cyfitter_cfg.c **** 		CY_SET_XTND_REG8((void *)CYREG_UDB_UDBIF_BANK_CTL, (uint8)(CY_GET_XTND_REG8((void *)CYREG_UDB_UDB
 461              		.loc 1 322 0
 462 0142 164A     		ldr	r2, .L16+36
 463 0144 154B     		ldr	r3, .L16+36
 464 0146 1B78     		ldrb	r3, [r3]
 465 0148 DBB2     		uxtb	r3, r3
 466 014a 1621     		mov	r1, #22
 467 014c 0B43     		orr	r3, r1
 468 014e DBB2     		uxtb	r3, r3
 469 0150 1370     		strb	r3, [r2]
 470              	.LBE3:
 323:.\Generated_Source\PSoC4/cyfitter_cfg.c **** 	}
ARM GAS  C:\Users\Anders\AppData\Local\Temp\ccEyCzzj.s 			page 15


 324:.\Generated_Source\PSoC4/cyfitter_cfg.c **** 
 325:.\Generated_Source\PSoC4/cyfitter_cfg.c **** 	/* Perform second pass device configuration. These items must be configured in specific order afte
 326:.\Generated_Source\PSoC4/cyfitter_cfg.c **** 	/* IOPINS0_2 Starting address: CYDEV_PRT2_BASE */
 327:.\Generated_Source\PSoC4/cyfitter_cfg.c **** 	CY_SET_XTND_REG32((void CYFAR *)(CYDEV_PRT2_BASE), 0x00000001u);
 471              		.loc 1 327 0
 472 0152 144B     		ldr	r3, .L16+44
 473 0154 0122     		mov	r2, #1
 474 0156 1A60     		str	r2, [r3]
 328:.\Generated_Source\PSoC4/cyfitter_cfg.c **** 	CY_SET_XTND_REG32((void CYFAR *)(CYREG_PRT2_PC), 0x00000006u);
 475              		.loc 1 328 0
 476 0158 134B     		ldr	r3, .L16+48
 477 015a 0622     		mov	r2, #6
 478 015c 1A60     		str	r2, [r3]
 329:.\Generated_Source\PSoC4/cyfitter_cfg.c **** 
 330:.\Generated_Source\PSoC4/cyfitter_cfg.c **** 	/* IOPINS0_3 Starting address: CYDEV_PRT3_BASE */
 331:.\Generated_Source\PSoC4/cyfitter_cfg.c **** 	CY_SET_XTND_REG32((void CYFAR *)(CYDEV_PRT3_BASE), 0x00000003u);
 479              		.loc 1 331 0
 480 015e 134B     		ldr	r3, .L16+52
 481 0160 0322     		mov	r2, #3
 482 0162 1A60     		str	r2, [r3]
 332:.\Generated_Source\PSoC4/cyfitter_cfg.c **** 	CY_SET_XTND_REG32((void CYFAR *)(CYREG_PRT3_PC), 0x00000DA4u);
 483              		.loc 1 332 0
 484 0164 124B     		ldr	r3, .L16+56
 485 0166 134A     		ldr	r2, .L16+60
 486 0168 1A60     		str	r2, [r3]
 333:.\Generated_Source\PSoC4/cyfitter_cfg.c **** 
 334:.\Generated_Source\PSoC4/cyfitter_cfg.c **** 
 335:.\Generated_Source\PSoC4/cyfitter_cfg.c **** 	/* Setup clocks based on selections from Clock DWR */
 336:.\Generated_Source\PSoC4/cyfitter_cfg.c **** 	ClockSetup();
 487              		.loc 1 336 0
 488 016a FFF749FF 		bl	ClockSetup
 337:.\Generated_Source\PSoC4/cyfitter_cfg.c **** 
 338:.\Generated_Source\PSoC4/cyfitter_cfg.c **** 	/* Perform basic analog initialization to defaults */
 339:.\Generated_Source\PSoC4/cyfitter_cfg.c **** 	AnalogSetDefault();
 489              		.loc 1 339 0
 490 016e FFF7FEFF 		bl	AnalogSetDefault
 340:.\Generated_Source\PSoC4/cyfitter_cfg.c **** 
 341:.\Generated_Source\PSoC4/cyfitter_cfg.c **** }
 491              		.loc 1 341 0
 492 0172 BD46     		mov	sp, r7
 493 0174 02B0     		add	sp, sp, #8
 494              		@ sp needed
 495 0176 80BD     		pop	{r7, pc}
 496              	.L17:
 497              		.align	2
 498              	.L16:
 499 0178 00000000 		.word	cfg_memset_list.4746
 500 017c 0C000000 		.word	cy_cfg_addr_table.4740
 501 0180 14000000 		.word	cy_cfg_data_table.4741
 502 0184 08000140 		.word	1073807368
 503 0188 0C000140 		.word	1073807372
 504 018c EEEE0000 		.word	61166
 505 0190 20500F40 		.word	1074745376
 506 0194 28500F40 		.word	1074745384
 507 0198 30500F40 		.word	1074745392
 508 019c 00700F40 		.word	1074753536
 509 01a0 01700F40 		.word	1074753537
ARM GAS  C:\Users\Anders\AppData\Local\Temp\ccEyCzzj.s 			page 16


 510 01a4 00020440 		.word	1074004480
 511 01a8 08020440 		.word	1074004488
 512 01ac 00030440 		.word	1074004736
 513 01b0 08030440 		.word	1074004744
 514 01b4 A40D0000 		.word	3492
 515              		.cfi_endproc
 516              	.LFE6:
 517              		.size	cyfitter_cfg, .-cyfitter_cfg
 518              		.section	.rodata
 519              		.align	2
 520              		.type	cfg_memset_list.4746, %object
 521              		.size	cfg_memset_list.4746, 12
 522              	cfg_memset_list.4746:
 523 0000 00300F40 		.word	1074737152
 524 0004 0004     		.short	1024
 525 0006 00400F40 		.4byte	1074741248
 526 000a 0004     		.short	1024
 527              		.align	2
 528              		.type	cy_cfg_addr_table.4740, %object
 529              		.size	cy_cfg_addr_table.4740, 8
 530              	cy_cfg_addr_table.4740:
 531 000c 02420F40 		.word	1074741762
 532 0010 03430F40 		.word	1074742019
 533              		.align	2
 534              		.type	cy_cfg_data_table.4741, %object
 535              		.size	cy_cfg_data_table.4741, 10
 536              	cy_cfg_data_table.4741:
 537 0014 50       		.byte	80
 538 0015 10       		.byte	16
 539 0016 D4       		.byte	-44
 540 0017 04       		.byte	4
 541 0018 18       		.byte	24
 542 0019 20       		.byte	32
 543 001a 94       		.byte	-108
 544 001b 20       		.byte	32
 545 001c C6       		.byte	-58
 546 001d 08       		.byte	8
 547 001e 0000     		.text
 548              	.Letext0:
 549              		.file 2 "c:\\program files (x86)\\cypress\\psoc creator\\3.3\\psoc creator\\import\\gnu\\arm\\4.9.
 550              		.file 3 ".\\Generated_Source\\PSoC4\\cytypes.h"
 551              		.section	.debug_info,"",%progbits
 552              	.Ldebug_info0:
 553 0000 52030000 		.4byte	0x352
 554 0004 0400     		.2byte	0x4
 555 0006 00000000 		.4byte	.Ldebug_abbrev0
 556 000a 04       		.byte	0x4
 557 000b 01       		.uleb128 0x1
 558 000c F8000000 		.4byte	.LASF39
 559 0010 01       		.byte	0x1
 560 0011 D1010000 		.4byte	.LASF40
 561 0015 74020000 		.4byte	.LASF41
 562 0019 00000000 		.4byte	.Ldebug_ranges0+0
 563 001d 00000000 		.4byte	0
 564 0021 00000000 		.4byte	.Ldebug_line0
 565 0025 02       		.uleb128 0x2
 566 0026 04       		.byte	0x4
ARM GAS  C:\Users\Anders\AppData\Local\Temp\ccEyCzzj.s 			page 17


 567 0027 05       		.byte	0x5
 568 0028 696E7400 		.ascii	"int\000"
 569 002c 03       		.uleb128 0x3
 570 002d 06000000 		.4byte	.LASF11
 571 0031 02       		.byte	0x2
 572 0032 D4       		.byte	0xd4
 573 0033 37000000 		.4byte	0x37
 574 0037 04       		.uleb128 0x4
 575 0038 04       		.byte	0x4
 576 0039 07       		.byte	0x7
 577 003a 86010000 		.4byte	.LASF0
 578 003e 04       		.uleb128 0x4
 579 003f 01       		.byte	0x1
 580 0040 06       		.byte	0x6
 581 0041 39020000 		.4byte	.LASF1
 582 0045 04       		.uleb128 0x4
 583 0046 01       		.byte	0x1
 584 0047 08       		.byte	0x8
 585 0048 A0000000 		.4byte	.LASF2
 586 004c 04       		.uleb128 0x4
 587 004d 02       		.byte	0x2
 588 004e 05       		.byte	0x5
 589 004f 26020000 		.4byte	.LASF3
 590 0053 04       		.uleb128 0x4
 591 0054 02       		.byte	0x2
 592 0055 07       		.byte	0x7
 593 0056 45020000 		.4byte	.LASF4
 594 005a 04       		.uleb128 0x4
 595 005b 04       		.byte	0x4
 596 005c 05       		.byte	0x5
 597 005d 30020000 		.4byte	.LASF5
 598 0061 04       		.uleb128 0x4
 599 0062 04       		.byte	0x4
 600 0063 07       		.byte	0x7
 601 0064 7E000000 		.4byte	.LASF6
 602 0068 04       		.uleb128 0x4
 603 0069 08       		.byte	0x8
 604 006a 05       		.byte	0x5
 605 006b F9010000 		.4byte	.LASF7
 606 006f 04       		.uleb128 0x4
 607 0070 08       		.byte	0x8
 608 0071 07       		.byte	0x7
 609 0072 9B010000 		.4byte	.LASF8
 610 0076 04       		.uleb128 0x4
 611 0077 04       		.byte	0x4
 612 0078 07       		.byte	0x7
 613 0079 C8010000 		.4byte	.LASF9
 614 007d 05       		.uleb128 0x5
 615 007e 04       		.byte	0x4
 616 007f 04       		.uleb128 0x4
 617 0080 01       		.byte	0x1
 618 0081 08       		.byte	0x8
 619 0082 07020000 		.4byte	.LASF10
 620 0086 06       		.uleb128 0x6
 621 0087 90000000 		.4byte	.LASF12
 622 008b 03       		.byte	0x3
 623 008c 9801     		.2byte	0x198
ARM GAS  C:\Users\Anders\AppData\Local\Temp\ccEyCzzj.s 			page 18


 624 008e 45000000 		.4byte	0x45
 625 0092 06       		.uleb128 0x6
 626 0093 DF000000 		.4byte	.LASF13
 627 0097 03       		.byte	0x3
 628 0098 9901     		.2byte	0x199
 629 009a 53000000 		.4byte	0x53
 630 009e 06       		.uleb128 0x6
 631 009f F1000000 		.4byte	.LASF14
 632 00a3 03       		.byte	0x3
 633 00a4 9A01     		.2byte	0x19a
 634 00a6 61000000 		.4byte	0x61
 635 00aa 04       		.uleb128 0x4
 636 00ab 04       		.byte	0x4
 637 00ac 04       		.byte	0x4
 638 00ad 59000000 		.4byte	.LASF15
 639 00b1 04       		.uleb128 0x4
 640 00b2 08       		.byte	0x8
 641 00b3 04       		.byte	0x4
 642 00b4 AE000000 		.4byte	.LASF16
 643 00b8 06       		.uleb128 0x6
 644 00b9 79000000 		.4byte	.LASF17
 645 00bd 03       		.byte	0x3
 646 00be 4202     		.2byte	0x242
 647 00c0 C4000000 		.4byte	0xc4
 648 00c4 07       		.uleb128 0x7
 649 00c5 86000000 		.4byte	0x86
 650 00c9 06       		.uleb128 0x6
 651 00ca 00000000 		.4byte	.LASF18
 652 00ce 03       		.byte	0x3
 653 00cf 4402     		.2byte	0x244
 654 00d1 D5000000 		.4byte	0xd5
 655 00d5 07       		.uleb128 0x7
 656 00d6 9E000000 		.4byte	0x9e
 657 00da 08       		.uleb128 0x8
 658 00db 02       		.byte	0x2
 659 00dc 01       		.byte	0x1
 660 00dd 7E       		.byte	0x7e
 661 00de FB000000 		.4byte	0xfb
 662 00e2 09       		.uleb128 0x9
 663 00e3 1F020000 		.4byte	.LASF19
 664 00e7 01       		.byte	0x1
 665 00e8 80       		.byte	0x80
 666 00e9 86000000 		.4byte	0x86
 667 00ed 00       		.byte	0
 668 00ee 09       		.uleb128 0x9
 669 00ef 1E000000 		.4byte	.LASF20
 670 00f3 01       		.byte	0x1
 671 00f4 81       		.byte	0x81
 672 00f5 86000000 		.4byte	0x86
 673 00f9 01       		.byte	0x1
 674 00fa 00       		.byte	0
 675 00fb 03       		.uleb128 0x3
 676 00fc 0C020000 		.4byte	.LASF21
 677 0100 01       		.byte	0x1
 678 0101 82       		.byte	0x82
 679 0102 DA000000 		.4byte	0xda
 680 0106 0A       		.uleb128 0xa
ARM GAS  C:\Users\Anders\AppData\Local\Temp\ccEyCzzj.s 			page 19


 681 0107 96000000 		.4byte	.LASF22
 682 010b 01       		.byte	0x1
 683 010c 3C       		.byte	0x3c
 684 010d 00000000 		.4byte	.LFB0
 685 0111 1E000000 		.4byte	.LFE0-.LFB0
 686 0115 01       		.uleb128 0x1
 687 0116 9C       		.byte	0x9c
 688 0117 34010000 		.4byte	0x134
 689 011b 0B       		.uleb128 0xb
 690 011c 7300     		.ascii	"s\000"
 691 011e 01       		.byte	0x1
 692 011f 3C       		.byte	0x3c
 693 0120 7D000000 		.4byte	0x7d
 694 0124 02       		.uleb128 0x2
 695 0125 91       		.byte	0x91
 696 0126 74       		.sleb128 -12
 697 0127 0B       		.uleb128 0xb
 698 0128 6E00     		.ascii	"n\000"
 699 012a 01       		.byte	0x1
 700 012b 3C       		.byte	0x3c
 701 012c 2C000000 		.4byte	0x2c
 702 0130 02       		.uleb128 0x2
 703 0131 91       		.byte	0x91
 704 0132 70       		.sleb128 -16
 705 0133 00       		.byte	0
 706 0134 0A       		.uleb128 0xa
 707 0135 68020000 		.4byte	.LASF23
 708 0139 01       		.byte	0x1
 709 013a 43       		.byte	0x43
 710 013b 00000000 		.4byte	.LFB1
 711 013f 22000000 		.4byte	.LFE1-.LFB1
 712 0143 01       		.uleb128 0x1
 713 0144 9C       		.byte	0x9c
 714 0145 72010000 		.4byte	0x172
 715 0149 0C       		.uleb128 0xc
 716 014a 5F000000 		.4byte	.LASF24
 717 014e 01       		.byte	0x1
 718 014f 43       		.byte	0x43
 719 0150 7D000000 		.4byte	0x7d
 720 0154 02       		.uleb128 0x2
 721 0155 91       		.byte	0x91
 722 0156 74       		.sleb128 -12
 723 0157 0B       		.uleb128 0xb
 724 0158 73726300 		.ascii	"src\000"
 725 015c 01       		.byte	0x1
 726 015d 43       		.byte	0x43
 727 015e 72010000 		.4byte	0x172
 728 0162 02       		.uleb128 0x2
 729 0163 91       		.byte	0x91
 730 0164 70       		.sleb128 -16
 731 0165 0B       		.uleb128 0xb
 732 0166 6E00     		.ascii	"n\000"
 733 0168 01       		.byte	0x1
 734 0169 43       		.byte	0x43
 735 016a 2C000000 		.4byte	0x2c
 736 016e 02       		.uleb128 0x2
 737 016f 91       		.byte	0x91
ARM GAS  C:\Users\Anders\AppData\Local\Temp\ccEyCzzj.s 			page 20


 738 0170 6C       		.sleb128 -20
 739 0171 00       		.byte	0
 740 0172 0D       		.uleb128 0xd
 741 0173 04       		.byte	0x4
 742 0174 78010000 		.4byte	0x178
 743 0178 0E       		.uleb128 0xe
 744 0179 0A       		.uleb128 0xa
 745 017a 58020000 		.4byte	.LASF25
 746 017e 01       		.byte	0x1
 747 017f 4A       		.byte	0x4a
 748 0180 00000000 		.4byte	.LFB2
 749 0184 22000000 		.4byte	.LFE2-.LFB2
 750 0188 01       		.uleb128 0x1
 751 0189 9C       		.byte	0x9c
 752 018a B7010000 		.4byte	0x1b7
 753 018e 0C       		.uleb128 0xc
 754 018f 5F000000 		.4byte	.LASF24
 755 0193 01       		.byte	0x1
 756 0194 4A       		.byte	0x4a
 757 0195 7D000000 		.4byte	0x7d
 758 0199 02       		.uleb128 0x2
 759 019a 91       		.byte	0x91
 760 019b 74       		.sleb128 -12
 761 019c 0B       		.uleb128 0xb
 762 019d 73726300 		.ascii	"src\000"
 763 01a1 01       		.byte	0x1
 764 01a2 4A       		.byte	0x4a
 765 01a3 72010000 		.4byte	0x172
 766 01a7 02       		.uleb128 0x2
 767 01a8 91       		.byte	0x91
 768 01a9 70       		.sleb128 -16
 769 01aa 0B       		.uleb128 0xb
 770 01ab 6E00     		.ascii	"n\000"
 771 01ad 01       		.byte	0x1
 772 01ae 4A       		.byte	0x4a
 773 01af 2C000000 		.4byte	0x2c
 774 01b3 02       		.uleb128 0x2
 775 01b4 91       		.byte	0x91
 776 01b5 6C       		.sleb128 -20
 777 01b6 00       		.byte	0
 778 01b7 0F       		.uleb128 0xf
 779 01b8 B5000000 		.4byte	.LASF26
 780 01bc 01       		.byte	0x1
 781 01bd 95       		.byte	0x95
 782 01be 00000000 		.4byte	.LFB3
 783 01c2 80000000 		.4byte	.LFE3-.LFB3
 784 01c6 01       		.uleb128 0x1
 785 01c7 9C       		.byte	0x9c
 786 01c8 27020000 		.4byte	0x227
 787 01cc 0C       		.uleb128 0xc
 788 01cd D4000000 		.4byte	.LASF27
 789 01d1 01       		.byte	0x1
 790 01d2 95       		.byte	0x95
 791 01d3 27020000 		.4byte	0x227
 792 01d7 02       		.uleb128 0x2
 793 01d8 91       		.byte	0x91
 794 01d9 64       		.sleb128 -28
ARM GAS  C:\Users\Anders\AppData\Local\Temp\ccEyCzzj.s 			page 21


 795 01da 0C       		.uleb128 0xc
 796 01db E6000000 		.4byte	.LASF28
 797 01df 01       		.byte	0x1
 798 01e0 95       		.byte	0x95
 799 01e1 32020000 		.4byte	0x232
 800 01e5 02       		.uleb128 0x2
 801 01e6 91       		.byte	0x91
 802 01e7 60       		.sleb128 -32
 803 01e8 10       		.uleb128 0x10
 804 01e9 6900     		.ascii	"i\000"
 805 01eb 01       		.byte	0x1
 806 01ec 98       		.byte	0x98
 807 01ed 9E000000 		.4byte	0x9e
 808 01f1 02       		.uleb128 0x2
 809 01f2 91       		.byte	0x91
 810 01f3 74       		.sleb128 -12
 811 01f4 10       		.uleb128 0x10
 812 01f5 6A00     		.ascii	"j\000"
 813 01f7 01       		.byte	0x1
 814 01f8 98       		.byte	0x98
 815 01f9 9E000000 		.4byte	0x9e
 816 01fd 02       		.uleb128 0x2
 817 01fe 91       		.byte	0x91
 818 01ff 70       		.sleb128 -16
 819 0200 11       		.uleb128 0x11
 820 0201 14000000 		.4byte	.LBB2
 821 0205 5A000000 		.4byte	.LBE2-.LBB2
 822 0209 12       		.uleb128 0x12
 823 020a BF010000 		.4byte	.LASF29
 824 020e 01       		.byte	0x1
 825 020f 9B       		.byte	0x9b
 826 0210 9E000000 		.4byte	0x9e
 827 0214 02       		.uleb128 0x2
 828 0215 91       		.byte	0x91
 829 0216 68       		.sleb128 -24
 830 0217 12       		.uleb128 0x12
 831 0218 24000000 		.4byte	.LASF30
 832 021c 01       		.byte	0x1
 833 021d 9C       		.byte	0x9c
 834 021e 86000000 		.4byte	0x86
 835 0222 02       		.uleb128 0x2
 836 0223 91       		.byte	0x91
 837 0224 6F       		.sleb128 -17
 838 0225 00       		.byte	0
 839 0226 00       		.byte	0
 840 0227 0D       		.uleb128 0xd
 841 0228 04       		.byte	0x4
 842 0229 2D020000 		.4byte	0x22d
 843 022d 13       		.uleb128 0x13
 844 022e 9E000000 		.4byte	0x9e
 845 0232 0D       		.uleb128 0xd
 846 0233 04       		.byte	0x4
 847 0234 38020000 		.4byte	0x238
 848 0238 13       		.uleb128 0x13
 849 0239 FB000000 		.4byte	0xfb
 850 023d 14       		.uleb128 0x14
 851 023e 2A000000 		.4byte	.LASF31
ARM GAS  C:\Users\Anders\AppData\Local\Temp\ccEyCzzj.s 			page 22


 852 0242 01       		.byte	0x1
 853 0243 BA       		.byte	0xba
 854 0244 00000000 		.4byte	.LFB4
 855 0248 8C000000 		.4byte	.LFE4-.LFB4
 856 024c 01       		.uleb128 0x1
 857 024d 9C       		.byte	0x9c
 858 024e 15       		.uleb128 0x15
 859 024f 0D000000 		.4byte	.LASF32
 860 0253 01       		.byte	0x1
 861 0254 EF       		.byte	0xef
 862 0255 00000000 		.4byte	.LFB5
 863 0259 08000000 		.4byte	.LFE5-.LFB5
 864 025d 01       		.uleb128 0x1
 865 025e 9C       		.byte	0x9c
 866 025f 16       		.uleb128 0x16
 867 0260 C7000000 		.4byte	.LASF42
 868 0264 01       		.byte	0x1
 869 0265 0701     		.2byte	0x107
 870 0267 8C000000 		.4byte	.LFB6
 871 026b 2C010000 		.4byte	.LFE6-.LFB6
 872 026f 01       		.uleb128 0x1
 873 0270 9C       		.byte	0x9c
 874 0271 2B030000 		.4byte	0x32b
 875 0275 11       		.uleb128 0x11
 876 0276 94000000 		.4byte	.LBB3
 877 027a BE000000 		.4byte	.LBE3-.LBB3
 878 027e 17       		.uleb128 0x17
 879 027f 35000000 		.4byte	.LASF33
 880 0283 01       		.byte	0x1
 881 0284 0D01     		.2byte	0x10d
 882 0286 3B030000 		.4byte	0x33b
 883 028a 05       		.uleb128 0x5
 884 028b 03       		.byte	0x3
 885 028c 0C000000 		.4byte	cy_cfg_addr_table.4740
 886 0290 17       		.uleb128 0x17
 887 0291 47000000 		.4byte	.LASF34
 888 0295 01       		.byte	0x1
 889 0296 1201     		.2byte	0x112
 890 0298 50030000 		.4byte	0x350
 891 029c 05       		.uleb128 0x5
 892 029d 03       		.byte	0x3
 893 029e 14000000 		.4byte	cy_cfg_data_table.4741
 894 02a2 18       		.uleb128 0x18
 895 02a3 06       		.byte	0x6
 896 02a4 01       		.byte	0x1
 897 02a5 1C01     		.2byte	0x11c
 898 02a7 C6020000 		.4byte	0x2c6
 899 02ab 19       		.uleb128 0x19
 900 02ac 93010000 		.4byte	.LASF35
 901 02b0 01       		.byte	0x1
 902 02b1 1D01     		.2byte	0x11d
 903 02b3 7D000000 		.4byte	0x7d
 904 02b7 00       		.byte	0
 905 02b8 19       		.uleb128 0x19
 906 02b9 74000000 		.4byte	.LASF36
 907 02bd 01       		.byte	0x1
 908 02be 1E01     		.2byte	0x11e
ARM GAS  C:\Users\Anders\AppData\Local\Temp\ccEyCzzj.s 			page 23


 909 02c0 92000000 		.4byte	0x92
 910 02c4 04       		.byte	0x4
 911 02c5 00       		.byte	0
 912 02c6 06       		.uleb128 0x6
 913 02c7 B2010000 		.4byte	.LASF37
 914 02cb 01       		.byte	0x1
 915 02cc 1F01     		.2byte	0x11f
 916 02ce A2020000 		.4byte	0x2a2
 917 02d2 1A       		.uleb128 0x1a
 918 02d3 C6020000 		.4byte	0x2c6
 919 02d7 E2020000 		.4byte	0x2e2
 920 02db 1B       		.uleb128 0x1b
 921 02dc 76000000 		.4byte	0x76
 922 02e0 01       		.byte	0x1
 923 02e1 00       		.byte	0
 924 02e2 17       		.uleb128 0x17
 925 02e3 64000000 		.4byte	.LASF38
 926 02e7 01       		.byte	0x1
 927 02e8 2101     		.2byte	0x121
 928 02ea F4020000 		.4byte	0x2f4
 929 02ee 05       		.uleb128 0x5
 930 02ef 03       		.byte	0x3
 931 02f0 00000000 		.4byte	cfg_memset_list.4746
 932 02f4 13       		.uleb128 0x13
 933 02f5 D2020000 		.4byte	0x2d2
 934 02f9 1C       		.uleb128 0x1c
 935 02fa 6900     		.ascii	"i\000"
 936 02fc 01       		.byte	0x1
 937 02fd 2701     		.2byte	0x127
 938 02ff 86000000 		.4byte	0x86
 939 0303 02       		.uleb128 0x2
 940 0304 91       		.byte	0x91
 941 0305 77       		.sleb128 -9
 942 0306 11       		.uleb128 0x11
 943 0307 9C000000 		.4byte	.LBB4
 944 030b 3E000000 		.4byte	.LBE4-.LBB4
 945 030f 1C       		.uleb128 0x1c
 946 0310 6D7300   		.ascii	"ms\000"
 947 0313 01       		.byte	0x1
 948 0314 2C01     		.2byte	0x12c
 949 0316 1D030000 		.4byte	0x31d
 950 031a 02       		.uleb128 0x2
 951 031b 91       		.byte	0x91
 952 031c 70       		.sleb128 -16
 953 031d 0D       		.uleb128 0xd
 954 031e 04       		.byte	0x4
 955 031f 23030000 		.4byte	0x323
 956 0323 13       		.uleb128 0x13
 957 0324 C6020000 		.4byte	0x2c6
 958 0328 00       		.byte	0
 959 0329 00       		.byte	0
 960 032a 00       		.byte	0
 961 032b 1A       		.uleb128 0x1a
 962 032c 9E000000 		.4byte	0x9e
 963 0330 3B030000 		.4byte	0x33b
 964 0334 1B       		.uleb128 0x1b
 965 0335 76000000 		.4byte	0x76
ARM GAS  C:\Users\Anders\AppData\Local\Temp\ccEyCzzj.s 			page 24


 966 0339 01       		.byte	0x1
 967 033a 00       		.byte	0
 968 033b 13       		.uleb128 0x13
 969 033c 2B030000 		.4byte	0x32b
 970 0340 1A       		.uleb128 0x1a
 971 0341 FB000000 		.4byte	0xfb
 972 0345 50030000 		.4byte	0x350
 973 0349 1B       		.uleb128 0x1b
 974 034a 76000000 		.4byte	0x76
 975 034e 04       		.byte	0x4
 976 034f 00       		.byte	0
 977 0350 13       		.uleb128 0x13
 978 0351 40030000 		.4byte	0x340
 979 0355 00       		.byte	0
 980              		.section	.debug_abbrev,"",%progbits
 981              	.Ldebug_abbrev0:
 982 0000 01       		.uleb128 0x1
 983 0001 11       		.uleb128 0x11
 984 0002 01       		.byte	0x1
 985 0003 25       		.uleb128 0x25
 986 0004 0E       		.uleb128 0xe
 987 0005 13       		.uleb128 0x13
 988 0006 0B       		.uleb128 0xb
 989 0007 03       		.uleb128 0x3
 990 0008 0E       		.uleb128 0xe
 991 0009 1B       		.uleb128 0x1b
 992 000a 0E       		.uleb128 0xe
 993 000b 55       		.uleb128 0x55
 994 000c 17       		.uleb128 0x17
 995 000d 11       		.uleb128 0x11
 996 000e 01       		.uleb128 0x1
 997 000f 10       		.uleb128 0x10
 998 0010 17       		.uleb128 0x17
 999 0011 00       		.byte	0
 1000 0012 00       		.byte	0
 1001 0013 02       		.uleb128 0x2
 1002 0014 24       		.uleb128 0x24
 1003 0015 00       		.byte	0
 1004 0016 0B       		.uleb128 0xb
 1005 0017 0B       		.uleb128 0xb
 1006 0018 3E       		.uleb128 0x3e
 1007 0019 0B       		.uleb128 0xb
 1008 001a 03       		.uleb128 0x3
 1009 001b 08       		.uleb128 0x8
 1010 001c 00       		.byte	0
 1011 001d 00       		.byte	0
 1012 001e 03       		.uleb128 0x3
 1013 001f 16       		.uleb128 0x16
 1014 0020 00       		.byte	0
 1015 0021 03       		.uleb128 0x3
 1016 0022 0E       		.uleb128 0xe
 1017 0023 3A       		.uleb128 0x3a
 1018 0024 0B       		.uleb128 0xb
 1019 0025 3B       		.uleb128 0x3b
 1020 0026 0B       		.uleb128 0xb
 1021 0027 49       		.uleb128 0x49
 1022 0028 13       		.uleb128 0x13
ARM GAS  C:\Users\Anders\AppData\Local\Temp\ccEyCzzj.s 			page 25


 1023 0029 00       		.byte	0
 1024 002a 00       		.byte	0
 1025 002b 04       		.uleb128 0x4
 1026 002c 24       		.uleb128 0x24
 1027 002d 00       		.byte	0
 1028 002e 0B       		.uleb128 0xb
 1029 002f 0B       		.uleb128 0xb
 1030 0030 3E       		.uleb128 0x3e
 1031 0031 0B       		.uleb128 0xb
 1032 0032 03       		.uleb128 0x3
 1033 0033 0E       		.uleb128 0xe
 1034 0034 00       		.byte	0
 1035 0035 00       		.byte	0
 1036 0036 05       		.uleb128 0x5
 1037 0037 0F       		.uleb128 0xf
 1038 0038 00       		.byte	0
 1039 0039 0B       		.uleb128 0xb
 1040 003a 0B       		.uleb128 0xb
 1041 003b 00       		.byte	0
 1042 003c 00       		.byte	0
 1043 003d 06       		.uleb128 0x6
 1044 003e 16       		.uleb128 0x16
 1045 003f 00       		.byte	0
 1046 0040 03       		.uleb128 0x3
 1047 0041 0E       		.uleb128 0xe
 1048 0042 3A       		.uleb128 0x3a
 1049 0043 0B       		.uleb128 0xb
 1050 0044 3B       		.uleb128 0x3b
 1051 0045 05       		.uleb128 0x5
 1052 0046 49       		.uleb128 0x49
 1053 0047 13       		.uleb128 0x13
 1054 0048 00       		.byte	0
 1055 0049 00       		.byte	0
 1056 004a 07       		.uleb128 0x7
 1057 004b 35       		.uleb128 0x35
 1058 004c 00       		.byte	0
 1059 004d 49       		.uleb128 0x49
 1060 004e 13       		.uleb128 0x13
 1061 004f 00       		.byte	0
 1062 0050 00       		.byte	0
 1063 0051 08       		.uleb128 0x8
 1064 0052 13       		.uleb128 0x13
 1065 0053 01       		.byte	0x1
 1066 0054 0B       		.uleb128 0xb
 1067 0055 0B       		.uleb128 0xb
 1068 0056 3A       		.uleb128 0x3a
 1069 0057 0B       		.uleb128 0xb
 1070 0058 3B       		.uleb128 0x3b
 1071 0059 0B       		.uleb128 0xb
 1072 005a 01       		.uleb128 0x1
 1073 005b 13       		.uleb128 0x13
 1074 005c 00       		.byte	0
 1075 005d 00       		.byte	0
 1076 005e 09       		.uleb128 0x9
 1077 005f 0D       		.uleb128 0xd
 1078 0060 00       		.byte	0
 1079 0061 03       		.uleb128 0x3
ARM GAS  C:\Users\Anders\AppData\Local\Temp\ccEyCzzj.s 			page 26


 1080 0062 0E       		.uleb128 0xe
 1081 0063 3A       		.uleb128 0x3a
 1082 0064 0B       		.uleb128 0xb
 1083 0065 3B       		.uleb128 0x3b
 1084 0066 0B       		.uleb128 0xb
 1085 0067 49       		.uleb128 0x49
 1086 0068 13       		.uleb128 0x13
 1087 0069 38       		.uleb128 0x38
 1088 006a 0B       		.uleb128 0xb
 1089 006b 00       		.byte	0
 1090 006c 00       		.byte	0
 1091 006d 0A       		.uleb128 0xa
 1092 006e 2E       		.uleb128 0x2e
 1093 006f 01       		.byte	0x1
 1094 0070 03       		.uleb128 0x3
 1095 0071 0E       		.uleb128 0xe
 1096 0072 3A       		.uleb128 0x3a
 1097 0073 0B       		.uleb128 0xb
 1098 0074 3B       		.uleb128 0x3b
 1099 0075 0B       		.uleb128 0xb
 1100 0076 27       		.uleb128 0x27
 1101 0077 19       		.uleb128 0x19
 1102 0078 11       		.uleb128 0x11
 1103 0079 01       		.uleb128 0x1
 1104 007a 12       		.uleb128 0x12
 1105 007b 06       		.uleb128 0x6
 1106 007c 40       		.uleb128 0x40
 1107 007d 18       		.uleb128 0x18
 1108 007e 9642     		.uleb128 0x2116
 1109 0080 19       		.uleb128 0x19
 1110 0081 01       		.uleb128 0x1
 1111 0082 13       		.uleb128 0x13
 1112 0083 00       		.byte	0
 1113 0084 00       		.byte	0
 1114 0085 0B       		.uleb128 0xb
 1115 0086 05       		.uleb128 0x5
 1116 0087 00       		.byte	0
 1117 0088 03       		.uleb128 0x3
 1118 0089 08       		.uleb128 0x8
 1119 008a 3A       		.uleb128 0x3a
 1120 008b 0B       		.uleb128 0xb
 1121 008c 3B       		.uleb128 0x3b
 1122 008d 0B       		.uleb128 0xb
 1123 008e 49       		.uleb128 0x49
 1124 008f 13       		.uleb128 0x13
 1125 0090 02       		.uleb128 0x2
 1126 0091 18       		.uleb128 0x18
 1127 0092 00       		.byte	0
 1128 0093 00       		.byte	0
 1129 0094 0C       		.uleb128 0xc
 1130 0095 05       		.uleb128 0x5
 1131 0096 00       		.byte	0
 1132 0097 03       		.uleb128 0x3
 1133 0098 0E       		.uleb128 0xe
 1134 0099 3A       		.uleb128 0x3a
 1135 009a 0B       		.uleb128 0xb
 1136 009b 3B       		.uleb128 0x3b
ARM GAS  C:\Users\Anders\AppData\Local\Temp\ccEyCzzj.s 			page 27


 1137 009c 0B       		.uleb128 0xb
 1138 009d 49       		.uleb128 0x49
 1139 009e 13       		.uleb128 0x13
 1140 009f 02       		.uleb128 0x2
 1141 00a0 18       		.uleb128 0x18
 1142 00a1 00       		.byte	0
 1143 00a2 00       		.byte	0
 1144 00a3 0D       		.uleb128 0xd
 1145 00a4 0F       		.uleb128 0xf
 1146 00a5 00       		.byte	0
 1147 00a6 0B       		.uleb128 0xb
 1148 00a7 0B       		.uleb128 0xb
 1149 00a8 49       		.uleb128 0x49
 1150 00a9 13       		.uleb128 0x13
 1151 00aa 00       		.byte	0
 1152 00ab 00       		.byte	0
 1153 00ac 0E       		.uleb128 0xe
 1154 00ad 26       		.uleb128 0x26
 1155 00ae 00       		.byte	0
 1156 00af 00       		.byte	0
 1157 00b0 00       		.byte	0
 1158 00b1 0F       		.uleb128 0xf
 1159 00b2 2E       		.uleb128 0x2e
 1160 00b3 01       		.byte	0x1
 1161 00b4 03       		.uleb128 0x3
 1162 00b5 0E       		.uleb128 0xe
 1163 00b6 3A       		.uleb128 0x3a
 1164 00b7 0B       		.uleb128 0xb
 1165 00b8 3B       		.uleb128 0x3b
 1166 00b9 0B       		.uleb128 0xb
 1167 00ba 27       		.uleb128 0x27
 1168 00bb 19       		.uleb128 0x19
 1169 00bc 11       		.uleb128 0x11
 1170 00bd 01       		.uleb128 0x1
 1171 00be 12       		.uleb128 0x12
 1172 00bf 06       		.uleb128 0x6
 1173 00c0 40       		.uleb128 0x40
 1174 00c1 18       		.uleb128 0x18
 1175 00c2 9742     		.uleb128 0x2117
 1176 00c4 19       		.uleb128 0x19
 1177 00c5 01       		.uleb128 0x1
 1178 00c6 13       		.uleb128 0x13
 1179 00c7 00       		.byte	0
 1180 00c8 00       		.byte	0
 1181 00c9 10       		.uleb128 0x10
 1182 00ca 34       		.uleb128 0x34
 1183 00cb 00       		.byte	0
 1184 00cc 03       		.uleb128 0x3
 1185 00cd 08       		.uleb128 0x8
 1186 00ce 3A       		.uleb128 0x3a
 1187 00cf 0B       		.uleb128 0xb
 1188 00d0 3B       		.uleb128 0x3b
 1189 00d1 0B       		.uleb128 0xb
 1190 00d2 49       		.uleb128 0x49
 1191 00d3 13       		.uleb128 0x13
 1192 00d4 02       		.uleb128 0x2
 1193 00d5 18       		.uleb128 0x18
ARM GAS  C:\Users\Anders\AppData\Local\Temp\ccEyCzzj.s 			page 28


 1194 00d6 00       		.byte	0
 1195 00d7 00       		.byte	0
 1196 00d8 11       		.uleb128 0x11
 1197 00d9 0B       		.uleb128 0xb
 1198 00da 01       		.byte	0x1
 1199 00db 11       		.uleb128 0x11
 1200 00dc 01       		.uleb128 0x1
 1201 00dd 12       		.uleb128 0x12
 1202 00de 06       		.uleb128 0x6
 1203 00df 00       		.byte	0
 1204 00e0 00       		.byte	0
 1205 00e1 12       		.uleb128 0x12
 1206 00e2 34       		.uleb128 0x34
 1207 00e3 00       		.byte	0
 1208 00e4 03       		.uleb128 0x3
 1209 00e5 0E       		.uleb128 0xe
 1210 00e6 3A       		.uleb128 0x3a
 1211 00e7 0B       		.uleb128 0xb
 1212 00e8 3B       		.uleb128 0x3b
 1213 00e9 0B       		.uleb128 0xb
 1214 00ea 49       		.uleb128 0x49
 1215 00eb 13       		.uleb128 0x13
 1216 00ec 02       		.uleb128 0x2
 1217 00ed 18       		.uleb128 0x18
 1218 00ee 00       		.byte	0
 1219 00ef 00       		.byte	0
 1220 00f0 13       		.uleb128 0x13
 1221 00f1 26       		.uleb128 0x26
 1222 00f2 00       		.byte	0
 1223 00f3 49       		.uleb128 0x49
 1224 00f4 13       		.uleb128 0x13
 1225 00f5 00       		.byte	0
 1226 00f6 00       		.byte	0
 1227 00f7 14       		.uleb128 0x14
 1228 00f8 2E       		.uleb128 0x2e
 1229 00f9 00       		.byte	0
 1230 00fa 03       		.uleb128 0x3
 1231 00fb 0E       		.uleb128 0xe
 1232 00fc 3A       		.uleb128 0x3a
 1233 00fd 0B       		.uleb128 0xb
 1234 00fe 3B       		.uleb128 0x3b
 1235 00ff 0B       		.uleb128 0xb
 1236 0100 27       		.uleb128 0x27
 1237 0101 19       		.uleb128 0x19
 1238 0102 11       		.uleb128 0x11
 1239 0103 01       		.uleb128 0x1
 1240 0104 12       		.uleb128 0x12
 1241 0105 06       		.uleb128 0x6
 1242 0106 40       		.uleb128 0x40
 1243 0107 18       		.uleb128 0x18
 1244 0108 9642     		.uleb128 0x2116
 1245 010a 19       		.uleb128 0x19
 1246 010b 00       		.byte	0
 1247 010c 00       		.byte	0
 1248 010d 15       		.uleb128 0x15
 1249 010e 2E       		.uleb128 0x2e
 1250 010f 00       		.byte	0
ARM GAS  C:\Users\Anders\AppData\Local\Temp\ccEyCzzj.s 			page 29


 1251 0110 03       		.uleb128 0x3
 1252 0111 0E       		.uleb128 0xe
 1253 0112 3A       		.uleb128 0x3a
 1254 0113 0B       		.uleb128 0xb
 1255 0114 3B       		.uleb128 0x3b
 1256 0115 0B       		.uleb128 0xb
 1257 0116 27       		.uleb128 0x27
 1258 0117 19       		.uleb128 0x19
 1259 0118 11       		.uleb128 0x11
 1260 0119 01       		.uleb128 0x1
 1261 011a 12       		.uleb128 0x12
 1262 011b 06       		.uleb128 0x6
 1263 011c 40       		.uleb128 0x40
 1264 011d 18       		.uleb128 0x18
 1265 011e 9742     		.uleb128 0x2117
 1266 0120 19       		.uleb128 0x19
 1267 0121 00       		.byte	0
 1268 0122 00       		.byte	0
 1269 0123 16       		.uleb128 0x16
 1270 0124 2E       		.uleb128 0x2e
 1271 0125 01       		.byte	0x1
 1272 0126 3F       		.uleb128 0x3f
 1273 0127 19       		.uleb128 0x19
 1274 0128 03       		.uleb128 0x3
 1275 0129 0E       		.uleb128 0xe
 1276 012a 3A       		.uleb128 0x3a
 1277 012b 0B       		.uleb128 0xb
 1278 012c 3B       		.uleb128 0x3b
 1279 012d 05       		.uleb128 0x5
 1280 012e 27       		.uleb128 0x27
 1281 012f 19       		.uleb128 0x19
 1282 0130 11       		.uleb128 0x11
 1283 0131 01       		.uleb128 0x1
 1284 0132 12       		.uleb128 0x12
 1285 0133 06       		.uleb128 0x6
 1286 0134 40       		.uleb128 0x40
 1287 0135 18       		.uleb128 0x18
 1288 0136 9642     		.uleb128 0x2116
 1289 0138 19       		.uleb128 0x19
 1290 0139 01       		.uleb128 0x1
 1291 013a 13       		.uleb128 0x13
 1292 013b 00       		.byte	0
 1293 013c 00       		.byte	0
 1294 013d 17       		.uleb128 0x17
 1295 013e 34       		.uleb128 0x34
 1296 013f 00       		.byte	0
 1297 0140 03       		.uleb128 0x3
 1298 0141 0E       		.uleb128 0xe
 1299 0142 3A       		.uleb128 0x3a
 1300 0143 0B       		.uleb128 0xb
 1301 0144 3B       		.uleb128 0x3b
 1302 0145 05       		.uleb128 0x5
 1303 0146 49       		.uleb128 0x49
 1304 0147 13       		.uleb128 0x13
 1305 0148 02       		.uleb128 0x2
 1306 0149 18       		.uleb128 0x18
 1307 014a 00       		.byte	0
ARM GAS  C:\Users\Anders\AppData\Local\Temp\ccEyCzzj.s 			page 30


 1308 014b 00       		.byte	0
 1309 014c 18       		.uleb128 0x18
 1310 014d 13       		.uleb128 0x13
 1311 014e 01       		.byte	0x1
 1312 014f 0B       		.uleb128 0xb
 1313 0150 0B       		.uleb128 0xb
 1314 0151 3A       		.uleb128 0x3a
 1315 0152 0B       		.uleb128 0xb
 1316 0153 3B       		.uleb128 0x3b
 1317 0154 05       		.uleb128 0x5
 1318 0155 01       		.uleb128 0x1
 1319 0156 13       		.uleb128 0x13
 1320 0157 00       		.byte	0
 1321 0158 00       		.byte	0
 1322 0159 19       		.uleb128 0x19
 1323 015a 0D       		.uleb128 0xd
 1324 015b 00       		.byte	0
 1325 015c 03       		.uleb128 0x3
 1326 015d 0E       		.uleb128 0xe
 1327 015e 3A       		.uleb128 0x3a
 1328 015f 0B       		.uleb128 0xb
 1329 0160 3B       		.uleb128 0x3b
 1330 0161 05       		.uleb128 0x5
 1331 0162 49       		.uleb128 0x49
 1332 0163 13       		.uleb128 0x13
 1333 0164 38       		.uleb128 0x38
 1334 0165 0B       		.uleb128 0xb
 1335 0166 00       		.byte	0
 1336 0167 00       		.byte	0
 1337 0168 1A       		.uleb128 0x1a
 1338 0169 01       		.uleb128 0x1
 1339 016a 01       		.byte	0x1
 1340 016b 49       		.uleb128 0x49
 1341 016c 13       		.uleb128 0x13
 1342 016d 01       		.uleb128 0x1
 1343 016e 13       		.uleb128 0x13
 1344 016f 00       		.byte	0
 1345 0170 00       		.byte	0
 1346 0171 1B       		.uleb128 0x1b
 1347 0172 21       		.uleb128 0x21
 1348 0173 00       		.byte	0
 1349 0174 49       		.uleb128 0x49
 1350 0175 13       		.uleb128 0x13
 1351 0176 2F       		.uleb128 0x2f
 1352 0177 0B       		.uleb128 0xb
 1353 0178 00       		.byte	0
 1354 0179 00       		.byte	0
 1355 017a 1C       		.uleb128 0x1c
 1356 017b 34       		.uleb128 0x34
 1357 017c 00       		.byte	0
 1358 017d 03       		.uleb128 0x3
 1359 017e 08       		.uleb128 0x8
 1360 017f 3A       		.uleb128 0x3a
 1361 0180 0B       		.uleb128 0xb
 1362 0181 3B       		.uleb128 0x3b
 1363 0182 05       		.uleb128 0x5
 1364 0183 49       		.uleb128 0x49
ARM GAS  C:\Users\Anders\AppData\Local\Temp\ccEyCzzj.s 			page 31


 1365 0184 13       		.uleb128 0x13
 1366 0185 02       		.uleb128 0x2
 1367 0186 18       		.uleb128 0x18
 1368 0187 00       		.byte	0
 1369 0188 00       		.byte	0
 1370 0189 00       		.byte	0
 1371              		.section	.debug_aranges,"",%progbits
 1372 0000 4C000000 		.4byte	0x4c
 1373 0004 0200     		.2byte	0x2
 1374 0006 00000000 		.4byte	.Ldebug_info0
 1375 000a 04       		.byte	0x4
 1376 000b 00       		.byte	0
 1377 000c 0000     		.2byte	0
 1378 000e 0000     		.2byte	0
 1379 0010 00000000 		.4byte	.LFB0
 1380 0014 1E000000 		.4byte	.LFE0-.LFB0
 1381 0018 00000000 		.4byte	.LFB1
 1382 001c 22000000 		.4byte	.LFE1-.LFB1
 1383 0020 00000000 		.4byte	.LFB2
 1384 0024 22000000 		.4byte	.LFE2-.LFB2
 1385 0028 00000000 		.4byte	.LFB3
 1386 002c 80000000 		.4byte	.LFE3-.LFB3
 1387 0030 00000000 		.4byte	.LFB4
 1388 0034 8C000000 		.4byte	.LFE4-.LFB4
 1389 0038 00000000 		.4byte	.LFB5
 1390 003c 08000000 		.4byte	.LFE5-.LFB5
 1391 0040 8C000000 		.4byte	.LFB6
 1392 0044 2C010000 		.4byte	.LFE6-.LFB6
 1393 0048 00000000 		.4byte	0
 1394 004c 00000000 		.4byte	0
 1395              		.section	.debug_ranges,"",%progbits
 1396              	.Ldebug_ranges0:
 1397 0000 00000000 		.4byte	.LFB0
 1398 0004 1E000000 		.4byte	.LFE0
 1399 0008 00000000 		.4byte	.LFB1
 1400 000c 22000000 		.4byte	.LFE1
 1401 0010 00000000 		.4byte	.LFB2
 1402 0014 22000000 		.4byte	.LFE2
 1403 0018 00000000 		.4byte	.LFB3
 1404 001c 80000000 		.4byte	.LFE3
 1405 0020 00000000 		.4byte	.LFB4
 1406 0024 8C000000 		.4byte	.LFE4
 1407 0028 00000000 		.4byte	.LFB5
 1408 002c 08000000 		.4byte	.LFE5
 1409 0030 8C000000 		.4byte	.LFB6
 1410 0034 B8010000 		.4byte	.LFE6
 1411 0038 00000000 		.4byte	0
 1412 003c 00000000 		.4byte	0
 1413              		.section	.debug_line,"",%progbits
 1414              	.Ldebug_line0:
 1415 0000 8D010000 		.section	.debug_str,"MS",%progbits,1
 1415      0200CD00 
 1415      00000201 
 1415      FB0E0D00 
 1415      01010101 
 1416              	.LASF18:
 1417 0000 72656733 		.ascii	"reg32\000"
ARM GAS  C:\Users\Anders\AppData\Local\Temp\ccEyCzzj.s 			page 32


 1417      3200
 1418              	.LASF11:
 1419 0006 73697A65 		.ascii	"size_t\000"
 1419      5F7400
 1420              	.LASF32:
 1421 000d 416E616C 		.ascii	"AnalogSetDefault\000"
 1421      6F675365 
 1421      74446566 
 1421      61756C74 
 1421      00
 1422              	.LASF20:
 1423 001e 76616C75 		.ascii	"value\000"
 1423      6500
 1424              	.LASF30:
 1425 0024 636F756E 		.ascii	"count\000"
 1425      7400
 1426              	.LASF31:
 1427 002a 436C6F63 		.ascii	"ClockSetup\000"
 1427      6B536574 
 1427      757000
 1428              	.LASF33:
 1429 0035 63795F63 		.ascii	"cy_cfg_addr_table\000"
 1429      66675F61 
 1429      6464725F 
 1429      7461626C 
 1429      6500
 1430              	.LASF34:
 1431 0047 63795F63 		.ascii	"cy_cfg_data_table\000"
 1431      66675F64 
 1431      6174615F 
 1431      7461626C 
 1431      6500
 1432              	.LASF15:
 1433 0059 666C6F61 		.ascii	"float\000"
 1433      7400
 1434              	.LASF24:
 1435 005f 64657374 		.ascii	"dest\000"
 1435      00
 1436              	.LASF38:
 1437 0064 6366675F 		.ascii	"cfg_memset_list\000"
 1437      6D656D73 
 1437      65745F6C 
 1437      69737400 
 1438              	.LASF36:
 1439 0074 73697A65 		.ascii	"size\000"
 1439      00
 1440              	.LASF17:
 1441 0079 72656738 		.ascii	"reg8\000"
 1441      00
 1442              	.LASF6:
 1443 007e 6C6F6E67 		.ascii	"long unsigned int\000"
 1443      20756E73 
 1443      69676E65 
 1443      6420696E 
 1443      7400
 1444              	.LASF12:
 1445 0090 75696E74 		.ascii	"uint8\000"
ARM GAS  C:\Users\Anders\AppData\Local\Temp\ccEyCzzj.s 			page 33


 1445      3800
 1446              	.LASF22:
 1447 0096 43594D45 		.ascii	"CYMEMZERO\000"
 1447      4D5A4552 
 1447      4F00
 1448              	.LASF2:
 1449 00a0 756E7369 		.ascii	"unsigned char\000"
 1449      676E6564 
 1449      20636861 
 1449      7200
 1450              	.LASF16:
 1451 00ae 646F7562 		.ascii	"double\000"
 1451      6C6500
 1452              	.LASF26:
 1453 00b5 6366675F 		.ascii	"cfg_write_bytes32\000"
 1453      77726974 
 1453      655F6279 
 1453      74657333 
 1453      3200
 1454              	.LASF42:
 1455 00c7 63796669 		.ascii	"cyfitter_cfg\000"
 1455      74746572 
 1455      5F636667 
 1455      00
 1456              	.LASF27:
 1457 00d4 61646472 		.ascii	"addr_table\000"
 1457      5F746162 
 1457      6C6500
 1458              	.LASF13:
 1459 00df 75696E74 		.ascii	"uint16\000"
 1459      313600
 1460              	.LASF28:
 1461 00e6 64617461 		.ascii	"data_table\000"
 1461      5F746162 
 1461      6C6500
 1462              	.LASF14:
 1463 00f1 75696E74 		.ascii	"uint32\000"
 1463      333200
 1464              	.LASF39:
 1465 00f8 474E5520 		.ascii	"GNU C 4.9.3 20150303 (release) [ARM/embedded-4_9-br"
 1465      4320342E 
 1465      392E3320 
 1465      32303135 
 1465      30333033 
 1466 012b 616E6368 		.ascii	"anch revision 221220] -mcpu=cortex-m0 -mthumb -g -O"
 1466      20726576 
 1466      6973696F 
 1466      6E203232 
 1466      31323230 
 1467 015e 30202D66 		.ascii	"0 -ffunction-sections -ffat-lto-objects\000"
 1467      66756E63 
 1467      74696F6E 
 1467      2D736563 
 1467      74696F6E 
 1468              	.LASF0:
 1469 0186 756E7369 		.ascii	"unsigned int\000"
 1469      676E6564 
ARM GAS  C:\Users\Anders\AppData\Local\Temp\ccEyCzzj.s 			page 34


 1469      20696E74 
 1469      00
 1470              	.LASF35:
 1471 0193 61646472 		.ascii	"address\000"
 1471      65737300 
 1472              	.LASF8:
 1473 019b 6C6F6E67 		.ascii	"long long unsigned int\000"
 1473      206C6F6E 
 1473      6720756E 
 1473      7369676E 
 1473      65642069 
 1474              	.LASF37:
 1475 01b2 6366675F 		.ascii	"cfg_memset_t\000"
 1475      6D656D73 
 1475      65745F74 
 1475      00
 1476              	.LASF29:
 1477 01bf 62617365 		.ascii	"baseAddr\000"
 1477      41646472 
 1477      00
 1478              	.LASF9:
 1479 01c8 73697A65 		.ascii	"sizetype\000"
 1479      74797065 
 1479      00
 1480              	.LASF40:
 1481 01d1 2E5C4765 		.ascii	".\\Generated_Source\\PSoC4\\cyfitter_cfg.c\000"
 1481      6E657261 
 1481      7465645F 
 1481      536F7572 
 1481      63655C50 
 1482              	.LASF7:
 1483 01f9 6C6F6E67 		.ascii	"long long int\000"
 1483      206C6F6E 
 1483      6720696E 
 1483      7400
 1484              	.LASF10:
 1485 0207 63686172 		.ascii	"char\000"
 1485      00
 1486              	.LASF21:
 1487 020c 63795F63 		.ascii	"cy_cfg_addrvalue_t\000"
 1487      66675F61 
 1487      64647276 
 1487      616C7565 
 1487      5F7400
 1488              	.LASF19:
 1489 021f 6F666673 		.ascii	"offset\000"
 1489      657400
 1490              	.LASF3:
 1491 0226 73686F72 		.ascii	"short int\000"
 1491      7420696E 
 1491      7400
 1492              	.LASF5:
 1493 0230 6C6F6E67 		.ascii	"long int\000"
 1493      20696E74 
 1493      00
 1494              	.LASF1:
 1495 0239 7369676E 		.ascii	"signed char\000"
ARM GAS  C:\Users\Anders\AppData\Local\Temp\ccEyCzzj.s 			page 35


 1495      65642063 
 1495      68617200 
 1496              	.LASF4:
 1497 0245 73686F72 		.ascii	"short unsigned int\000"
 1497      7420756E 
 1497      7369676E 
 1497      65642069 
 1497      6E7400
 1498              	.LASF25:
 1499 0258 4359434F 		.ascii	"CYCONFIGCPYCODE\000"
 1499      4E464947 
 1499      43505943 
 1499      4F444500 
 1500              	.LASF23:
 1501 0268 4359434F 		.ascii	"CYCONFIGCPY\000"
 1501      4E464947 
 1501      43505900 
 1502              	.LASF41:
 1503 0274 453A5C50 		.ascii	"E:\\Projekt 4. semester\\HellYaeh\\SCB_I2cCommSlave"
 1503      726F6A65 
 1503      6B742034 
 1503      2E207365 
 1503      6D657374 
 1504 02a4 30315C53 		.ascii	"01\\SCB_I2cCommSlave01.cydsn\000"
 1504      43425F49 
 1504      3263436F 
 1504      6D6D536C 
 1504      61766530 
 1505              		.ident	"GCC: (GNU Tools for ARM Embedded Processors) 4.9.3 20150303 (release) [ARM/embedded-4_9-br
