ARM GAS  C:\Users\Anders\AppData\Local\Temp\ccSAd20d.s 			page 1


   1              		.cpu cortex-m0
   2              		.fpu softvfp
   3              		.eabi_attribute 20, 1
   4              		.eabi_attribute 21, 1
   5              		.eabi_attribute 23, 3
   6              		.eabi_attribute 24, 1
   7              		.eabi_attribute 25, 1
   8              		.eabi_attribute 26, 1
   9              		.eabi_attribute 30, 1
  10              		.eabi_attribute 34, 0
  11              		.eabi_attribute 18, 4
  12              		.code	16
  13              		.file	"cyfitter_cfg.c"
  14              		.text
  15              	.Ltext0:
  16              		.cfi_sections	.debug_frame
  17              		.section	.text.CYMEMZERO,"ax",%progbits
  18              		.align	2
  19              		.code	16
  20              		.thumb_func
  21              		.type	CYMEMZERO, %function
  22              	CYMEMZERO:
  23              	.LFB0:
  24              		.file 1 "Generated_Source\\PSoC4\\cyfitter_cfg.c"
   1:Generated_Source\PSoC4/cyfitter_cfg.c **** /*******************************************************************************
   2:Generated_Source\PSoC4/cyfitter_cfg.c **** * File Name: cyfitter_cfg.c
   3:Generated_Source\PSoC4/cyfitter_cfg.c **** * 
   4:Generated_Source\PSoC4/cyfitter_cfg.c **** * PSoC Creator  4.0
   5:Generated_Source\PSoC4/cyfitter_cfg.c **** *
   6:Generated_Source\PSoC4/cyfitter_cfg.c **** * Description:
   7:Generated_Source\PSoC4/cyfitter_cfg.c **** * This file contains device initialization code.
   8:Generated_Source\PSoC4/cyfitter_cfg.c **** * Except for the user defined sections in CyClockStartupError(), this file should not be modified.
   9:Generated_Source\PSoC4/cyfitter_cfg.c **** * This file is automatically generated by PSoC Creator.
  10:Generated_Source\PSoC4/cyfitter_cfg.c **** *
  11:Generated_Source\PSoC4/cyfitter_cfg.c **** ********************************************************************************
  12:Generated_Source\PSoC4/cyfitter_cfg.c **** * Copyright (c) 2007-2016 Cypress Semiconductor.  All rights reserved.
  13:Generated_Source\PSoC4/cyfitter_cfg.c **** * You may use this file only in accordance with the license, terms, conditions, 
  14:Generated_Source\PSoC4/cyfitter_cfg.c **** * disclaimers, and limitations in the end user license agreement accompanying 
  15:Generated_Source\PSoC4/cyfitter_cfg.c **** * the software package with which this file was provided.
  16:Generated_Source\PSoC4/cyfitter_cfg.c **** ********************************************************************************/
  17:Generated_Source\PSoC4/cyfitter_cfg.c **** 
  18:Generated_Source\PSoC4/cyfitter_cfg.c **** #include <string.h>
  19:Generated_Source\PSoC4/cyfitter_cfg.c **** #include "cytypes.h"
  20:Generated_Source\PSoC4/cyfitter_cfg.c **** #include "cydevice_trm.h"
  21:Generated_Source\PSoC4/cyfitter_cfg.c **** #include "cyfitter.h"
  22:Generated_Source\PSoC4/cyfitter_cfg.c **** #include "CyLib.h"
  23:Generated_Source\PSoC4/cyfitter_cfg.c **** #include "CyLFClk.h"
  24:Generated_Source\PSoC4/cyfitter_cfg.c **** #include "cyfitter_cfg.h"
  25:Generated_Source\PSoC4/cyfitter_cfg.c **** #include "cyapicallbacks.h"
  26:Generated_Source\PSoC4/cyfitter_cfg.c **** 
  27:Generated_Source\PSoC4/cyfitter_cfg.c **** 
  28:Generated_Source\PSoC4/cyfitter_cfg.c **** #if defined(__GNUC__) || defined(__ARMCC_VERSION)
  29:Generated_Source\PSoC4/cyfitter_cfg.c ****     #define CYPACKED 
  30:Generated_Source\PSoC4/cyfitter_cfg.c ****     #define CYPACKED_ATTR __attribute__ ((packed))
  31:Generated_Source\PSoC4/cyfitter_cfg.c ****     #define CYALIGNED __attribute__ ((aligned))
  32:Generated_Source\PSoC4/cyfitter_cfg.c ****     #define CY_CFG_UNUSED __attribute__ ((unused))
  33:Generated_Source\PSoC4/cyfitter_cfg.c ****     #ifndef CY_CFG_SECTION
ARM GAS  C:\Users\Anders\AppData\Local\Temp\ccSAd20d.s 			page 2


  34:Generated_Source\PSoC4/cyfitter_cfg.c ****         #define CY_CFG_SECTION __attribute__ ((section(".psocinit")))
  35:Generated_Source\PSoC4/cyfitter_cfg.c ****     #endif
  36:Generated_Source\PSoC4/cyfitter_cfg.c ****     
  37:Generated_Source\PSoC4/cyfitter_cfg.c ****     #if defined(__ARMCC_VERSION)
  38:Generated_Source\PSoC4/cyfitter_cfg.c ****         #define CY_CFG_MEMORY_BARRIER() __memory_changed()
  39:Generated_Source\PSoC4/cyfitter_cfg.c ****     #else
  40:Generated_Source\PSoC4/cyfitter_cfg.c ****         #define CY_CFG_MEMORY_BARRIER() __sync_synchronize()
  41:Generated_Source\PSoC4/cyfitter_cfg.c ****     #endif
  42:Generated_Source\PSoC4/cyfitter_cfg.c ****     
  43:Generated_Source\PSoC4/cyfitter_cfg.c **** #elif defined(__ICCARM__)
  44:Generated_Source\PSoC4/cyfitter_cfg.c ****     #include <intrinsics.h>
  45:Generated_Source\PSoC4/cyfitter_cfg.c **** 
  46:Generated_Source\PSoC4/cyfitter_cfg.c ****     #define CYPACKED __packed
  47:Generated_Source\PSoC4/cyfitter_cfg.c ****     #define CYPACKED_ATTR 
  48:Generated_Source\PSoC4/cyfitter_cfg.c ****     #define CYALIGNED _Pragma("data_alignment=4")
  49:Generated_Source\PSoC4/cyfitter_cfg.c ****     #define CY_CFG_UNUSED _Pragma("diag_suppress=Pe177")
  50:Generated_Source\PSoC4/cyfitter_cfg.c ****     #define CY_CFG_SECTION _Pragma("location=\".psocinit\"")
  51:Generated_Source\PSoC4/cyfitter_cfg.c ****     
  52:Generated_Source\PSoC4/cyfitter_cfg.c ****     #define CY_CFG_MEMORY_BARRIER() __DMB()
  53:Generated_Source\PSoC4/cyfitter_cfg.c ****     
  54:Generated_Source\PSoC4/cyfitter_cfg.c **** #else
  55:Generated_Source\PSoC4/cyfitter_cfg.c ****     #error Unsupported toolchain
  56:Generated_Source\PSoC4/cyfitter_cfg.c **** #endif
  57:Generated_Source\PSoC4/cyfitter_cfg.c **** 
  58:Generated_Source\PSoC4/cyfitter_cfg.c **** 
  59:Generated_Source\PSoC4/cyfitter_cfg.c **** CY_CFG_UNUSED
  60:Generated_Source\PSoC4/cyfitter_cfg.c **** static void CYMEMZERO(void *s, size_t n);
  61:Generated_Source\PSoC4/cyfitter_cfg.c **** CY_CFG_UNUSED
  62:Generated_Source\PSoC4/cyfitter_cfg.c **** static void CYMEMZERO(void *s, size_t n)
  63:Generated_Source\PSoC4/cyfitter_cfg.c **** {
  25              		.loc 1 63 0
  26              		.cfi_startproc
  27              	.LVL0:
  28 0000 08B5     		push	{r3, lr}
  29              		.cfi_def_cfa_offset 8
  30              		.cfi_offset 3, -8
  31              		.cfi_offset 14, -4
  32 0002 0A1C     		mov	r2, r1
  64:Generated_Source\PSoC4/cyfitter_cfg.c **** 	(void)memset(s, 0, n);
  33              		.loc 1 64 0
  34 0004 0021     		mov	r1, #0
  35              	.LVL1:
  36 0006 FFF7FEFF 		bl	memset
  37              	.LVL2:
  65:Generated_Source\PSoC4/cyfitter_cfg.c **** }
  38              		.loc 1 65 0
  39              		@ sp needed
  40 000a 08BD     		pop	{r3, pc}
  41              		.cfi_endproc
  42              	.LFE0:
  43              		.size	CYMEMZERO, .-CYMEMZERO
  44              		.section	.psocinit,"ax",%progbits
  45              		.align	2
  46              		.code	16
  47              		.thumb_func
  48              		.type	ClockSetup, %function
  49              	ClockSetup:
ARM GAS  C:\Users\Anders\AppData\Local\Temp\ccSAd20d.s 			page 3


  50              	.LFB3:
  66:Generated_Source\PSoC4/cyfitter_cfg.c **** CY_CFG_UNUSED
  67:Generated_Source\PSoC4/cyfitter_cfg.c **** static void CYCONFIGCPY(void *dest, const void *src, size_t n);
  68:Generated_Source\PSoC4/cyfitter_cfg.c **** CY_CFG_UNUSED
  69:Generated_Source\PSoC4/cyfitter_cfg.c **** static void CYCONFIGCPY(void *dest, const void *src, size_t n)
  70:Generated_Source\PSoC4/cyfitter_cfg.c **** {
  71:Generated_Source\PSoC4/cyfitter_cfg.c **** 	(void)memcpy(dest, src, n);
  72:Generated_Source\PSoC4/cyfitter_cfg.c **** }
  73:Generated_Source\PSoC4/cyfitter_cfg.c **** CY_CFG_UNUSED
  74:Generated_Source\PSoC4/cyfitter_cfg.c **** static void CYCONFIGCPYCODE(void *dest, const void *src, size_t n);
  75:Generated_Source\PSoC4/cyfitter_cfg.c **** CY_CFG_UNUSED
  76:Generated_Source\PSoC4/cyfitter_cfg.c **** static void CYCONFIGCPYCODE(void *dest, const void *src, size_t n)
  77:Generated_Source\PSoC4/cyfitter_cfg.c **** {
  78:Generated_Source\PSoC4/cyfitter_cfg.c **** 	(void)memcpy(dest, src, n);
  79:Generated_Source\PSoC4/cyfitter_cfg.c **** }
  80:Generated_Source\PSoC4/cyfitter_cfg.c **** 
  81:Generated_Source\PSoC4/cyfitter_cfg.c **** 
  82:Generated_Source\PSoC4/cyfitter_cfg.c **** 
  83:Generated_Source\PSoC4/cyfitter_cfg.c **** 
  84:Generated_Source\PSoC4/cyfitter_cfg.c **** /* Clock startup error codes                                                   */
  85:Generated_Source\PSoC4/cyfitter_cfg.c **** #define CYCLOCKSTART_NO_ERROR    0u
  86:Generated_Source\PSoC4/cyfitter_cfg.c **** #define CYCLOCKSTART_XTAL_ERROR  1u
  87:Generated_Source\PSoC4/cyfitter_cfg.c **** #define CYCLOCKSTART_32KHZ_ERROR 2u
  88:Generated_Source\PSoC4/cyfitter_cfg.c **** #define CYCLOCKSTART_PLL_ERROR   3u
  89:Generated_Source\PSoC4/cyfitter_cfg.c **** 
  90:Generated_Source\PSoC4/cyfitter_cfg.c **** 
  91:Generated_Source\PSoC4/cyfitter_cfg.c **** #ifdef CY_NEED_CYCLOCKSTARTUPERROR
  92:Generated_Source\PSoC4/cyfitter_cfg.c **** /*******************************************************************************
  93:Generated_Source\PSoC4/cyfitter_cfg.c **** * Function Name: CyClockStartupError
  94:Generated_Source\PSoC4/cyfitter_cfg.c **** ********************************************************************************
  95:Generated_Source\PSoC4/cyfitter_cfg.c **** * Summary:
  96:Generated_Source\PSoC4/cyfitter_cfg.c **** *  If an error is encountered during clock configuration (crystal startup error,
  97:Generated_Source\PSoC4/cyfitter_cfg.c **** *  PLL lock error, etc.), the system will end up here.  Unless reimplemented by
  98:Generated_Source\PSoC4/cyfitter_cfg.c **** *  the customer, this function will stop in an infinite loop.
  99:Generated_Source\PSoC4/cyfitter_cfg.c **** *
 100:Generated_Source\PSoC4/cyfitter_cfg.c **** * Parameters:
 101:Generated_Source\PSoC4/cyfitter_cfg.c **** *   void
 102:Generated_Source\PSoC4/cyfitter_cfg.c **** *
 103:Generated_Source\PSoC4/cyfitter_cfg.c **** * Return:
 104:Generated_Source\PSoC4/cyfitter_cfg.c **** *   void
 105:Generated_Source\PSoC4/cyfitter_cfg.c **** *
 106:Generated_Source\PSoC4/cyfitter_cfg.c **** *******************************************************************************/
 107:Generated_Source\PSoC4/cyfitter_cfg.c **** CY_CFG_UNUSED
 108:Generated_Source\PSoC4/cyfitter_cfg.c **** static void CyClockStartupError(uint8 errorCode);
 109:Generated_Source\PSoC4/cyfitter_cfg.c **** CY_CFG_UNUSED
 110:Generated_Source\PSoC4/cyfitter_cfg.c **** static void CyClockStartupError(uint8 errorCode)
 111:Generated_Source\PSoC4/cyfitter_cfg.c **** {
 112:Generated_Source\PSoC4/cyfitter_cfg.c ****     /* To remove the compiler warning if errorCode not used.                */
 113:Generated_Source\PSoC4/cyfitter_cfg.c ****     errorCode = errorCode;
 114:Generated_Source\PSoC4/cyfitter_cfg.c **** 
 115:Generated_Source\PSoC4/cyfitter_cfg.c ****     /* If we have a clock startup error (bad MHz crystal, PLL lock, etc.),  */
 116:Generated_Source\PSoC4/cyfitter_cfg.c ****     /* we will end up here to allow the customer to implement something to  */
 117:Generated_Source\PSoC4/cyfitter_cfg.c ****     /* deal with the clock condition.                                       */
 118:Generated_Source\PSoC4/cyfitter_cfg.c **** 
 119:Generated_Source\PSoC4/cyfitter_cfg.c **** #ifdef CY_CFG_CLOCK_STARTUP_ERROR_CALLBACK
 120:Generated_Source\PSoC4/cyfitter_cfg.c **** 	CY_CFG_Clock_Startup_ErrorCallback();
 121:Generated_Source\PSoC4/cyfitter_cfg.c **** #else
ARM GAS  C:\Users\Anders\AppData\Local\Temp\ccSAd20d.s 			page 4


 122:Generated_Source\PSoC4/cyfitter_cfg.c **** 	/*  If not using CY_CFG_CLOCK_STARTUP_ERROR_CALLBACK, place your clock startup code here. */
 123:Generated_Source\PSoC4/cyfitter_cfg.c ****     /* `#START CyClockStartupError` */
 124:Generated_Source\PSoC4/cyfitter_cfg.c **** 
 125:Generated_Source\PSoC4/cyfitter_cfg.c **** 
 126:Generated_Source\PSoC4/cyfitter_cfg.c **** 
 127:Generated_Source\PSoC4/cyfitter_cfg.c ****     /* `#END` */
 128:Generated_Source\PSoC4/cyfitter_cfg.c **** 
 129:Generated_Source\PSoC4/cyfitter_cfg.c ****     /* If nothing else, stop here since the clocks have not started         */
 130:Generated_Source\PSoC4/cyfitter_cfg.c ****     /* correctly.                                                           */
 131:Generated_Source\PSoC4/cyfitter_cfg.c ****     while(1) {}
 132:Generated_Source\PSoC4/cyfitter_cfg.c **** #endif /* CY_CFG_CLOCK_STARTUP_ERROR_CALLBACK */ 
 133:Generated_Source\PSoC4/cyfitter_cfg.c **** }
 134:Generated_Source\PSoC4/cyfitter_cfg.c **** #endif
 135:Generated_Source\PSoC4/cyfitter_cfg.c **** 
 136:Generated_Source\PSoC4/cyfitter_cfg.c **** 
 137:Generated_Source\PSoC4/cyfitter_cfg.c **** 
 138:Generated_Source\PSoC4/cyfitter_cfg.c **** /*******************************************************************************
 139:Generated_Source\PSoC4/cyfitter_cfg.c **** * Function Name: ClockSetup
 140:Generated_Source\PSoC4/cyfitter_cfg.c **** ********************************************************************************
 141:Generated_Source\PSoC4/cyfitter_cfg.c **** *
 142:Generated_Source\PSoC4/cyfitter_cfg.c **** * Summary:
 143:Generated_Source\PSoC4/cyfitter_cfg.c **** *   Performs the initialization of all of the clocks in the device based on the
 144:Generated_Source\PSoC4/cyfitter_cfg.c **** *   settings in the Clock tab of the DWR.  This includes enabling the requested
 145:Generated_Source\PSoC4/cyfitter_cfg.c **** *   clocks and setting the necessary dividers to produce the desired frequency. 
 146:Generated_Source\PSoC4/cyfitter_cfg.c **** *
 147:Generated_Source\PSoC4/cyfitter_cfg.c **** * Parameters:
 148:Generated_Source\PSoC4/cyfitter_cfg.c **** *   void
 149:Generated_Source\PSoC4/cyfitter_cfg.c **** *
 150:Generated_Source\PSoC4/cyfitter_cfg.c **** * Return:
 151:Generated_Source\PSoC4/cyfitter_cfg.c **** *   void
 152:Generated_Source\PSoC4/cyfitter_cfg.c **** *
 153:Generated_Source\PSoC4/cyfitter_cfg.c **** *******************************************************************************/
 154:Generated_Source\PSoC4/cyfitter_cfg.c **** static void ClockSetup(void);
 155:Generated_Source\PSoC4/cyfitter_cfg.c **** CY_CFG_SECTION
 156:Generated_Source\PSoC4/cyfitter_cfg.c **** static void ClockSetup(void)
 157:Generated_Source\PSoC4/cyfitter_cfg.c **** {
  51              		.loc 1 157 0
  52              		.cfi_startproc
  53 0000 38B5     		push	{r3, r4, r5, lr}
  54              		.cfi_def_cfa_offset 16
  55              		.cfi_offset 3, -16
  56              		.cfi_offset 4, -12
  57              		.cfi_offset 5, -8
  58              		.cfi_offset 14, -4
 158:Generated_Source\PSoC4/cyfitter_cfg.c **** 	/* Enable HALF_EN before trimming for the flash accelerator. */
 159:Generated_Source\PSoC4/cyfitter_cfg.c **** 	CY_SET_REG32((void CYXDATA *)(CYREG_CLK_SELECT), (CY_GET_REG32((void *)CYREG_CLK_SELECT) | 0x00040
  59              		.loc 1 159 0
  60 0002 0F4C     		ldr	r4, .L3
  61 0004 2368     		ldr	r3, [r4]
  62 0006 8022     		mov	r2, #128
  63 0008 D202     		lsl	r2, r2, #11
  64 000a 1343     		orr	r3, r2
  65 000c 2360     		str	r3, [r4]
 160:Generated_Source\PSoC4/cyfitter_cfg.c **** 
 161:Generated_Source\PSoC4/cyfitter_cfg.c **** 	/* Setup and trim IMO based on desired frequency. */
 162:Generated_Source\PSoC4/cyfitter_cfg.c **** 	CySysClkWriteImoFreq(24u);
  66              		.loc 1 162 0
ARM GAS  C:\Users\Anders\AppData\Local\Temp\ccSAd20d.s 			page 5


  67 000e 1820     		mov	r0, #24
  68 0010 FFF7FEFF 		bl	CySysClkWriteImoFreq
  69              	.LVL3:
 163:Generated_Source\PSoC4/cyfitter_cfg.c **** 
 164:Generated_Source\PSoC4/cyfitter_cfg.c **** 	/* Disable HALF_EN since it is not required at this IMO frequency. */
 165:Generated_Source\PSoC4/cyfitter_cfg.c **** 	CY_SET_REG32((void CYXDATA *)(CYREG_CLK_SELECT), (CY_GET_REG32((void *)CYREG_CLK_SELECT) & 0xFFFBF
  70              		.loc 1 165 0
  71 0014 2268     		ldr	r2, [r4]
  72 0016 0B4B     		ldr	r3, .L3+4
  73 0018 1340     		and	r3, r2
  74 001a 2360     		str	r3, [r4]
 166:Generated_Source\PSoC4/cyfitter_cfg.c **** 	/* CYDEV_CLK_ILO_CONFIG Starting address: CYDEV_CLK_ILO_CONFIG */
 167:Generated_Source\PSoC4/cyfitter_cfg.c **** 	CY_SET_XTND_REG32((void CYFAR *)(CYREG_CLK_ILO_CONFIG), 0x80000006u);
  75              		.loc 1 167 0
  76 001c 0A4A     		ldr	r2, .L3+8
  77 001e 0B4B     		ldr	r3, .L3+12
  78 0020 1A60     		str	r2, [r3]
 168:Generated_Source\PSoC4/cyfitter_cfg.c **** 
 169:Generated_Source\PSoC4/cyfitter_cfg.c **** 
 170:Generated_Source\PSoC4/cyfitter_cfg.c **** 	/* CYDEV_CLK_IMO_CONFIG Starting address: CYDEV_CLK_IMO_CONFIG */
 171:Generated_Source\PSoC4/cyfitter_cfg.c **** 	CY_SET_XTND_REG32((void CYFAR *)(CYREG_CLK_IMO_CONFIG), 0x80000000u);
  79              		.loc 1 171 0
  80 0022 063A     		sub	r2, r2, #6
  81 0024 0A4B     		ldr	r3, .L3+16
  82 0026 1A60     		str	r2, [r3]
 172:Generated_Source\PSoC4/cyfitter_cfg.c **** 
 173:Generated_Source\PSoC4/cyfitter_cfg.c **** 	/* CYDEV_CLK_SELECT Starting address: CYDEV_CLK_SELECT */
 174:Generated_Source\PSoC4/cyfitter_cfg.c **** 	CY_SET_XTND_REG32((void CYFAR *)(CYREG_CLK_SELECT), 0x00000000u);
  83              		.loc 1 174 0
  84 0028 0025     		mov	r5, #0
  85 002a 2560     		str	r5, [r4]
 175:Generated_Source\PSoC4/cyfitter_cfg.c **** 
 176:Generated_Source\PSoC4/cyfitter_cfg.c **** 	(void)CyIntSetVector(9u, &CySysWdtIsr);
  86              		.loc 1 176 0
  87 002c 0920     		mov	r0, #9
  88 002e 0949     		ldr	r1, .L3+20
  89 0030 FFF7FEFF 		bl	CyIntSetVector
  90              	.LVL4:
 177:Generated_Source\PSoC4/cyfitter_cfg.c **** 	CyIntEnable(9u);
  91              		.loc 1 177 0
  92 0034 0920     		mov	r0, #9
  93 0036 FFF7FEFF 		bl	CyIntEnable
  94              	.LVL5:
 178:Generated_Source\PSoC4/cyfitter_cfg.c **** 	CY_SET_XTND_REG32((void CYFAR *)(CYREG_WDT_CONFIG), 0x00000000u);
  95              		.loc 1 178 0
  96 003a 074B     		ldr	r3, .L3+24
  97 003c 1D60     		str	r5, [r3]
 179:Generated_Source\PSoC4/cyfitter_cfg.c **** }
  98              		.loc 1 179 0
  99              		@ sp needed
 100 003e 38BD     		pop	{r3, r4, r5, pc}
 101              	.L4:
 102              		.align	2
 103              	.L3:
 104 0040 00010B40 		.word	1074462976
 105 0044 FFFFFBFF 		.word	-262145
 106 0048 06000080 		.word	-2147483642
ARM GAS  C:\Users\Anders\AppData\Local\Temp\ccSAd20d.s 			page 6


 107 004c 04010B40 		.word	1074462980
 108 0050 08010B40 		.word	1074462984
 109 0054 00000000 		.word	CySysWdtIsr
 110 0058 0C020B40 		.word	1074463244
 111              		.cfi_endproc
 112              	.LFE3:
 113              		.size	ClockSetup, .-ClockSetup
 114              		.align	2
 115              		.global	cyfitter_cfg
 116              		.code	16
 117              		.thumb_func
 118              		.type	cyfitter_cfg, %function
 119              	cyfitter_cfg:
 120              	.LFB5:
 180:Generated_Source\PSoC4/cyfitter_cfg.c **** 
 181:Generated_Source\PSoC4/cyfitter_cfg.c **** 
 182:Generated_Source\PSoC4/cyfitter_cfg.c **** /* Analog API Functions */
 183:Generated_Source\PSoC4/cyfitter_cfg.c **** 
 184:Generated_Source\PSoC4/cyfitter_cfg.c **** 
 185:Generated_Source\PSoC4/cyfitter_cfg.c **** /*******************************************************************************
 186:Generated_Source\PSoC4/cyfitter_cfg.c **** * Function Name: AnalogSetDefault
 187:Generated_Source\PSoC4/cyfitter_cfg.c **** ********************************************************************************
 188:Generated_Source\PSoC4/cyfitter_cfg.c **** *
 189:Generated_Source\PSoC4/cyfitter_cfg.c **** * Summary:
 190:Generated_Source\PSoC4/cyfitter_cfg.c **** *  Sets up the analog portions of the chip to default values based on chip
 191:Generated_Source\PSoC4/cyfitter_cfg.c **** *  configuration options from the project.
 192:Generated_Source\PSoC4/cyfitter_cfg.c **** *
 193:Generated_Source\PSoC4/cyfitter_cfg.c **** * Parameters:
 194:Generated_Source\PSoC4/cyfitter_cfg.c **** *  void
 195:Generated_Source\PSoC4/cyfitter_cfg.c **** *
 196:Generated_Source\PSoC4/cyfitter_cfg.c **** * Return:
 197:Generated_Source\PSoC4/cyfitter_cfg.c **** *  void
 198:Generated_Source\PSoC4/cyfitter_cfg.c **** *
 199:Generated_Source\PSoC4/cyfitter_cfg.c **** *******************************************************************************/
 200:Generated_Source\PSoC4/cyfitter_cfg.c **** static void AnalogSetDefault(void);
 201:Generated_Source\PSoC4/cyfitter_cfg.c **** static void AnalogSetDefault(void)
 202:Generated_Source\PSoC4/cyfitter_cfg.c **** {
 203:Generated_Source\PSoC4/cyfitter_cfg.c **** }
 204:Generated_Source\PSoC4/cyfitter_cfg.c **** 
 205:Generated_Source\PSoC4/cyfitter_cfg.c **** #define CY_AMUX_UNUSED CYREG_CM0_ROM_DWT
 206:Generated_Source\PSoC4/cyfitter_cfg.c **** 
 207:Generated_Source\PSoC4/cyfitter_cfg.c **** 
 208:Generated_Source\PSoC4/cyfitter_cfg.c **** /*******************************************************************************
 209:Generated_Source\PSoC4/cyfitter_cfg.c **** * Function Name: cyfitter_cfg
 210:Generated_Source\PSoC4/cyfitter_cfg.c **** ********************************************************************************
 211:Generated_Source\PSoC4/cyfitter_cfg.c **** * Summary:
 212:Generated_Source\PSoC4/cyfitter_cfg.c **** *  This function is called by the start-up code for the selected device. It
 213:Generated_Source\PSoC4/cyfitter_cfg.c **** *  performs all of the necessary device configuration based on the design
 214:Generated_Source\PSoC4/cyfitter_cfg.c **** *  settings.  This includes settings from the Design Wide Resources (DWR) such
 215:Generated_Source\PSoC4/cyfitter_cfg.c **** *  as Clocks and Pins as well as any component configuration that is necessary.
 216:Generated_Source\PSoC4/cyfitter_cfg.c **** *
 217:Generated_Source\PSoC4/cyfitter_cfg.c **** * Parameters:  
 218:Generated_Source\PSoC4/cyfitter_cfg.c **** *   void
 219:Generated_Source\PSoC4/cyfitter_cfg.c **** *
 220:Generated_Source\PSoC4/cyfitter_cfg.c **** * Return:
 221:Generated_Source\PSoC4/cyfitter_cfg.c **** *   void
 222:Generated_Source\PSoC4/cyfitter_cfg.c **** *
ARM GAS  C:\Users\Anders\AppData\Local\Temp\ccSAd20d.s 			page 7


 223:Generated_Source\PSoC4/cyfitter_cfg.c **** *******************************************************************************/
 224:Generated_Source\PSoC4/cyfitter_cfg.c **** CY_CFG_SECTION
 225:Generated_Source\PSoC4/cyfitter_cfg.c **** void cyfitter_cfg(void)
 226:Generated_Source\PSoC4/cyfitter_cfg.c **** {
 121              		.loc 1 226 0
 122              		.cfi_startproc
 123 005c 10B5     		push	{r4, lr}
 124              		.cfi_def_cfa_offset 8
 125              		.cfi_offset 4, -8
 126              		.cfi_offset 14, -4
 227:Generated_Source\PSoC4/cyfitter_cfg.c **** 	/* Disable interrupts by default. Let user enable if/when they want. */
 228:Generated_Source\PSoC4/cyfitter_cfg.c **** 	CyGlobalIntDisable;
 127              		.loc 1 228 0
 128              	@ 228 "Generated_Source\PSoC4\cyfitter_cfg.c" 1
 129 005e 72B6     		CPSID   i
 130              	@ 0 "" 2
 131              	.LVL6:
 132              		.code	16
 133              	.LBB2:
 229:Generated_Source\PSoC4/cyfitter_cfg.c **** 
 230:Generated_Source\PSoC4/cyfitter_cfg.c **** 	{
 231:Generated_Source\PSoC4/cyfitter_cfg.c **** 
 232:Generated_Source\PSoC4/cyfitter_cfg.c **** 		CYPACKED typedef struct {
 233:Generated_Source\PSoC4/cyfitter_cfg.c **** 			void CYFAR *address;
 234:Generated_Source\PSoC4/cyfitter_cfg.c **** 			uint16 size;
 235:Generated_Source\PSoC4/cyfitter_cfg.c **** 		} CYPACKED_ATTR cfg_memset_t;
 236:Generated_Source\PSoC4/cyfitter_cfg.c **** 
 237:Generated_Source\PSoC4/cyfitter_cfg.c **** 		static const cfg_memset_t CYCODE cfg_memset_list [] = {
 238:Generated_Source\PSoC4/cyfitter_cfg.c **** 			/* address, size */
 239:Generated_Source\PSoC4/cyfitter_cfg.c **** 			{(void CYFAR *)(CYDEV_UDB_P0_U0_BASE), 1024u},
 240:Generated_Source\PSoC4/cyfitter_cfg.c **** 			{(void CYFAR *)(CYDEV_UDB_DSI0_BASE), 1024u},
 241:Generated_Source\PSoC4/cyfitter_cfg.c **** 		};
 242:Generated_Source\PSoC4/cyfitter_cfg.c **** 
 243:Generated_Source\PSoC4/cyfitter_cfg.c **** 		uint8 CYDATA i;
 244:Generated_Source\PSoC4/cyfitter_cfg.c **** 
 245:Generated_Source\PSoC4/cyfitter_cfg.c **** 		/* Zero out critical memory blocks before beginning configuration */
 246:Generated_Source\PSoC4/cyfitter_cfg.c **** 		for (i = 0u; i < (sizeof(cfg_memset_list)/sizeof(cfg_memset_list[0])); i++)
 134              		.loc 1 246 0
 135 0060 0024     		mov	r4, #0
 136 0062 10E0     		b	.L6
 137              	.LVL7:
 138              	.L7:
 139              	.LBB3:
 247:Generated_Source\PSoC4/cyfitter_cfg.c **** 		{
 248:Generated_Source\PSoC4/cyfitter_cfg.c **** 			const cfg_memset_t CYCODE * CYDATA ms = &cfg_memset_list[i];
 249:Generated_Source\PSoC4/cyfitter_cfg.c **** 			CYMEMZERO(ms->address, (size_t)(uint32)(ms->size));
 140              		.loc 1 249 0 discriminator 3
 141 0064 1848     		ldr	r0, .L8
 142 0066 6300     		lsl	r3, r4, #1
 143 0068 1A19     		add	r2, r3, r4
 144 006a 5200     		lsl	r2, r2, #1
 145 006c 8218     		add	r2, r0, r2
 146 006e 9188     		ldrh	r1, [r2, #4]
 147 0070 1B19     		add	r3, r3, r4
 148 0072 5B00     		lsl	r3, r3, #1
 149 0074 1A5A     		ldrh	r2, [r3, r0]
 150 0076 C318     		add	r3, r0, r3
ARM GAS  C:\Users\Anders\AppData\Local\Temp\ccSAd20d.s 			page 8


 151 0078 5888     		ldrh	r0, [r3, #2]
 152 007a 0004     		lsl	r0, r0, #16
 153 007c 1043     		orr	r0, r2
 154 007e FFF7FEFF 		bl	CYMEMZERO
 155              	.LVL8:
 156              	.LBE3:
 246:Generated_Source\PSoC4/cyfitter_cfg.c **** 		{
 157              		.loc 1 246 0 discriminator 3
 158 0082 0134     		add	r4, r4, #1
 159              	.LVL9:
 160 0084 E4B2     		uxtb	r4, r4
 161              	.LVL10:
 162              	.L6:
 246:Generated_Source\PSoC4/cyfitter_cfg.c **** 		{
 163              		.loc 1 246 0 is_stmt 0 discriminator 1
 164 0086 012C     		cmp	r4, #1
 165 0088 ECD9     		bls	.L7
 250:Generated_Source\PSoC4/cyfitter_cfg.c **** 		}
 251:Generated_Source\PSoC4/cyfitter_cfg.c **** 
 252:Generated_Source\PSoC4/cyfitter_cfg.c **** 		/* HSIOM Starting address: CYDEV_HSIOM_BASE */
 253:Generated_Source\PSoC4/cyfitter_cfg.c **** 		CY_SET_XTND_REG32((void CYFAR *)(CYREG_HSIOM_PORT_SEL3), 0x0000EE00u);
 166              		.loc 1 253 0 is_stmt 1
 167 008a EE22     		mov	r2, #238
 168 008c 1202     		lsl	r2, r2, #8
 169 008e 0F4B     		ldr	r3, .L8+4
 170 0090 1A60     		str	r2, [r3]
 254:Generated_Source\PSoC4/cyfitter_cfg.c **** 
 255:Generated_Source\PSoC4/cyfitter_cfg.c **** 		/* UDB_PA_3 Starting address: CYDEV_UDB_PA3_BASE */
 256:Generated_Source\PSoC4/cyfitter_cfg.c **** 		CY_SET_XTND_REG32((void CYFAR *)(CYDEV_UDB_PA3_BASE), 0x00990000u);
 171              		.loc 1 256 0
 172 0092 9922     		mov	r2, #153
 173 0094 1204     		lsl	r2, r2, #16
 174 0096 0E4B     		ldr	r3, .L8+8
 175 0098 1A60     		str	r2, [r3]
 257:Generated_Source\PSoC4/cyfitter_cfg.c **** 
 258:Generated_Source\PSoC4/cyfitter_cfg.c **** 		/* Enable digital routing */
 259:Generated_Source\PSoC4/cyfitter_cfg.c **** 		CY_SET_XTND_REG8((void *)CYREG_UDB_UDBIF_BANK_CTL, CY_GET_XTND_REG8((void *)CYREG_UDB_UDBIF_BANK_
 176              		.loc 1 259 0
 177 009a 0E4B     		ldr	r3, .L8+12
 178 009c 1978     		ldrb	r1, [r3]
 179 009e 0222     		mov	r2, #2
 180 00a0 0A43     		orr	r2, r1
 181 00a2 1A70     		strb	r2, [r3]
 260:Generated_Source\PSoC4/cyfitter_cfg.c **** 
 261:Generated_Source\PSoC4/cyfitter_cfg.c **** 		/* Enable UDB array */
 262:Generated_Source\PSoC4/cyfitter_cfg.c **** 		CY_SET_XTND_REG8((void *)CYREG_UDB_UDBIF_WAIT_CFG, (uint8)((CY_GET_XTND_REG8((void *)CYREG_UDB_UD
 182              		.loc 1 262 0
 183 00a4 0C48     		ldr	r0, .L8+16
 184 00a6 0278     		ldrb	r2, [r0]
 185 00a8 3C21     		mov	r1, #60
 186 00aa 8A43     		bic	r2, r1
 187 00ac 2839     		sub	r1, r1, #40
 188 00ae 0A43     		orr	r2, r1
 189 00b0 0270     		strb	r2, [r0]
 263:Generated_Source\PSoC4/cyfitter_cfg.c **** 		CY_SET_XTND_REG8((void *)CYREG_UDB_UDBIF_BANK_CTL, (uint8)(CY_GET_XTND_REG8((void *)CYREG_UDB_UDB
 190              		.loc 1 263 0
 191 00b2 1978     		ldrb	r1, [r3]
ARM GAS  C:\Users\Anders\AppData\Local\Temp\ccSAd20d.s 			page 9


 192 00b4 1622     		mov	r2, #22
 193 00b6 0A43     		orr	r2, r1
 194 00b8 1A70     		strb	r2, [r3]
 195              	.LBE2:
 264:Generated_Source\PSoC4/cyfitter_cfg.c **** 	}
 265:Generated_Source\PSoC4/cyfitter_cfg.c **** 
 266:Generated_Source\PSoC4/cyfitter_cfg.c **** 	/* Perform second pass device configuration. These items must be configured in specific order afte
 267:Generated_Source\PSoC4/cyfitter_cfg.c **** 	/* IOPINS0_3 Starting address: CYDEV_PRT3_BASE */
 268:Generated_Source\PSoC4/cyfitter_cfg.c **** 	CY_SET_XTND_REG32((void CYFAR *)(CYREG_PRT3_PC), 0x00000D80u);
 196              		.loc 1 268 0
 197 00ba D822     		mov	r2, #216
 198 00bc 1201     		lsl	r2, r2, #4
 199 00be 074B     		ldr	r3, .L8+20
 200 00c0 1A60     		str	r2, [r3]
 269:Generated_Source\PSoC4/cyfitter_cfg.c **** 
 270:Generated_Source\PSoC4/cyfitter_cfg.c **** 
 271:Generated_Source\PSoC4/cyfitter_cfg.c **** 	/* Setup clocks based on selections from Clock DWR */
 272:Generated_Source\PSoC4/cyfitter_cfg.c **** 	ClockSetup();
 201              		.loc 1 272 0
 202 00c2 FFF79DFF 		bl	ClockSetup
 203              	.LVL11:
 273:Generated_Source\PSoC4/cyfitter_cfg.c **** 
 274:Generated_Source\PSoC4/cyfitter_cfg.c **** 	/* Perform basic analog initialization to defaults */
 275:Generated_Source\PSoC4/cyfitter_cfg.c **** 	AnalogSetDefault();
 276:Generated_Source\PSoC4/cyfitter_cfg.c **** 
 277:Generated_Source\PSoC4/cyfitter_cfg.c **** }
 204              		.loc 1 277 0
 205              		@ sp needed
 206              	.LVL12:
 207 00c6 10BD     		pop	{r4, pc}
 208              	.L9:
 209              		.align	2
 210              	.L8:
 211 00c8 00000000 		.word	.LANCHOR0
 212 00cc 0C000140 		.word	1073807372
 213 00d0 30500F40 		.word	1074745392
 214 00d4 00700F40 		.word	1074753536
 215 00d8 01700F40 		.word	1074753537
 216 00dc 08030440 		.word	1074004744
 217              		.cfi_endproc
 218              	.LFE5:
 219              		.size	cyfitter_cfg, .-cyfitter_cfg
 220              		.section	.rodata
 221              		.align	2
 222              		.set	.LANCHOR0,. + 0
 223              		.type	cfg_memset_list.4725, %object
 224              		.size	cfg_memset_list.4725, 12
 225              	cfg_memset_list.4725:
 226 0000 00300F40 		.word	1074737152
 227 0004 0004     		.short	1024
 228 0006 00400F40 		.4byte	1074741248
 229 000a 0004     		.short	1024
 230              		.text
 231              	.Letext0:
 232              		.file 2 "c:\\program files (x86)\\cypress\\psoc creator\\4.0\\psoc creator\\import\\gnu\\arm\\4.9.
 233              		.file 3 "Generated_Source\\PSoC4\\cytypes.h"
 234              		.file 4 "Generated_Source\\PSoC4\\CyLib.h"
ARM GAS  C:\Users\Anders\AppData\Local\Temp\ccSAd20d.s 			page 10


 235              		.section	.debug_info,"",%progbits
 236              	.Ldebug_info0:
 237 0000 8F020000 		.4byte	0x28f
 238 0004 0400     		.2byte	0x4
 239 0006 00000000 		.4byte	.Ldebug_abbrev0
 240 000a 04       		.byte	0x4
 241 000b 01       		.uleb128 0x1
 242 000c 21010000 		.4byte	.LASF28
 243 0010 01       		.byte	0x1
 244 0011 18020000 		.4byte	.LASF29
 245 0015 AF010000 		.4byte	.LASF30
 246 0019 00000000 		.4byte	.Ldebug_ranges0+0
 247 001d 00000000 		.4byte	0
 248 0021 00000000 		.4byte	.Ldebug_line0
 249 0025 02       		.uleb128 0x2
 250 0026 04       		.byte	0x4
 251 0027 05       		.byte	0x5
 252 0028 696E7400 		.ascii	"int\000"
 253 002c 03       		.uleb128 0x3
 254 002d 06000000 		.4byte	.LASF11
 255 0031 02       		.byte	0x2
 256 0032 D4       		.byte	0xd4
 257 0033 37000000 		.4byte	0x37
 258 0037 04       		.uleb128 0x4
 259 0038 04       		.byte	0x4
 260 0039 07       		.byte	0x7
 261 003a B2000000 		.4byte	.LASF0
 262 003e 04       		.uleb128 0x4
 263 003f 01       		.byte	0x1
 264 0040 06       		.byte	0x6
 265 0041 0C020000 		.4byte	.LASF1
 266 0045 04       		.uleb128 0x4
 267 0046 01       		.byte	0x1
 268 0047 08       		.byte	0x8
 269 0048 7C000000 		.4byte	.LASF2
 270 004c 04       		.uleb128 0x4
 271 004d 02       		.byte	0x2
 272 004e 05       		.byte	0x5
 273 004f E4010000 		.4byte	.LASF3
 274 0053 04       		.uleb128 0x4
 275 0054 02       		.byte	0x2
 276 0055 07       		.byte	0x7
 277 0056 37000000 		.4byte	.LASF4
 278 005a 04       		.uleb128 0x4
 279 005b 04       		.byte	0x4
 280 005c 05       		.byte	0x5
 281 005d 03020000 		.4byte	.LASF5
 282 0061 04       		.uleb128 0x4
 283 0062 04       		.byte	0x4
 284 0063 07       		.byte	0x7
 285 0064 5A000000 		.4byte	.LASF6
 286 0068 04       		.uleb128 0x4
 287 0069 08       		.byte	0x8
 288 006a 05       		.byte	0x5
 289 006b 0E010000 		.4byte	.LASF7
 290 006f 04       		.uleb128 0x4
 291 0070 08       		.byte	0x8
ARM GAS  C:\Users\Anders\AppData\Local\Temp\ccSAd20d.s 			page 11


 292 0071 07       		.byte	0x7
 293 0072 D4000000 		.4byte	.LASF8
 294 0076 04       		.uleb128 0x4
 295 0077 04       		.byte	0x4
 296 0078 07       		.byte	0x7
 297 0079 05010000 		.4byte	.LASF9
 298 007d 05       		.uleb128 0x5
 299 007e 04       		.byte	0x4
 300 007f 06       		.uleb128 0x6
 301 0080 04       		.byte	0x4
 302 0081 85000000 		.4byte	0x85
 303 0085 07       		.uleb128 0x7
 304 0086 04       		.uleb128 0x4
 305 0087 01       		.byte	0x1
 306 0088 08       		.byte	0x8
 307 0089 1C010000 		.4byte	.LASF10
 308 008d 08       		.uleb128 0x8
 309 008e 6C000000 		.4byte	.LASF12
 310 0092 03       		.byte	0x3
 311 0093 B901     		.2byte	0x1b9
 312 0095 45000000 		.4byte	0x45
 313 0099 08       		.uleb128 0x8
 314 009a A4000000 		.4byte	.LASF13
 315 009e 03       		.byte	0x3
 316 009f BA01     		.2byte	0x1ba
 317 00a1 53000000 		.4byte	0x53
 318 00a5 08       		.uleb128 0x8
 319 00a6 AB000000 		.4byte	.LASF14
 320 00aa 03       		.byte	0x3
 321 00ab BB01     		.2byte	0x1bb
 322 00ad 61000000 		.4byte	0x61
 323 00b1 04       		.uleb128 0x4
 324 00b2 04       		.byte	0x4
 325 00b3 04       		.byte	0x4
 326 00b4 4A000000 		.4byte	.LASF15
 327 00b8 04       		.uleb128 0x4
 328 00b9 08       		.byte	0x8
 329 00ba 04       		.byte	0x4
 330 00bb 91000000 		.4byte	.LASF16
 331 00bf 08       		.uleb128 0x8
 332 00c0 55000000 		.4byte	.LASF17
 333 00c4 03       		.byte	0x3
 334 00c5 6302     		.2byte	0x263
 335 00c7 CB000000 		.4byte	0xcb
 336 00cb 09       		.uleb128 0x9
 337 00cc 8D000000 		.4byte	0x8d
 338 00d0 08       		.uleb128 0x8
 339 00d1 00000000 		.4byte	.LASF18
 340 00d5 03       		.byte	0x3
 341 00d6 6502     		.2byte	0x265
 342 00d8 DC000000 		.4byte	0xdc
 343 00dc 09       		.uleb128 0x9
 344 00dd A5000000 		.4byte	0xa5
 345 00e1 08       		.uleb128 0x8
 346 00e2 EB000000 		.4byte	.LASF19
 347 00e6 03       		.byte	0x3
 348 00e7 7502     		.2byte	0x275
ARM GAS  C:\Users\Anders\AppData\Local\Temp\ccSAd20d.s 			page 12


 349 00e9 7F000000 		.4byte	0x7f
 350 00ed 0A       		.uleb128 0xa
 351 00ee 72000000 		.4byte	.LASF20
 352 00f2 01       		.byte	0x1
 353 00f3 3E       		.byte	0x3e
 354 00f4 00000000 		.4byte	.LFB0
 355 00f8 0C000000 		.4byte	.LFE0-.LFB0
 356 00fc 01       		.uleb128 0x1
 357 00fd 9C       		.byte	0x9c
 358 00fe 3A010000 		.4byte	0x13a
 359 0102 0B       		.uleb128 0xb
 360 0103 7300     		.ascii	"s\000"
 361 0105 01       		.byte	0x1
 362 0106 3E       		.byte	0x3e
 363 0107 7D000000 		.4byte	0x7d
 364 010b 00000000 		.4byte	.LLST0
 365 010f 0B       		.uleb128 0xb
 366 0110 6E00     		.ascii	"n\000"
 367 0112 01       		.byte	0x1
 368 0113 3E       		.byte	0x3e
 369 0114 2C000000 		.4byte	0x2c
 370 0118 21000000 		.4byte	.LLST1
 371 011c 0C       		.uleb128 0xc
 372 011d 0A000000 		.4byte	.LVL2
 373 0121 3D020000 		.4byte	0x23d
 374 0125 0D       		.uleb128 0xd
 375 0126 01       		.uleb128 0x1
 376 0127 52       		.byte	0x52
 377 0128 03       		.uleb128 0x3
 378 0129 F3       		.byte	0xf3
 379 012a 01       		.uleb128 0x1
 380 012b 51       		.byte	0x51
 381 012c 0D       		.uleb128 0xd
 382 012d 01       		.uleb128 0x1
 383 012e 51       		.byte	0x51
 384 012f 01       		.uleb128 0x1
 385 0130 30       		.byte	0x30
 386 0131 0D       		.uleb128 0xd
 387 0132 01       		.uleb128 0x1
 388 0133 50       		.byte	0x50
 389 0134 03       		.uleb128 0x3
 390 0135 F3       		.byte	0xf3
 391 0136 01       		.uleb128 0x1
 392 0137 50       		.byte	0x50
 393 0138 00       		.byte	0
 394 0139 00       		.byte	0
 395 013a 0A       		.uleb128 0xa
 396 013b 2C000000 		.4byte	.LASF21
 397 013f 01       		.byte	0x1
 398 0140 9C       		.byte	0x9c
 399 0141 00000000 		.4byte	.LFB3
 400 0145 5C000000 		.4byte	.LFE3-.LFB3
 401 0149 01       		.uleb128 0x1
 402 014a 9C       		.byte	0x9c
 403 014b 85010000 		.4byte	0x185
 404 014f 0E       		.uleb128 0xe
 405 0150 14000000 		.4byte	.LVL3
ARM GAS  C:\Users\Anders\AppData\Local\Temp\ccSAd20d.s 			page 13


 406 0154 5A020000 		.4byte	0x25a
 407 0158 62010000 		.4byte	0x162
 408 015c 0D       		.uleb128 0xd
 409 015d 01       		.uleb128 0x1
 410 015e 50       		.byte	0x50
 411 015f 01       		.uleb128 0x1
 412 0160 48       		.byte	0x48
 413 0161 00       		.byte	0
 414 0162 0E       		.uleb128 0xe
 415 0163 34000000 		.4byte	.LVL4
 416 0167 6B020000 		.4byte	0x26b
 417 016b 75010000 		.4byte	0x175
 418 016f 0D       		.uleb128 0xd
 419 0170 01       		.uleb128 0x1
 420 0171 50       		.byte	0x50
 421 0172 01       		.uleb128 0x1
 422 0173 39       		.byte	0x39
 423 0174 00       		.byte	0
 424 0175 0C       		.uleb128 0xc
 425 0176 3A000000 		.4byte	.LVL5
 426 017a 85020000 		.4byte	0x285
 427 017e 0D       		.uleb128 0xd
 428 017f 01       		.uleb128 0x1
 429 0180 50       		.byte	0x50
 430 0181 01       		.uleb128 0x1
 431 0182 39       		.byte	0x39
 432 0183 00       		.byte	0
 433 0184 00       		.byte	0
 434 0185 0F       		.uleb128 0xf
 435 0186 BF000000 		.4byte	.LASF31
 436 018a 01       		.byte	0x1
 437 018b E1       		.byte	0xe1
 438 018c 5C000000 		.4byte	.LFB5
 439 0190 84000000 		.4byte	.LFE5-.LFB5
 440 0194 01       		.uleb128 0x1
 441 0195 9C       		.byte	0x9c
 442 0196 3D020000 		.4byte	0x23d
 443 019a 10       		.uleb128 0x10
 444 019b 60000000 		.4byte	.LBB2
 445 019f 5A000000 		.4byte	.LBE2-.LBB2
 446 01a3 33020000 		.4byte	0x233
 447 01a7 11       		.uleb128 0x11
 448 01a8 06       		.byte	0x6
 449 01a9 01       		.byte	0x1
 450 01aa E8       		.byte	0xe8
 451 01ab C8010000 		.4byte	0x1c8
 452 01af 12       		.uleb128 0x12
 453 01b0 CC000000 		.4byte	.LASF22
 454 01b4 01       		.byte	0x1
 455 01b5 E9       		.byte	0xe9
 456 01b6 7D000000 		.4byte	0x7d
 457 01ba 00       		.byte	0
 458 01bb 12       		.uleb128 0x12
 459 01bc 50000000 		.4byte	.LASF23
 460 01c0 01       		.byte	0x1
 461 01c1 EA       		.byte	0xea
 462 01c2 99000000 		.4byte	0x99
ARM GAS  C:\Users\Anders\AppData\Local\Temp\ccSAd20d.s 			page 14


 463 01c6 04       		.byte	0x4
 464 01c7 00       		.byte	0
 465 01c8 03       		.uleb128 0x3
 466 01c9 F8000000 		.4byte	.LASF24
 467 01cd 01       		.byte	0x1
 468 01ce EB       		.byte	0xeb
 469 01cf A7010000 		.4byte	0x1a7
 470 01d3 13       		.uleb128 0x13
 471 01d4 C8010000 		.4byte	0x1c8
 472 01d8 E3010000 		.4byte	0x1e3
 473 01dc 14       		.uleb128 0x14
 474 01dd 76000000 		.4byte	0x76
 475 01e1 01       		.byte	0x1
 476 01e2 00       		.byte	0
 477 01e3 15       		.uleb128 0x15
 478 01e4 1C000000 		.4byte	.LASF25
 479 01e8 01       		.byte	0x1
 480 01e9 ED       		.byte	0xed
 481 01ea F4010000 		.4byte	0x1f4
 482 01ee 05       		.uleb128 0x5
 483 01ef 03       		.byte	0x3
 484 01f0 00000000 		.4byte	cfg_memset_list.4725
 485 01f4 16       		.uleb128 0x16
 486 01f5 D3010000 		.4byte	0x1d3
 487 01f9 17       		.uleb128 0x17
 488 01fa 6900     		.ascii	"i\000"
 489 01fc 01       		.byte	0x1
 490 01fd F3       		.byte	0xf3
 491 01fe 8D000000 		.4byte	0x8d
 492 0202 4D000000 		.4byte	.LLST2
 493 0206 18       		.uleb128 0x18
 494 0207 64000000 		.4byte	.LBB3
 495 020b 1E000000 		.4byte	.LBE3-.LBB3
 496 020f 17       		.uleb128 0x17
 497 0210 6D7300   		.ascii	"ms\000"
 498 0213 01       		.byte	0x1
 499 0214 F8       		.byte	0xf8
 500 0215 1D020000 		.4byte	0x21d
 501 0219 77000000 		.4byte	.LLST3
 502 021d 06       		.uleb128 0x6
 503 021e 04       		.byte	0x4
 504 021f 23020000 		.4byte	0x223
 505 0223 16       		.uleb128 0x16
 506 0224 C8010000 		.4byte	0x1c8
 507 0228 19       		.uleb128 0x19
 508 0229 82000000 		.4byte	.LVL8
 509 022d ED000000 		.4byte	0xed
 510 0231 00       		.byte	0
 511 0232 00       		.byte	0
 512 0233 19       		.uleb128 0x19
 513 0234 C6000000 		.4byte	.LVL11
 514 0238 3A010000 		.4byte	0x13a
 515 023c 00       		.byte	0
 516 023d 1A       		.uleb128 0x1a
 517 023e 8A000000 		.4byte	.LASF26
 518 0242 7D000000 		.4byte	0x7d
 519 0246 5A020000 		.4byte	0x25a
ARM GAS  C:\Users\Anders\AppData\Local\Temp\ccSAd20d.s 			page 15


 520 024a 1B       		.uleb128 0x1b
 521 024b 7D000000 		.4byte	0x7d
 522 024f 1B       		.uleb128 0x1b
 523 0250 25000000 		.4byte	0x25
 524 0254 1B       		.uleb128 0x1b
 525 0255 76000000 		.4byte	0x76
 526 0259 00       		.byte	0
 527 025a 1C       		.uleb128 0x1c
 528 025b EE010000 		.4byte	.LASF27
 529 025f 04       		.byte	0x4
 530 0260 6C       		.byte	0x6c
 531 0261 6B020000 		.4byte	0x26b
 532 0265 1B       		.uleb128 0x1b
 533 0266 A5000000 		.4byte	0xa5
 534 026a 00       		.byte	0
 535 026b 1D       		.uleb128 0x1d
 536 026c 0D000000 		.4byte	.LASF32
 537 0270 04       		.byte	0x4
 538 0271 BD       		.byte	0xbd
 539 0272 E1000000 		.4byte	0xe1
 540 0276 85020000 		.4byte	0x285
 541 027a 1B       		.uleb128 0x1b
 542 027b 8D000000 		.4byte	0x8d
 543 027f 1B       		.uleb128 0x1b
 544 0280 E1000000 		.4byte	0xe1
 545 0284 00       		.byte	0
 546 0285 1E       		.uleb128 0x1e
 547 0286 98000000 		.4byte	.LASF33
 548 028a 04       		.byte	0x4
 549 028b C3       		.byte	0xc3
 550 028c 1B       		.uleb128 0x1b
 551 028d 8D000000 		.4byte	0x8d
 552 0291 00       		.byte	0
 553 0292 00       		.byte	0
 554              		.section	.debug_abbrev,"",%progbits
 555              	.Ldebug_abbrev0:
 556 0000 01       		.uleb128 0x1
 557 0001 11       		.uleb128 0x11
 558 0002 01       		.byte	0x1
 559 0003 25       		.uleb128 0x25
 560 0004 0E       		.uleb128 0xe
 561 0005 13       		.uleb128 0x13
 562 0006 0B       		.uleb128 0xb
 563 0007 03       		.uleb128 0x3
 564 0008 0E       		.uleb128 0xe
 565 0009 1B       		.uleb128 0x1b
 566 000a 0E       		.uleb128 0xe
 567 000b 55       		.uleb128 0x55
 568 000c 17       		.uleb128 0x17
 569 000d 11       		.uleb128 0x11
 570 000e 01       		.uleb128 0x1
 571 000f 10       		.uleb128 0x10
 572 0010 17       		.uleb128 0x17
 573 0011 00       		.byte	0
 574 0012 00       		.byte	0
 575 0013 02       		.uleb128 0x2
 576 0014 24       		.uleb128 0x24
ARM GAS  C:\Users\Anders\AppData\Local\Temp\ccSAd20d.s 			page 16


 577 0015 00       		.byte	0
 578 0016 0B       		.uleb128 0xb
 579 0017 0B       		.uleb128 0xb
 580 0018 3E       		.uleb128 0x3e
 581 0019 0B       		.uleb128 0xb
 582 001a 03       		.uleb128 0x3
 583 001b 08       		.uleb128 0x8
 584 001c 00       		.byte	0
 585 001d 00       		.byte	0
 586 001e 03       		.uleb128 0x3
 587 001f 16       		.uleb128 0x16
 588 0020 00       		.byte	0
 589 0021 03       		.uleb128 0x3
 590 0022 0E       		.uleb128 0xe
 591 0023 3A       		.uleb128 0x3a
 592 0024 0B       		.uleb128 0xb
 593 0025 3B       		.uleb128 0x3b
 594 0026 0B       		.uleb128 0xb
 595 0027 49       		.uleb128 0x49
 596 0028 13       		.uleb128 0x13
 597 0029 00       		.byte	0
 598 002a 00       		.byte	0
 599 002b 04       		.uleb128 0x4
 600 002c 24       		.uleb128 0x24
 601 002d 00       		.byte	0
 602 002e 0B       		.uleb128 0xb
 603 002f 0B       		.uleb128 0xb
 604 0030 3E       		.uleb128 0x3e
 605 0031 0B       		.uleb128 0xb
 606 0032 03       		.uleb128 0x3
 607 0033 0E       		.uleb128 0xe
 608 0034 00       		.byte	0
 609 0035 00       		.byte	0
 610 0036 05       		.uleb128 0x5
 611 0037 0F       		.uleb128 0xf
 612 0038 00       		.byte	0
 613 0039 0B       		.uleb128 0xb
 614 003a 0B       		.uleb128 0xb
 615 003b 00       		.byte	0
 616 003c 00       		.byte	0
 617 003d 06       		.uleb128 0x6
 618 003e 0F       		.uleb128 0xf
 619 003f 00       		.byte	0
 620 0040 0B       		.uleb128 0xb
 621 0041 0B       		.uleb128 0xb
 622 0042 49       		.uleb128 0x49
 623 0043 13       		.uleb128 0x13
 624 0044 00       		.byte	0
 625 0045 00       		.byte	0
 626 0046 07       		.uleb128 0x7
 627 0047 15       		.uleb128 0x15
 628 0048 00       		.byte	0
 629 0049 27       		.uleb128 0x27
 630 004a 19       		.uleb128 0x19
 631 004b 00       		.byte	0
 632 004c 00       		.byte	0
 633 004d 08       		.uleb128 0x8
ARM GAS  C:\Users\Anders\AppData\Local\Temp\ccSAd20d.s 			page 17


 634 004e 16       		.uleb128 0x16
 635 004f 00       		.byte	0
 636 0050 03       		.uleb128 0x3
 637 0051 0E       		.uleb128 0xe
 638 0052 3A       		.uleb128 0x3a
 639 0053 0B       		.uleb128 0xb
 640 0054 3B       		.uleb128 0x3b
 641 0055 05       		.uleb128 0x5
 642 0056 49       		.uleb128 0x49
 643 0057 13       		.uleb128 0x13
 644 0058 00       		.byte	0
 645 0059 00       		.byte	0
 646 005a 09       		.uleb128 0x9
 647 005b 35       		.uleb128 0x35
 648 005c 00       		.byte	0
 649 005d 49       		.uleb128 0x49
 650 005e 13       		.uleb128 0x13
 651 005f 00       		.byte	0
 652 0060 00       		.byte	0
 653 0061 0A       		.uleb128 0xa
 654 0062 2E       		.uleb128 0x2e
 655 0063 01       		.byte	0x1
 656 0064 03       		.uleb128 0x3
 657 0065 0E       		.uleb128 0xe
 658 0066 3A       		.uleb128 0x3a
 659 0067 0B       		.uleb128 0xb
 660 0068 3B       		.uleb128 0x3b
 661 0069 0B       		.uleb128 0xb
 662 006a 27       		.uleb128 0x27
 663 006b 19       		.uleb128 0x19
 664 006c 11       		.uleb128 0x11
 665 006d 01       		.uleb128 0x1
 666 006e 12       		.uleb128 0x12
 667 006f 06       		.uleb128 0x6
 668 0070 40       		.uleb128 0x40
 669 0071 18       		.uleb128 0x18
 670 0072 9742     		.uleb128 0x2117
 671 0074 19       		.uleb128 0x19
 672 0075 01       		.uleb128 0x1
 673 0076 13       		.uleb128 0x13
 674 0077 00       		.byte	0
 675 0078 00       		.byte	0
 676 0079 0B       		.uleb128 0xb
 677 007a 05       		.uleb128 0x5
 678 007b 00       		.byte	0
 679 007c 03       		.uleb128 0x3
 680 007d 08       		.uleb128 0x8
 681 007e 3A       		.uleb128 0x3a
 682 007f 0B       		.uleb128 0xb
 683 0080 3B       		.uleb128 0x3b
 684 0081 0B       		.uleb128 0xb
 685 0082 49       		.uleb128 0x49
 686 0083 13       		.uleb128 0x13
 687 0084 02       		.uleb128 0x2
 688 0085 17       		.uleb128 0x17
 689 0086 00       		.byte	0
 690 0087 00       		.byte	0
ARM GAS  C:\Users\Anders\AppData\Local\Temp\ccSAd20d.s 			page 18


 691 0088 0C       		.uleb128 0xc
 692 0089 898201   		.uleb128 0x4109
 693 008c 01       		.byte	0x1
 694 008d 11       		.uleb128 0x11
 695 008e 01       		.uleb128 0x1
 696 008f 31       		.uleb128 0x31
 697 0090 13       		.uleb128 0x13
 698 0091 00       		.byte	0
 699 0092 00       		.byte	0
 700 0093 0D       		.uleb128 0xd
 701 0094 8A8201   		.uleb128 0x410a
 702 0097 00       		.byte	0
 703 0098 02       		.uleb128 0x2
 704 0099 18       		.uleb128 0x18
 705 009a 9142     		.uleb128 0x2111
 706 009c 18       		.uleb128 0x18
 707 009d 00       		.byte	0
 708 009e 00       		.byte	0
 709 009f 0E       		.uleb128 0xe
 710 00a0 898201   		.uleb128 0x4109
 711 00a3 01       		.byte	0x1
 712 00a4 11       		.uleb128 0x11
 713 00a5 01       		.uleb128 0x1
 714 00a6 31       		.uleb128 0x31
 715 00a7 13       		.uleb128 0x13
 716 00a8 01       		.uleb128 0x1
 717 00a9 13       		.uleb128 0x13
 718 00aa 00       		.byte	0
 719 00ab 00       		.byte	0
 720 00ac 0F       		.uleb128 0xf
 721 00ad 2E       		.uleb128 0x2e
 722 00ae 01       		.byte	0x1
 723 00af 3F       		.uleb128 0x3f
 724 00b0 19       		.uleb128 0x19
 725 00b1 03       		.uleb128 0x3
 726 00b2 0E       		.uleb128 0xe
 727 00b3 3A       		.uleb128 0x3a
 728 00b4 0B       		.uleb128 0xb
 729 00b5 3B       		.uleb128 0x3b
 730 00b6 0B       		.uleb128 0xb
 731 00b7 27       		.uleb128 0x27
 732 00b8 19       		.uleb128 0x19
 733 00b9 11       		.uleb128 0x11
 734 00ba 01       		.uleb128 0x1
 735 00bb 12       		.uleb128 0x12
 736 00bc 06       		.uleb128 0x6
 737 00bd 40       		.uleb128 0x40
 738 00be 18       		.uleb128 0x18
 739 00bf 9742     		.uleb128 0x2117
 740 00c1 19       		.uleb128 0x19
 741 00c2 01       		.uleb128 0x1
 742 00c3 13       		.uleb128 0x13
 743 00c4 00       		.byte	0
 744 00c5 00       		.byte	0
 745 00c6 10       		.uleb128 0x10
 746 00c7 0B       		.uleb128 0xb
 747 00c8 01       		.byte	0x1
ARM GAS  C:\Users\Anders\AppData\Local\Temp\ccSAd20d.s 			page 19


 748 00c9 11       		.uleb128 0x11
 749 00ca 01       		.uleb128 0x1
 750 00cb 12       		.uleb128 0x12
 751 00cc 06       		.uleb128 0x6
 752 00cd 01       		.uleb128 0x1
 753 00ce 13       		.uleb128 0x13
 754 00cf 00       		.byte	0
 755 00d0 00       		.byte	0
 756 00d1 11       		.uleb128 0x11
 757 00d2 13       		.uleb128 0x13
 758 00d3 01       		.byte	0x1
 759 00d4 0B       		.uleb128 0xb
 760 00d5 0B       		.uleb128 0xb
 761 00d6 3A       		.uleb128 0x3a
 762 00d7 0B       		.uleb128 0xb
 763 00d8 3B       		.uleb128 0x3b
 764 00d9 0B       		.uleb128 0xb
 765 00da 01       		.uleb128 0x1
 766 00db 13       		.uleb128 0x13
 767 00dc 00       		.byte	0
 768 00dd 00       		.byte	0
 769 00de 12       		.uleb128 0x12
 770 00df 0D       		.uleb128 0xd
 771 00e0 00       		.byte	0
 772 00e1 03       		.uleb128 0x3
 773 00e2 0E       		.uleb128 0xe
 774 00e3 3A       		.uleb128 0x3a
 775 00e4 0B       		.uleb128 0xb
 776 00e5 3B       		.uleb128 0x3b
 777 00e6 0B       		.uleb128 0xb
 778 00e7 49       		.uleb128 0x49
 779 00e8 13       		.uleb128 0x13
 780 00e9 38       		.uleb128 0x38
 781 00ea 0B       		.uleb128 0xb
 782 00eb 00       		.byte	0
 783 00ec 00       		.byte	0
 784 00ed 13       		.uleb128 0x13
 785 00ee 01       		.uleb128 0x1
 786 00ef 01       		.byte	0x1
 787 00f0 49       		.uleb128 0x49
 788 00f1 13       		.uleb128 0x13
 789 00f2 01       		.uleb128 0x1
 790 00f3 13       		.uleb128 0x13
 791 00f4 00       		.byte	0
 792 00f5 00       		.byte	0
 793 00f6 14       		.uleb128 0x14
 794 00f7 21       		.uleb128 0x21
 795 00f8 00       		.byte	0
 796 00f9 49       		.uleb128 0x49
 797 00fa 13       		.uleb128 0x13
 798 00fb 2F       		.uleb128 0x2f
 799 00fc 0B       		.uleb128 0xb
 800 00fd 00       		.byte	0
 801 00fe 00       		.byte	0
 802 00ff 15       		.uleb128 0x15
 803 0100 34       		.uleb128 0x34
 804 0101 00       		.byte	0
ARM GAS  C:\Users\Anders\AppData\Local\Temp\ccSAd20d.s 			page 20


 805 0102 03       		.uleb128 0x3
 806 0103 0E       		.uleb128 0xe
 807 0104 3A       		.uleb128 0x3a
 808 0105 0B       		.uleb128 0xb
 809 0106 3B       		.uleb128 0x3b
 810 0107 0B       		.uleb128 0xb
 811 0108 49       		.uleb128 0x49
 812 0109 13       		.uleb128 0x13
 813 010a 02       		.uleb128 0x2
 814 010b 18       		.uleb128 0x18
 815 010c 00       		.byte	0
 816 010d 00       		.byte	0
 817 010e 16       		.uleb128 0x16
 818 010f 26       		.uleb128 0x26
 819 0110 00       		.byte	0
 820 0111 49       		.uleb128 0x49
 821 0112 13       		.uleb128 0x13
 822 0113 00       		.byte	0
 823 0114 00       		.byte	0
 824 0115 17       		.uleb128 0x17
 825 0116 34       		.uleb128 0x34
 826 0117 00       		.byte	0
 827 0118 03       		.uleb128 0x3
 828 0119 08       		.uleb128 0x8
 829 011a 3A       		.uleb128 0x3a
 830 011b 0B       		.uleb128 0xb
 831 011c 3B       		.uleb128 0x3b
 832 011d 0B       		.uleb128 0xb
 833 011e 49       		.uleb128 0x49
 834 011f 13       		.uleb128 0x13
 835 0120 02       		.uleb128 0x2
 836 0121 17       		.uleb128 0x17
 837 0122 00       		.byte	0
 838 0123 00       		.byte	0
 839 0124 18       		.uleb128 0x18
 840 0125 0B       		.uleb128 0xb
 841 0126 01       		.byte	0x1
 842 0127 11       		.uleb128 0x11
 843 0128 01       		.uleb128 0x1
 844 0129 12       		.uleb128 0x12
 845 012a 06       		.uleb128 0x6
 846 012b 00       		.byte	0
 847 012c 00       		.byte	0
 848 012d 19       		.uleb128 0x19
 849 012e 898201   		.uleb128 0x4109
 850 0131 00       		.byte	0
 851 0132 11       		.uleb128 0x11
 852 0133 01       		.uleb128 0x1
 853 0134 31       		.uleb128 0x31
 854 0135 13       		.uleb128 0x13
 855 0136 00       		.byte	0
 856 0137 00       		.byte	0
 857 0138 1A       		.uleb128 0x1a
 858 0139 2E       		.uleb128 0x2e
 859 013a 01       		.byte	0x1
 860 013b 3F       		.uleb128 0x3f
 861 013c 19       		.uleb128 0x19
ARM GAS  C:\Users\Anders\AppData\Local\Temp\ccSAd20d.s 			page 21


 862 013d 03       		.uleb128 0x3
 863 013e 0E       		.uleb128 0xe
 864 013f 27       		.uleb128 0x27
 865 0140 19       		.uleb128 0x19
 866 0141 49       		.uleb128 0x49
 867 0142 13       		.uleb128 0x13
 868 0143 34       		.uleb128 0x34
 869 0144 19       		.uleb128 0x19
 870 0145 3C       		.uleb128 0x3c
 871 0146 19       		.uleb128 0x19
 872 0147 01       		.uleb128 0x1
 873 0148 13       		.uleb128 0x13
 874 0149 00       		.byte	0
 875 014a 00       		.byte	0
 876 014b 1B       		.uleb128 0x1b
 877 014c 05       		.uleb128 0x5
 878 014d 00       		.byte	0
 879 014e 49       		.uleb128 0x49
 880 014f 13       		.uleb128 0x13
 881 0150 00       		.byte	0
 882 0151 00       		.byte	0
 883 0152 1C       		.uleb128 0x1c
 884 0153 2E       		.uleb128 0x2e
 885 0154 01       		.byte	0x1
 886 0155 3F       		.uleb128 0x3f
 887 0156 19       		.uleb128 0x19
 888 0157 03       		.uleb128 0x3
 889 0158 0E       		.uleb128 0xe
 890 0159 3A       		.uleb128 0x3a
 891 015a 0B       		.uleb128 0xb
 892 015b 3B       		.uleb128 0x3b
 893 015c 0B       		.uleb128 0xb
 894 015d 27       		.uleb128 0x27
 895 015e 19       		.uleb128 0x19
 896 015f 3C       		.uleb128 0x3c
 897 0160 19       		.uleb128 0x19
 898 0161 01       		.uleb128 0x1
 899 0162 13       		.uleb128 0x13
 900 0163 00       		.byte	0
 901 0164 00       		.byte	0
 902 0165 1D       		.uleb128 0x1d
 903 0166 2E       		.uleb128 0x2e
 904 0167 01       		.byte	0x1
 905 0168 3F       		.uleb128 0x3f
 906 0169 19       		.uleb128 0x19
 907 016a 03       		.uleb128 0x3
 908 016b 0E       		.uleb128 0xe
 909 016c 3A       		.uleb128 0x3a
 910 016d 0B       		.uleb128 0xb
 911 016e 3B       		.uleb128 0x3b
 912 016f 0B       		.uleb128 0xb
 913 0170 27       		.uleb128 0x27
 914 0171 19       		.uleb128 0x19
 915 0172 49       		.uleb128 0x49
 916 0173 13       		.uleb128 0x13
 917 0174 3C       		.uleb128 0x3c
 918 0175 19       		.uleb128 0x19
ARM GAS  C:\Users\Anders\AppData\Local\Temp\ccSAd20d.s 			page 22


 919 0176 01       		.uleb128 0x1
 920 0177 13       		.uleb128 0x13
 921 0178 00       		.byte	0
 922 0179 00       		.byte	0
 923 017a 1E       		.uleb128 0x1e
 924 017b 2E       		.uleb128 0x2e
 925 017c 01       		.byte	0x1
 926 017d 3F       		.uleb128 0x3f
 927 017e 19       		.uleb128 0x19
 928 017f 03       		.uleb128 0x3
 929 0180 0E       		.uleb128 0xe
 930 0181 3A       		.uleb128 0x3a
 931 0182 0B       		.uleb128 0xb
 932 0183 3B       		.uleb128 0x3b
 933 0184 0B       		.uleb128 0xb
 934 0185 27       		.uleb128 0x27
 935 0186 19       		.uleb128 0x19
 936 0187 3C       		.uleb128 0x3c
 937 0188 19       		.uleb128 0x19
 938 0189 00       		.byte	0
 939 018a 00       		.byte	0
 940 018b 00       		.byte	0
 941              		.section	.debug_loc,"",%progbits
 942              	.Ldebug_loc0:
 943              	.LLST0:
 944 0000 00000000 		.4byte	.LVL0
 945 0004 09000000 		.4byte	.LVL2-1
 946 0008 0100     		.2byte	0x1
 947 000a 50       		.byte	0x50
 948 000b 09000000 		.4byte	.LVL2-1
 949 000f 0C000000 		.4byte	.LFE0
 950 0013 0400     		.2byte	0x4
 951 0015 F3       		.byte	0xf3
 952 0016 01       		.uleb128 0x1
 953 0017 50       		.byte	0x50
 954 0018 9F       		.byte	0x9f
 955 0019 00000000 		.4byte	0
 956 001d 00000000 		.4byte	0
 957              	.LLST1:
 958 0021 00000000 		.4byte	.LVL0
 959 0025 06000000 		.4byte	.LVL1
 960 0029 0100     		.2byte	0x1
 961 002b 51       		.byte	0x51
 962 002c 06000000 		.4byte	.LVL1
 963 0030 09000000 		.4byte	.LVL2-1
 964 0034 0100     		.2byte	0x1
 965 0036 52       		.byte	0x52
 966 0037 09000000 		.4byte	.LVL2-1
 967 003b 0C000000 		.4byte	.LFE0
 968 003f 0400     		.2byte	0x4
 969 0041 F3       		.byte	0xf3
 970 0042 01       		.uleb128 0x1
 971 0043 51       		.byte	0x51
 972 0044 9F       		.byte	0x9f
 973 0045 00000000 		.4byte	0
 974 0049 00000000 		.4byte	0
 975              	.LLST2:
ARM GAS  C:\Users\Anders\AppData\Local\Temp\ccSAd20d.s 			page 23


 976 004d 60000000 		.4byte	.LVL6
 977 0051 64000000 		.4byte	.LVL7
 978 0055 0200     		.2byte	0x2
 979 0057 30       		.byte	0x30
 980 0058 9F       		.byte	0x9f
 981 0059 64000000 		.4byte	.LVL7
 982 005d 84000000 		.4byte	.LVL9
 983 0061 0100     		.2byte	0x1
 984 0063 54       		.byte	0x54
 985 0064 86000000 		.4byte	.LVL10
 986 0068 C6000000 		.4byte	.LVL12
 987 006c 0100     		.2byte	0x1
 988 006e 54       		.byte	0x54
 989 006f 00000000 		.4byte	0
 990 0073 00000000 		.4byte	0
 991              	.LLST3:
 992 0077 64000000 		.4byte	.LVL7
 993 007b 84000000 		.4byte	.LVL9
 994 007f 0B00     		.2byte	0xb
 995 0081 74       		.byte	0x74
 996 0082 00       		.sleb128 0
 997 0083 36       		.byte	0x36
 998 0084 1E       		.byte	0x1e
 999 0085 03       		.byte	0x3
 1000 0086 00000000 		.4byte	cfg_memset_list.4725
 1001 008a 22       		.byte	0x22
 1002 008b 9F       		.byte	0x9f
 1003 008c 84000000 		.4byte	.LVL9
 1004 0090 86000000 		.4byte	.LVL10
 1005 0094 0B00     		.2byte	0xb
 1006 0096 74       		.byte	0x74
 1007 0097 7F       		.sleb128 -1
 1008 0098 36       		.byte	0x36
 1009 0099 1E       		.byte	0x1e
 1010 009a 03       		.byte	0x3
 1011 009b 00000000 		.4byte	cfg_memset_list.4725
 1012 009f 22       		.byte	0x22
 1013 00a0 9F       		.byte	0x9f
 1014 00a1 00000000 		.4byte	0
 1015 00a5 00000000 		.4byte	0
 1016              		.section	.debug_aranges,"",%progbits
 1017 0000 2C000000 		.4byte	0x2c
 1018 0004 0200     		.2byte	0x2
 1019 0006 00000000 		.4byte	.Ldebug_info0
 1020 000a 04       		.byte	0x4
 1021 000b 00       		.byte	0
 1022 000c 0000     		.2byte	0
 1023 000e 0000     		.2byte	0
 1024 0010 00000000 		.4byte	.LFB0
 1025 0014 0C000000 		.4byte	.LFE0-.LFB0
 1026 0018 00000000 		.4byte	.LFB3
 1027 001c 5C000000 		.4byte	.LFE3-.LFB3
 1028 0020 5C000000 		.4byte	.LFB5
 1029 0024 84000000 		.4byte	.LFE5-.LFB5
 1030 0028 00000000 		.4byte	0
 1031 002c 00000000 		.4byte	0
 1032              		.section	.debug_ranges,"",%progbits
ARM GAS  C:\Users\Anders\AppData\Local\Temp\ccSAd20d.s 			page 24


 1033              	.Ldebug_ranges0:
 1034 0000 00000000 		.4byte	.LFB0
 1035 0004 0C000000 		.4byte	.LFE0
 1036 0008 00000000 		.4byte	.LFB3
 1037 000c 5C000000 		.4byte	.LFE3
 1038 0010 5C000000 		.4byte	.LFB5
 1039 0014 E0000000 		.4byte	.LFE5
 1040 0018 00000000 		.4byte	0
 1041 001c 00000000 		.4byte	0
 1042              		.section	.debug_line,"",%progbits
 1043              	.Ldebug_line0:
 1044 0000 27010000 		.section	.debug_str,"MS",%progbits,1
 1044      0200D600 
 1044      00000201 
 1044      FB0E0D00 
 1044      01010101 
 1045              	.LASF18:
 1046 0000 72656733 		.ascii	"reg32\000"
 1046      3200
 1047              	.LASF11:
 1048 0006 73697A65 		.ascii	"size_t\000"
 1048      5F7400
 1049              	.LASF32:
 1050 000d 4379496E 		.ascii	"CyIntSetVector\000"
 1050      74536574 
 1050      56656374 
 1050      6F7200
 1051              	.LASF25:
 1052 001c 6366675F 		.ascii	"cfg_memset_list\000"
 1052      6D656D73 
 1052      65745F6C 
 1052      69737400 
 1053              	.LASF21:
 1054 002c 436C6F63 		.ascii	"ClockSetup\000"
 1054      6B536574 
 1054      757000
 1055              	.LASF4:
 1056 0037 73686F72 		.ascii	"short unsigned int\000"
 1056      7420756E 
 1056      7369676E 
 1056      65642069 
 1056      6E7400
 1057              	.LASF15:
 1058 004a 666C6F61 		.ascii	"float\000"
 1058      7400
 1059              	.LASF23:
 1060 0050 73697A65 		.ascii	"size\000"
 1060      00
 1061              	.LASF17:
 1062 0055 72656738 		.ascii	"reg8\000"
 1062      00
 1063              	.LASF6:
 1064 005a 6C6F6E67 		.ascii	"long unsigned int\000"
 1064      20756E73 
 1064      69676E65 
 1064      6420696E 
 1064      7400
ARM GAS  C:\Users\Anders\AppData\Local\Temp\ccSAd20d.s 			page 25


 1065              	.LASF12:
 1066 006c 75696E74 		.ascii	"uint8\000"
 1066      3800
 1067              	.LASF20:
 1068 0072 43594D45 		.ascii	"CYMEMZERO\000"
 1068      4D5A4552 
 1068      4F00
 1069              	.LASF2:
 1070 007c 756E7369 		.ascii	"unsigned char\000"
 1070      676E6564 
 1070      20636861 
 1070      7200
 1071              	.LASF26:
 1072 008a 6D656D73 		.ascii	"memset\000"
 1072      657400
 1073              	.LASF16:
 1074 0091 646F7562 		.ascii	"double\000"
 1074      6C6500
 1075              	.LASF33:
 1076 0098 4379496E 		.ascii	"CyIntEnable\000"
 1076      74456E61 
 1076      626C6500 
 1077              	.LASF13:
 1078 00a4 75696E74 		.ascii	"uint16\000"
 1078      313600
 1079              	.LASF14:
 1080 00ab 75696E74 		.ascii	"uint32\000"
 1080      333200
 1081              	.LASF0:
 1082 00b2 756E7369 		.ascii	"unsigned int\000"
 1082      676E6564 
 1082      20696E74 
 1082      00
 1083              	.LASF31:
 1084 00bf 63796669 		.ascii	"cyfitter_cfg\000"
 1084      74746572 
 1084      5F636667 
 1084      00
 1085              	.LASF22:
 1086 00cc 61646472 		.ascii	"address\000"
 1086      65737300 
 1087              	.LASF8:
 1088 00d4 6C6F6E67 		.ascii	"long long unsigned int\000"
 1088      206C6F6E 
 1088      6720756E 
 1088      7369676E 
 1088      65642069 
 1089              	.LASF19:
 1090 00eb 63796973 		.ascii	"cyisraddress\000"
 1090      72616464 
 1090      72657373 
 1090      00
 1091              	.LASF24:
 1092 00f8 6366675F 		.ascii	"cfg_memset_t\000"
 1092      6D656D73 
 1092      65745F74 
 1092      00
ARM GAS  C:\Users\Anders\AppData\Local\Temp\ccSAd20d.s 			page 26


 1093              	.LASF9:
 1094 0105 73697A65 		.ascii	"sizetype\000"
 1094      74797065 
 1094      00
 1095              	.LASF7:
 1096 010e 6C6F6E67 		.ascii	"long long int\000"
 1096      206C6F6E 
 1096      6720696E 
 1096      7400
 1097              	.LASF10:
 1098 011c 63686172 		.ascii	"char\000"
 1098      00
 1099              	.LASF28:
 1100 0121 474E5520 		.ascii	"GNU C 4.9.3 20150303 (release) [ARM/embedded-4_9-br"
 1100      4320342E 
 1100      392E3320 
 1100      32303135 
 1100      30333033 
 1101 0154 616E6368 		.ascii	"anch revision 221220] -mcpu=cortex-m0 -mthumb -g -O"
 1101      20726576 
 1101      6973696F 
 1101      6E203232 
 1101      31323230 
 1102 0187 67202D66 		.ascii	"g -ffunction-sections -ffat-lto-objects\000"
 1102      66756E63 
 1102      74696F6E 
 1102      2D736563 
 1102      74696F6E 
 1103              	.LASF30:
 1104 01af 453A5C50 		.ascii	"E:\\Projekt 4. semester\\HellYaeh\\Spade\\Design01."
 1104      726F6A65 
 1104      6B742034 
 1104      2E207365 
 1104      6D657374 
 1105 01de 63796473 		.ascii	"cydsn\000"
 1105      6E00
 1106              	.LASF3:
 1107 01e4 73686F72 		.ascii	"short int\000"
 1107      7420696E 
 1107      7400
 1108              	.LASF27:
 1109 01ee 43795379 		.ascii	"CySysClkWriteImoFreq\000"
 1109      73436C6B 
 1109      57726974 
 1109      65496D6F 
 1109      46726571 
 1110              	.LASF5:
 1111 0203 6C6F6E67 		.ascii	"long int\000"
 1111      20696E74 
 1111      00
 1112              	.LASF1:
 1113 020c 7369676E 		.ascii	"signed char\000"
 1113      65642063 
 1113      68617200 
 1114              	.LASF29:
 1115 0218 47656E65 		.ascii	"Generated_Source\\PSoC4\\cyfitter_cfg.c\000"
 1115      72617465 
ARM GAS  C:\Users\Anders\AppData\Local\Temp\ccSAd20d.s 			page 27


 1115      645F536F 
 1115      75726365 
 1115      5C50536F 
 1116              		.ident	"GCC: (GNU Tools for ARM Embedded Processors) 4.9.3 20150303 (release) [ARM/embedded-4_9-br
