ARM GAS  C:\Users\Anders\AppData\Local\Temp\cc1GeigY.s 			page 1


   1              		.cpu cortex-m0
   2              		.fpu softvfp
   3              		.eabi_attribute 20, 1
   4              		.eabi_attribute 21, 1
   5              		.eabi_attribute 23, 3
   6              		.eabi_attribute 24, 1
   7              		.eabi_attribute 25, 1
   8              		.eabi_attribute 26, 1
   9              		.eabi_attribute 30, 6
  10              		.eabi_attribute 34, 0
  11              		.eabi_attribute 18, 4
  12              		.code	16
  13              		.file	"Cm0Start.c"
  14              		.text
  15              	.Ltext0:
  16              		.cfi_sections	.debug_frame
  17              		.section	.noinit,"aw",%progbits
  18              		.align	2
  19              		.type	cySysNoInitDataValid, %object
  20              		.size	cySysNoInitDataValid, 4
  21              	cySysNoInitDataValid:
  22 0000 00000000 		.space	4
  23              		.section	.text.IntDefaultHandler,"ax",%progbits
  24              		.align	2
  25              		.global	IntDefaultHandler
  26              		.code	16
  27              		.thumb_func
  28              		.type	IntDefaultHandler, %function
  29              	IntDefaultHandler:
  30              	.LFB0:
  31              		.file 1 ".\\Generated_Source\\PSoC4\\Cm0Start.c"
   1:.\Generated_Source\PSoC4/Cm0Start.c **** /***************************************************************************//**
   2:.\Generated_Source\PSoC4/Cm0Start.c **** * \file Cm0Start.c
   3:.\Generated_Source\PSoC4/Cm0Start.c **** * \version 5.40
   4:.\Generated_Source\PSoC4/Cm0Start.c **** *
   5:.\Generated_Source\PSoC4/Cm0Start.c **** * \brief Startup code for the ARM CM0.
   6:.\Generated_Source\PSoC4/Cm0Start.c **** *
   7:.\Generated_Source\PSoC4/Cm0Start.c **** ********************************************************************************
   8:.\Generated_Source\PSoC4/Cm0Start.c **** * \copyright
   9:.\Generated_Source\PSoC4/Cm0Start.c **** * Copyright 2010-2016, Cypress Semiconductor Corporation.  All rights reserved.
  10:.\Generated_Source\PSoC4/Cm0Start.c **** * You may use this file only in accordance with the license, terms, conditions,
  11:.\Generated_Source\PSoC4/Cm0Start.c **** * disclaimers, and limitations in the end user license agreement accompanying
  12:.\Generated_Source\PSoC4/Cm0Start.c **** * the software package with which this file was provided.
  13:.\Generated_Source\PSoC4/Cm0Start.c **** *******************************************************************************/
  14:.\Generated_Source\PSoC4/Cm0Start.c **** 
  15:.\Generated_Source\PSoC4/Cm0Start.c **** #include <limits.h>
  16:.\Generated_Source\PSoC4/Cm0Start.c **** #include "cydevice_trm.h"
  17:.\Generated_Source\PSoC4/Cm0Start.c **** #include "cytypes.h"
  18:.\Generated_Source\PSoC4/Cm0Start.c **** #include "cyfitter_cfg.h"
  19:.\Generated_Source\PSoC4/Cm0Start.c **** #include "CyLib.h"
  20:.\Generated_Source\PSoC4/Cm0Start.c **** #include "cyfitter.h"
  21:.\Generated_Source\PSoC4/Cm0Start.c **** #include "cyapicallbacks.h"
  22:.\Generated_Source\PSoC4/Cm0Start.c **** 
  23:.\Generated_Source\PSoC4/Cm0Start.c **** #define CY_NUM_VECTORS              (CY_INT_IRQ_BASE + CY_NUM_INTERRUPTS)
  24:.\Generated_Source\PSoC4/Cm0Start.c **** 
  25:.\Generated_Source\PSoC4/Cm0Start.c **** #if (CY_IP_CPUSS_CM0)
  26:.\Generated_Source\PSoC4/Cm0Start.c ****     #define CY_CPUSS_CONFIG_VECT_IN_RAM (( uint32 ) 0x01)
ARM GAS  C:\Users\Anders\AppData\Local\Temp\cc1GeigY.s 			page 2


  27:.\Generated_Source\PSoC4/Cm0Start.c **** #endif /* (CY_IP_CPUSS_CM0) */
  28:.\Generated_Source\PSoC4/Cm0Start.c **** 
  29:.\Generated_Source\PSoC4/Cm0Start.c **** 
  30:.\Generated_Source\PSoC4/Cm0Start.c **** #if (CY_IP_CPUSS_CM0)
  31:.\Generated_Source\PSoC4/Cm0Start.c ****     /* CPUSS Configuration register */
  32:.\Generated_Source\PSoC4/Cm0Start.c ****     #define CY_CPUSS_CONFIG_REG         (*(reg32 *) CYREG_CPUSS_CONFIG)
  33:.\Generated_Source\PSoC4/Cm0Start.c ****     #define CY_CPUSS_CONFIG_PTR         ( (reg32 *) CYREG_CPUSS_CONFIG)
  34:.\Generated_Source\PSoC4/Cm0Start.c **** #endif /* (CY_IP_CPUSS_CM0) */
  35:.\Generated_Source\PSoC4/Cm0Start.c **** 
  36:.\Generated_Source\PSoC4/Cm0Start.c **** 
  37:.\Generated_Source\PSoC4/Cm0Start.c **** #if defined (__ICCARM__)
  38:.\Generated_Source\PSoC4/Cm0Start.c ****     #define CY_NUM_ROM_VECTORS      (CY_NUM_VECTORS)
  39:.\Generated_Source\PSoC4/Cm0Start.c **** #else
  40:.\Generated_Source\PSoC4/Cm0Start.c ****     #define CY_NUM_ROM_VECTORS      (4u)
  41:.\Generated_Source\PSoC4/Cm0Start.c **** #endif  /* defined (__ICCARM__) */
  42:.\Generated_Source\PSoC4/Cm0Start.c **** 
  43:.\Generated_Source\PSoC4/Cm0Start.c **** /* Vector table address in SRAM */
  44:.\Generated_Source\PSoC4/Cm0Start.c **** #define CY_CPUSS_CONFIG_VECT_ADDR_IN_RAM    (0x20000000u)
  45:.\Generated_Source\PSoC4/Cm0Start.c **** 
  46:.\Generated_Source\PSoC4/Cm0Start.c **** #ifndef CY_SYS_INITIAL_STACK_POINTER
  47:.\Generated_Source\PSoC4/Cm0Start.c **** 
  48:.\Generated_Source\PSoC4/Cm0Start.c ****     #if defined(__ARMCC_VERSION)
  49:.\Generated_Source\PSoC4/Cm0Start.c ****         #define CY_SYS_INITIAL_STACK_POINTER ((cyisraddress)(uint32)&Image$$ARM_LIB_STACK$$ZI$$Limi
  50:.\Generated_Source\PSoC4/Cm0Start.c ****     #elif defined (__GNUC__)
  51:.\Generated_Source\PSoC4/Cm0Start.c ****         #define CY_SYS_INITIAL_STACK_POINTER (&__cy_stack)
  52:.\Generated_Source\PSoC4/Cm0Start.c ****     #elif defined (__ICCARM__)
  53:.\Generated_Source\PSoC4/Cm0Start.c ****         #pragma language=extended
  54:.\Generated_Source\PSoC4/Cm0Start.c ****         #pragma segment="CSTACK"
  55:.\Generated_Source\PSoC4/Cm0Start.c ****         #define CY_SYS_INITIAL_STACK_POINTER  { .__ptr = __sfe( "CSTACK" ) }
  56:.\Generated_Source\PSoC4/Cm0Start.c **** 
  57:.\Generated_Source\PSoC4/Cm0Start.c ****         extern void __iar_program_start( void );
  58:.\Generated_Source\PSoC4/Cm0Start.c ****         extern void __iar_data_init3 (void);
  59:.\Generated_Source\PSoC4/Cm0Start.c ****     #endif  /* (__ARMCC_VERSION) */
  60:.\Generated_Source\PSoC4/Cm0Start.c **** 
  61:.\Generated_Source\PSoC4/Cm0Start.c **** #endif /* CY_SYS_INITIAL_STACK_POINTER */
  62:.\Generated_Source\PSoC4/Cm0Start.c **** 
  63:.\Generated_Source\PSoC4/Cm0Start.c **** 
  64:.\Generated_Source\PSoC4/Cm0Start.c **** #if defined(__GNUC__)
  65:.\Generated_Source\PSoC4/Cm0Start.c ****     #include <errno.h>
  66:.\Generated_Source\PSoC4/Cm0Start.c ****     extern int  errno;
  67:.\Generated_Source\PSoC4/Cm0Start.c ****     extern int  end;
  68:.\Generated_Source\PSoC4/Cm0Start.c **** #endif  /* defined(__GNUC__) */
  69:.\Generated_Source\PSoC4/Cm0Start.c **** 
  70:.\Generated_Source\PSoC4/Cm0Start.c **** /* Extern functions */
  71:.\Generated_Source\PSoC4/Cm0Start.c **** extern void CyBtldr_CheckLaunch(void);
  72:.\Generated_Source\PSoC4/Cm0Start.c **** 
  73:.\Generated_Source\PSoC4/Cm0Start.c **** /* Function prototypes */
  74:.\Generated_Source\PSoC4/Cm0Start.c **** void initialize_psoc(void);
  75:.\Generated_Source\PSoC4/Cm0Start.c **** 
  76:.\Generated_Source\PSoC4/Cm0Start.c **** /* Global variables */
  77:.\Generated_Source\PSoC4/Cm0Start.c **** #if !defined (__ICCARM__)
  78:.\Generated_Source\PSoC4/Cm0Start.c ****     CY_NOINIT static uint32 cySysNoInitDataValid;
  79:.\Generated_Source\PSoC4/Cm0Start.c **** #endif  /* !defined (__ICCARM__) */
  80:.\Generated_Source\PSoC4/Cm0Start.c **** 
  81:.\Generated_Source\PSoC4/Cm0Start.c **** 
  82:.\Generated_Source\PSoC4/Cm0Start.c **** #if (CYDEV_PROJ_TYPE != CYDEV_PROJ_TYPE_STANDARD)
  83:.\Generated_Source\PSoC4/Cm0Start.c **** 
ARM GAS  C:\Users\Anders\AppData\Local\Temp\cc1GeigY.s 			page 3


  84:.\Generated_Source\PSoC4/Cm0Start.c ****     /*******************************************************************************
  85:.\Generated_Source\PSoC4/Cm0Start.c ****     This variable is used by the Bootloader/Bootloadable components to schedule
  86:.\Generated_Source\PSoC4/Cm0Start.c ****     what application will be started after a software reset.
  87:.\Generated_Source\PSoC4/Cm0Start.c ****     *******************************************************************************/
  88:.\Generated_Source\PSoC4/Cm0Start.c ****     #if (__ARMCC_VERSION)
  89:.\Generated_Source\PSoC4/Cm0Start.c ****         __attribute__ ((section(".bootloaderruntype"), zero_init))
  90:.\Generated_Source\PSoC4/Cm0Start.c ****     #elif defined (__GNUC__)
  91:.\Generated_Source\PSoC4/Cm0Start.c ****         __attribute__ ((section(".bootloaderruntype")))
  92:.\Generated_Source\PSoC4/Cm0Start.c ****     #elif defined (__ICCARM__)
  93:.\Generated_Source\PSoC4/Cm0Start.c ****         #pragma location=".bootloaderruntype"
  94:.\Generated_Source\PSoC4/Cm0Start.c ****     #endif /* (__ARMCC_VERSION) */
  95:.\Generated_Source\PSoC4/Cm0Start.c ****     volatile uint32 cyBtldrRunType;
  96:.\Generated_Source\PSoC4/Cm0Start.c **** 
  97:.\Generated_Source\PSoC4/Cm0Start.c **** #endif  /* (CYDEV_PROJ_TYPE != CYDEV_PROJ_TYPE_STANDARD) */
  98:.\Generated_Source\PSoC4/Cm0Start.c **** 
  99:.\Generated_Source\PSoC4/Cm0Start.c **** 
 100:.\Generated_Source\PSoC4/Cm0Start.c **** /*******************************************************************************
 101:.\Generated_Source\PSoC4/Cm0Start.c **** * Function Name: IntDefaultHandler
 102:.\Generated_Source\PSoC4/Cm0Start.c **** ****************************************************************************//**
 103:.\Generated_Source\PSoC4/Cm0Start.c **** *
 104:.\Generated_Source\PSoC4/Cm0Start.c **** *  This function is called for all interrupts, other than a reset that is called
 105:.\Generated_Source\PSoC4/Cm0Start.c **** *  before the system is setup.
 106:.\Generated_Source\PSoC4/Cm0Start.c **** *
 107:.\Generated_Source\PSoC4/Cm0Start.c **** *******************************************************************************/
 108:.\Generated_Source\PSoC4/Cm0Start.c **** CY_NORETURN
 109:.\Generated_Source\PSoC4/Cm0Start.c **** CY_ISR(IntDefaultHandler)
 110:.\Generated_Source\PSoC4/Cm0Start.c **** {
  32              		.loc 1 110 0
  33              		.cfi_startproc
  34 0000 80B5     		push	{r7, lr}
  35              		.cfi_def_cfa_offset 8
  36              		.cfi_offset 7, -8
  37              		.cfi_offset 14, -4
  38 0002 00AF     		add	r7, sp, #0
  39              		.cfi_def_cfa_register 7
  40              	.L2:
 111:.\Generated_Source\PSoC4/Cm0Start.c ****     /***************************************************************************
 112:.\Generated_Source\PSoC4/Cm0Start.c ****     * We must not get here. If we do, a serious problem occurs, so go into
 113:.\Generated_Source\PSoC4/Cm0Start.c ****     * an infinite loop.
 114:.\Generated_Source\PSoC4/Cm0Start.c ****     ***************************************************************************/
 115:.\Generated_Source\PSoC4/Cm0Start.c **** 
 116:.\Generated_Source\PSoC4/Cm0Start.c ****     #ifdef CY_BOOT_INT_DEFAULT_HANDLER_EXCEPTION_ENTRY_CALLBACK
 117:.\Generated_Source\PSoC4/Cm0Start.c ****         CyBoot_IntDefaultHandler_Exception_EntryCallback();
 118:.\Generated_Source\PSoC4/Cm0Start.c ****     #endif /* CY_BOOT_INT_DEFAULT_HANDLER_EXCEPTION_ENTRY_CALLBACK */
 119:.\Generated_Source\PSoC4/Cm0Start.c **** 
 120:.\Generated_Source\PSoC4/Cm0Start.c ****     while(1)
 121:.\Generated_Source\PSoC4/Cm0Start.c ****     {
 122:.\Generated_Source\PSoC4/Cm0Start.c **** 
 123:.\Generated_Source\PSoC4/Cm0Start.c ****     }
  41              		.loc 1 123 0 discriminator 1
  42 0004 FEE7     		b	.L2
  43              		.cfi_endproc
  44              	.LFE0:
  45              		.size	IntDefaultHandler, .-IntDefaultHandler
  46 0006 C046     		.section	.text._exit,"ax",%progbits
  47              		.align	2
  48              		.weak	_exit
ARM GAS  C:\Users\Anders\AppData\Local\Temp\cc1GeigY.s 			page 4


  49              		.code	16
  50              		.thumb_func
  51              		.type	_exit, %function
  52              	_exit:
  53              	.LFB1:
 124:.\Generated_Source\PSoC4/Cm0Start.c **** }
 125:.\Generated_Source\PSoC4/Cm0Start.c **** 
 126:.\Generated_Source\PSoC4/Cm0Start.c **** #if defined(__ARMCC_VERSION)
 127:.\Generated_Source\PSoC4/Cm0Start.c **** 
 128:.\Generated_Source\PSoC4/Cm0Start.c **** /* Local function for device reset. */
 129:.\Generated_Source\PSoC4/Cm0Start.c **** extern void Reset(void);
 130:.\Generated_Source\PSoC4/Cm0Start.c **** 
 131:.\Generated_Source\PSoC4/Cm0Start.c **** /* Application entry point. */
 132:.\Generated_Source\PSoC4/Cm0Start.c **** extern void $Super$$main(void);
 133:.\Generated_Source\PSoC4/Cm0Start.c **** 
 134:.\Generated_Source\PSoC4/Cm0Start.c **** /* Linker-generated Stack Base addresses, Two Region and One Region */
 135:.\Generated_Source\PSoC4/Cm0Start.c **** extern unsigned long Image$$ARM_LIB_STACK$$ZI$$Limit;
 136:.\Generated_Source\PSoC4/Cm0Start.c **** 
 137:.\Generated_Source\PSoC4/Cm0Start.c **** /* RealView C Library initialization. */
 138:.\Generated_Source\PSoC4/Cm0Start.c **** extern int __main(void);
 139:.\Generated_Source\PSoC4/Cm0Start.c **** 
 140:.\Generated_Source\PSoC4/Cm0Start.c **** 
 141:.\Generated_Source\PSoC4/Cm0Start.c **** /*******************************************************************************
 142:.\Generated_Source\PSoC4/Cm0Start.c **** * Function Name: Reset
 143:.\Generated_Source\PSoC4/Cm0Start.c **** ****************************************************************************//**
 144:.\Generated_Source\PSoC4/Cm0Start.c **** *
 145:.\Generated_Source\PSoC4/Cm0Start.c **** * This function handles the reset interrupt for the MDK toolchains.
 146:.\Generated_Source\PSoC4/Cm0Start.c **** * This is the first bit of code that is executed at startup.
 147:.\Generated_Source\PSoC4/Cm0Start.c **** *
 148:.\Generated_Source\PSoC4/Cm0Start.c **** *******************************************************************************/
 149:.\Generated_Source\PSoC4/Cm0Start.c **** void Reset(void)
 150:.\Generated_Source\PSoC4/Cm0Start.c **** {
 151:.\Generated_Source\PSoC4/Cm0Start.c ****     #if (CYDEV_PROJ_TYPE == CYDEV_PROJ_TYPE_LOADABLE || CYDEV_PROJ_TYPE == CYDEV_PROJ_TYPE_LOADABLE
 152:.\Generated_Source\PSoC4/Cm0Start.c ****         /* The bootloadable application image is started at Reset() handler
 153:.\Generated_Source\PSoC4/Cm0Start.c ****         * as a result of a branch instruction execution from the bootloader.
 154:.\Generated_Source\PSoC4/Cm0Start.c ****         * So, the stack pointer needs to be reset to be sure that
 155:.\Generated_Source\PSoC4/Cm0Start.c ****         * there is no garbage in the stack.
 156:.\Generated_Source\PSoC4/Cm0Start.c ****         */
 157:.\Generated_Source\PSoC4/Cm0Start.c ****         register uint32_t msp __asm("msp");
 158:.\Generated_Source\PSoC4/Cm0Start.c ****         msp = (uint32_t)&Image$$ARM_LIB_STACK$$ZI$$Limit;
 159:.\Generated_Source\PSoC4/Cm0Start.c ****     #endif /*(CYDEV_PROJ_TYPE == CYDEV_PROJ_TYPE_LOADABLE || CYDEV_PROJ_TYPE == CYDEV_PROJ_TYPE_LOA
 160:.\Generated_Source\PSoC4/Cm0Start.c **** 
 161:.\Generated_Source\PSoC4/Cm0Start.c ****     #if(CY_IP_SRSSLT)
 162:.\Generated_Source\PSoC4/Cm0Start.c ****         CySysWdtDisable();
 163:.\Generated_Source\PSoC4/Cm0Start.c ****     #endif  /* (CY_IP_SRSSLT) */
 164:.\Generated_Source\PSoC4/Cm0Start.c **** 
 165:.\Generated_Source\PSoC4/Cm0Start.c ****     #if ((CYDEV_BOOTLOADER_ENABLE) && (CYDEV_PROJ_TYPE != CYDEV_PROJ_TYPE_LOADABLEANDBOOTLOADER))
 166:.\Generated_Source\PSoC4/Cm0Start.c ****         CyBtldr_CheckLaunch();
 167:.\Generated_Source\PSoC4/Cm0Start.c ****     #endif /* ((CYDEV_BOOTLOADER_ENABLE) && (CYDEV_PROJ_TYPE != CYDEV_PROJ_TYPE_LOADABLEANDBOOTLOAD
 168:.\Generated_Source\PSoC4/Cm0Start.c **** 
 169:.\Generated_Source\PSoC4/Cm0Start.c ****     __main();
 170:.\Generated_Source\PSoC4/Cm0Start.c **** }
 171:.\Generated_Source\PSoC4/Cm0Start.c **** 
 172:.\Generated_Source\PSoC4/Cm0Start.c **** /*******************************************************************************
 173:.\Generated_Source\PSoC4/Cm0Start.c **** * Function Name: $Sub$$main
 174:.\Generated_Source\PSoC4/Cm0Start.c **** ****************************************************************************//**
 175:.\Generated_Source\PSoC4/Cm0Start.c **** *
ARM GAS  C:\Users\Anders\AppData\Local\Temp\cc1GeigY.s 			page 5


 176:.\Generated_Source\PSoC4/Cm0Start.c **** * This function is called immediately before the users main
 177:.\Generated_Source\PSoC4/Cm0Start.c **** *
 178:.\Generated_Source\PSoC4/Cm0Start.c **** *******************************************************************************/
 179:.\Generated_Source\PSoC4/Cm0Start.c **** __attribute__ ((noreturn, __noinline__))
 180:.\Generated_Source\PSoC4/Cm0Start.c **** void $Sub$$main(void)
 181:.\Generated_Source\PSoC4/Cm0Start.c **** {
 182:.\Generated_Source\PSoC4/Cm0Start.c ****     initialize_psoc();
 183:.\Generated_Source\PSoC4/Cm0Start.c **** 
 184:.\Generated_Source\PSoC4/Cm0Start.c ****     /* Call original main */
 185:.\Generated_Source\PSoC4/Cm0Start.c ****     $Super$$main();
 186:.\Generated_Source\PSoC4/Cm0Start.c **** 
 187:.\Generated_Source\PSoC4/Cm0Start.c ****     while (1)
 188:.\Generated_Source\PSoC4/Cm0Start.c ****     {
 189:.\Generated_Source\PSoC4/Cm0Start.c ****         /* If main returns it is undefined what we should do. */
 190:.\Generated_Source\PSoC4/Cm0Start.c ****     }
 191:.\Generated_Source\PSoC4/Cm0Start.c **** }
 192:.\Generated_Source\PSoC4/Cm0Start.c **** 
 193:.\Generated_Source\PSoC4/Cm0Start.c **** #elif defined(__GNUC__)
 194:.\Generated_Source\PSoC4/Cm0Start.c **** 
 195:.\Generated_Source\PSoC4/Cm0Start.c **** /* Stack Base address */
 196:.\Generated_Source\PSoC4/Cm0Start.c **** extern void __cy_stack(void);
 197:.\Generated_Source\PSoC4/Cm0Start.c **** 
 198:.\Generated_Source\PSoC4/Cm0Start.c **** /* Application entry point. */
 199:.\Generated_Source\PSoC4/Cm0Start.c **** extern int main(void);
 200:.\Generated_Source\PSoC4/Cm0Start.c **** 
 201:.\Generated_Source\PSoC4/Cm0Start.c **** /* The static objects constructors initializer */
 202:.\Generated_Source\PSoC4/Cm0Start.c **** extern void __libc_init_array(void);
 203:.\Generated_Source\PSoC4/Cm0Start.c **** 
 204:.\Generated_Source\PSoC4/Cm0Start.c **** typedef unsigned char __cy_byte_align8 __attribute ((aligned (8)));
 205:.\Generated_Source\PSoC4/Cm0Start.c **** 
 206:.\Generated_Source\PSoC4/Cm0Start.c **** struct __cy_region
 207:.\Generated_Source\PSoC4/Cm0Start.c **** {
 208:.\Generated_Source\PSoC4/Cm0Start.c ****     __cy_byte_align8 *init; /* Initial contents of this region.  */
 209:.\Generated_Source\PSoC4/Cm0Start.c ****     __cy_byte_align8 *data; /* Start address of region.  */
 210:.\Generated_Source\PSoC4/Cm0Start.c ****     size_t init_size;       /* Size of initial data.  */
 211:.\Generated_Source\PSoC4/Cm0Start.c ****     size_t zero_size;       /* Additional size to be zeroed.  */
 212:.\Generated_Source\PSoC4/Cm0Start.c **** };
 213:.\Generated_Source\PSoC4/Cm0Start.c **** 
 214:.\Generated_Source\PSoC4/Cm0Start.c **** extern const struct __cy_region __cy_regions[];
 215:.\Generated_Source\PSoC4/Cm0Start.c **** extern const char __cy_region_num __attribute__((weak));
 216:.\Generated_Source\PSoC4/Cm0Start.c **** #define __cy_region_num ((size_t)&__cy_region_num)
 217:.\Generated_Source\PSoC4/Cm0Start.c **** 
 218:.\Generated_Source\PSoC4/Cm0Start.c **** 
 219:.\Generated_Source\PSoC4/Cm0Start.c **** /*******************************************************************************
 220:.\Generated_Source\PSoC4/Cm0Start.c **** * System Calls of the Red Hat newlib C Library
 221:.\Generated_Source\PSoC4/Cm0Start.c **** *******************************************************************************/
 222:.\Generated_Source\PSoC4/Cm0Start.c **** 
 223:.\Generated_Source\PSoC4/Cm0Start.c **** 
 224:.\Generated_Source\PSoC4/Cm0Start.c **** /*******************************************************************************
 225:.\Generated_Source\PSoC4/Cm0Start.c **** * Function Name: _exit
 226:.\Generated_Source\PSoC4/Cm0Start.c **** ****************************************************************************//**
 227:.\Generated_Source\PSoC4/Cm0Start.c **** *
 228:.\Generated_Source\PSoC4/Cm0Start.c **** * Exit a program without cleaning up files. If your system doesn't provide
 229:.\Generated_Source\PSoC4/Cm0Start.c **** * this, it is best to avoid linking with subroutines that require it (exit,
 230:.\Generated_Source\PSoC4/Cm0Start.c **** * system).
 231:.\Generated_Source\PSoC4/Cm0Start.c **** *
 232:.\Generated_Source\PSoC4/Cm0Start.c **** * \param status: Status caused program exit.
ARM GAS  C:\Users\Anders\AppData\Local\Temp\cc1GeigY.s 			page 6


 233:.\Generated_Source\PSoC4/Cm0Start.c **** *
 234:.\Generated_Source\PSoC4/Cm0Start.c **** *******************************************************************************/
 235:.\Generated_Source\PSoC4/Cm0Start.c **** __attribute__((weak))
 236:.\Generated_Source\PSoC4/Cm0Start.c **** void _exit(int status)
 237:.\Generated_Source\PSoC4/Cm0Start.c **** {
  54              		.loc 1 237 0
  55              		.cfi_startproc
  56 0000 80B5     		push	{r7, lr}
  57              		.cfi_def_cfa_offset 8
  58              		.cfi_offset 7, -8
  59              		.cfi_offset 14, -4
  60 0002 82B0     		sub	sp, sp, #8
  61              		.cfi_def_cfa_offset 16
  62 0004 00AF     		add	r7, sp, #0
  63              		.cfi_def_cfa_register 7
  64 0006 7860     		str	r0, [r7, #4]
 238:.\Generated_Source\PSoC4/Cm0Start.c ****     CyHalt((uint8) status);
  65              		.loc 1 238 0
  66 0008 7B68     		ldr	r3, [r7, #4]
  67 000a DBB2     		uxtb	r3, r3
  68 000c 181C     		mov	r0, r3
  69 000e FFF7FEFF 		bl	CyHalt
  70              	.L4:
 239:.\Generated_Source\PSoC4/Cm0Start.c **** 
 240:.\Generated_Source\PSoC4/Cm0Start.c ****     while(1)
 241:.\Generated_Source\PSoC4/Cm0Start.c ****     {
 242:.\Generated_Source\PSoC4/Cm0Start.c **** 
 243:.\Generated_Source\PSoC4/Cm0Start.c ****     }
  71              		.loc 1 243 0 discriminator 1
  72 0012 FEE7     		b	.L4
  73              		.cfi_endproc
  74              	.LFE1:
  75              		.size	_exit, .-_exit
  76              		.section	.text._sbrk,"ax",%progbits
  77              		.align	2
  78              		.weak	_sbrk
  79              		.code	16
  80              		.thumb_func
  81              		.type	_sbrk, %function
  82              	_sbrk:
  83              	.LFB2:
 244:.\Generated_Source\PSoC4/Cm0Start.c **** }
 245:.\Generated_Source\PSoC4/Cm0Start.c **** 
 246:.\Generated_Source\PSoC4/Cm0Start.c **** 
 247:.\Generated_Source\PSoC4/Cm0Start.c **** /*******************************************************************************
 248:.\Generated_Source\PSoC4/Cm0Start.c **** * Function Name: _sbrk
 249:.\Generated_Source\PSoC4/Cm0Start.c **** ****************************************************************************//**
 250:.\Generated_Source\PSoC4/Cm0Start.c **** *
 251:.\Generated_Source\PSoC4/Cm0Start.c **** * Increase program data space. As malloc and related functions depend on this,
 252:.\Generated_Source\PSoC4/Cm0Start.c **** * it is useful to have a working implementation. The following suffices for a
 253:.\Generated_Source\PSoC4/Cm0Start.c **** * standalone system; it exploits the symbol end automatically defined by the
 254:.\Generated_Source\PSoC4/Cm0Start.c **** * GNU linker.
 255:.\Generated_Source\PSoC4/Cm0Start.c **** *
 256:.\Generated_Source\PSoC4/Cm0Start.c **** * \param nbytes: The number of bytes requested (if the parameter value is positive)
 257:.\Generated_Source\PSoC4/Cm0Start.c **** * from the heap or returned back to the heap (if the parameter value is
 258:.\Generated_Source\PSoC4/Cm0Start.c **** * negative).
 259:.\Generated_Source\PSoC4/Cm0Start.c **** *
ARM GAS  C:\Users\Anders\AppData\Local\Temp\cc1GeigY.s 			page 7


 260:.\Generated_Source\PSoC4/Cm0Start.c **** *******************************************************************************/
 261:.\Generated_Source\PSoC4/Cm0Start.c **** __attribute__((weak))
 262:.\Generated_Source\PSoC4/Cm0Start.c **** void * _sbrk (int nbytes)
 263:.\Generated_Source\PSoC4/Cm0Start.c **** {
  84              		.loc 1 263 0
  85              		.cfi_startproc
  86 0000 80B5     		push	{r7, lr}
  87              		.cfi_def_cfa_offset 8
  88              		.cfi_offset 7, -8
  89              		.cfi_offset 14, -4
  90 0002 84B0     		sub	sp, sp, #16
  91              		.cfi_def_cfa_offset 24
  92 0004 00AF     		add	r7, sp, #0
  93              		.cfi_def_cfa_register 7
  94 0006 7860     		str	r0, [r7, #4]
 264:.\Generated_Source\PSoC4/Cm0Start.c ****     extern int  end;            /* Symbol defined by linker map. Start of free memory (as symbol). 
 265:.\Generated_Source\PSoC4/Cm0Start.c ****     void *      returnValue;
 266:.\Generated_Source\PSoC4/Cm0Start.c **** 
 267:.\Generated_Source\PSoC4/Cm0Start.c ****     /* The statically held previous end of the heap, with its initialization. */
 268:.\Generated_Source\PSoC4/Cm0Start.c ****     static void *heapPointer = (void *) &end;                 /* Previous end */
 269:.\Generated_Source\PSoC4/Cm0Start.c **** 
 270:.\Generated_Source\PSoC4/Cm0Start.c ****     if (((heapPointer + nbytes) - (void *) &end) <= CYDEV_HEAP_SIZE)
  95              		.loc 1 270 0
  96 0008 104B     		ldr	r3, .L9
  97 000a 1A68     		ldr	r2, [r3]
  98 000c 7B68     		ldr	r3, [r7, #4]
  99 000e D318     		add	r3, r2, r3
 100 0010 1A1C     		mov	r2, r3
 101 0012 0F4B     		ldr	r3, .L9+4
 102 0014 D21A     		sub	r2, r2, r3
 103 0016 8023     		mov	r3, #128
 104 0018 5B00     		lsl	r3, r3, #1
 105 001a 9A42     		cmp	r2, r3
 106 001c 09DC     		bgt	.L6
 271:.\Generated_Source\PSoC4/Cm0Start.c ****     {
 272:.\Generated_Source\PSoC4/Cm0Start.c ****         returnValue  = heapPointer;
 107              		.loc 1 272 0
 108 001e 0B4B     		ldr	r3, .L9
 109 0020 1B68     		ldr	r3, [r3]
 110 0022 FB60     		str	r3, [r7, #12]
 273:.\Generated_Source\PSoC4/Cm0Start.c ****         heapPointer += nbytes;
 111              		.loc 1 273 0
 112 0024 094B     		ldr	r3, .L9
 113 0026 1A68     		ldr	r2, [r3]
 114 0028 7B68     		ldr	r3, [r7, #4]
 115 002a D218     		add	r2, r2, r3
 116 002c 074B     		ldr	r3, .L9
 117 002e 1A60     		str	r2, [r3]
 118 0030 07E0     		b	.L7
 119              	.L6:
 274:.\Generated_Source\PSoC4/Cm0Start.c ****     }
 275:.\Generated_Source\PSoC4/Cm0Start.c ****     else
 276:.\Generated_Source\PSoC4/Cm0Start.c ****     {
 277:.\Generated_Source\PSoC4/Cm0Start.c ****         errno = ENOMEM;
 120              		.loc 1 277 0
 121 0032 FFF7FEFF 		bl	__errno
 122 0036 031C     		mov	r3, r0
ARM GAS  C:\Users\Anders\AppData\Local\Temp\cc1GeigY.s 			page 8


 123 0038 0C22     		mov	r2, #12
 124 003a 1A60     		str	r2, [r3]
 278:.\Generated_Source\PSoC4/Cm0Start.c ****         returnValue = (void *) -1;
 125              		.loc 1 278 0
 126 003c 0123     		mov	r3, #1
 127 003e 5B42     		neg	r3, r3
 128 0040 FB60     		str	r3, [r7, #12]
 129              	.L7:
 279:.\Generated_Source\PSoC4/Cm0Start.c ****     }
 280:.\Generated_Source\PSoC4/Cm0Start.c **** 
 281:.\Generated_Source\PSoC4/Cm0Start.c ****     return (returnValue);
 130              		.loc 1 281 0
 131 0042 FB68     		ldr	r3, [r7, #12]
 282:.\Generated_Source\PSoC4/Cm0Start.c **** }
 132              		.loc 1 282 0
 133 0044 181C     		mov	r0, r3
 134 0046 BD46     		mov	sp, r7
 135 0048 04B0     		add	sp, sp, #16
 136              		@ sp needed
 137 004a 80BD     		pop	{r7, pc}
 138              	.L10:
 139              		.align	2
 140              	.L9:
 141 004c 00000000 		.word	heapPointer.4720
 142 0050 00000000 		.word	end
 143              		.cfi_endproc
 144              	.LFE2:
 145              		.size	_sbrk, .-_sbrk
 146              		.section	.text.Start_c,"ax",%progbits
 147              		.align	2
 148              		.global	Start_c
 149              		.code	16
 150              		.thumb_func
 151              		.type	Start_c, %function
 152              	Start_c:
 153              	.LFB3:
 283:.\Generated_Source\PSoC4/Cm0Start.c **** 
 284:.\Generated_Source\PSoC4/Cm0Start.c **** 
 285:.\Generated_Source\PSoC4/Cm0Start.c **** /*******************************************************************************
 286:.\Generated_Source\PSoC4/Cm0Start.c **** * Function Name: Start_c
 287:.\Generated_Source\PSoC4/Cm0Start.c **** ****************************************************************************//**
 288:.\Generated_Source\PSoC4/Cm0Start.c **** *
 289:.\Generated_Source\PSoC4/Cm0Start.c **** * This function handles initializing the .data and .bss sections in
 290:.\Generated_Source\PSoC4/Cm0Start.c **** * preparation for running the standard c code.  Once initialization is complete
 291:.\Generated_Source\PSoC4/Cm0Start.c **** * it will call main().  This function will never return.
 292:.\Generated_Source\PSoC4/Cm0Start.c **** *
 293:.\Generated_Source\PSoC4/Cm0Start.c **** *******************************************************************************/
 294:.\Generated_Source\PSoC4/Cm0Start.c **** void Start_c(void)  __attribute__ ((noreturn, noinline));
 295:.\Generated_Source\PSoC4/Cm0Start.c **** void Start_c(void)
 296:.\Generated_Source\PSoC4/Cm0Start.c **** {
 154              		.loc 1 296 0
 155              		.cfi_startproc
 156 0000 80B5     		push	{r7, lr}
 157              		.cfi_def_cfa_offset 8
 158              		.cfi_offset 7, -8
 159              		.cfi_offset 14, -4
 160 0002 86B0     		sub	sp, sp, #24
ARM GAS  C:\Users\Anders\AppData\Local\Temp\cc1GeigY.s 			page 9


 161              		.cfi_def_cfa_offset 32
 162 0004 00AF     		add	r7, sp, #0
 163              		.cfi_def_cfa_register 7
 297:.\Generated_Source\PSoC4/Cm0Start.c ****     #ifdef CY_BOOT_START_C_CALLBACK
 298:.\Generated_Source\PSoC4/Cm0Start.c ****         CyBoot_Start_c_Callback();
 299:.\Generated_Source\PSoC4/Cm0Start.c ****     #else
 300:.\Generated_Source\PSoC4/Cm0Start.c ****         unsigned regions = __cy_region_num;
 164              		.loc 1 300 0
 165 0006 224B     		ldr	r3, .L19
 166 0008 7B61     		str	r3, [r7, #20]
 301:.\Generated_Source\PSoC4/Cm0Start.c ****         const struct __cy_region *rptr = __cy_regions;
 167              		.loc 1 301 0
 168 000a 224B     		ldr	r3, .L19+4
 169 000c 3B61     		str	r3, [r7, #16]
 302:.\Generated_Source\PSoC4/Cm0Start.c **** 
 303:.\Generated_Source\PSoC4/Cm0Start.c ****         /* Initialize memory */
 304:.\Generated_Source\PSoC4/Cm0Start.c ****         for (regions = __cy_region_num; regions != 0u; regions--)
 170              		.loc 1 304 0
 171 000e 204B     		ldr	r3, .L19
 172 0010 7B61     		str	r3, [r7, #20]
 173 0012 35E0     		b	.L12
 174              	.L17:
 175              	.LBB2:
 305:.\Generated_Source\PSoC4/Cm0Start.c ****         {
 306:.\Generated_Source\PSoC4/Cm0Start.c ****             uint32 *src = (uint32 *)rptr->init;
 176              		.loc 1 306 0
 177 0014 3B69     		ldr	r3, [r7, #16]
 178 0016 1B68     		ldr	r3, [r3]
 179 0018 FB60     		str	r3, [r7, #12]
 307:.\Generated_Source\PSoC4/Cm0Start.c ****             uint32 *dst = (uint32 *)rptr->data;
 180              		.loc 1 307 0
 181 001a 3B69     		ldr	r3, [r7, #16]
 182 001c 5B68     		ldr	r3, [r3, #4]
 183 001e BB60     		str	r3, [r7, #8]
 308:.\Generated_Source\PSoC4/Cm0Start.c ****             unsigned limit = rptr->init_size;
 184              		.loc 1 308 0
 185 0020 3B69     		ldr	r3, [r7, #16]
 186 0022 9B68     		ldr	r3, [r3, #8]
 187 0024 3B60     		str	r3, [r7]
 309:.\Generated_Source\PSoC4/Cm0Start.c ****             unsigned count;
 310:.\Generated_Source\PSoC4/Cm0Start.c **** 
 311:.\Generated_Source\PSoC4/Cm0Start.c ****             for (count = 0u; count != limit; count += sizeof (uint32))
 188              		.loc 1 311 0
 189 0026 0023     		mov	r3, #0
 190 0028 7B60     		str	r3, [r7, #4]
 191 002a 0CE0     		b	.L13
 192              	.L14:
 312:.\Generated_Source\PSoC4/Cm0Start.c ****             {
 313:.\Generated_Source\PSoC4/Cm0Start.c ****                 *dst = *src;
 193              		.loc 1 313 0 discriminator 3
 194 002c FB68     		ldr	r3, [r7, #12]
 195 002e 1A68     		ldr	r2, [r3]
 196 0030 BB68     		ldr	r3, [r7, #8]
 197 0032 1A60     		str	r2, [r3]
 314:.\Generated_Source\PSoC4/Cm0Start.c ****                 dst++;
 198              		.loc 1 314 0 discriminator 3
 199 0034 BB68     		ldr	r3, [r7, #8]
ARM GAS  C:\Users\Anders\AppData\Local\Temp\cc1GeigY.s 			page 10


 200 0036 0433     		add	r3, r3, #4
 201 0038 BB60     		str	r3, [r7, #8]
 315:.\Generated_Source\PSoC4/Cm0Start.c ****                 src++;
 202              		.loc 1 315 0 discriminator 3
 203 003a FB68     		ldr	r3, [r7, #12]
 204 003c 0433     		add	r3, r3, #4
 205 003e FB60     		str	r3, [r7, #12]
 311:.\Generated_Source\PSoC4/Cm0Start.c ****             {
 206              		.loc 1 311 0 discriminator 3
 207 0040 7B68     		ldr	r3, [r7, #4]
 208 0042 0433     		add	r3, r3, #4
 209 0044 7B60     		str	r3, [r7, #4]
 210              	.L13:
 311:.\Generated_Source\PSoC4/Cm0Start.c ****             {
 211              		.loc 1 311 0 is_stmt 0 discriminator 1
 212 0046 7A68     		ldr	r2, [r7, #4]
 213 0048 3B68     		ldr	r3, [r7]
 214 004a 9A42     		cmp	r2, r3
 215 004c EED1     		bne	.L14
 316:.\Generated_Source\PSoC4/Cm0Start.c ****             }
 317:.\Generated_Source\PSoC4/Cm0Start.c ****             limit = rptr->zero_size;
 216              		.loc 1 317 0 is_stmt 1
 217 004e 3B69     		ldr	r3, [r7, #16]
 218 0050 DB68     		ldr	r3, [r3, #12]
 219 0052 3B60     		str	r3, [r7]
 318:.\Generated_Source\PSoC4/Cm0Start.c ****             for (count = 0u; count != limit; count += sizeof (uint32))
 220              		.loc 1 318 0
 221 0054 0023     		mov	r3, #0
 222 0056 7B60     		str	r3, [r7, #4]
 223 0058 08E0     		b	.L15
 224              	.L16:
 319:.\Generated_Source\PSoC4/Cm0Start.c ****             {
 320:.\Generated_Source\PSoC4/Cm0Start.c ****                 *dst = 0u;
 225              		.loc 1 320 0 discriminator 3
 226 005a BB68     		ldr	r3, [r7, #8]
 227 005c 0022     		mov	r2, #0
 228 005e 1A60     		str	r2, [r3]
 321:.\Generated_Source\PSoC4/Cm0Start.c ****                 dst++;
 229              		.loc 1 321 0 discriminator 3
 230 0060 BB68     		ldr	r3, [r7, #8]
 231 0062 0433     		add	r3, r3, #4
 232 0064 BB60     		str	r3, [r7, #8]
 318:.\Generated_Source\PSoC4/Cm0Start.c ****             for (count = 0u; count != limit; count += sizeof (uint32))
 233              		.loc 1 318 0 discriminator 3
 234 0066 7B68     		ldr	r3, [r7, #4]
 235 0068 0433     		add	r3, r3, #4
 236 006a 7B60     		str	r3, [r7, #4]
 237              	.L15:
 318:.\Generated_Source\PSoC4/Cm0Start.c ****             for (count = 0u; count != limit; count += sizeof (uint32))
 238              		.loc 1 318 0 is_stmt 0 discriminator 1
 239 006c 7A68     		ldr	r2, [r7, #4]
 240 006e 3B68     		ldr	r3, [r7]
 241 0070 9A42     		cmp	r2, r3
 242 0072 F2D1     		bne	.L16
 322:.\Generated_Source\PSoC4/Cm0Start.c ****             }
 323:.\Generated_Source\PSoC4/Cm0Start.c **** 
 324:.\Generated_Source\PSoC4/Cm0Start.c ****             rptr++;
ARM GAS  C:\Users\Anders\AppData\Local\Temp\cc1GeigY.s 			page 11


 243              		.loc 1 324 0 is_stmt 1 discriminator 2
 244 0074 3B69     		ldr	r3, [r7, #16]
 245 0076 1033     		add	r3, r3, #16
 246 0078 3B61     		str	r3, [r7, #16]
 247              	.LBE2:
 304:.\Generated_Source\PSoC4/Cm0Start.c ****         {
 248              		.loc 1 304 0 discriminator 2
 249 007a 7B69     		ldr	r3, [r7, #20]
 250 007c 013B     		sub	r3, r3, #1
 251 007e 7B61     		str	r3, [r7, #20]
 252              	.L12:
 304:.\Generated_Source\PSoC4/Cm0Start.c ****         {
 253              		.loc 1 304 0 is_stmt 0 discriminator 1
 254 0080 7B69     		ldr	r3, [r7, #20]
 255 0082 002B     		cmp	r3, #0
 256 0084 C6D1     		bne	.L17
 325:.\Generated_Source\PSoC4/Cm0Start.c ****         }
 326:.\Generated_Source\PSoC4/Cm0Start.c **** 
 327:.\Generated_Source\PSoC4/Cm0Start.c ****         /* Invoke static objects constructors */
 328:.\Generated_Source\PSoC4/Cm0Start.c ****         __libc_init_array();
 257              		.loc 1 328 0 is_stmt 1
 258 0086 FFF7FEFF 		bl	__libc_init_array
 329:.\Generated_Source\PSoC4/Cm0Start.c ****         (void) main();
 259              		.loc 1 329 0
 260 008a FFF7FEFF 		bl	main
 261              	.L18:
 330:.\Generated_Source\PSoC4/Cm0Start.c **** 
 331:.\Generated_Source\PSoC4/Cm0Start.c ****         while (1)
 332:.\Generated_Source\PSoC4/Cm0Start.c ****         {
 333:.\Generated_Source\PSoC4/Cm0Start.c ****             /* If main returns, make sure we don't return. */
 334:.\Generated_Source\PSoC4/Cm0Start.c ****         }
 262              		.loc 1 334 0 discriminator 1
 263 008e FEE7     		b	.L18
 264              	.L20:
 265              		.align	2
 266              	.L19:
 267 0090 00000000 		.word	__cy_region_num
 268 0094 00000000 		.word	__cy_regions
 269              		.cfi_endproc
 270              	.LFE3:
 271              		.size	Start_c, .-Start_c
 272              		.section	.text.Reset,"ax",%progbits
 273              		.align	2
 274              		.global	Reset
 275              		.code	16
 276              		.thumb_func
 277              		.type	Reset, %function
 278              	Reset:
 279              	.LFB4:
 335:.\Generated_Source\PSoC4/Cm0Start.c **** 
 336:.\Generated_Source\PSoC4/Cm0Start.c ****     #endif /* CY_BOOT_START_C_CALLBACK */
 337:.\Generated_Source\PSoC4/Cm0Start.c **** }
 338:.\Generated_Source\PSoC4/Cm0Start.c **** 
 339:.\Generated_Source\PSoC4/Cm0Start.c **** 
 340:.\Generated_Source\PSoC4/Cm0Start.c **** /*******************************************************************************
 341:.\Generated_Source\PSoC4/Cm0Start.c **** * Function Name: Reset
 342:.\Generated_Source\PSoC4/Cm0Start.c **** ****************************************************************************//**
ARM GAS  C:\Users\Anders\AppData\Local\Temp\cc1GeigY.s 			page 12


 343:.\Generated_Source\PSoC4/Cm0Start.c **** *
 344:.\Generated_Source\PSoC4/Cm0Start.c **** * This function handles the reset interrupt for the GCC toolchain.  This is
 345:.\Generated_Source\PSoC4/Cm0Start.c **** * the first bit of code that is executed at startup.
 346:.\Generated_Source\PSoC4/Cm0Start.c **** *
 347:.\Generated_Source\PSoC4/Cm0Start.c **** *******************************************************************************/
 348:.\Generated_Source\PSoC4/Cm0Start.c **** void Reset(void)
 349:.\Generated_Source\PSoC4/Cm0Start.c **** {
 280              		.loc 1 349 0
 281              		.cfi_startproc
 282 0000 80B5     		push	{r7, lr}
 283              		.cfi_def_cfa_offset 8
 284              		.cfi_offset 7, -8
 285              		.cfi_offset 14, -4
 286 0002 00AF     		add	r7, sp, #0
 287              		.cfi_def_cfa_register 7
 350:.\Generated_Source\PSoC4/Cm0Start.c ****     #if (CYDEV_PROJ_TYPE == CYDEV_PROJ_TYPE_LOADABLE || CYDEV_PROJ_TYPE == CYDEV_PROJ_TYPE_LOADABLE
 351:.\Generated_Source\PSoC4/Cm0Start.c **** 
 352:.\Generated_Source\PSoC4/Cm0Start.c ****         /* The bootloadable application image is started at Reset() handler
 353:.\Generated_Source\PSoC4/Cm0Start.c ****         * as a result of a branch instruction execution from the bootloader.
 354:.\Generated_Source\PSoC4/Cm0Start.c ****         * So, the stack pointer needs to be reset to be sure that
 355:.\Generated_Source\PSoC4/Cm0Start.c ****         * there is no garbage in the stack.
 356:.\Generated_Source\PSoC4/Cm0Start.c ****         */
 357:.\Generated_Source\PSoC4/Cm0Start.c ****         __asm volatile ("MSR msp, %0\n" : : "r" ((uint32)&__cy_stack) : "sp");
 358:.\Generated_Source\PSoC4/Cm0Start.c ****     #endif /* CYDEV_PROJ_TYPE_LOADABLE */
 359:.\Generated_Source\PSoC4/Cm0Start.c **** 
 360:.\Generated_Source\PSoC4/Cm0Start.c ****     #if(CY_IP_SRSSLT)
 361:.\Generated_Source\PSoC4/Cm0Start.c ****         CySysWdtDisable();
 362:.\Generated_Source\PSoC4/Cm0Start.c ****     #endif  /* (CY_IP_SRSSLT) */
 363:.\Generated_Source\PSoC4/Cm0Start.c **** 
 364:.\Generated_Source\PSoC4/Cm0Start.c ****     #if ((CYDEV_BOOTLOADER_ENABLE) && (CYDEV_PROJ_TYPE != CYDEV_PROJ_TYPE_LOADABLEANDBOOTLOADER))
 365:.\Generated_Source\PSoC4/Cm0Start.c ****         CyBtldr_CheckLaunch();
 366:.\Generated_Source\PSoC4/Cm0Start.c ****     #endif /* ((CYDEV_BOOTLOADER_ENABLE) && (CYDEV_PROJ_TYPE != CYDEV_PROJ_TYPE_LOADABLEANDBOOTLOAD
 367:.\Generated_Source\PSoC4/Cm0Start.c ****     Start_c();
 288              		.loc 1 367 0
 289 0004 FFF7FEFF 		bl	Start_c
 290              		.cfi_endproc
 291              	.LFE4:
 292              		.size	Reset, .-Reset
 293              		.global	CyRamVectors
 294              		.section	.ramvectors,"aw",%progbits
 295              		.align	2
 296              		.type	CyRamVectors, %object
 297              		.size	CyRamVectors, 192
 298              	CyRamVectors:
 299 0000 00000000 		.space	192
 299      00000000 
 299      00000000 
 299      00000000 
 299      00000000 
 300              		.global	RomVectors
 301              		.section	.romvectors,"a",%progbits
 302              		.align	2
 303              		.type	RomVectors, %object
 304              		.size	RomVectors, 16
 305              	RomVectors:
 306 0000 00000000 		.word	__cy_stack
 307 0004 00000000 		.word	Reset
ARM GAS  C:\Users\Anders\AppData\Local\Temp\cc1GeigY.s 			page 13


 308 0008 00000000 		.word	IntDefaultHandler
 309 000c 00000000 		.word	IntDefaultHandler
 310              		.section	.text.initialize_psoc,"ax",%progbits
 311              		.align	2
 312              		.global	initialize_psoc
 313              		.code	16
 314              		.thumb_func
 315              		.type	initialize_psoc, %function
 316              	initialize_psoc:
 317              	.LFB5:
 368:.\Generated_Source\PSoC4/Cm0Start.c **** }
 369:.\Generated_Source\PSoC4/Cm0Start.c **** 
 370:.\Generated_Source\PSoC4/Cm0Start.c **** #elif defined (__ICCARM__)
 371:.\Generated_Source\PSoC4/Cm0Start.c **** 
 372:.\Generated_Source\PSoC4/Cm0Start.c **** 
 373:.\Generated_Source\PSoC4/Cm0Start.c **** /*******************************************************************************
 374:.\Generated_Source\PSoC4/Cm0Start.c **** * Function Name: __low_level_init
 375:.\Generated_Source\PSoC4/Cm0Start.c **** ****************************************************************************//**
 376:.\Generated_Source\PSoC4/Cm0Start.c **** *
 377:.\Generated_Source\PSoC4/Cm0Start.c **** * This function performs early initializations for the IAR Embedded
 378:.\Generated_Source\PSoC4/Cm0Start.c **** * Workbench IDE. It is executed in the context of reset interrupt handler
 379:.\Generated_Source\PSoC4/Cm0Start.c **** * before the data sections are initialized.
 380:.\Generated_Source\PSoC4/Cm0Start.c **** *
 381:.\Generated_Source\PSoC4/Cm0Start.c **** * \return The value that determines whether or not data sections should be
 382:.\Generated_Source\PSoC4/Cm0Start.c **** * initialized by the system startup code:
 383:.\Generated_Source\PSoC4/Cm0Start.c **** *    0 - skip data sections initialization;
 384:.\Generated_Source\PSoC4/Cm0Start.c **** *    1 - initialize data sections;
 385:.\Generated_Source\PSoC4/Cm0Start.c **** *
 386:.\Generated_Source\PSoC4/Cm0Start.c **** *******************************************************************************/
 387:.\Generated_Source\PSoC4/Cm0Start.c **** #pragma inline = never
 388:.\Generated_Source\PSoC4/Cm0Start.c **** int __low_level_init(void)
 389:.\Generated_Source\PSoC4/Cm0Start.c **** {
 390:.\Generated_Source\PSoC4/Cm0Start.c ****     #if(CY_IP_SRSSLT)
 391:.\Generated_Source\PSoC4/Cm0Start.c ****         CySysWdtDisable();
 392:.\Generated_Source\PSoC4/Cm0Start.c ****     #endif  /* (CY_IP_SRSSLT) */
 393:.\Generated_Source\PSoC4/Cm0Start.c **** 
 394:.\Generated_Source\PSoC4/Cm0Start.c **** #if ((CYDEV_BOOTLOADER_ENABLE) && (CYDEV_PROJ_TYPE != CYDEV_PROJ_TYPE_LOADABLEANDBOOTLOADER))
 395:.\Generated_Source\PSoC4/Cm0Start.c ****     CyBtldr_CheckLaunch();
 396:.\Generated_Source\PSoC4/Cm0Start.c **** #endif /* ((CYDEV_BOOTLOADER_ENABLE) && (CYDEV_PROJ_TYPE != CYDEV_PROJ_TYPE_LOADABLEANDBOOTLOADER))
 397:.\Generated_Source\PSoC4/Cm0Start.c **** 
 398:.\Generated_Source\PSoC4/Cm0Start.c ****     /* Initialize data sections */
 399:.\Generated_Source\PSoC4/Cm0Start.c ****     __iar_data_init3();
 400:.\Generated_Source\PSoC4/Cm0Start.c **** 
 401:.\Generated_Source\PSoC4/Cm0Start.c ****     initialize_psoc();
 402:.\Generated_Source\PSoC4/Cm0Start.c **** 
 403:.\Generated_Source\PSoC4/Cm0Start.c ****     return 0;
 404:.\Generated_Source\PSoC4/Cm0Start.c **** }
 405:.\Generated_Source\PSoC4/Cm0Start.c **** 
 406:.\Generated_Source\PSoC4/Cm0Start.c **** #endif /* __GNUC__ */
 407:.\Generated_Source\PSoC4/Cm0Start.c **** 
 408:.\Generated_Source\PSoC4/Cm0Start.c **** 
 409:.\Generated_Source\PSoC4/Cm0Start.c **** /*******************************************************************************
 410:.\Generated_Source\PSoC4/Cm0Start.c **** * Ram Interrupt Vector table storage area. Must be placed at 0x20000000.
 411:.\Generated_Source\PSoC4/Cm0Start.c **** *******************************************************************************/
 412:.\Generated_Source\PSoC4/Cm0Start.c **** 
 413:.\Generated_Source\PSoC4/Cm0Start.c **** #if defined (__ICCARM__)
 414:.\Generated_Source\PSoC4/Cm0Start.c ****     #pragma location=".ramvectors"
ARM GAS  C:\Users\Anders\AppData\Local\Temp\cc1GeigY.s 			page 14


 415:.\Generated_Source\PSoC4/Cm0Start.c **** #else
 416:.\Generated_Source\PSoC4/Cm0Start.c ****     #ifndef CY_SYS_RAM_VECTOR_SECTION
 417:.\Generated_Source\PSoC4/Cm0Start.c ****         #define CY_SYS_RAM_VECTOR_SECTION CY_SECTION(".ramvectors")
 418:.\Generated_Source\PSoC4/Cm0Start.c ****     #endif /* CY_SYS_RAM_VECTOR_SECTION */
 419:.\Generated_Source\PSoC4/Cm0Start.c ****     CY_SYS_RAM_VECTOR_SECTION
 420:.\Generated_Source\PSoC4/Cm0Start.c **** #endif  /* defined (__ICCARM__) */
 421:.\Generated_Source\PSoC4/Cm0Start.c **** cyisraddress CyRamVectors[CY_NUM_VECTORS];
 422:.\Generated_Source\PSoC4/Cm0Start.c **** 
 423:.\Generated_Source\PSoC4/Cm0Start.c **** 
 424:.\Generated_Source\PSoC4/Cm0Start.c **** /*******************************************************************************
 425:.\Generated_Source\PSoC4/Cm0Start.c **** * Rom Interrupt Vector table storage area. Must be 256-byte aligned.
 426:.\Generated_Source\PSoC4/Cm0Start.c **** *******************************************************************************/
 427:.\Generated_Source\PSoC4/Cm0Start.c **** 
 428:.\Generated_Source\PSoC4/Cm0Start.c **** #if defined(__ARMCC_VERSION)
 429:.\Generated_Source\PSoC4/Cm0Start.c ****     /* Suppress diagnostic message 1296-D: extended constant initialiser used */
 430:.\Generated_Source\PSoC4/Cm0Start.c ****     #pragma diag_suppress 1296
 431:.\Generated_Source\PSoC4/Cm0Start.c **** #endif  /* defined(__ARMCC_VERSION) */
 432:.\Generated_Source\PSoC4/Cm0Start.c **** 
 433:.\Generated_Source\PSoC4/Cm0Start.c **** #if defined (__ICCARM__)
 434:.\Generated_Source\PSoC4/Cm0Start.c ****     #pragma location=".romvectors"
 435:.\Generated_Source\PSoC4/Cm0Start.c ****     const intvec_elem __vector_table[CY_NUM_ROM_VECTORS] =
 436:.\Generated_Source\PSoC4/Cm0Start.c **** #else
 437:.\Generated_Source\PSoC4/Cm0Start.c ****     #ifndef CY_SYS_ROM_VECTOR_SECTION
 438:.\Generated_Source\PSoC4/Cm0Start.c ****         #define CY_SYS_ROM_VECTOR_SECTION CY_SECTION(".romvectors")
 439:.\Generated_Source\PSoC4/Cm0Start.c ****     #endif /* CY_SYS_ROM_VECTOR_SECTION */
 440:.\Generated_Source\PSoC4/Cm0Start.c ****     CY_SYS_ROM_VECTOR_SECTION
 441:.\Generated_Source\PSoC4/Cm0Start.c ****     const cyisraddress RomVectors[CY_NUM_ROM_VECTORS] =
 442:.\Generated_Source\PSoC4/Cm0Start.c **** #endif  /* defined (__ICCARM__) */
 443:.\Generated_Source\PSoC4/Cm0Start.c **** {
 444:.\Generated_Source\PSoC4/Cm0Start.c ****     CY_SYS_INITIAL_STACK_POINTER,   /* The initial stack pointer  0 */
 445:.\Generated_Source\PSoC4/Cm0Start.c ****     #if defined (__ICCARM__) /* The reset handler          1 */
 446:.\Generated_Source\PSoC4/Cm0Start.c ****         __iar_program_start,
 447:.\Generated_Source\PSoC4/Cm0Start.c ****     #else
 448:.\Generated_Source\PSoC4/Cm0Start.c ****         (cyisraddress)&Reset,
 449:.\Generated_Source\PSoC4/Cm0Start.c ****     #endif  /* defined (__ICCARM__) */
 450:.\Generated_Source\PSoC4/Cm0Start.c ****     &IntDefaultHandler,      /* The NMI handler            2 */
 451:.\Generated_Source\PSoC4/Cm0Start.c ****     &IntDefaultHandler,      /* The hard fault handler     3 */
 452:.\Generated_Source\PSoC4/Cm0Start.c **** };
 453:.\Generated_Source\PSoC4/Cm0Start.c **** 
 454:.\Generated_Source\PSoC4/Cm0Start.c **** #if defined(__ARMCC_VERSION)
 455:.\Generated_Source\PSoC4/Cm0Start.c ****     #pragma diag_default 1296
 456:.\Generated_Source\PSoC4/Cm0Start.c **** #endif  /* defined(__ARMCC_VERSION) */
 457:.\Generated_Source\PSoC4/Cm0Start.c **** 
 458:.\Generated_Source\PSoC4/Cm0Start.c **** 
 459:.\Generated_Source\PSoC4/Cm0Start.c **** /*******************************************************************************
 460:.\Generated_Source\PSoC4/Cm0Start.c **** * Function Name: initialize_psoc
 461:.\Generated_Source\PSoC4/Cm0Start.c **** ****************************************************************************//**
 462:.\Generated_Source\PSoC4/Cm0Start.c **** *
 463:.\Generated_Source\PSoC4/Cm0Start.c **** * This function is used to initialize the PSoC chip before calling main.
 464:.\Generated_Source\PSoC4/Cm0Start.c **** *
 465:.\Generated_Source\PSoC4/Cm0Start.c **** *******************************************************************************/
 466:.\Generated_Source\PSoC4/Cm0Start.c **** #if(defined(__GNUC__) && !defined(__ARMCC_VERSION))
 467:.\Generated_Source\PSoC4/Cm0Start.c **** __attribute__ ((constructor(101)))
 468:.\Generated_Source\PSoC4/Cm0Start.c **** #endif  /* (defined(__GNUC__) && !defined(__ARMCC_VERSION)) */
 469:.\Generated_Source\PSoC4/Cm0Start.c **** void initialize_psoc(void)
 470:.\Generated_Source\PSoC4/Cm0Start.c **** {
 318              		.loc 1 470 0
ARM GAS  C:\Users\Anders\AppData\Local\Temp\cc1GeigY.s 			page 15


 319              		.cfi_startproc
 320 0000 80B5     		push	{r7, lr}
 321              		.cfi_def_cfa_offset 8
 322              		.cfi_offset 7, -8
 323              		.cfi_offset 14, -4
 324 0002 82B0     		sub	sp, sp, #8
 325              		.cfi_def_cfa_offset 16
 326 0004 00AF     		add	r7, sp, #0
 327              		.cfi_def_cfa_register 7
 471:.\Generated_Source\PSoC4/Cm0Start.c ****     uint32 indexInit;
 472:.\Generated_Source\PSoC4/Cm0Start.c **** 
 473:.\Generated_Source\PSoC4/Cm0Start.c ****     #if(CY_IP_CPUSSV2)
 474:.\Generated_Source\PSoC4/Cm0Start.c ****         #if (CY_IP_CPUSS_CM0)
 475:.\Generated_Source\PSoC4/Cm0Start.c ****             /***********************************************************************
 476:.\Generated_Source\PSoC4/Cm0Start.c ****             * Make sure that Vector Table is located at 0000_0000 in Flash, before
 477:.\Generated_Source\PSoC4/Cm0Start.c ****             * accessing RomVectors or calling functions that may be placed in
 478:.\Generated_Source\PSoC4/Cm0Start.c ****             * .psocinit (cyfitter_cfg and ClockSetup). Note The CY_CPUSS_CONFIG_REG
 479:.\Generated_Source\PSoC4/Cm0Start.c ****             * register is retention for the specified device family.
 480:.\Generated_Source\PSoC4/Cm0Start.c ****             ***********************************************************************/
 481:.\Generated_Source\PSoC4/Cm0Start.c ****             CY_CPUSS_CONFIG_REG &= (uint32) ~CY_CPUSS_CONFIG_VECT_IN_RAM;
 482:.\Generated_Source\PSoC4/Cm0Start.c ****         #endif /* (CY_IP_CPUSS_CM0) */
 483:.\Generated_Source\PSoC4/Cm0Start.c ****     #endif  /* (CY_IP_CPUSSV2) */
 484:.\Generated_Source\PSoC4/Cm0Start.c **** 
 485:.\Generated_Source\PSoC4/Cm0Start.c ****     /* Set Ram interrupt vectors to default functions. */
 486:.\Generated_Source\PSoC4/Cm0Start.c ****     for (indexInit = 0u; indexInit < CY_NUM_VECTORS; indexInit++)
 328              		.loc 1 486 0
 329 0006 0023     		mov	r3, #0
 330 0008 7B60     		str	r3, [r7, #4]
 331 000a 0FE0     		b	.L23
 332              	.L26:
 487:.\Generated_Source\PSoC4/Cm0Start.c ****     {
 488:.\Generated_Source\PSoC4/Cm0Start.c ****         CyRamVectors[indexInit] = (indexInit < CY_NUM_ROM_VECTORS) ?
 489:.\Generated_Source\PSoC4/Cm0Start.c ****             #if defined (__ICCARM__)
 490:.\Generated_Source\PSoC4/Cm0Start.c ****                 __vector_table[indexInit].__fun : &IntDefaultHandler;
 491:.\Generated_Source\PSoC4/Cm0Start.c ****             #else
 492:.\Generated_Source\PSoC4/Cm0Start.c ****                 RomVectors[indexInit] : &IntDefaultHandler;
 333              		.loc 1 492 0
 334 000c 7B68     		ldr	r3, [r7, #4]
 335 000e 032B     		cmp	r3, #3
 336 0010 04D8     		bhi	.L24
 337              		.loc 1 492 0 is_stmt 0 discriminator 1
 338 0012 104B     		ldr	r3, .L27
 339 0014 7A68     		ldr	r2, [r7, #4]
 340 0016 9200     		lsl	r2, r2, #2
 341 0018 D358     		ldr	r3, [r2, r3]
 342 001a 00E0     		b	.L25
 343              	.L24:
 344              		.loc 1 492 0 discriminator 2
 345 001c 0E4B     		ldr	r3, .L27+4
 346              	.L25:
 488:.\Generated_Source\PSoC4/Cm0Start.c ****             #if defined (__ICCARM__)
 347              		.loc 1 488 0 is_stmt 1 discriminator 2
 348 001e 0F4A     		ldr	r2, .L27+8
 349 0020 7968     		ldr	r1, [r7, #4]
 350 0022 8900     		lsl	r1, r1, #2
 351 0024 8B50     		str	r3, [r1, r2]
 486:.\Generated_Source\PSoC4/Cm0Start.c ****     {
ARM GAS  C:\Users\Anders\AppData\Local\Temp\cc1GeigY.s 			page 16


 352              		.loc 1 486 0 discriminator 2
 353 0026 7B68     		ldr	r3, [r7, #4]
 354 0028 0133     		add	r3, r3, #1
 355 002a 7B60     		str	r3, [r7, #4]
 356              	.L23:
 486:.\Generated_Source\PSoC4/Cm0Start.c ****     {
 357              		.loc 1 486 0 is_stmt 0 discriminator 1
 358 002c 7B68     		ldr	r3, [r7, #4]
 359 002e 2F2B     		cmp	r3, #47
 360 0030 ECD9     		bls	.L26
 493:.\Generated_Source\PSoC4/Cm0Start.c ****             #endif  /* defined (__ICCARM__) */
 494:.\Generated_Source\PSoC4/Cm0Start.c ****     }
 495:.\Generated_Source\PSoC4/Cm0Start.c **** 
 496:.\Generated_Source\PSoC4/Cm0Start.c ****     /* Initialize configuration registers. */
 497:.\Generated_Source\PSoC4/Cm0Start.c ****     cyfitter_cfg();
 361              		.loc 1 497 0 is_stmt 1
 362 0032 FFF7FEFF 		bl	cyfitter_cfg
 498:.\Generated_Source\PSoC4/Cm0Start.c **** 
 499:.\Generated_Source\PSoC4/Cm0Start.c ****     #if !defined (__ICCARM__)
 500:.\Generated_Source\PSoC4/Cm0Start.c ****         /* Actually, no need to clean this variable, just to make compiler happy. */
 501:.\Generated_Source\PSoC4/Cm0Start.c ****         cySysNoInitDataValid = 0u;
 363              		.loc 1 501 0
 364 0036 0A4B     		ldr	r3, .L27+12
 365 0038 0022     		mov	r2, #0
 366 003a 1A60     		str	r2, [r3]
 502:.\Generated_Source\PSoC4/Cm0Start.c ****     #endif  /* !defined (__ICCARM__) */
 503:.\Generated_Source\PSoC4/Cm0Start.c **** 
 504:.\Generated_Source\PSoC4/Cm0Start.c ****     #if (CYDEV_PROJ_TYPE != CYDEV_PROJ_TYPE_STANDARD)
 505:.\Generated_Source\PSoC4/Cm0Start.c **** 
 506:.\Generated_Source\PSoC4/Cm0Start.c ****         /* Need to make sure that this variable will not be optimized out */
 507:.\Generated_Source\PSoC4/Cm0Start.c ****         if (0u == cyBtldrRunType)
 508:.\Generated_Source\PSoC4/Cm0Start.c ****         {
 509:.\Generated_Source\PSoC4/Cm0Start.c ****             cyBtldrRunType = 0u;
 510:.\Generated_Source\PSoC4/Cm0Start.c ****         }
 511:.\Generated_Source\PSoC4/Cm0Start.c **** 
 512:.\Generated_Source\PSoC4/Cm0Start.c ****     #endif  /* (CYDEV_PROJ_TYPE != CYDEV_PROJ_TYPE_STANDARD) */
 513:.\Generated_Source\PSoC4/Cm0Start.c **** 
 514:.\Generated_Source\PSoC4/Cm0Start.c ****     #if (CY_IP_CPUSS_CM0)
 515:.\Generated_Source\PSoC4/Cm0Start.c ****         /* Vector Table is located at 0x2000:0000 in SRAM */
 516:.\Generated_Source\PSoC4/Cm0Start.c ****         CY_CPUSS_CONFIG_REG |= CY_CPUSS_CONFIG_VECT_IN_RAM;
 367              		.loc 1 516 0
 368 003c 8023     		mov	r3, #128
 369 003e DB05     		lsl	r3, r3, #23
 370 0040 8022     		mov	r2, #128
 371 0042 D205     		lsl	r2, r2, #23
 372 0044 1268     		ldr	r2, [r2]
 373 0046 0121     		mov	r1, #1
 374 0048 0A43     		orr	r2, r1
 375 004a 1A60     		str	r2, [r3]
 517:.\Generated_Source\PSoC4/Cm0Start.c **** 	#else
 518:.\Generated_Source\PSoC4/Cm0Start.c **** 		(*(uint32 *)CYREG_CM0P_VTOR) = CY_CPUSS_CONFIG_VECT_ADDR_IN_RAM;
 519:.\Generated_Source\PSoC4/Cm0Start.c ****     #endif /* (CY_IP_CPUSS_CM0) */
 520:.\Generated_Source\PSoC4/Cm0Start.c **** }
 376              		.loc 1 520 0
 377 004c BD46     		mov	sp, r7
 378 004e 02B0     		add	sp, sp, #8
 379              		@ sp needed
ARM GAS  C:\Users\Anders\AppData\Local\Temp\cc1GeigY.s 			page 17


 380 0050 80BD     		pop	{r7, pc}
 381              	.L28:
 382 0052 C046     		.align	2
 383              	.L27:
 384 0054 00000000 		.word	RomVectors
 385 0058 00000000 		.word	IntDefaultHandler
 386 005c 00000000 		.word	CyRamVectors
 387 0060 00000000 		.word	cySysNoInitDataValid
 388              		.cfi_endproc
 389              	.LFE5:
 390              		.size	initialize_psoc, .-initialize_psoc
 391              		.section	.init_array,"aw",%init_array
 392              		.align	2
 393 0000 00000000 		.word	initialize_psoc(target1)
 394              		.data
 395              		.align	2
 396              		.type	heapPointer.4720, %object
 397              		.size	heapPointer.4720, 4
 398              	heapPointer.4720:
 399 0000 00000000 		.word	end
 400              		.weak	__cy_region_num
 401              		.text
 402              	.Letext0:
 403              		.file 2 ".\\Generated_Source\\PSoC4\\cytypes.h"
 404              		.file 3 "c:\\program files (x86)\\cypress\\psoc creator\\3.3\\psoc creator\\import\\gnu\\arm\\4.9.
 405              		.section	.debug_info,"",%progbits
 406              	.Ldebug_info0:
 407 0000 FC020000 		.4byte	0x2fc
 408 0004 0400     		.2byte	0x4
 409 0006 00000000 		.4byte	.Ldebug_abbrev0
 410 000a 04       		.byte	0x4
 411 000b 01       		.uleb128 0x1
 412 000c 06000000 		.4byte	.LASF42
 413 0010 01       		.byte	0x1
 414 0011 57020000 		.4byte	.LASF43
 415 0015 17020000 		.4byte	.LASF44
 416 0019 00000000 		.4byte	.Ldebug_ranges0+0
 417 001d 00000000 		.4byte	0
 418 0021 00000000 		.4byte	.Ldebug_line0
 419 0025 02       		.uleb128 0x2
 420 0026 01       		.byte	0x1
 421 0027 06       		.byte	0x6
 422 0028 8E020000 		.4byte	.LASF0
 423 002c 02       		.uleb128 0x2
 424 002d 01       		.byte	0x1
 425 002e 08       		.byte	0x8
 426 002f 0B010000 		.4byte	.LASF1
 427 0033 02       		.uleb128 0x2
 428 0034 02       		.byte	0x2
 429 0035 05       		.byte	0x5
 430 0036 7B020000 		.4byte	.LASF2
 431 003a 02       		.uleb128 0x2
 432 003b 02       		.byte	0x2
 433 003c 07       		.byte	0x7
 434 003d C2000000 		.4byte	.LASF3
 435 0041 02       		.uleb128 0x2
 436 0042 04       		.byte	0x4
ARM GAS  C:\Users\Anders\AppData\Local\Temp\cc1GeigY.s 			page 18


 437 0043 05       		.byte	0x5
 438 0044 85020000 		.4byte	.LASF4
 439 0048 02       		.uleb128 0x2
 440 0049 04       		.byte	0x4
 441 004a 07       		.byte	0x7
 442 004b 30010000 		.4byte	.LASF5
 443 004f 02       		.uleb128 0x2
 444 0050 08       		.byte	0x8
 445 0051 05       		.byte	0x5
 446 0052 04020000 		.4byte	.LASF6
 447 0056 02       		.uleb128 0x2
 448 0057 08       		.byte	0x8
 449 0058 07       		.byte	0x7
 450 0059 B6010000 		.4byte	.LASF7
 451 005d 03       		.uleb128 0x3
 452 005e 04       		.byte	0x4
 453 005f 05       		.byte	0x5
 454 0060 696E7400 		.ascii	"int\000"
 455 0064 02       		.uleb128 0x2
 456 0065 04       		.byte	0x4
 457 0066 07       		.byte	0x7
 458 0067 A9010000 		.4byte	.LASF8
 459 006b 04       		.uleb128 0x4
 460 006c 57010000 		.4byte	.LASF9
 461 0070 02       		.byte	0x2
 462 0071 9801     		.2byte	0x198
 463 0073 2C000000 		.4byte	0x2c
 464 0077 04       		.uleb128 0x4
 465 0078 98010000 		.4byte	.LASF10
 466 007c 02       		.byte	0x2
 467 007d 9A01     		.2byte	0x19a
 468 007f 48000000 		.4byte	0x48
 469 0083 02       		.uleb128 0x2
 470 0084 04       		.byte	0x4
 471 0085 04       		.byte	0x4
 472 0086 00010000 		.4byte	.LASF11
 473 008a 02       		.uleb128 0x2
 474 008b 08       		.byte	0x8
 475 008c 04       		.byte	0x4
 476 008d 81010000 		.4byte	.LASF12
 477 0091 02       		.uleb128 0x2
 478 0092 01       		.byte	0x1
 479 0093 08       		.byte	0x8
 480 0094 12020000 		.4byte	.LASF13
 481 0098 04       		.uleb128 0x4
 482 0099 00000000 		.4byte	.LASF14
 483 009d 02       		.byte	0x2
 484 009e 4402     		.2byte	0x244
 485 00a0 A4000000 		.4byte	0xa4
 486 00a4 05       		.uleb128 0x5
 487 00a5 77000000 		.4byte	0x77
 488 00a9 04       		.uleb128 0x4
 489 00aa D3010000 		.4byte	.LASF15
 490 00ae 02       		.byte	0x2
 491 00af 5402     		.2byte	0x254
 492 00b1 B5000000 		.4byte	0xb5
 493 00b5 06       		.uleb128 0x6
ARM GAS  C:\Users\Anders\AppData\Local\Temp\cc1GeigY.s 			page 19


 494 00b6 04       		.byte	0x4
 495 00b7 BB000000 		.4byte	0xbb
 496 00bb 07       		.uleb128 0x7
 497 00bc 08       		.uleb128 0x8
 498 00bd 94000000 		.4byte	.LASF16
 499 00c1 03       		.byte	0x3
 500 00c2 D4       		.byte	0xd4
 501 00c3 64000000 		.4byte	0x64
 502 00c7 02       		.uleb128 0x2
 503 00c8 04       		.byte	0x4
 504 00c9 07       		.byte	0x7
 505 00ca FB010000 		.4byte	.LASF17
 506 00ce 09       		.uleb128 0x9
 507 00cf 04       		.byte	0x4
 508 00d0 0A       		.uleb128 0xa
 509 00d1 91000000 		.4byte	0x91
 510 00d5 08       		.uleb128 0x8
 511 00d6 EA010000 		.4byte	.LASF18
 512 00da 01       		.byte	0x1
 513 00db CC       		.byte	0xcc
 514 00dc 2C000000 		.4byte	0x2c
 515 00e0 0B       		.uleb128 0xb
 516 00e1 B6020000 		.4byte	.LASF45
 517 00e5 10       		.byte	0x10
 518 00e6 01       		.byte	0x1
 519 00e7 CE       		.byte	0xce
 520 00e8 1D010000 		.4byte	0x11d
 521 00ec 0C       		.uleb128 0xc
 522 00ed E5000000 		.4byte	.LASF19
 523 00f1 01       		.byte	0x1
 524 00f2 D0       		.byte	0xd0
 525 00f3 1D010000 		.4byte	0x11d
 526 00f7 00       		.byte	0
 527 00f8 0C       		.uleb128 0xc
 528 00f9 06010000 		.4byte	.LASF20
 529 00fd 01       		.byte	0x1
 530 00fe D1       		.byte	0xd1
 531 00ff 1D010000 		.4byte	0x11d
 532 0103 04       		.byte	0x4
 533 0104 0C       		.uleb128 0xc
 534 0105 E0010000 		.4byte	.LASF21
 535 0109 01       		.byte	0x1
 536 010a D2       		.byte	0xd2
 537 010b BC000000 		.4byte	0xbc
 538 010f 08       		.byte	0x8
 539 0110 0C       		.uleb128 0xc
 540 0111 F1000000 		.4byte	.LASF22
 541 0115 01       		.byte	0x1
 542 0116 D3       		.byte	0xd3
 543 0117 BC000000 		.4byte	0xbc
 544 011b 0C       		.byte	0xc
 545 011c 00       		.byte	0
 546 011d 06       		.uleb128 0x6
 547 011e 04       		.byte	0x4
 548 011f D5000000 		.4byte	0xd5
 549 0123 0D       		.uleb128 0xd
 550 0124 69010000 		.4byte	.LASF33
ARM GAS  C:\Users\Anders\AppData\Local\Temp\cc1GeigY.s 			page 20


 551 0128 01       		.byte	0x1
 552 0129 6D       		.byte	0x6d
 553 012a 00000000 		.4byte	.LFB0
 554 012e 06000000 		.4byte	.LFE0-.LFB0
 555 0132 01       		.uleb128 0x1
 556 0133 9C       		.byte	0x9c
 557 0134 0E       		.uleb128 0xe
 558 0135 63010000 		.4byte	.LASF27
 559 0139 01       		.byte	0x1
 560 013a EC       		.byte	0xec
 561 013b 00000000 		.4byte	.LFB1
 562 013f 14000000 		.4byte	.LFE1-.LFB1
 563 0143 01       		.uleb128 0x1
 564 0144 9C       		.byte	0x9c
 565 0145 58010000 		.4byte	0x158
 566 0149 0F       		.uleb128 0xf
 567 014a EA000000 		.4byte	.LASF23
 568 014e 01       		.byte	0x1
 569 014f EC       		.byte	0xec
 570 0150 5D000000 		.4byte	0x5d
 571 0154 02       		.uleb128 0x2
 572 0155 91       		.byte	0x91
 573 0156 74       		.sleb128 -12
 574 0157 00       		.byte	0
 575 0158 10       		.uleb128 0x10
 576 0159 7B010000 		.4byte	.LASF46
 577 015d 01       		.byte	0x1
 578 015e 0601     		.2byte	0x106
 579 0160 CE000000 		.4byte	0xce
 580 0164 00000000 		.4byte	.LFB2
 581 0168 54000000 		.4byte	.LFE2-.LFB2
 582 016c 01       		.uleb128 0x1
 583 016d 9C       		.byte	0x9c
 584 016e AF010000 		.4byte	0x1af
 585 0172 11       		.uleb128 0x11
 586 0173 AF020000 		.4byte	.LASF24
 587 0177 01       		.byte	0x1
 588 0178 0601     		.2byte	0x106
 589 017a 5D000000 		.4byte	0x5d
 590 017e 02       		.uleb128 0x2
 591 017f 91       		.byte	0x91
 592 0180 6C       		.sleb128 -20
 593 0181 12       		.uleb128 0x12
 594 0182 656E6400 		.ascii	"end\000"
 595 0186 01       		.byte	0x1
 596 0187 0801     		.2byte	0x108
 597 0189 5D000000 		.4byte	0x5d
 598 018d 13       		.uleb128 0x13
 599 018e 19010000 		.4byte	.LASF25
 600 0192 01       		.byte	0x1
 601 0193 0901     		.2byte	0x109
 602 0195 CE000000 		.4byte	0xce
 603 0199 02       		.uleb128 0x2
 604 019a 91       		.byte	0x91
 605 019b 74       		.sleb128 -12
 606 019c 13       		.uleb128 0x13
 607 019d B6000000 		.4byte	.LASF26
ARM GAS  C:\Users\Anders\AppData\Local\Temp\cc1GeigY.s 			page 21


 608 01a1 01       		.byte	0x1
 609 01a2 0C01     		.2byte	0x10c
 610 01a4 CE000000 		.4byte	0xce
 611 01a8 05       		.uleb128 0x5
 612 01a9 03       		.byte	0x3
 613 01aa 00000000 		.4byte	heapPointer.4720
 614 01ae 00       		.byte	0
 615 01af 14       		.uleb128 0x14
 616 01b0 A8000000 		.4byte	.LASF28
 617 01b4 01       		.byte	0x1
 618 01b5 2701     		.2byte	0x127
 619 01b7 00000000 		.4byte	.LFB3
 620 01bb 98000000 		.4byte	.LFE3-.LFB3
 621 01bf 01       		.uleb128 0x1
 622 01c0 9C       		.byte	0x9c
 623 01c1 2A020000 		.4byte	0x22a
 624 01c5 13       		.uleb128 0x13
 625 01c6 A7020000 		.4byte	.LASF29
 626 01ca 01       		.byte	0x1
 627 01cb 2C01     		.2byte	0x12c
 628 01cd 64000000 		.4byte	0x64
 629 01d1 02       		.uleb128 0x2
 630 01d2 91       		.byte	0x91
 631 01d3 74       		.sleb128 -12
 632 01d4 13       		.uleb128 0x13
 633 01d5 FB000000 		.4byte	.LASF30
 634 01d9 01       		.byte	0x1
 635 01da 2D01     		.2byte	0x12d
 636 01dc 2A020000 		.4byte	0x22a
 637 01e0 02       		.uleb128 0x2
 638 01e1 91       		.byte	0x91
 639 01e2 70       		.sleb128 -16
 640 01e3 15       		.uleb128 0x15
 641 01e4 14000000 		.4byte	.LBB2
 642 01e8 66000000 		.4byte	.LBE2-.LBB2
 643 01ec 16       		.uleb128 0x16
 644 01ed 73726300 		.ascii	"src\000"
 645 01f1 01       		.byte	0x1
 646 01f2 3201     		.2byte	0x132
 647 01f4 35020000 		.4byte	0x235
 648 01f8 02       		.uleb128 0x2
 649 01f9 91       		.byte	0x91
 650 01fa 6C       		.sleb128 -20
 651 01fb 16       		.uleb128 0x16
 652 01fc 64737400 		.ascii	"dst\000"
 653 0200 01       		.byte	0x1
 654 0201 3301     		.2byte	0x133
 655 0203 35020000 		.4byte	0x235
 656 0207 02       		.uleb128 0x2
 657 0208 91       		.byte	0x91
 658 0209 68       		.sleb128 -24
 659 020a 13       		.uleb128 0x13
 660 020b CD010000 		.4byte	.LASF31
 661 020f 01       		.byte	0x1
 662 0210 3401     		.2byte	0x134
 663 0212 64000000 		.4byte	0x64
 664 0216 02       		.uleb128 0x2
ARM GAS  C:\Users\Anders\AppData\Local\Temp\cc1GeigY.s 			page 22


 665 0217 91       		.byte	0x91
 666 0218 60       		.sleb128 -32
 667 0219 13       		.uleb128 0x13
 668 021a B0000000 		.4byte	.LASF32
 669 021e 01       		.byte	0x1
 670 021f 3501     		.2byte	0x135
 671 0221 64000000 		.4byte	0x64
 672 0225 02       		.uleb128 0x2
 673 0226 91       		.byte	0x91
 674 0227 64       		.sleb128 -28
 675 0228 00       		.byte	0
 676 0229 00       		.byte	0
 677 022a 06       		.uleb128 0x6
 678 022b 04       		.byte	0x4
 679 022c 30020000 		.4byte	0x230
 680 0230 0A       		.uleb128 0xa
 681 0231 E0000000 		.4byte	0xe0
 682 0235 06       		.uleb128 0x6
 683 0236 04       		.byte	0x4
 684 0237 77000000 		.4byte	0x77
 685 023b 17       		.uleb128 0x17
 686 023c 5D010000 		.4byte	.LASF34
 687 0240 01       		.byte	0x1
 688 0241 5C01     		.2byte	0x15c
 689 0243 00000000 		.4byte	.LFB4
 690 0247 08000000 		.4byte	.LFE4-.LFB4
 691 024b 01       		.uleb128 0x1
 692 024c 9C       		.byte	0x9c
 693 024d 14       		.uleb128 0x14
 694 024e 88010000 		.4byte	.LASF35
 695 0252 01       		.byte	0x1
 696 0253 D501     		.2byte	0x1d5
 697 0255 00000000 		.4byte	.LFB5
 698 0259 64000000 		.4byte	.LFE5-.LFB5
 699 025d 01       		.uleb128 0x1
 700 025e 9C       		.byte	0x9c
 701 025f 73020000 		.4byte	0x273
 702 0263 13       		.uleb128 0x13
 703 0264 9F010000 		.4byte	.LASF36
 704 0268 01       		.byte	0x1
 705 0269 D701     		.2byte	0x1d7
 706 026b 77000000 		.4byte	0x77
 707 026f 02       		.uleb128 0x2
 708 0270 91       		.byte	0x91
 709 0271 74       		.sleb128 -12
 710 0272 00       		.byte	0
 711 0273 18       		.uleb128 0x18
 712 0274 42010000 		.4byte	.LASF37
 713 0278 01       		.byte	0x1
 714 0279 4E       		.byte	0x4e
 715 027a 77000000 		.4byte	0x77
 716 027e 05       		.uleb128 0x5
 717 027f 03       		.byte	0x3
 718 0280 00000000 		.4byte	cySysNoInitDataValid
 719 0284 12       		.uleb128 0x12
 720 0285 656E6400 		.ascii	"end\000"
 721 0289 01       		.byte	0x1
ARM GAS  C:\Users\Anders\AppData\Local\Temp\cc1GeigY.s 			page 23


 722 028a 0801     		.2byte	0x108
 723 028c 5D000000 		.4byte	0x5d
 724 0290 19       		.uleb128 0x19
 725 0291 E0000000 		.4byte	0xe0
 726 0295 9B020000 		.4byte	0x29b
 727 0299 1A       		.uleb128 0x1a
 728 029a 00       		.byte	0
 729 029b 1B       		.uleb128 0x1b
 730 029c 9A020000 		.4byte	.LASF38
 731 02a0 01       		.byte	0x1
 732 02a1 D6       		.byte	0xd6
 733 02a2 A6020000 		.4byte	0x2a6
 734 02a6 0A       		.uleb128 0xa
 735 02a7 90020000 		.4byte	0x290
 736 02ab 1B       		.uleb128 0x1b
 737 02ac D5000000 		.4byte	.LASF39
 738 02b0 01       		.byte	0x1
 739 02b1 D7       		.byte	0xd7
 740 02b2 D0000000 		.4byte	0xd0
 741 02b6 19       		.uleb128 0x19
 742 02b7 A9000000 		.4byte	0xa9
 743 02bb C6020000 		.4byte	0x2c6
 744 02bf 1C       		.uleb128 0x1c
 745 02c0 C7000000 		.4byte	0xc7
 746 02c4 2F       		.byte	0x2f
 747 02c5 00       		.byte	0
 748 02c6 1D       		.uleb128 0x1d
 749 02c7 9B000000 		.4byte	.LASF40
 750 02cb 01       		.byte	0x1
 751 02cc A501     		.2byte	0x1a5
 752 02ce B6020000 		.4byte	0x2b6
 753 02d2 05       		.uleb128 0x5
 754 02d3 03       		.byte	0x3
 755 02d4 00000000 		.4byte	CyRamVectors
 756 02d8 19       		.uleb128 0x19
 757 02d9 A9000000 		.4byte	0xa9
 758 02dd E8020000 		.4byte	0x2e8
 759 02e1 1C       		.uleb128 0x1c
 760 02e2 C7000000 		.4byte	0xc7
 761 02e6 03       		.byte	0x3
 762 02e7 00       		.byte	0
 763 02e8 1D       		.uleb128 0x1d
 764 02e9 25010000 		.4byte	.LASF41
 765 02ed 01       		.byte	0x1
 766 02ee B901     		.2byte	0x1b9
 767 02f0 FA020000 		.4byte	0x2fa
 768 02f4 05       		.uleb128 0x5
 769 02f5 03       		.byte	0x3
 770 02f6 00000000 		.4byte	RomVectors
 771 02fa 0A       		.uleb128 0xa
 772 02fb D8020000 		.4byte	0x2d8
 773 02ff 00       		.byte	0
 774              		.section	.debug_abbrev,"",%progbits
 775              	.Ldebug_abbrev0:
 776 0000 01       		.uleb128 0x1
 777 0001 11       		.uleb128 0x11
 778 0002 01       		.byte	0x1
ARM GAS  C:\Users\Anders\AppData\Local\Temp\cc1GeigY.s 			page 24


 779 0003 25       		.uleb128 0x25
 780 0004 0E       		.uleb128 0xe
 781 0005 13       		.uleb128 0x13
 782 0006 0B       		.uleb128 0xb
 783 0007 03       		.uleb128 0x3
 784 0008 0E       		.uleb128 0xe
 785 0009 1B       		.uleb128 0x1b
 786 000a 0E       		.uleb128 0xe
 787 000b 55       		.uleb128 0x55
 788 000c 17       		.uleb128 0x17
 789 000d 11       		.uleb128 0x11
 790 000e 01       		.uleb128 0x1
 791 000f 10       		.uleb128 0x10
 792 0010 17       		.uleb128 0x17
 793 0011 00       		.byte	0
 794 0012 00       		.byte	0
 795 0013 02       		.uleb128 0x2
 796 0014 24       		.uleb128 0x24
 797 0015 00       		.byte	0
 798 0016 0B       		.uleb128 0xb
 799 0017 0B       		.uleb128 0xb
 800 0018 3E       		.uleb128 0x3e
 801 0019 0B       		.uleb128 0xb
 802 001a 03       		.uleb128 0x3
 803 001b 0E       		.uleb128 0xe
 804 001c 00       		.byte	0
 805 001d 00       		.byte	0
 806 001e 03       		.uleb128 0x3
 807 001f 24       		.uleb128 0x24
 808 0020 00       		.byte	0
 809 0021 0B       		.uleb128 0xb
 810 0022 0B       		.uleb128 0xb
 811 0023 3E       		.uleb128 0x3e
 812 0024 0B       		.uleb128 0xb
 813 0025 03       		.uleb128 0x3
 814 0026 08       		.uleb128 0x8
 815 0027 00       		.byte	0
 816 0028 00       		.byte	0
 817 0029 04       		.uleb128 0x4
 818 002a 16       		.uleb128 0x16
 819 002b 00       		.byte	0
 820 002c 03       		.uleb128 0x3
 821 002d 0E       		.uleb128 0xe
 822 002e 3A       		.uleb128 0x3a
 823 002f 0B       		.uleb128 0xb
 824 0030 3B       		.uleb128 0x3b
 825 0031 05       		.uleb128 0x5
 826 0032 49       		.uleb128 0x49
 827 0033 13       		.uleb128 0x13
 828 0034 00       		.byte	0
 829 0035 00       		.byte	0
 830 0036 05       		.uleb128 0x5
 831 0037 35       		.uleb128 0x35
 832 0038 00       		.byte	0
 833 0039 49       		.uleb128 0x49
 834 003a 13       		.uleb128 0x13
 835 003b 00       		.byte	0
ARM GAS  C:\Users\Anders\AppData\Local\Temp\cc1GeigY.s 			page 25


 836 003c 00       		.byte	0
 837 003d 06       		.uleb128 0x6
 838 003e 0F       		.uleb128 0xf
 839 003f 00       		.byte	0
 840 0040 0B       		.uleb128 0xb
 841 0041 0B       		.uleb128 0xb
 842 0042 49       		.uleb128 0x49
 843 0043 13       		.uleb128 0x13
 844 0044 00       		.byte	0
 845 0045 00       		.byte	0
 846 0046 07       		.uleb128 0x7
 847 0047 15       		.uleb128 0x15
 848 0048 00       		.byte	0
 849 0049 27       		.uleb128 0x27
 850 004a 19       		.uleb128 0x19
 851 004b 00       		.byte	0
 852 004c 00       		.byte	0
 853 004d 08       		.uleb128 0x8
 854 004e 16       		.uleb128 0x16
 855 004f 00       		.byte	0
 856 0050 03       		.uleb128 0x3
 857 0051 0E       		.uleb128 0xe
 858 0052 3A       		.uleb128 0x3a
 859 0053 0B       		.uleb128 0xb
 860 0054 3B       		.uleb128 0x3b
 861 0055 0B       		.uleb128 0xb
 862 0056 49       		.uleb128 0x49
 863 0057 13       		.uleb128 0x13
 864 0058 00       		.byte	0
 865 0059 00       		.byte	0
 866 005a 09       		.uleb128 0x9
 867 005b 0F       		.uleb128 0xf
 868 005c 00       		.byte	0
 869 005d 0B       		.uleb128 0xb
 870 005e 0B       		.uleb128 0xb
 871 005f 00       		.byte	0
 872 0060 00       		.byte	0
 873 0061 0A       		.uleb128 0xa
 874 0062 26       		.uleb128 0x26
 875 0063 00       		.byte	0
 876 0064 49       		.uleb128 0x49
 877 0065 13       		.uleb128 0x13
 878 0066 00       		.byte	0
 879 0067 00       		.byte	0
 880 0068 0B       		.uleb128 0xb
 881 0069 13       		.uleb128 0x13
 882 006a 01       		.byte	0x1
 883 006b 03       		.uleb128 0x3
 884 006c 0E       		.uleb128 0xe
 885 006d 0B       		.uleb128 0xb
 886 006e 0B       		.uleb128 0xb
 887 006f 3A       		.uleb128 0x3a
 888 0070 0B       		.uleb128 0xb
 889 0071 3B       		.uleb128 0x3b
 890 0072 0B       		.uleb128 0xb
 891 0073 01       		.uleb128 0x1
 892 0074 13       		.uleb128 0x13
ARM GAS  C:\Users\Anders\AppData\Local\Temp\cc1GeigY.s 			page 26


 893 0075 00       		.byte	0
 894 0076 00       		.byte	0
 895 0077 0C       		.uleb128 0xc
 896 0078 0D       		.uleb128 0xd
 897 0079 00       		.byte	0
 898 007a 03       		.uleb128 0x3
 899 007b 0E       		.uleb128 0xe
 900 007c 3A       		.uleb128 0x3a
 901 007d 0B       		.uleb128 0xb
 902 007e 3B       		.uleb128 0x3b
 903 007f 0B       		.uleb128 0xb
 904 0080 49       		.uleb128 0x49
 905 0081 13       		.uleb128 0x13
 906 0082 38       		.uleb128 0x38
 907 0083 0B       		.uleb128 0xb
 908 0084 00       		.byte	0
 909 0085 00       		.byte	0
 910 0086 0D       		.uleb128 0xd
 911 0087 2E       		.uleb128 0x2e
 912 0088 00       		.byte	0
 913 0089 3F       		.uleb128 0x3f
 914 008a 19       		.uleb128 0x19
 915 008b 03       		.uleb128 0x3
 916 008c 0E       		.uleb128 0xe
 917 008d 3A       		.uleb128 0x3a
 918 008e 0B       		.uleb128 0xb
 919 008f 3B       		.uleb128 0x3b
 920 0090 0B       		.uleb128 0xb
 921 0091 27       		.uleb128 0x27
 922 0092 19       		.uleb128 0x19
 923 0093 11       		.uleb128 0x11
 924 0094 01       		.uleb128 0x1
 925 0095 12       		.uleb128 0x12
 926 0096 06       		.uleb128 0x6
 927 0097 40       		.uleb128 0x40
 928 0098 18       		.uleb128 0x18
 929 0099 9742     		.uleb128 0x2117
 930 009b 19       		.uleb128 0x19
 931 009c 00       		.byte	0
 932 009d 00       		.byte	0
 933 009e 0E       		.uleb128 0xe
 934 009f 2E       		.uleb128 0x2e
 935 00a0 01       		.byte	0x1
 936 00a1 3F       		.uleb128 0x3f
 937 00a2 19       		.uleb128 0x19
 938 00a3 03       		.uleb128 0x3
 939 00a4 0E       		.uleb128 0xe
 940 00a5 3A       		.uleb128 0x3a
 941 00a6 0B       		.uleb128 0xb
 942 00a7 3B       		.uleb128 0x3b
 943 00a8 0B       		.uleb128 0xb
 944 00a9 27       		.uleb128 0x27
 945 00aa 19       		.uleb128 0x19
 946 00ab 11       		.uleb128 0x11
 947 00ac 01       		.uleb128 0x1
 948 00ad 12       		.uleb128 0x12
 949 00ae 06       		.uleb128 0x6
ARM GAS  C:\Users\Anders\AppData\Local\Temp\cc1GeigY.s 			page 27


 950 00af 40       		.uleb128 0x40
 951 00b0 18       		.uleb128 0x18
 952 00b1 9642     		.uleb128 0x2116
 953 00b3 19       		.uleb128 0x19
 954 00b4 01       		.uleb128 0x1
 955 00b5 13       		.uleb128 0x13
 956 00b6 00       		.byte	0
 957 00b7 00       		.byte	0
 958 00b8 0F       		.uleb128 0xf
 959 00b9 05       		.uleb128 0x5
 960 00ba 00       		.byte	0
 961 00bb 03       		.uleb128 0x3
 962 00bc 0E       		.uleb128 0xe
 963 00bd 3A       		.uleb128 0x3a
 964 00be 0B       		.uleb128 0xb
 965 00bf 3B       		.uleb128 0x3b
 966 00c0 0B       		.uleb128 0xb
 967 00c1 49       		.uleb128 0x49
 968 00c2 13       		.uleb128 0x13
 969 00c3 02       		.uleb128 0x2
 970 00c4 18       		.uleb128 0x18
 971 00c5 00       		.byte	0
 972 00c6 00       		.byte	0
 973 00c7 10       		.uleb128 0x10
 974 00c8 2E       		.uleb128 0x2e
 975 00c9 01       		.byte	0x1
 976 00ca 3F       		.uleb128 0x3f
 977 00cb 19       		.uleb128 0x19
 978 00cc 03       		.uleb128 0x3
 979 00cd 0E       		.uleb128 0xe
 980 00ce 3A       		.uleb128 0x3a
 981 00cf 0B       		.uleb128 0xb
 982 00d0 3B       		.uleb128 0x3b
 983 00d1 05       		.uleb128 0x5
 984 00d2 27       		.uleb128 0x27
 985 00d3 19       		.uleb128 0x19
 986 00d4 49       		.uleb128 0x49
 987 00d5 13       		.uleb128 0x13
 988 00d6 11       		.uleb128 0x11
 989 00d7 01       		.uleb128 0x1
 990 00d8 12       		.uleb128 0x12
 991 00d9 06       		.uleb128 0x6
 992 00da 40       		.uleb128 0x40
 993 00db 18       		.uleb128 0x18
 994 00dc 9642     		.uleb128 0x2116
 995 00de 19       		.uleb128 0x19
 996 00df 01       		.uleb128 0x1
 997 00e0 13       		.uleb128 0x13
 998 00e1 00       		.byte	0
 999 00e2 00       		.byte	0
 1000 00e3 11       		.uleb128 0x11
 1001 00e4 05       		.uleb128 0x5
 1002 00e5 00       		.byte	0
 1003 00e6 03       		.uleb128 0x3
 1004 00e7 0E       		.uleb128 0xe
 1005 00e8 3A       		.uleb128 0x3a
 1006 00e9 0B       		.uleb128 0xb
ARM GAS  C:\Users\Anders\AppData\Local\Temp\cc1GeigY.s 			page 28


 1007 00ea 3B       		.uleb128 0x3b
 1008 00eb 05       		.uleb128 0x5
 1009 00ec 49       		.uleb128 0x49
 1010 00ed 13       		.uleb128 0x13
 1011 00ee 02       		.uleb128 0x2
 1012 00ef 18       		.uleb128 0x18
 1013 00f0 00       		.byte	0
 1014 00f1 00       		.byte	0
 1015 00f2 12       		.uleb128 0x12
 1016 00f3 34       		.uleb128 0x34
 1017 00f4 00       		.byte	0
 1018 00f5 03       		.uleb128 0x3
 1019 00f6 08       		.uleb128 0x8
 1020 00f7 3A       		.uleb128 0x3a
 1021 00f8 0B       		.uleb128 0xb
 1022 00f9 3B       		.uleb128 0x3b
 1023 00fa 05       		.uleb128 0x5
 1024 00fb 49       		.uleb128 0x49
 1025 00fc 13       		.uleb128 0x13
 1026 00fd 3F       		.uleb128 0x3f
 1027 00fe 19       		.uleb128 0x19
 1028 00ff 3C       		.uleb128 0x3c
 1029 0100 19       		.uleb128 0x19
 1030 0101 00       		.byte	0
 1031 0102 00       		.byte	0
 1032 0103 13       		.uleb128 0x13
 1033 0104 34       		.uleb128 0x34
 1034 0105 00       		.byte	0
 1035 0106 03       		.uleb128 0x3
 1036 0107 0E       		.uleb128 0xe
 1037 0108 3A       		.uleb128 0x3a
 1038 0109 0B       		.uleb128 0xb
 1039 010a 3B       		.uleb128 0x3b
 1040 010b 05       		.uleb128 0x5
 1041 010c 49       		.uleb128 0x49
 1042 010d 13       		.uleb128 0x13
 1043 010e 02       		.uleb128 0x2
 1044 010f 18       		.uleb128 0x18
 1045 0110 00       		.byte	0
 1046 0111 00       		.byte	0
 1047 0112 14       		.uleb128 0x14
 1048 0113 2E       		.uleb128 0x2e
 1049 0114 01       		.byte	0x1
 1050 0115 3F       		.uleb128 0x3f
 1051 0116 19       		.uleb128 0x19
 1052 0117 03       		.uleb128 0x3
 1053 0118 0E       		.uleb128 0xe
 1054 0119 3A       		.uleb128 0x3a
 1055 011a 0B       		.uleb128 0xb
 1056 011b 3B       		.uleb128 0x3b
 1057 011c 05       		.uleb128 0x5
 1058 011d 27       		.uleb128 0x27
 1059 011e 19       		.uleb128 0x19
 1060 011f 11       		.uleb128 0x11
 1061 0120 01       		.uleb128 0x1
 1062 0121 12       		.uleb128 0x12
 1063 0122 06       		.uleb128 0x6
ARM GAS  C:\Users\Anders\AppData\Local\Temp\cc1GeigY.s 			page 29


 1064 0123 40       		.uleb128 0x40
 1065 0124 18       		.uleb128 0x18
 1066 0125 9642     		.uleb128 0x2116
 1067 0127 19       		.uleb128 0x19
 1068 0128 01       		.uleb128 0x1
 1069 0129 13       		.uleb128 0x13
 1070 012a 00       		.byte	0
 1071 012b 00       		.byte	0
 1072 012c 15       		.uleb128 0x15
 1073 012d 0B       		.uleb128 0xb
 1074 012e 01       		.byte	0x1
 1075 012f 11       		.uleb128 0x11
 1076 0130 01       		.uleb128 0x1
 1077 0131 12       		.uleb128 0x12
 1078 0132 06       		.uleb128 0x6
 1079 0133 00       		.byte	0
 1080 0134 00       		.byte	0
 1081 0135 16       		.uleb128 0x16
 1082 0136 34       		.uleb128 0x34
 1083 0137 00       		.byte	0
 1084 0138 03       		.uleb128 0x3
 1085 0139 08       		.uleb128 0x8
 1086 013a 3A       		.uleb128 0x3a
 1087 013b 0B       		.uleb128 0xb
 1088 013c 3B       		.uleb128 0x3b
 1089 013d 05       		.uleb128 0x5
 1090 013e 49       		.uleb128 0x49
 1091 013f 13       		.uleb128 0x13
 1092 0140 02       		.uleb128 0x2
 1093 0141 18       		.uleb128 0x18
 1094 0142 00       		.byte	0
 1095 0143 00       		.byte	0
 1096 0144 17       		.uleb128 0x17
 1097 0145 2E       		.uleb128 0x2e
 1098 0146 00       		.byte	0
 1099 0147 3F       		.uleb128 0x3f
 1100 0148 19       		.uleb128 0x19
 1101 0149 03       		.uleb128 0x3
 1102 014a 0E       		.uleb128 0xe
 1103 014b 3A       		.uleb128 0x3a
 1104 014c 0B       		.uleb128 0xb
 1105 014d 3B       		.uleb128 0x3b
 1106 014e 05       		.uleb128 0x5
 1107 014f 27       		.uleb128 0x27
 1108 0150 19       		.uleb128 0x19
 1109 0151 11       		.uleb128 0x11
 1110 0152 01       		.uleb128 0x1
 1111 0153 12       		.uleb128 0x12
 1112 0154 06       		.uleb128 0x6
 1113 0155 40       		.uleb128 0x40
 1114 0156 18       		.uleb128 0x18
 1115 0157 9642     		.uleb128 0x2116
 1116 0159 19       		.uleb128 0x19
 1117 015a 00       		.byte	0
 1118 015b 00       		.byte	0
 1119 015c 18       		.uleb128 0x18
 1120 015d 34       		.uleb128 0x34
ARM GAS  C:\Users\Anders\AppData\Local\Temp\cc1GeigY.s 			page 30


 1121 015e 00       		.byte	0
 1122 015f 03       		.uleb128 0x3
 1123 0160 0E       		.uleb128 0xe
 1124 0161 3A       		.uleb128 0x3a
 1125 0162 0B       		.uleb128 0xb
 1126 0163 3B       		.uleb128 0x3b
 1127 0164 0B       		.uleb128 0xb
 1128 0165 49       		.uleb128 0x49
 1129 0166 13       		.uleb128 0x13
 1130 0167 02       		.uleb128 0x2
 1131 0168 18       		.uleb128 0x18
 1132 0169 00       		.byte	0
 1133 016a 00       		.byte	0
 1134 016b 19       		.uleb128 0x19
 1135 016c 01       		.uleb128 0x1
 1136 016d 01       		.byte	0x1
 1137 016e 49       		.uleb128 0x49
 1138 016f 13       		.uleb128 0x13
 1139 0170 01       		.uleb128 0x1
 1140 0171 13       		.uleb128 0x13
 1141 0172 00       		.byte	0
 1142 0173 00       		.byte	0
 1143 0174 1A       		.uleb128 0x1a
 1144 0175 21       		.uleb128 0x21
 1145 0176 00       		.byte	0
 1146 0177 00       		.byte	0
 1147 0178 00       		.byte	0
 1148 0179 1B       		.uleb128 0x1b
 1149 017a 34       		.uleb128 0x34
 1150 017b 00       		.byte	0
 1151 017c 03       		.uleb128 0x3
 1152 017d 0E       		.uleb128 0xe
 1153 017e 3A       		.uleb128 0x3a
 1154 017f 0B       		.uleb128 0xb
 1155 0180 3B       		.uleb128 0x3b
 1156 0181 0B       		.uleb128 0xb
 1157 0182 49       		.uleb128 0x49
 1158 0183 13       		.uleb128 0x13
 1159 0184 3F       		.uleb128 0x3f
 1160 0185 19       		.uleb128 0x19
 1161 0186 3C       		.uleb128 0x3c
 1162 0187 19       		.uleb128 0x19
 1163 0188 00       		.byte	0
 1164 0189 00       		.byte	0
 1165 018a 1C       		.uleb128 0x1c
 1166 018b 21       		.uleb128 0x21
 1167 018c 00       		.byte	0
 1168 018d 49       		.uleb128 0x49
 1169 018e 13       		.uleb128 0x13
 1170 018f 2F       		.uleb128 0x2f
 1171 0190 0B       		.uleb128 0xb
 1172 0191 00       		.byte	0
 1173 0192 00       		.byte	0
 1174 0193 1D       		.uleb128 0x1d
 1175 0194 34       		.uleb128 0x34
 1176 0195 00       		.byte	0
 1177 0196 03       		.uleb128 0x3
ARM GAS  C:\Users\Anders\AppData\Local\Temp\cc1GeigY.s 			page 31


 1178 0197 0E       		.uleb128 0xe
 1179 0198 3A       		.uleb128 0x3a
 1180 0199 0B       		.uleb128 0xb
 1181 019a 3B       		.uleb128 0x3b
 1182 019b 05       		.uleb128 0x5
 1183 019c 49       		.uleb128 0x49
 1184 019d 13       		.uleb128 0x13
 1185 019e 3F       		.uleb128 0x3f
 1186 019f 19       		.uleb128 0x19
 1187 01a0 02       		.uleb128 0x2
 1188 01a1 18       		.uleb128 0x18
 1189 01a2 00       		.byte	0
 1190 01a3 00       		.byte	0
 1191 01a4 00       		.byte	0
 1192              		.section	.debug_aranges,"",%progbits
 1193 0000 44000000 		.4byte	0x44
 1194 0004 0200     		.2byte	0x2
 1195 0006 00000000 		.4byte	.Ldebug_info0
 1196 000a 04       		.byte	0x4
 1197 000b 00       		.byte	0
 1198 000c 0000     		.2byte	0
 1199 000e 0000     		.2byte	0
 1200 0010 00000000 		.4byte	.LFB0
 1201 0014 06000000 		.4byte	.LFE0-.LFB0
 1202 0018 00000000 		.4byte	.LFB1
 1203 001c 14000000 		.4byte	.LFE1-.LFB1
 1204 0020 00000000 		.4byte	.LFB2
 1205 0024 54000000 		.4byte	.LFE2-.LFB2
 1206 0028 00000000 		.4byte	.LFB3
 1207 002c 98000000 		.4byte	.LFE3-.LFB3
 1208 0030 00000000 		.4byte	.LFB4
 1209 0034 08000000 		.4byte	.LFE4-.LFB4
 1210 0038 00000000 		.4byte	.LFB5
 1211 003c 64000000 		.4byte	.LFE5-.LFB5
 1212 0040 00000000 		.4byte	0
 1213 0044 00000000 		.4byte	0
 1214              		.section	.debug_ranges,"",%progbits
 1215              	.Ldebug_ranges0:
 1216 0000 00000000 		.4byte	.LFB0
 1217 0004 06000000 		.4byte	.LFE0
 1218 0008 00000000 		.4byte	.LFB1
 1219 000c 14000000 		.4byte	.LFE1
 1220 0010 00000000 		.4byte	.LFB2
 1221 0014 54000000 		.4byte	.LFE2
 1222 0018 00000000 		.4byte	.LFB3
 1223 001c 98000000 		.4byte	.LFE3
 1224 0020 00000000 		.4byte	.LFB4
 1225 0024 08000000 		.4byte	.LFE4
 1226 0028 00000000 		.4byte	.LFB5
 1227 002c 64000000 		.4byte	.LFE5
 1228 0030 00000000 		.4byte	0
 1229 0034 00000000 		.4byte	0
 1230              		.section	.debug_line,"",%progbits
 1231              	.Ldebug_line0:
 1232 0000 C5010000 		.section	.debug_str,"MS",%progbits,1
 1232      0200C900 
 1232      00000201 
ARM GAS  C:\Users\Anders\AppData\Local\Temp\cc1GeigY.s 			page 32


 1232      FB0E0D00 
 1232      01010101 
 1233              	.LASF14:
 1234 0000 72656733 		.ascii	"reg32\000"
 1234      3200
 1235              	.LASF42:
 1236 0006 474E5520 		.ascii	"GNU C 4.9.3 20150303 (release) [ARM/embedded-4_9-br"
 1236      4320342E 
 1236      392E3320 
 1236      32303135 
 1236      30333033 
 1237 0039 616E6368 		.ascii	"anch revision 221220] -mcpu=cortex-m0 -mthumb -g -O"
 1237      20726576 
 1237      6973696F 
 1237      6E203232 
 1237      31323230 
 1238 006c 30202D66 		.ascii	"0 -ffunction-sections -ffat-lto-objects\000"
 1238      66756E63 
 1238      74696F6E 
 1238      2D736563 
 1238      74696F6E 
 1239              	.LASF16:
 1240 0094 73697A65 		.ascii	"size_t\000"
 1240      5F7400
 1241              	.LASF40:
 1242 009b 43795261 		.ascii	"CyRamVectors\000"
 1242      6D566563 
 1242      746F7273 
 1242      00
 1243              	.LASF28:
 1244 00a8 53746172 		.ascii	"Start_c\000"
 1244      745F6300 
 1245              	.LASF32:
 1246 00b0 636F756E 		.ascii	"count\000"
 1246      7400
 1247              	.LASF26:
 1248 00b6 68656170 		.ascii	"heapPointer\000"
 1248      506F696E 
 1248      74657200 
 1249              	.LASF3:
 1250 00c2 73686F72 		.ascii	"short unsigned int\000"
 1250      7420756E 
 1250      7369676E 
 1250      65642069 
 1250      6E7400
 1251              	.LASF39:
 1252 00d5 5F5F6379 		.ascii	"__cy_region_num\000"
 1252      5F726567 
 1252      696F6E5F 
 1252      6E756D00 
 1253              	.LASF19:
 1254 00e5 696E6974 		.ascii	"init\000"
 1254      00
 1255              	.LASF23:
 1256 00ea 73746174 		.ascii	"status\000"
 1256      757300
 1257              	.LASF22:
ARM GAS  C:\Users\Anders\AppData\Local\Temp\cc1GeigY.s 			page 33


 1258 00f1 7A65726F 		.ascii	"zero_size\000"
 1258      5F73697A 
 1258      6500
 1259              	.LASF30:
 1260 00fb 72707472 		.ascii	"rptr\000"
 1260      00
 1261              	.LASF11:
 1262 0100 666C6F61 		.ascii	"float\000"
 1262      7400
 1263              	.LASF20:
 1264 0106 64617461 		.ascii	"data\000"
 1264      00
 1265              	.LASF1:
 1266 010b 756E7369 		.ascii	"unsigned char\000"
 1266      676E6564 
 1266      20636861 
 1266      7200
 1267              	.LASF25:
 1268 0119 72657475 		.ascii	"returnValue\000"
 1268      726E5661 
 1268      6C756500 
 1269              	.LASF41:
 1270 0125 526F6D56 		.ascii	"RomVectors\000"
 1270      6563746F 
 1270      727300
 1271              	.LASF5:
 1272 0130 6C6F6E67 		.ascii	"long unsigned int\000"
 1272      20756E73 
 1272      69676E65 
 1272      6420696E 
 1272      7400
 1273              	.LASF37:
 1274 0142 63795379 		.ascii	"cySysNoInitDataValid\000"
 1274      734E6F49 
 1274      6E697444 
 1274      61746156 
 1274      616C6964 
 1275              	.LASF9:
 1276 0157 75696E74 		.ascii	"uint8\000"
 1276      3800
 1277              	.LASF34:
 1278 015d 52657365 		.ascii	"Reset\000"
 1278      7400
 1279              	.LASF27:
 1280 0163 5F657869 		.ascii	"_exit\000"
 1280      7400
 1281              	.LASF33:
 1282 0169 496E7444 		.ascii	"IntDefaultHandler\000"
 1282      65666175 
 1282      6C744861 
 1282      6E646C65 
 1282      7200
 1283              	.LASF46:
 1284 017b 5F736272 		.ascii	"_sbrk\000"
 1284      6B00
 1285              	.LASF12:
 1286 0181 646F7562 		.ascii	"double\000"
ARM GAS  C:\Users\Anders\AppData\Local\Temp\cc1GeigY.s 			page 34


 1286      6C6500
 1287              	.LASF35:
 1288 0188 696E6974 		.ascii	"initialize_psoc\000"
 1288      69616C69 
 1288      7A655F70 
 1288      736F6300 
 1289              	.LASF10:
 1290 0198 75696E74 		.ascii	"uint32\000"
 1290      333200
 1291              	.LASF36:
 1292 019f 696E6465 		.ascii	"indexInit\000"
 1292      78496E69 
 1292      7400
 1293              	.LASF8:
 1294 01a9 756E7369 		.ascii	"unsigned int\000"
 1294      676E6564 
 1294      20696E74 
 1294      00
 1295              	.LASF7:
 1296 01b6 6C6F6E67 		.ascii	"long long unsigned int\000"
 1296      206C6F6E 
 1296      6720756E 
 1296      7369676E 
 1296      65642069 
 1297              	.LASF31:
 1298 01cd 6C696D69 		.ascii	"limit\000"
 1298      7400
 1299              	.LASF15:
 1300 01d3 63796973 		.ascii	"cyisraddress\000"
 1300      72616464 
 1300      72657373 
 1300      00
 1301              	.LASF21:
 1302 01e0 696E6974 		.ascii	"init_size\000"
 1302      5F73697A 
 1302      6500
 1303              	.LASF18:
 1304 01ea 5F5F6379 		.ascii	"__cy_byte_align8\000"
 1304      5F627974 
 1304      655F616C 
 1304      69676E38 
 1304      00
 1305              	.LASF17:
 1306 01fb 73697A65 		.ascii	"sizetype\000"
 1306      74797065 
 1306      00
 1307              	.LASF6:
 1308 0204 6C6F6E67 		.ascii	"long long int\000"
 1308      206C6F6E 
 1308      6720696E 
 1308      7400
 1309              	.LASF13:
 1310 0212 63686172 		.ascii	"char\000"
 1310      00
 1311              	.LASF44:
 1312 0217 453A5C50 		.ascii	"E:\\Projekt 4. semester\\HellYaeh\\PWMExample01\\PW"
 1312      726F6A65 
ARM GAS  C:\Users\Anders\AppData\Local\Temp\cc1GeigY.s 			page 35


 1312      6B742034 
 1312      2E207365 
 1312      6D657374 
 1313 0246 4D457861 		.ascii	"MExample01.cydsn\000"
 1313      6D706C65 
 1313      30312E63 
 1313      7964736E 
 1313      00
 1314              	.LASF43:
 1315 0257 2E5C4765 		.ascii	".\\Generated_Source\\PSoC4\\Cm0Start.c\000"
 1315      6E657261 
 1315      7465645F 
 1315      536F7572 
 1315      63655C50 
 1316              	.LASF2:
 1317 027b 73686F72 		.ascii	"short int\000"
 1317      7420696E 
 1317      7400
 1318              	.LASF4:
 1319 0285 6C6F6E67 		.ascii	"long int\000"
 1319      20696E74 
 1319      00
 1320              	.LASF0:
 1321 028e 7369676E 		.ascii	"signed char\000"
 1321      65642063 
 1321      68617200 
 1322              	.LASF38:
 1323 029a 5F5F6379 		.ascii	"__cy_regions\000"
 1323      5F726567 
 1323      696F6E73 
 1323      00
 1324              	.LASF29:
 1325 02a7 72656769 		.ascii	"regions\000"
 1325      6F6E7300 
 1326              	.LASF24:
 1327 02af 6E627974 		.ascii	"nbytes\000"
 1327      657300
 1328              	.LASF45:
 1329 02b6 5F5F6379 		.ascii	"__cy_region\000"
 1329      5F726567 
 1329      696F6E00 
 1330              		.ident	"GCC: (GNU Tools for ARM Embedded Processors) 4.9.3 20150303 (release) [ARM/embedded-4_9-br
