ARM GAS  C:\Users\Anders\AppData\Local\Temp\ccsNbh1W.s 			page 1


   1              		.cpu cortex-m0
   2              		.fpu softvfp
   3              		.eabi_attribute 20, 1
   4              		.eabi_attribute 21, 1
   5              		.eabi_attribute 23, 3
   6              		.eabi_attribute 24, 1
   7              		.eabi_attribute 25, 1
   8              		.eabi_attribute 26, 1
   9              		.eabi_attribute 30, 6
  10              		.eabi_attribute 34, 0
  11              		.eabi_attribute 18, 4
  12              		.code	16
  13              		.file	"cyfitter_cfg.c"
  14              		.text
  15              	.Ltext0:
  16              		.cfi_sections	.debug_frame
  17              		.section	.text.CYMEMZERO,"ax",%progbits
  18              		.align	2
  19              		.code	16
  20              		.thumb_func
  21              		.type	CYMEMZERO, %function
  22              	CYMEMZERO:
  23              	.LFB0:
  24              		.file 1 ".\\Generated_Source\\PSoC4\\cyfitter_cfg.c"
   1:.\Generated_Source\PSoC4/cyfitter_cfg.c **** /*******************************************************************************
   2:.\Generated_Source\PSoC4/cyfitter_cfg.c **** * File Name: cyfitter_cfg.c
   3:.\Generated_Source\PSoC4/cyfitter_cfg.c **** * 
   4:.\Generated_Source\PSoC4/cyfitter_cfg.c **** * PSoC Creator  3.3 CP3
   5:.\Generated_Source\PSoC4/cyfitter_cfg.c **** *
   6:.\Generated_Source\PSoC4/cyfitter_cfg.c **** * Description:
   7:.\Generated_Source\PSoC4/cyfitter_cfg.c **** * This file contains device initialization code.
   8:.\Generated_Source\PSoC4/cyfitter_cfg.c **** * Except for the user defined sections in CyClockStartupError(), this file should not be modified.
   9:.\Generated_Source\PSoC4/cyfitter_cfg.c **** * This file is automatically generated by PSoC Creator.
  10:.\Generated_Source\PSoC4/cyfitter_cfg.c **** *
  11:.\Generated_Source\PSoC4/cyfitter_cfg.c **** ********************************************************************************
  12:.\Generated_Source\PSoC4/cyfitter_cfg.c **** * Copyright (c) 2007-2016 Cypress Semiconductor.  All rights reserved.
  13:.\Generated_Source\PSoC4/cyfitter_cfg.c **** * You may use this file only in accordance with the license, terms, conditions, 
  14:.\Generated_Source\PSoC4/cyfitter_cfg.c **** * disclaimers, and limitations in the end user license agreement accompanying 
  15:.\Generated_Source\PSoC4/cyfitter_cfg.c **** * the software package with which this file was provided.
  16:.\Generated_Source\PSoC4/cyfitter_cfg.c **** ********************************************************************************/
  17:.\Generated_Source\PSoC4/cyfitter_cfg.c **** 
  18:.\Generated_Source\PSoC4/cyfitter_cfg.c **** #include <string.h>
  19:.\Generated_Source\PSoC4/cyfitter_cfg.c **** #include "cytypes.h"
  20:.\Generated_Source\PSoC4/cyfitter_cfg.c **** #include "cydevice_trm.h"
  21:.\Generated_Source\PSoC4/cyfitter_cfg.c **** #include "cyfitter.h"
  22:.\Generated_Source\PSoC4/cyfitter_cfg.c **** #include "CyLib.h"
  23:.\Generated_Source\PSoC4/cyfitter_cfg.c **** #include "cyfitter_cfg.h"
  24:.\Generated_Source\PSoC4/cyfitter_cfg.c **** 
  25:.\Generated_Source\PSoC4/cyfitter_cfg.c **** 
  26:.\Generated_Source\PSoC4/cyfitter_cfg.c **** #if defined(__GNUC__) || defined(__ARMCC_VERSION)
  27:.\Generated_Source\PSoC4/cyfitter_cfg.c ****     #define CYPACKED 
  28:.\Generated_Source\PSoC4/cyfitter_cfg.c ****     #define CYPACKED_ATTR __attribute__ ((packed))
  29:.\Generated_Source\PSoC4/cyfitter_cfg.c ****     #define CYALIGNED __attribute__ ((aligned))
  30:.\Generated_Source\PSoC4/cyfitter_cfg.c ****     #define CY_CFG_UNUSED __attribute__ ((unused))
  31:.\Generated_Source\PSoC4/cyfitter_cfg.c ****     #ifndef CY_CFG_SECTION
  32:.\Generated_Source\PSoC4/cyfitter_cfg.c ****         #define CY_CFG_SECTION __attribute__ ((section(".psocinit")))
  33:.\Generated_Source\PSoC4/cyfitter_cfg.c ****     #endif
ARM GAS  C:\Users\Anders\AppData\Local\Temp\ccsNbh1W.s 			page 2


  34:.\Generated_Source\PSoC4/cyfitter_cfg.c ****     
  35:.\Generated_Source\PSoC4/cyfitter_cfg.c ****     #if defined(__ARMCC_VERSION)
  36:.\Generated_Source\PSoC4/cyfitter_cfg.c ****         #define CY_CFG_MEMORY_BARRIER() __memory_changed()
  37:.\Generated_Source\PSoC4/cyfitter_cfg.c ****     #else
  38:.\Generated_Source\PSoC4/cyfitter_cfg.c ****         #define CY_CFG_MEMORY_BARRIER() __sync_synchronize()
  39:.\Generated_Source\PSoC4/cyfitter_cfg.c ****     #endif
  40:.\Generated_Source\PSoC4/cyfitter_cfg.c ****     
  41:.\Generated_Source\PSoC4/cyfitter_cfg.c **** #elif defined(__ICCARM__)
  42:.\Generated_Source\PSoC4/cyfitter_cfg.c ****     #include <intrinsics.h>
  43:.\Generated_Source\PSoC4/cyfitter_cfg.c **** 
  44:.\Generated_Source\PSoC4/cyfitter_cfg.c ****     #define CYPACKED __packed
  45:.\Generated_Source\PSoC4/cyfitter_cfg.c ****     #define CYPACKED_ATTR 
  46:.\Generated_Source\PSoC4/cyfitter_cfg.c ****     #define CYALIGNED _Pragma("data_alignment=4")
  47:.\Generated_Source\PSoC4/cyfitter_cfg.c ****     #define CY_CFG_UNUSED _Pragma("diag_suppress=Pe177")
  48:.\Generated_Source\PSoC4/cyfitter_cfg.c ****     #define CY_CFG_SECTION _Pragma("location=\".psocinit\"")
  49:.\Generated_Source\PSoC4/cyfitter_cfg.c ****     
  50:.\Generated_Source\PSoC4/cyfitter_cfg.c ****     #define CY_CFG_MEMORY_BARRIER() __DMB()
  51:.\Generated_Source\PSoC4/cyfitter_cfg.c ****     
  52:.\Generated_Source\PSoC4/cyfitter_cfg.c **** #else
  53:.\Generated_Source\PSoC4/cyfitter_cfg.c ****     #error Unsupported toolchain
  54:.\Generated_Source\PSoC4/cyfitter_cfg.c **** #endif
  55:.\Generated_Source\PSoC4/cyfitter_cfg.c **** 
  56:.\Generated_Source\PSoC4/cyfitter_cfg.c **** 
  57:.\Generated_Source\PSoC4/cyfitter_cfg.c **** CY_CFG_UNUSED
  58:.\Generated_Source\PSoC4/cyfitter_cfg.c **** static void CYMEMZERO(void *s, size_t n);
  59:.\Generated_Source\PSoC4/cyfitter_cfg.c **** CY_CFG_UNUSED
  60:.\Generated_Source\PSoC4/cyfitter_cfg.c **** static void CYMEMZERO(void *s, size_t n)
  61:.\Generated_Source\PSoC4/cyfitter_cfg.c **** {
  25              		.loc 1 61 0
  26              		.cfi_startproc
  27 0000 80B5     		push	{r7, lr}
  28              		.cfi_def_cfa_offset 8
  29              		.cfi_offset 7, -8
  30              		.cfi_offset 14, -4
  31 0002 82B0     		sub	sp, sp, #8
  32              		.cfi_def_cfa_offset 16
  33 0004 00AF     		add	r7, sp, #0
  34              		.cfi_def_cfa_register 7
  35 0006 7860     		str	r0, [r7, #4]
  36 0008 3960     		str	r1, [r7]
  62:.\Generated_Source\PSoC4/cyfitter_cfg.c **** 	(void)memset(s, 0, n);
  37              		.loc 1 62 0
  38 000a 7A68     		ldr	r2, [r7, #4]
  39 000c 3B68     		ldr	r3, [r7]
  40 000e 101C     		mov	r0, r2
  41 0010 0021     		mov	r1, #0
  42 0012 1A1C     		mov	r2, r3
  43 0014 FFF7FEFF 		bl	memset
  63:.\Generated_Source\PSoC4/cyfitter_cfg.c **** }
  44              		.loc 1 63 0
  45 0018 BD46     		mov	sp, r7
  46 001a 02B0     		add	sp, sp, #8
  47              		@ sp needed
  48 001c 80BD     		pop	{r7, pc}
  49              		.cfi_endproc
  50              	.LFE0:
  51              		.size	CYMEMZERO, .-CYMEMZERO
ARM GAS  C:\Users\Anders\AppData\Local\Temp\ccsNbh1W.s 			page 3


  52 001e C046     		.section	.text.CYCONFIGCPY,"ax",%progbits
  53              		.align	2
  54              		.code	16
  55              		.thumb_func
  56              		.type	CYCONFIGCPY, %function
  57              	CYCONFIGCPY:
  58              	.LFB1:
  64:.\Generated_Source\PSoC4/cyfitter_cfg.c **** CY_CFG_UNUSED
  65:.\Generated_Source\PSoC4/cyfitter_cfg.c **** static void CYCONFIGCPY(void *dest, const void *src, size_t n);
  66:.\Generated_Source\PSoC4/cyfitter_cfg.c **** CY_CFG_UNUSED
  67:.\Generated_Source\PSoC4/cyfitter_cfg.c **** static void CYCONFIGCPY(void *dest, const void *src, size_t n)
  68:.\Generated_Source\PSoC4/cyfitter_cfg.c **** {
  59              		.loc 1 68 0
  60              		.cfi_startproc
  61 0000 80B5     		push	{r7, lr}
  62              		.cfi_def_cfa_offset 8
  63              		.cfi_offset 7, -8
  64              		.cfi_offset 14, -4
  65 0002 84B0     		sub	sp, sp, #16
  66              		.cfi_def_cfa_offset 24
  67 0004 00AF     		add	r7, sp, #0
  68              		.cfi_def_cfa_register 7
  69 0006 F860     		str	r0, [r7, #12]
  70 0008 B960     		str	r1, [r7, #8]
  71 000a 7A60     		str	r2, [r7, #4]
  69:.\Generated_Source\PSoC4/cyfitter_cfg.c **** 	(void)memcpy(dest, src, n);
  72              		.loc 1 69 0
  73 000c F968     		ldr	r1, [r7, #12]
  74 000e BA68     		ldr	r2, [r7, #8]
  75 0010 7B68     		ldr	r3, [r7, #4]
  76 0012 081C     		mov	r0, r1
  77 0014 111C     		mov	r1, r2
  78 0016 1A1C     		mov	r2, r3
  79 0018 FFF7FEFF 		bl	memcpy
  70:.\Generated_Source\PSoC4/cyfitter_cfg.c **** }
  80              		.loc 1 70 0
  81 001c BD46     		mov	sp, r7
  82 001e 04B0     		add	sp, sp, #16
  83              		@ sp needed
  84 0020 80BD     		pop	{r7, pc}
  85              		.cfi_endproc
  86              	.LFE1:
  87              		.size	CYCONFIGCPY, .-CYCONFIGCPY
  88 0022 C046     		.section	.text.CYCONFIGCPYCODE,"ax",%progbits
  89              		.align	2
  90              		.code	16
  91              		.thumb_func
  92              		.type	CYCONFIGCPYCODE, %function
  93              	CYCONFIGCPYCODE:
  94              	.LFB2:
  71:.\Generated_Source\PSoC4/cyfitter_cfg.c **** CY_CFG_UNUSED
  72:.\Generated_Source\PSoC4/cyfitter_cfg.c **** static void CYCONFIGCPYCODE(void *dest, const void *src, size_t n);
  73:.\Generated_Source\PSoC4/cyfitter_cfg.c **** CY_CFG_UNUSED
  74:.\Generated_Source\PSoC4/cyfitter_cfg.c **** static void CYCONFIGCPYCODE(void *dest, const void *src, size_t n)
  75:.\Generated_Source\PSoC4/cyfitter_cfg.c **** {
  95              		.loc 1 75 0
  96              		.cfi_startproc
ARM GAS  C:\Users\Anders\AppData\Local\Temp\ccsNbh1W.s 			page 4


  97 0000 80B5     		push	{r7, lr}
  98              		.cfi_def_cfa_offset 8
  99              		.cfi_offset 7, -8
 100              		.cfi_offset 14, -4
 101 0002 84B0     		sub	sp, sp, #16
 102              		.cfi_def_cfa_offset 24
 103 0004 00AF     		add	r7, sp, #0
 104              		.cfi_def_cfa_register 7
 105 0006 F860     		str	r0, [r7, #12]
 106 0008 B960     		str	r1, [r7, #8]
 107 000a 7A60     		str	r2, [r7, #4]
  76:.\Generated_Source\PSoC4/cyfitter_cfg.c **** 	(void)memcpy(dest, src, n);
 108              		.loc 1 76 0
 109 000c F968     		ldr	r1, [r7, #12]
 110 000e BA68     		ldr	r2, [r7, #8]
 111 0010 7B68     		ldr	r3, [r7, #4]
 112 0012 081C     		mov	r0, r1
 113 0014 111C     		mov	r1, r2
 114 0016 1A1C     		mov	r2, r3
 115 0018 FFF7FEFF 		bl	memcpy
  77:.\Generated_Source\PSoC4/cyfitter_cfg.c **** }
 116              		.loc 1 77 0
 117 001c BD46     		mov	sp, r7
 118 001e 04B0     		add	sp, sp, #16
 119              		@ sp needed
 120 0020 80BD     		pop	{r7, pc}
 121              		.cfi_endproc
 122              	.LFE2:
 123              		.size	CYCONFIGCPYCODE, .-CYCONFIGCPYCODE
 124 0022 C046     		.section	.text.cfg_write_bytes32,"ax",%progbits
 125              		.align	2
 126              		.code	16
 127              		.thumb_func
 128              		.type	cfg_write_bytes32, %function
 129              	cfg_write_bytes32:
 130              	.LFB3:
  78:.\Generated_Source\PSoC4/cyfitter_cfg.c **** 
  79:.\Generated_Source\PSoC4/cyfitter_cfg.c **** 
  80:.\Generated_Source\PSoC4/cyfitter_cfg.c **** 
  81:.\Generated_Source\PSoC4/cyfitter_cfg.c **** /* Clock startup error codes                                                   */
  82:.\Generated_Source\PSoC4/cyfitter_cfg.c **** #define CYCLOCKSTART_NO_ERROR    0u
  83:.\Generated_Source\PSoC4/cyfitter_cfg.c **** #define CYCLOCKSTART_XTAL_ERROR  1u
  84:.\Generated_Source\PSoC4/cyfitter_cfg.c **** #define CYCLOCKSTART_32KHZ_ERROR 2u
  85:.\Generated_Source\PSoC4/cyfitter_cfg.c **** #define CYCLOCKSTART_PLL_ERROR   3u
  86:.\Generated_Source\PSoC4/cyfitter_cfg.c **** 
  87:.\Generated_Source\PSoC4/cyfitter_cfg.c **** #ifdef CY_NEED_CYCLOCKSTARTUPERROR
  88:.\Generated_Source\PSoC4/cyfitter_cfg.c **** /*******************************************************************************
  89:.\Generated_Source\PSoC4/cyfitter_cfg.c **** * Function Name: CyClockStartupError
  90:.\Generated_Source\PSoC4/cyfitter_cfg.c **** ********************************************************************************
  91:.\Generated_Source\PSoC4/cyfitter_cfg.c **** * Summary:
  92:.\Generated_Source\PSoC4/cyfitter_cfg.c **** *  If an error is encountered during clock configuration (crystal startup error,
  93:.\Generated_Source\PSoC4/cyfitter_cfg.c **** *  PLL lock error, etc.), the system will end up here.  Unless reimplemented by
  94:.\Generated_Source\PSoC4/cyfitter_cfg.c **** *  the customer, this function will stop in an infinite loop.
  95:.\Generated_Source\PSoC4/cyfitter_cfg.c **** *
  96:.\Generated_Source\PSoC4/cyfitter_cfg.c **** * Parameters:
  97:.\Generated_Source\PSoC4/cyfitter_cfg.c **** *   void
  98:.\Generated_Source\PSoC4/cyfitter_cfg.c **** *
ARM GAS  C:\Users\Anders\AppData\Local\Temp\ccsNbh1W.s 			page 5


  99:.\Generated_Source\PSoC4/cyfitter_cfg.c **** * Return:
 100:.\Generated_Source\PSoC4/cyfitter_cfg.c **** *   void
 101:.\Generated_Source\PSoC4/cyfitter_cfg.c **** *
 102:.\Generated_Source\PSoC4/cyfitter_cfg.c **** *******************************************************************************/
 103:.\Generated_Source\PSoC4/cyfitter_cfg.c **** CY_CFG_UNUSED
 104:.\Generated_Source\PSoC4/cyfitter_cfg.c **** static void CyClockStartupError(uint8 errorCode);
 105:.\Generated_Source\PSoC4/cyfitter_cfg.c **** CY_CFG_UNUSED
 106:.\Generated_Source\PSoC4/cyfitter_cfg.c **** static void CyClockStartupError(uint8 errorCode)
 107:.\Generated_Source\PSoC4/cyfitter_cfg.c **** {
 108:.\Generated_Source\PSoC4/cyfitter_cfg.c ****     /* To remove the compiler warning if errorCode not used.                */
 109:.\Generated_Source\PSoC4/cyfitter_cfg.c ****     errorCode = errorCode;
 110:.\Generated_Source\PSoC4/cyfitter_cfg.c **** 
 111:.\Generated_Source\PSoC4/cyfitter_cfg.c ****     /* `#START CyClockStartupError` */
 112:.\Generated_Source\PSoC4/cyfitter_cfg.c **** 
 113:.\Generated_Source\PSoC4/cyfitter_cfg.c ****     /* If we have a clock startup error (bad MHz crystal, PLL lock, etc.),  */
 114:.\Generated_Source\PSoC4/cyfitter_cfg.c ****     /* we will end up here to allow the customer to implement something to  */
 115:.\Generated_Source\PSoC4/cyfitter_cfg.c ****     /* deal with the clock condition.                                       */
 116:.\Generated_Source\PSoC4/cyfitter_cfg.c **** 
 117:.\Generated_Source\PSoC4/cyfitter_cfg.c ****     /* `#END` */
 118:.\Generated_Source\PSoC4/cyfitter_cfg.c **** 
 119:.\Generated_Source\PSoC4/cyfitter_cfg.c ****     /* If nothing else, stop here since the clocks have not started         */
 120:.\Generated_Source\PSoC4/cyfitter_cfg.c ****     /* correctly.                                                           */
 121:.\Generated_Source\PSoC4/cyfitter_cfg.c ****     while(1) {}
 122:.\Generated_Source\PSoC4/cyfitter_cfg.c **** }
 123:.\Generated_Source\PSoC4/cyfitter_cfg.c **** #endif
 124:.\Generated_Source\PSoC4/cyfitter_cfg.c **** 
 125:.\Generated_Source\PSoC4/cyfitter_cfg.c **** #define CY_CFG_BASE_ADDR_COUNT 2u
 126:.\Generated_Source\PSoC4/cyfitter_cfg.c **** CYPACKED typedef struct
 127:.\Generated_Source\PSoC4/cyfitter_cfg.c **** {
 128:.\Generated_Source\PSoC4/cyfitter_cfg.c **** 	uint8 offset;
 129:.\Generated_Source\PSoC4/cyfitter_cfg.c **** 	uint8 value;
 130:.\Generated_Source\PSoC4/cyfitter_cfg.c **** } CYPACKED_ATTR cy_cfg_addrvalue_t;
 131:.\Generated_Source\PSoC4/cyfitter_cfg.c **** 
 132:.\Generated_Source\PSoC4/cyfitter_cfg.c **** 
 133:.\Generated_Source\PSoC4/cyfitter_cfg.c **** 
 134:.\Generated_Source\PSoC4/cyfitter_cfg.c **** /*******************************************************************************
 135:.\Generated_Source\PSoC4/cyfitter_cfg.c **** * Function Name: cfg_write_bytes32
 136:.\Generated_Source\PSoC4/cyfitter_cfg.c **** ********************************************************************************
 137:.\Generated_Source\PSoC4/cyfitter_cfg.c **** * Summary:
 138:.\Generated_Source\PSoC4/cyfitter_cfg.c **** *  This function is used for setting up the chip configuration areas that
 139:.\Generated_Source\PSoC4/cyfitter_cfg.c **** *  contain relatively sparse data.
 140:.\Generated_Source\PSoC4/cyfitter_cfg.c **** *
 141:.\Generated_Source\PSoC4/cyfitter_cfg.c **** * Parameters:
 142:.\Generated_Source\PSoC4/cyfitter_cfg.c **** *   void
 143:.\Generated_Source\PSoC4/cyfitter_cfg.c **** *
 144:.\Generated_Source\PSoC4/cyfitter_cfg.c **** * Return:
 145:.\Generated_Source\PSoC4/cyfitter_cfg.c **** *   void
 146:.\Generated_Source\PSoC4/cyfitter_cfg.c **** *
 147:.\Generated_Source\PSoC4/cyfitter_cfg.c **** *******************************************************************************/
 148:.\Generated_Source\PSoC4/cyfitter_cfg.c **** static void cfg_write_bytes32(const uint32 addr_table[], const cy_cfg_addrvalue_t data_table[]);
 149:.\Generated_Source\PSoC4/cyfitter_cfg.c **** static void cfg_write_bytes32(const uint32 addr_table[], const cy_cfg_addrvalue_t data_table[])
 150:.\Generated_Source\PSoC4/cyfitter_cfg.c **** {
 131              		.loc 1 150 0
 132              		.cfi_startproc
 133 0000 80B5     		push	{r7, lr}
 134              		.cfi_def_cfa_offset 8
 135              		.cfi_offset 7, -8
ARM GAS  C:\Users\Anders\AppData\Local\Temp\ccsNbh1W.s 			page 6


 136              		.cfi_offset 14, -4
 137 0002 86B0     		sub	sp, sp, #24
 138              		.cfi_def_cfa_offset 32
 139 0004 00AF     		add	r7, sp, #0
 140              		.cfi_def_cfa_register 7
 141 0006 7860     		str	r0, [r7, #4]
 142 0008 3960     		str	r1, [r7]
 151:.\Generated_Source\PSoC4/cyfitter_cfg.c **** 	/* For 32-bit little-endian architectures */
 152:.\Generated_Source\PSoC4/cyfitter_cfg.c **** 	uint32 i, j = 0u;
 143              		.loc 1 152 0
 144 000a 0023     		mov	r3, #0
 145 000c 3B61     		str	r3, [r7, #16]
 153:.\Generated_Source\PSoC4/cyfitter_cfg.c **** 	for (i = 0u; i < CY_CFG_BASE_ADDR_COUNT; i++)
 146              		.loc 1 153 0
 147 000e 0023     		mov	r3, #0
 148 0010 7B61     		str	r3, [r7, #20]
 149 0012 2FE0     		b	.L5
 150              	.L8:
 151              	.LBB2:
 154:.\Generated_Source\PSoC4/cyfitter_cfg.c **** 	{
 155:.\Generated_Source\PSoC4/cyfitter_cfg.c **** 		uint32 baseAddr = addr_table[i];
 152              		.loc 1 155 0
 153 0014 7B69     		ldr	r3, [r7, #20]
 154 0016 9B00     		lsl	r3, r3, #2
 155 0018 7A68     		ldr	r2, [r7, #4]
 156 001a D318     		add	r3, r2, r3
 157 001c 1B68     		ldr	r3, [r3]
 158 001e BB60     		str	r3, [r7, #8]
 156:.\Generated_Source\PSoC4/cyfitter_cfg.c **** 		uint8 count = (uint8)baseAddr;
 159              		.loc 1 156 0
 160 0020 0F23     		mov	r3, #15
 161 0022 FB18     		add	r3, r7, r3
 162 0024 BA68     		ldr	r2, [r7, #8]
 163 0026 1A70     		strb	r2, [r3]
 157:.\Generated_Source\PSoC4/cyfitter_cfg.c **** 		baseAddr &= 0xFFFFFF00u;
 164              		.loc 1 157 0
 165 0028 BB68     		ldr	r3, [r7, #8]
 166 002a FF22     		mov	r2, #255
 167 002c 9343     		bic	r3, r2
 168 002e BB60     		str	r3, [r7, #8]
 158:.\Generated_Source\PSoC4/cyfitter_cfg.c **** 		while (count != 0u)
 169              		.loc 1 158 0
 170 0030 18E0     		b	.L6
 171              	.L7:
 159:.\Generated_Source\PSoC4/cyfitter_cfg.c **** 		{
 160:.\Generated_Source\PSoC4/cyfitter_cfg.c **** 			CY_SET_XTND_REG8((void CYFAR *)(baseAddr + data_table[j].offset), data_table[j].value);
 172              		.loc 1 160 0
 173 0032 3B69     		ldr	r3, [r7, #16]
 174 0034 5B00     		lsl	r3, r3, #1
 175 0036 3A68     		ldr	r2, [r7]
 176 0038 D318     		add	r3, r2, r3
 177 003a 1B78     		ldrb	r3, [r3]
 178 003c 1A1C     		mov	r2, r3
 179 003e BB68     		ldr	r3, [r7, #8]
 180 0040 D318     		add	r3, r2, r3
 181 0042 191C     		mov	r1, r3
 182 0044 3B69     		ldr	r3, [r7, #16]
ARM GAS  C:\Users\Anders\AppData\Local\Temp\ccsNbh1W.s 			page 7


 183 0046 5B00     		lsl	r3, r3, #1
 184 0048 3A68     		ldr	r2, [r7]
 185 004a D318     		add	r3, r2, r3
 186 004c 5B78     		ldrb	r3, [r3, #1]
 187 004e 0B70     		strb	r3, [r1]
 161:.\Generated_Source\PSoC4/cyfitter_cfg.c **** 			j++;
 188              		.loc 1 161 0
 189 0050 3B69     		ldr	r3, [r7, #16]
 190 0052 0133     		add	r3, r3, #1
 191 0054 3B61     		str	r3, [r7, #16]
 162:.\Generated_Source\PSoC4/cyfitter_cfg.c **** 			count--;
 192              		.loc 1 162 0
 193 0056 0F23     		mov	r3, #15
 194 0058 FB18     		add	r3, r7, r3
 195 005a 1A78     		ldrb	r2, [r3]
 196 005c 0F23     		mov	r3, #15
 197 005e FB18     		add	r3, r7, r3
 198 0060 013A     		sub	r2, r2, #1
 199 0062 1A70     		strb	r2, [r3]
 200              	.L6:
 158:.\Generated_Source\PSoC4/cyfitter_cfg.c **** 		{
 201              		.loc 1 158 0
 202 0064 0F23     		mov	r3, #15
 203 0066 FB18     		add	r3, r7, r3
 204 0068 1B78     		ldrb	r3, [r3]
 205 006a 002B     		cmp	r3, #0
 206 006c E1D1     		bne	.L7
 207              	.LBE2:
 153:.\Generated_Source\PSoC4/cyfitter_cfg.c **** 	{
 208              		.loc 1 153 0 discriminator 2
 209 006e 7B69     		ldr	r3, [r7, #20]
 210 0070 0133     		add	r3, r3, #1
 211 0072 7B61     		str	r3, [r7, #20]
 212              	.L5:
 153:.\Generated_Source\PSoC4/cyfitter_cfg.c **** 	{
 213              		.loc 1 153 0 is_stmt 0 discriminator 1
 214 0074 7B69     		ldr	r3, [r7, #20]
 215 0076 012B     		cmp	r3, #1
 216 0078 CCD9     		bls	.L8
 163:.\Generated_Source\PSoC4/cyfitter_cfg.c **** 		}
 164:.\Generated_Source\PSoC4/cyfitter_cfg.c **** 	}
 165:.\Generated_Source\PSoC4/cyfitter_cfg.c **** }
 217              		.loc 1 165 0 is_stmt 1
 218 007a BD46     		mov	sp, r7
 219 007c 06B0     		add	sp, sp, #24
 220              		@ sp needed
 221 007e 80BD     		pop	{r7, pc}
 222              		.cfi_endproc
 223              	.LFE3:
 224              		.size	cfg_write_bytes32, .-cfg_write_bytes32
 225              		.section	.psocinit,"ax",%progbits
 226              		.align	2
 227              		.code	16
 228              		.thumb_func
 229              		.type	ClockSetup, %function
 230              	ClockSetup:
 231              	.LFB4:
ARM GAS  C:\Users\Anders\AppData\Local\Temp\ccsNbh1W.s 			page 8


 166:.\Generated_Source\PSoC4/cyfitter_cfg.c **** 
 167:.\Generated_Source\PSoC4/cyfitter_cfg.c **** 
 168:.\Generated_Source\PSoC4/cyfitter_cfg.c **** /*******************************************************************************
 169:.\Generated_Source\PSoC4/cyfitter_cfg.c **** * Function Name: ClockSetup
 170:.\Generated_Source\PSoC4/cyfitter_cfg.c **** ********************************************************************************
 171:.\Generated_Source\PSoC4/cyfitter_cfg.c **** *
 172:.\Generated_Source\PSoC4/cyfitter_cfg.c **** * Summary:
 173:.\Generated_Source\PSoC4/cyfitter_cfg.c **** *   Performs the initialization of all of the clocks in the device based on the
 174:.\Generated_Source\PSoC4/cyfitter_cfg.c **** *   settings in the Clock tab of the DWR.  This includes enabling the requested
 175:.\Generated_Source\PSoC4/cyfitter_cfg.c **** *   clocks and setting the necessary dividers to produce the desired frequency. 
 176:.\Generated_Source\PSoC4/cyfitter_cfg.c **** *
 177:.\Generated_Source\PSoC4/cyfitter_cfg.c **** * Parameters:
 178:.\Generated_Source\PSoC4/cyfitter_cfg.c **** *   void
 179:.\Generated_Source\PSoC4/cyfitter_cfg.c **** *
 180:.\Generated_Source\PSoC4/cyfitter_cfg.c **** * Return:
 181:.\Generated_Source\PSoC4/cyfitter_cfg.c **** *   void
 182:.\Generated_Source\PSoC4/cyfitter_cfg.c **** *
 183:.\Generated_Source\PSoC4/cyfitter_cfg.c **** *******************************************************************************/
 184:.\Generated_Source\PSoC4/cyfitter_cfg.c **** static void ClockSetup(void);
 185:.\Generated_Source\PSoC4/cyfitter_cfg.c **** CY_CFG_SECTION
 186:.\Generated_Source\PSoC4/cyfitter_cfg.c **** static void ClockSetup(void)
 187:.\Generated_Source\PSoC4/cyfitter_cfg.c **** {
 232              		.loc 1 187 0
 233              		.cfi_startproc
 234 0000 80B5     		push	{r7, lr}
 235              		.cfi_def_cfa_offset 8
 236              		.cfi_offset 7, -8
 237              		.cfi_offset 14, -4
 238 0002 00AF     		add	r7, sp, #0
 239              		.cfi_def_cfa_register 7
 188:.\Generated_Source\PSoC4/cyfitter_cfg.c **** 	/* Enable HALF_EN before trimming for the flash accelerator. */
 189:.\Generated_Source\PSoC4/cyfitter_cfg.c **** 	CY_SET_REG32((void CYXDATA *)(CYREG_CLK_SELECT), (CY_GET_REG32((void *)CYREG_CLK_SELECT) | 0x00040
 240              		.loc 1 189 0
 241 0004 124B     		ldr	r3, .L10
 242 0006 124A     		ldr	r2, .L10
 243 0008 1268     		ldr	r2, [r2]
 244 000a 8021     		mov	r1, #128
 245 000c C902     		lsl	r1, r1, #11
 246 000e 0A43     		orr	r2, r1
 247 0010 1A60     		str	r2, [r3]
 190:.\Generated_Source\PSoC4/cyfitter_cfg.c **** 
 191:.\Generated_Source\PSoC4/cyfitter_cfg.c **** 	/* Setup and trim IMO based on desired frequency. */
 192:.\Generated_Source\PSoC4/cyfitter_cfg.c **** 	CySysClkWriteImoFreq(24u);
 248              		.loc 1 192 0
 249 0012 1820     		mov	r0, #24
 250 0014 FFF7FEFF 		bl	CySysClkWriteImoFreq
 193:.\Generated_Source\PSoC4/cyfitter_cfg.c **** 
 194:.\Generated_Source\PSoC4/cyfitter_cfg.c **** 	/* Disable HALF_EN since it is not required at this IMO frequency. */
 195:.\Generated_Source\PSoC4/cyfitter_cfg.c **** 	CY_SET_REG32((void CYXDATA *)(CYREG_CLK_SELECT), (CY_GET_REG32((void *)CYREG_CLK_SELECT) & 0xFFFBF
 251              		.loc 1 195 0
 252 0018 0D4B     		ldr	r3, .L10
 253 001a 0D4A     		ldr	r2, .L10
 254 001c 1268     		ldr	r2, [r2]
 255 001e 0D49     		ldr	r1, .L10+4
 256 0020 0A40     		and	r2, r1
 257 0022 1A60     		str	r2, [r3]
 196:.\Generated_Source\PSoC4/cyfitter_cfg.c **** 	/* CYDEV_CLK_ILO_CONFIG Starting address: CYDEV_CLK_ILO_CONFIG */
ARM GAS  C:\Users\Anders\AppData\Local\Temp\ccsNbh1W.s 			page 9


 197:.\Generated_Source\PSoC4/cyfitter_cfg.c **** 	CY_SET_XTND_REG32((void CYFAR *)(CYREG_CLK_ILO_CONFIG), 0x80000006u);
 258              		.loc 1 197 0
 259 0024 0C4B     		ldr	r3, .L10+8
 260 0026 0D4A     		ldr	r2, .L10+12
 261 0028 1A60     		str	r2, [r3]
 198:.\Generated_Source\PSoC4/cyfitter_cfg.c **** 
 199:.\Generated_Source\PSoC4/cyfitter_cfg.c **** 
 200:.\Generated_Source\PSoC4/cyfitter_cfg.c **** 	/* CYDEV_CLK_SELECT00 Starting address: CYDEV_CLK_SELECT00 */
 201:.\Generated_Source\PSoC4/cyfitter_cfg.c **** 	CY_SET_XTND_REG32((void CYFAR *)(CYREG_CLK_SELECT08), 0x00000010u);
 262              		.loc 1 201 0
 263 002a 0D4B     		ldr	r3, .L10+16
 264 002c 1022     		mov	r2, #16
 265 002e 1A60     		str	r2, [r3]
 202:.\Generated_Source\PSoC4/cyfitter_cfg.c **** 
 203:.\Generated_Source\PSoC4/cyfitter_cfg.c **** 	/* CYDEV_CLK_IMO_CONFIG Starting address: CYDEV_CLK_IMO_CONFIG */
 204:.\Generated_Source\PSoC4/cyfitter_cfg.c **** 	CY_SET_XTND_REG32((void CYFAR *)(CYREG_CLK_IMO_CONFIG), 0x80000000u);
 266              		.loc 1 204 0
 267 0030 0C4B     		ldr	r3, .L10+20
 268 0032 8022     		mov	r2, #128
 269 0034 1206     		lsl	r2, r2, #24
 270 0036 1A60     		str	r2, [r3]
 205:.\Generated_Source\PSoC4/cyfitter_cfg.c **** 
 206:.\Generated_Source\PSoC4/cyfitter_cfg.c **** 	/* CYDEV_CLK_SELECT Starting address: CYDEV_CLK_SELECT */
 207:.\Generated_Source\PSoC4/cyfitter_cfg.c **** 	CY_SET_XTND_REG32((void CYFAR *)(CYREG_CLK_SELECT), 0x00000000u);
 271              		.loc 1 207 0
 272 0038 054B     		ldr	r3, .L10
 273 003a 0022     		mov	r2, #0
 274 003c 1A60     		str	r2, [r3]
 208:.\Generated_Source\PSoC4/cyfitter_cfg.c **** 
 209:.\Generated_Source\PSoC4/cyfitter_cfg.c **** 	/* CYDEV_CLK_DIVIDER_A00 Starting address: CYDEV_CLK_DIVIDER_A00 */
 210:.\Generated_Source\PSoC4/cyfitter_cfg.c **** 	CY_SET_XTND_REG32((void CYFAR *)(CYREG_CLK_DIVIDER_A00), 0x80000031u);
 275              		.loc 1 210 0
 276 003e 0A4B     		ldr	r3, .L10+24
 277 0040 0A4A     		ldr	r2, .L10+28
 278 0042 1A60     		str	r2, [r3]
 211:.\Generated_Source\PSoC4/cyfitter_cfg.c **** 
 212:.\Generated_Source\PSoC4/cyfitter_cfg.c **** 	CY_SET_XTND_REG32((void CYFAR *)(CYREG_WDT_CONFIG), 0x00000000u);
 279              		.loc 1 212 0
 280 0044 0A4B     		ldr	r3, .L10+32
 281 0046 0022     		mov	r2, #0
 282 0048 1A60     		str	r2, [r3]
 213:.\Generated_Source\PSoC4/cyfitter_cfg.c **** }
 283              		.loc 1 213 0
 284 004a BD46     		mov	sp, r7
 285              		@ sp needed
 286 004c 80BD     		pop	{r7, pc}
 287              	.L11:
 288 004e C046     		.align	2
 289              	.L10:
 290 0050 00010B40 		.word	1074462976
 291 0054 FFFFFBFF 		.word	-262145
 292 0058 04010B40 		.word	1074462980
 293 005c 06000080 		.word	-2147483642
 294 0060 20020240 		.word	1073873440
 295 0064 08010B40 		.word	1074462984
 296 0068 00000240 		.word	1073872896
 297 006c 31000080 		.word	-2147483599
ARM GAS  C:\Users\Anders\AppData\Local\Temp\ccsNbh1W.s 			page 10


 298 0070 0C020B40 		.word	1074463244
 299              		.cfi_endproc
 300              	.LFE4:
 301              		.size	ClockSetup, .-ClockSetup
 302              		.section	.text.AnalogSetDefault,"ax",%progbits
 303              		.align	2
 304              		.code	16
 305              		.thumb_func
 306              		.type	AnalogSetDefault, %function
 307              	AnalogSetDefault:
 308              	.LFB5:
 214:.\Generated_Source\PSoC4/cyfitter_cfg.c **** 
 215:.\Generated_Source\PSoC4/cyfitter_cfg.c **** 
 216:.\Generated_Source\PSoC4/cyfitter_cfg.c **** /* Analog API Functions */
 217:.\Generated_Source\PSoC4/cyfitter_cfg.c **** 
 218:.\Generated_Source\PSoC4/cyfitter_cfg.c **** 
 219:.\Generated_Source\PSoC4/cyfitter_cfg.c **** /*******************************************************************************
 220:.\Generated_Source\PSoC4/cyfitter_cfg.c **** * Function Name: AnalogSetDefault
 221:.\Generated_Source\PSoC4/cyfitter_cfg.c **** ********************************************************************************
 222:.\Generated_Source\PSoC4/cyfitter_cfg.c **** *
 223:.\Generated_Source\PSoC4/cyfitter_cfg.c **** * Summary:
 224:.\Generated_Source\PSoC4/cyfitter_cfg.c **** *  Sets up the analog portions of the chip to default values based on chip
 225:.\Generated_Source\PSoC4/cyfitter_cfg.c **** *  configuration options from the project.
 226:.\Generated_Source\PSoC4/cyfitter_cfg.c **** *
 227:.\Generated_Source\PSoC4/cyfitter_cfg.c **** * Parameters:
 228:.\Generated_Source\PSoC4/cyfitter_cfg.c **** *  void
 229:.\Generated_Source\PSoC4/cyfitter_cfg.c **** *
 230:.\Generated_Source\PSoC4/cyfitter_cfg.c **** * Return:
 231:.\Generated_Source\PSoC4/cyfitter_cfg.c **** *  void
 232:.\Generated_Source\PSoC4/cyfitter_cfg.c **** *
 233:.\Generated_Source\PSoC4/cyfitter_cfg.c **** *******************************************************************************/
 234:.\Generated_Source\PSoC4/cyfitter_cfg.c **** static void AnalogSetDefault(void);
 235:.\Generated_Source\PSoC4/cyfitter_cfg.c **** static void AnalogSetDefault(void)
 236:.\Generated_Source\PSoC4/cyfitter_cfg.c **** {
 309              		.loc 1 236 0
 310              		.cfi_startproc
 311 0000 80B5     		push	{r7, lr}
 312              		.cfi_def_cfa_offset 8
 313              		.cfi_offset 7, -8
 314              		.cfi_offset 14, -4
 315 0002 00AF     		add	r7, sp, #0
 316              		.cfi_def_cfa_register 7
 237:.\Generated_Source\PSoC4/cyfitter_cfg.c **** }
 317              		.loc 1 237 0
 318 0004 BD46     		mov	sp, r7
 319              		@ sp needed
 320 0006 80BD     		pop	{r7, pc}
 321              		.cfi_endproc
 322              	.LFE5:
 323              		.size	AnalogSetDefault, .-AnalogSetDefault
 324              		.section	.psocinit
 325              		.align	2
 326              		.global	cyfitter_cfg
 327              		.code	16
 328              		.thumb_func
 329              		.type	cyfitter_cfg, %function
 330              	cyfitter_cfg:
ARM GAS  C:\Users\Anders\AppData\Local\Temp\ccsNbh1W.s 			page 11


 331              	.LFB6:
 238:.\Generated_Source\PSoC4/cyfitter_cfg.c **** 
 239:.\Generated_Source\PSoC4/cyfitter_cfg.c **** #define CY_AMUX_UNUSED CYREG_CM0_ROM_DWT
 240:.\Generated_Source\PSoC4/cyfitter_cfg.c **** 
 241:.\Generated_Source\PSoC4/cyfitter_cfg.c **** 
 242:.\Generated_Source\PSoC4/cyfitter_cfg.c **** /*******************************************************************************
 243:.\Generated_Source\PSoC4/cyfitter_cfg.c **** * Function Name: cyfitter_cfg
 244:.\Generated_Source\PSoC4/cyfitter_cfg.c **** ********************************************************************************
 245:.\Generated_Source\PSoC4/cyfitter_cfg.c **** * Summary:
 246:.\Generated_Source\PSoC4/cyfitter_cfg.c **** *  This function is called by the start-up code for the selected device. It
 247:.\Generated_Source\PSoC4/cyfitter_cfg.c **** *  performs all of the necessary device configuration based on the design
 248:.\Generated_Source\PSoC4/cyfitter_cfg.c **** *  settings.  This includes settings from the Design Wide Resources (DWR) such
 249:.\Generated_Source\PSoC4/cyfitter_cfg.c **** *  as Clocks and Pins as well as any component configuration that is necessary.
 250:.\Generated_Source\PSoC4/cyfitter_cfg.c **** *
 251:.\Generated_Source\PSoC4/cyfitter_cfg.c **** * Parameters:  
 252:.\Generated_Source\PSoC4/cyfitter_cfg.c **** *   void
 253:.\Generated_Source\PSoC4/cyfitter_cfg.c **** *
 254:.\Generated_Source\PSoC4/cyfitter_cfg.c **** * Return:
 255:.\Generated_Source\PSoC4/cyfitter_cfg.c **** *   void
 256:.\Generated_Source\PSoC4/cyfitter_cfg.c **** *
 257:.\Generated_Source\PSoC4/cyfitter_cfg.c **** *******************************************************************************/
 258:.\Generated_Source\PSoC4/cyfitter_cfg.c **** CY_CFG_SECTION
 259:.\Generated_Source\PSoC4/cyfitter_cfg.c **** void cyfitter_cfg(void)
 260:.\Generated_Source\PSoC4/cyfitter_cfg.c **** {
 332              		.loc 1 260 0
 333              		.cfi_startproc
 334 0074 80B5     		push	{r7, lr}
 335              		.cfi_def_cfa_offset 8
 336              		.cfi_offset 7, -8
 337              		.cfi_offset 14, -4
 338 0076 82B0     		sub	sp, sp, #8
 339              		.cfi_def_cfa_offset 16
 340 0078 00AF     		add	r7, sp, #0
 341              		.cfi_def_cfa_register 7
 261:.\Generated_Source\PSoC4/cyfitter_cfg.c **** 	/* Disable interrupts by default. Let user enable if/when they want. */
 262:.\Generated_Source\PSoC4/cyfitter_cfg.c **** 	CyGlobalIntDisable;
 342              		.loc 1 262 0
 343              	@ 262 ".\Generated_Source\PSoC4\cyfitter_cfg.c" 1
 344 007a 72B6     		CPSID   i
 345              	@ 0 "" 2
 346              		.code	16
 347              	.LBB3:
 263:.\Generated_Source\PSoC4/cyfitter_cfg.c **** 
 264:.\Generated_Source\PSoC4/cyfitter_cfg.c **** 	{
 265:.\Generated_Source\PSoC4/cyfitter_cfg.c **** 		static const uint32 CYCODE cy_cfg_addr_table[] = {
 266:.\Generated_Source\PSoC4/cyfitter_cfg.c **** 			0x400F4202u, /* Base address: 0x400F4200 Count: 2 */
 267:.\Generated_Source\PSoC4/cyfitter_cfg.c **** 			0x400F4303u, /* Base address: 0x400F4300 Count: 3 */
 268:.\Generated_Source\PSoC4/cyfitter_cfg.c **** 		};
 269:.\Generated_Source\PSoC4/cyfitter_cfg.c **** 
 270:.\Generated_Source\PSoC4/cyfitter_cfg.c **** 		static const cy_cfg_addrvalue_t CYCODE cy_cfg_data_table[] = {
 271:.\Generated_Source\PSoC4/cyfitter_cfg.c **** 			{0x50u, 0x10u},
 272:.\Generated_Source\PSoC4/cyfitter_cfg.c **** 			{0xD4u, 0x04u},
 273:.\Generated_Source\PSoC4/cyfitter_cfg.c **** 			{0x18u, 0x20u},
 274:.\Generated_Source\PSoC4/cyfitter_cfg.c **** 			{0x94u, 0x20u},
 275:.\Generated_Source\PSoC4/cyfitter_cfg.c **** 			{0xC6u, 0x08u},
 276:.\Generated_Source\PSoC4/cyfitter_cfg.c **** 		};
 277:.\Generated_Source\PSoC4/cyfitter_cfg.c **** 
ARM GAS  C:\Users\Anders\AppData\Local\Temp\ccsNbh1W.s 			page 12


 278:.\Generated_Source\PSoC4/cyfitter_cfg.c **** 
 279:.\Generated_Source\PSoC4/cyfitter_cfg.c **** 
 280:.\Generated_Source\PSoC4/cyfitter_cfg.c **** 		CYPACKED typedef struct {
 281:.\Generated_Source\PSoC4/cyfitter_cfg.c **** 			void CYFAR *address;
 282:.\Generated_Source\PSoC4/cyfitter_cfg.c **** 			uint16 size;
 283:.\Generated_Source\PSoC4/cyfitter_cfg.c **** 		} CYPACKED_ATTR cfg_memset_t;
 284:.\Generated_Source\PSoC4/cyfitter_cfg.c **** 
 285:.\Generated_Source\PSoC4/cyfitter_cfg.c **** 		static const cfg_memset_t CYCODE cfg_memset_list [] = {
 286:.\Generated_Source\PSoC4/cyfitter_cfg.c **** 			/* address, size */
 287:.\Generated_Source\PSoC4/cyfitter_cfg.c **** 			{(void CYFAR *)(CYDEV_UDB_P0_U0_BASE), 1024u},
 288:.\Generated_Source\PSoC4/cyfitter_cfg.c **** 			{(void CYFAR *)(CYDEV_UDB_DSI0_BASE), 1024u},
 289:.\Generated_Source\PSoC4/cyfitter_cfg.c **** 		};
 290:.\Generated_Source\PSoC4/cyfitter_cfg.c **** 
 291:.\Generated_Source\PSoC4/cyfitter_cfg.c **** 		uint8 CYDATA i;
 292:.\Generated_Source\PSoC4/cyfitter_cfg.c **** 
 293:.\Generated_Source\PSoC4/cyfitter_cfg.c **** 		/* Zero out critical memory blocks before beginning configuration */
 294:.\Generated_Source\PSoC4/cyfitter_cfg.c **** 		for (i = 0u; i < (sizeof(cfg_memset_list)/sizeof(cfg_memset_list[0])); i++)
 348              		.loc 1 294 0
 349 007c FB1D     		add	r3, r7, #7
 350 007e 0022     		mov	r2, #0
 351 0080 1A70     		strb	r2, [r3]
 352 0082 23E0     		b	.L14
 353              	.L15:
 354              	.LBB4:
 295:.\Generated_Source\PSoC4/cyfitter_cfg.c **** 		{
 296:.\Generated_Source\PSoC4/cyfitter_cfg.c **** 			const cfg_memset_t CYCODE * CYDATA ms = &cfg_memset_list[i];
 355              		.loc 1 296 0 discriminator 3
 356 0084 FB1D     		add	r3, r7, #7
 357 0086 1A78     		ldrb	r2, [r3]
 358 0088 131C     		mov	r3, r2
 359 008a 5B00     		lsl	r3, r3, #1
 360 008c 9B18     		add	r3, r3, r2
 361 008e 5B00     		lsl	r3, r3, #1
 362 0090 334A     		ldr	r2, .L16
 363 0092 9B18     		add	r3, r3, r2
 364 0094 3B60     		str	r3, [r7]
 297:.\Generated_Source\PSoC4/cyfitter_cfg.c **** 			CYMEMZERO(ms->address, (size_t)(uint32)(ms->size));
 365              		.loc 1 297 0 discriminator 3
 366 0096 3B68     		ldr	r3, [r7]
 367 0098 1A78     		ldrb	r2, [r3]
 368 009a 5978     		ldrb	r1, [r3, #1]
 369 009c 0902     		lsl	r1, r1, #8
 370 009e 0A43     		orr	r2, r1
 371 00a0 9978     		ldrb	r1, [r3, #2]
 372 00a2 0904     		lsl	r1, r1, #16
 373 00a4 0A43     		orr	r2, r1
 374 00a6 DB78     		ldrb	r3, [r3, #3]
 375 00a8 1B06     		lsl	r3, r3, #24
 376 00aa 1343     		orr	r3, r2
 377 00ac 191C     		mov	r1, r3
 378 00ae 3B68     		ldr	r3, [r7]
 379 00b0 1A79     		ldrb	r2, [r3, #4]
 380 00b2 5B79     		ldrb	r3, [r3, #5]
 381 00b4 1B02     		lsl	r3, r3, #8
 382 00b6 1343     		orr	r3, r2
 383 00b8 9BB2     		uxth	r3, r3
 384 00ba 081C     		mov	r0, r1
ARM GAS  C:\Users\Anders\AppData\Local\Temp\ccsNbh1W.s 			page 13


 385 00bc 191C     		mov	r1, r3
 386 00be FFF7FEFF 		bl	CYMEMZERO
 387              	.LBE4:
 294:.\Generated_Source\PSoC4/cyfitter_cfg.c **** 		{
 388              		.loc 1 294 0 discriminator 3
 389 00c2 FB1D     		add	r3, r7, #7
 390 00c4 1A78     		ldrb	r2, [r3]
 391 00c6 FB1D     		add	r3, r7, #7
 392 00c8 0132     		add	r2, r2, #1
 393 00ca 1A70     		strb	r2, [r3]
 394              	.L14:
 294:.\Generated_Source\PSoC4/cyfitter_cfg.c **** 		{
 395              		.loc 1 294 0 is_stmt 0 discriminator 1
 396 00cc FB1D     		add	r3, r7, #7
 397 00ce 1B78     		ldrb	r3, [r3]
 398 00d0 012B     		cmp	r3, #1
 399 00d2 D7D9     		bls	.L15
 298:.\Generated_Source\PSoC4/cyfitter_cfg.c **** 		}
 299:.\Generated_Source\PSoC4/cyfitter_cfg.c **** 
 300:.\Generated_Source\PSoC4/cyfitter_cfg.c **** 		cfg_write_bytes32(cy_cfg_addr_table, cy_cfg_data_table);
 400              		.loc 1 300 0 is_stmt 1
 401 00d4 234A     		ldr	r2, .L16+4
 402 00d6 244B     		ldr	r3, .L16+8
 403 00d8 101C     		mov	r0, r2
 404 00da 191C     		mov	r1, r3
 405 00dc FFF7FEFF 		bl	cfg_write_bytes32
 301:.\Generated_Source\PSoC4/cyfitter_cfg.c **** 
 302:.\Generated_Source\PSoC4/cyfitter_cfg.c **** 		/* HSIOM Starting address: CYDEV_HSIOM_BASE */
 303:.\Generated_Source\PSoC4/cyfitter_cfg.c **** 		CY_SET_XTND_REG32((void CYFAR *)(CYREG_HSIOM_PORT_SEL2), 0x00000003u);
 406              		.loc 1 303 0
 407 00e0 224B     		ldr	r3, .L16+12
 408 00e2 0322     		mov	r2, #3
 409 00e4 1A60     		str	r2, [r3]
 304:.\Generated_Source\PSoC4/cyfitter_cfg.c **** 		CY_SET_XTND_REG32((void CYFAR *)(CYREG_HSIOM_PORT_SEL3), 0x0000EE00u);
 410              		.loc 1 304 0
 411 00e6 224B     		ldr	r3, .L16+16
 412 00e8 EE22     		mov	r2, #238
 413 00ea 1202     		lsl	r2, r2, #8
 414 00ec 1A60     		str	r2, [r3]
 305:.\Generated_Source\PSoC4/cyfitter_cfg.c **** 
 306:.\Generated_Source\PSoC4/cyfitter_cfg.c **** 		/* UDB_PA_2 Starting address: CYDEV_UDB_PA2_BASE */
 307:.\Generated_Source\PSoC4/cyfitter_cfg.c **** 		CY_SET_XTND_REG32((void CYFAR *)(CYDEV_UDB_PA2_BASE), 0x00990000u);
 415              		.loc 1 307 0
 416 00ee 214B     		ldr	r3, .L16+20
 417 00f0 9922     		mov	r2, #153
 418 00f2 1204     		lsl	r2, r2, #16
 419 00f4 1A60     		str	r2, [r3]
 308:.\Generated_Source\PSoC4/cyfitter_cfg.c **** 		CY_SET_XTND_REG32((void CYFAR *)(CYREG_UDB_PA2_CFG8), 0x00540000u);
 420              		.loc 1 308 0
 421 00f6 204B     		ldr	r3, .L16+24
 422 00f8 A822     		mov	r2, #168
 423 00fa D203     		lsl	r2, r2, #15
 424 00fc 1A60     		str	r2, [r3]
 309:.\Generated_Source\PSoC4/cyfitter_cfg.c **** 
 310:.\Generated_Source\PSoC4/cyfitter_cfg.c **** 		/* UDB_PA_3 Starting address: CYDEV_UDB_PA3_BASE */
 311:.\Generated_Source\PSoC4/cyfitter_cfg.c **** 		CY_SET_XTND_REG32((void CYFAR *)(CYDEV_UDB_PA3_BASE), 0x00990000u);
 425              		.loc 1 311 0
ARM GAS  C:\Users\Anders\AppData\Local\Temp\ccsNbh1W.s 			page 14


 426 00fe 1F4B     		ldr	r3, .L16+28
 427 0100 9922     		mov	r2, #153
 428 0102 1204     		lsl	r2, r2, #16
 429 0104 1A60     		str	r2, [r3]
 312:.\Generated_Source\PSoC4/cyfitter_cfg.c **** 
 313:.\Generated_Source\PSoC4/cyfitter_cfg.c **** 		/* Enable digital routing */
 314:.\Generated_Source\PSoC4/cyfitter_cfg.c **** 		CY_SET_XTND_REG8((void *)CYREG_UDB_UDBIF_BANK_CTL, CY_GET_XTND_REG8((void *)CYREG_UDB_UDBIF_BANK_
 430              		.loc 1 314 0
 431 0106 1E4A     		ldr	r2, .L16+32
 432 0108 1D4B     		ldr	r3, .L16+32
 433 010a 1B78     		ldrb	r3, [r3]
 434 010c DBB2     		uxtb	r3, r3
 435 010e 0221     		mov	r1, #2
 436 0110 0B43     		orr	r3, r1
 437 0112 DBB2     		uxtb	r3, r3
 438 0114 1370     		strb	r3, [r2]
 315:.\Generated_Source\PSoC4/cyfitter_cfg.c **** 
 316:.\Generated_Source\PSoC4/cyfitter_cfg.c **** 		/* Enable UDB array */
 317:.\Generated_Source\PSoC4/cyfitter_cfg.c **** 		CY_SET_XTND_REG8((void *)CYREG_UDB_UDBIF_WAIT_CFG, (uint8)((CY_GET_XTND_REG8((void *)CYREG_UDB_UD
 439              		.loc 1 317 0
 440 0116 1B4A     		ldr	r2, .L16+36
 441 0118 1A4B     		ldr	r3, .L16+36
 442 011a 1B78     		ldrb	r3, [r3]
 443 011c DBB2     		uxtb	r3, r3
 444 011e 3C21     		mov	r1, #60
 445 0120 8B43     		bic	r3, r1
 446 0122 DBB2     		uxtb	r3, r3
 447 0124 1421     		mov	r1, #20
 448 0126 0B43     		orr	r3, r1
 449 0128 DBB2     		uxtb	r3, r3
 450 012a 1370     		strb	r3, [r2]
 318:.\Generated_Source\PSoC4/cyfitter_cfg.c **** 		CY_SET_XTND_REG8((void *)CYREG_UDB_UDBIF_BANK_CTL, (uint8)(CY_GET_XTND_REG8((void *)CYREG_UDB_UDB
 451              		.loc 1 318 0
 452 012c 144A     		ldr	r2, .L16+32
 453 012e 144B     		ldr	r3, .L16+32
 454 0130 1B78     		ldrb	r3, [r3]
 455 0132 DBB2     		uxtb	r3, r3
 456 0134 1621     		mov	r1, #22
 457 0136 0B43     		orr	r3, r1
 458 0138 DBB2     		uxtb	r3, r3
 459 013a 1370     		strb	r3, [r2]
 460              	.LBE3:
 319:.\Generated_Source\PSoC4/cyfitter_cfg.c **** 	}
 320:.\Generated_Source\PSoC4/cyfitter_cfg.c **** 
 321:.\Generated_Source\PSoC4/cyfitter_cfg.c **** 	/* Perform second pass device configuration. These items must be configured in specific order afte
 322:.\Generated_Source\PSoC4/cyfitter_cfg.c **** 	/* IOPINS0_2 Starting address: CYDEV_PRT2_BASE */
 323:.\Generated_Source\PSoC4/cyfitter_cfg.c **** 	CY_SET_XTND_REG32((void CYFAR *)(CYDEV_PRT2_BASE), 0x00000001u);
 461              		.loc 1 323 0
 462 013c 124B     		ldr	r3, .L16+40
 463 013e 0122     		mov	r2, #1
 464 0140 1A60     		str	r2, [r3]
 324:.\Generated_Source\PSoC4/cyfitter_cfg.c **** 	CY_SET_XTND_REG32((void CYFAR *)(CYREG_PRT2_PC), 0x00000006u);
 465              		.loc 1 324 0
 466 0142 124B     		ldr	r3, .L16+44
 467 0144 0622     		mov	r2, #6
 468 0146 1A60     		str	r2, [r3]
 325:.\Generated_Source\PSoC4/cyfitter_cfg.c **** 
ARM GAS  C:\Users\Anders\AppData\Local\Temp\ccsNbh1W.s 			page 15


 326:.\Generated_Source\PSoC4/cyfitter_cfg.c **** 	/* IOPINS0_3 Starting address: CYDEV_PRT3_BASE */
 327:.\Generated_Source\PSoC4/cyfitter_cfg.c **** 	CY_SET_XTND_REG32((void CYFAR *)(CYREG_PRT3_PC), 0x00000D80u);
 469              		.loc 1 327 0
 470 0148 114B     		ldr	r3, .L16+48
 471 014a D822     		mov	r2, #216
 472 014c 1201     		lsl	r2, r2, #4
 473 014e 1A60     		str	r2, [r3]
 328:.\Generated_Source\PSoC4/cyfitter_cfg.c **** 
 329:.\Generated_Source\PSoC4/cyfitter_cfg.c **** 
 330:.\Generated_Source\PSoC4/cyfitter_cfg.c **** 	/* Setup clocks based on selections from Clock DWR */
 331:.\Generated_Source\PSoC4/cyfitter_cfg.c **** 	ClockSetup();
 474              		.loc 1 331 0
 475 0150 FFF756FF 		bl	ClockSetup
 332:.\Generated_Source\PSoC4/cyfitter_cfg.c **** 
 333:.\Generated_Source\PSoC4/cyfitter_cfg.c **** 	/* Perform basic analog initialization to defaults */
 334:.\Generated_Source\PSoC4/cyfitter_cfg.c **** 	AnalogSetDefault();
 476              		.loc 1 334 0
 477 0154 FFF7FEFF 		bl	AnalogSetDefault
 335:.\Generated_Source\PSoC4/cyfitter_cfg.c **** 
 336:.\Generated_Source\PSoC4/cyfitter_cfg.c **** }
 478              		.loc 1 336 0
 479 0158 BD46     		mov	sp, r7
 480 015a 02B0     		add	sp, sp, #8
 481              		@ sp needed
 482 015c 80BD     		pop	{r7, pc}
 483              	.L17:
 484 015e C046     		.align	2
 485              	.L16:
 486 0160 00000000 		.word	cfg_memset_list.4746
 487 0164 0C000000 		.word	cy_cfg_addr_table.4740
 488 0168 14000000 		.word	cy_cfg_data_table.4741
 489 016c 08000140 		.word	1073807368
 490 0170 0C000140 		.word	1073807372
 491 0174 20500F40 		.word	1074745376
 492 0178 28500F40 		.word	1074745384
 493 017c 30500F40 		.word	1074745392
 494 0180 00700F40 		.word	1074753536
 495 0184 01700F40 		.word	1074753537
 496 0188 00020440 		.word	1074004480
 497 018c 08020440 		.word	1074004488
 498 0190 08030440 		.word	1074004744
 499              		.cfi_endproc
 500              	.LFE6:
 501              		.size	cyfitter_cfg, .-cyfitter_cfg
 502              		.section	.rodata
 503              		.align	2
 504              		.type	cfg_memset_list.4746, %object
 505              		.size	cfg_memset_list.4746, 12
 506              	cfg_memset_list.4746:
 507 0000 00300F40 		.word	1074737152
 508 0004 0004     		.short	1024
 509 0006 00400F40 		.4byte	1074741248
 510 000a 0004     		.short	1024
 511              		.align	2
 512              		.type	cy_cfg_addr_table.4740, %object
 513              		.size	cy_cfg_addr_table.4740, 8
 514              	cy_cfg_addr_table.4740:
ARM GAS  C:\Users\Anders\AppData\Local\Temp\ccsNbh1W.s 			page 16


 515 000c 02420F40 		.word	1074741762
 516 0010 03430F40 		.word	1074742019
 517              		.align	2
 518              		.type	cy_cfg_data_table.4741, %object
 519              		.size	cy_cfg_data_table.4741, 10
 520              	cy_cfg_data_table.4741:
 521 0014 50       		.byte	80
 522 0015 10       		.byte	16
 523 0016 D4       		.byte	-44
 524 0017 04       		.byte	4
 525 0018 18       		.byte	24
 526 0019 20       		.byte	32
 527 001a 94       		.byte	-108
 528 001b 20       		.byte	32
 529 001c C6       		.byte	-58
 530 001d 08       		.byte	8
 531 001e 0000     		.text
 532              	.Letext0:
 533              		.file 2 "c:\\program files (x86)\\cypress\\psoc creator\\3.3\\psoc creator\\import\\gnu\\arm\\4.9.
 534              		.file 3 ".\\Generated_Source\\PSoC4\\cytypes.h"
 535              		.section	.debug_info,"",%progbits
 536              	.Ldebug_info0:
 537 0000 52030000 		.4byte	0x352
 538 0004 0400     		.2byte	0x4
 539 0006 00000000 		.4byte	.Ldebug_abbrev0
 540 000a 04       		.byte	0x4
 541 000b 01       		.uleb128 0x1
 542 000c F8000000 		.4byte	.LASF39
 543 0010 01       		.byte	0x1
 544 0011 D1010000 		.4byte	.LASF40
 545 0015 0C020000 		.4byte	.LASF41
 546 0019 00000000 		.4byte	.Ldebug_ranges0+0
 547 001d 00000000 		.4byte	0
 548 0021 00000000 		.4byte	.Ldebug_line0
 549 0025 02       		.uleb128 0x2
 550 0026 04       		.byte	0x4
 551 0027 05       		.byte	0x5
 552 0028 696E7400 		.ascii	"int\000"
 553 002c 03       		.uleb128 0x3
 554 002d 06000000 		.4byte	.LASF11
 555 0031 02       		.byte	0x2
 556 0032 D4       		.byte	0xd4
 557 0033 37000000 		.4byte	0x37
 558 0037 04       		.uleb128 0x4
 559 0038 04       		.byte	0x4
 560 0039 07       		.byte	0x7
 561 003a 86010000 		.4byte	.LASF0
 562 003e 04       		.uleb128 0x4
 563 003f 01       		.byte	0x1
 564 0040 06       		.byte	0x6
 565 0041 79020000 		.4byte	.LASF1
 566 0045 04       		.uleb128 0x4
 567 0046 01       		.byte	0x1
 568 0047 08       		.byte	0x8
 569 0048 A0000000 		.4byte	.LASF2
 570 004c 04       		.uleb128 0x4
 571 004d 02       		.byte	0x2
ARM GAS  C:\Users\Anders\AppData\Local\Temp\ccsNbh1W.s 			page 17


 572 004e 05       		.byte	0x5
 573 004f 66020000 		.4byte	.LASF3
 574 0053 04       		.uleb128 0x4
 575 0054 02       		.byte	0x2
 576 0055 07       		.byte	0x7
 577 0056 85020000 		.4byte	.LASF4
 578 005a 04       		.uleb128 0x4
 579 005b 04       		.byte	0x4
 580 005c 05       		.byte	0x5
 581 005d 70020000 		.4byte	.LASF5
 582 0061 04       		.uleb128 0x4
 583 0062 04       		.byte	0x4
 584 0063 07       		.byte	0x7
 585 0064 7E000000 		.4byte	.LASF6
 586 0068 04       		.uleb128 0x4
 587 0069 08       		.byte	0x8
 588 006a 05       		.byte	0x5
 589 006b F9010000 		.4byte	.LASF7
 590 006f 04       		.uleb128 0x4
 591 0070 08       		.byte	0x8
 592 0071 07       		.byte	0x7
 593 0072 9B010000 		.4byte	.LASF8
 594 0076 04       		.uleb128 0x4
 595 0077 04       		.byte	0x4
 596 0078 07       		.byte	0x7
 597 0079 C8010000 		.4byte	.LASF9
 598 007d 05       		.uleb128 0x5
 599 007e 04       		.byte	0x4
 600 007f 04       		.uleb128 0x4
 601 0080 01       		.byte	0x1
 602 0081 08       		.byte	0x8
 603 0082 07020000 		.4byte	.LASF10
 604 0086 06       		.uleb128 0x6
 605 0087 90000000 		.4byte	.LASF12
 606 008b 03       		.byte	0x3
 607 008c 9801     		.2byte	0x198
 608 008e 45000000 		.4byte	0x45
 609 0092 06       		.uleb128 0x6
 610 0093 DF000000 		.4byte	.LASF13
 611 0097 03       		.byte	0x3
 612 0098 9901     		.2byte	0x199
 613 009a 53000000 		.4byte	0x53
 614 009e 06       		.uleb128 0x6
 615 009f F1000000 		.4byte	.LASF14
 616 00a3 03       		.byte	0x3
 617 00a4 9A01     		.2byte	0x19a
 618 00a6 61000000 		.4byte	0x61
 619 00aa 04       		.uleb128 0x4
 620 00ab 04       		.byte	0x4
 621 00ac 04       		.byte	0x4
 622 00ad 59000000 		.4byte	.LASF15
 623 00b1 04       		.uleb128 0x4
 624 00b2 08       		.byte	0x8
 625 00b3 04       		.byte	0x4
 626 00b4 AE000000 		.4byte	.LASF16
 627 00b8 06       		.uleb128 0x6
 628 00b9 79000000 		.4byte	.LASF17
ARM GAS  C:\Users\Anders\AppData\Local\Temp\ccsNbh1W.s 			page 18


 629 00bd 03       		.byte	0x3
 630 00be 4202     		.2byte	0x242
 631 00c0 C4000000 		.4byte	0xc4
 632 00c4 07       		.uleb128 0x7
 633 00c5 86000000 		.4byte	0x86
 634 00c9 06       		.uleb128 0x6
 635 00ca 00000000 		.4byte	.LASF18
 636 00ce 03       		.byte	0x3
 637 00cf 4402     		.2byte	0x244
 638 00d1 D5000000 		.4byte	0xd5
 639 00d5 07       		.uleb128 0x7
 640 00d6 9E000000 		.4byte	0x9e
 641 00da 08       		.uleb128 0x8
 642 00db 02       		.byte	0x2
 643 00dc 01       		.byte	0x1
 644 00dd 7E       		.byte	0x7e
 645 00de FB000000 		.4byte	0xfb
 646 00e2 09       		.uleb128 0x9
 647 00e3 5F020000 		.4byte	.LASF19
 648 00e7 01       		.byte	0x1
 649 00e8 80       		.byte	0x80
 650 00e9 86000000 		.4byte	0x86
 651 00ed 00       		.byte	0
 652 00ee 09       		.uleb128 0x9
 653 00ef 1E000000 		.4byte	.LASF20
 654 00f3 01       		.byte	0x1
 655 00f4 81       		.byte	0x81
 656 00f5 86000000 		.4byte	0x86
 657 00f9 01       		.byte	0x1
 658 00fa 00       		.byte	0
 659 00fb 03       		.uleb128 0x3
 660 00fc 4C020000 		.4byte	.LASF21
 661 0100 01       		.byte	0x1
 662 0101 82       		.byte	0x82
 663 0102 DA000000 		.4byte	0xda
 664 0106 0A       		.uleb128 0xa
 665 0107 96000000 		.4byte	.LASF22
 666 010b 01       		.byte	0x1
 667 010c 3C       		.byte	0x3c
 668 010d 00000000 		.4byte	.LFB0
 669 0111 1E000000 		.4byte	.LFE0-.LFB0
 670 0115 01       		.uleb128 0x1
 671 0116 9C       		.byte	0x9c
 672 0117 34010000 		.4byte	0x134
 673 011b 0B       		.uleb128 0xb
 674 011c 7300     		.ascii	"s\000"
 675 011e 01       		.byte	0x1
 676 011f 3C       		.byte	0x3c
 677 0120 7D000000 		.4byte	0x7d
 678 0124 02       		.uleb128 0x2
 679 0125 91       		.byte	0x91
 680 0126 74       		.sleb128 -12
 681 0127 0B       		.uleb128 0xb
 682 0128 6E00     		.ascii	"n\000"
 683 012a 01       		.byte	0x1
 684 012b 3C       		.byte	0x3c
 685 012c 2C000000 		.4byte	0x2c
ARM GAS  C:\Users\Anders\AppData\Local\Temp\ccsNbh1W.s 			page 19


 686 0130 02       		.uleb128 0x2
 687 0131 91       		.byte	0x91
 688 0132 70       		.sleb128 -16
 689 0133 00       		.byte	0
 690 0134 0A       		.uleb128 0xa
 691 0135 A8020000 		.4byte	.LASF23
 692 0139 01       		.byte	0x1
 693 013a 43       		.byte	0x43
 694 013b 00000000 		.4byte	.LFB1
 695 013f 22000000 		.4byte	.LFE1-.LFB1
 696 0143 01       		.uleb128 0x1
 697 0144 9C       		.byte	0x9c
 698 0145 72010000 		.4byte	0x172
 699 0149 0C       		.uleb128 0xc
 700 014a 5F000000 		.4byte	.LASF24
 701 014e 01       		.byte	0x1
 702 014f 43       		.byte	0x43
 703 0150 7D000000 		.4byte	0x7d
 704 0154 02       		.uleb128 0x2
 705 0155 91       		.byte	0x91
 706 0156 74       		.sleb128 -12
 707 0157 0B       		.uleb128 0xb
 708 0158 73726300 		.ascii	"src\000"
 709 015c 01       		.byte	0x1
 710 015d 43       		.byte	0x43
 711 015e 72010000 		.4byte	0x172
 712 0162 02       		.uleb128 0x2
 713 0163 91       		.byte	0x91
 714 0164 70       		.sleb128 -16
 715 0165 0B       		.uleb128 0xb
 716 0166 6E00     		.ascii	"n\000"
 717 0168 01       		.byte	0x1
 718 0169 43       		.byte	0x43
 719 016a 2C000000 		.4byte	0x2c
 720 016e 02       		.uleb128 0x2
 721 016f 91       		.byte	0x91
 722 0170 6C       		.sleb128 -20
 723 0171 00       		.byte	0
 724 0172 0D       		.uleb128 0xd
 725 0173 04       		.byte	0x4
 726 0174 78010000 		.4byte	0x178
 727 0178 0E       		.uleb128 0xe
 728 0179 0A       		.uleb128 0xa
 729 017a 98020000 		.4byte	.LASF25
 730 017e 01       		.byte	0x1
 731 017f 4A       		.byte	0x4a
 732 0180 00000000 		.4byte	.LFB2
 733 0184 22000000 		.4byte	.LFE2-.LFB2
 734 0188 01       		.uleb128 0x1
 735 0189 9C       		.byte	0x9c
 736 018a B7010000 		.4byte	0x1b7
 737 018e 0C       		.uleb128 0xc
 738 018f 5F000000 		.4byte	.LASF24
 739 0193 01       		.byte	0x1
 740 0194 4A       		.byte	0x4a
 741 0195 7D000000 		.4byte	0x7d
 742 0199 02       		.uleb128 0x2
ARM GAS  C:\Users\Anders\AppData\Local\Temp\ccsNbh1W.s 			page 20


 743 019a 91       		.byte	0x91
 744 019b 74       		.sleb128 -12
 745 019c 0B       		.uleb128 0xb
 746 019d 73726300 		.ascii	"src\000"
 747 01a1 01       		.byte	0x1
 748 01a2 4A       		.byte	0x4a
 749 01a3 72010000 		.4byte	0x172
 750 01a7 02       		.uleb128 0x2
 751 01a8 91       		.byte	0x91
 752 01a9 70       		.sleb128 -16
 753 01aa 0B       		.uleb128 0xb
 754 01ab 6E00     		.ascii	"n\000"
 755 01ad 01       		.byte	0x1
 756 01ae 4A       		.byte	0x4a
 757 01af 2C000000 		.4byte	0x2c
 758 01b3 02       		.uleb128 0x2
 759 01b4 91       		.byte	0x91
 760 01b5 6C       		.sleb128 -20
 761 01b6 00       		.byte	0
 762 01b7 0F       		.uleb128 0xf
 763 01b8 B5000000 		.4byte	.LASF26
 764 01bc 01       		.byte	0x1
 765 01bd 95       		.byte	0x95
 766 01be 00000000 		.4byte	.LFB3
 767 01c2 80000000 		.4byte	.LFE3-.LFB3
 768 01c6 01       		.uleb128 0x1
 769 01c7 9C       		.byte	0x9c
 770 01c8 27020000 		.4byte	0x227
 771 01cc 0C       		.uleb128 0xc
 772 01cd D4000000 		.4byte	.LASF27
 773 01d1 01       		.byte	0x1
 774 01d2 95       		.byte	0x95
 775 01d3 27020000 		.4byte	0x227
 776 01d7 02       		.uleb128 0x2
 777 01d8 91       		.byte	0x91
 778 01d9 64       		.sleb128 -28
 779 01da 0C       		.uleb128 0xc
 780 01db E6000000 		.4byte	.LASF28
 781 01df 01       		.byte	0x1
 782 01e0 95       		.byte	0x95
 783 01e1 32020000 		.4byte	0x232
 784 01e5 02       		.uleb128 0x2
 785 01e6 91       		.byte	0x91
 786 01e7 60       		.sleb128 -32
 787 01e8 10       		.uleb128 0x10
 788 01e9 6900     		.ascii	"i\000"
 789 01eb 01       		.byte	0x1
 790 01ec 98       		.byte	0x98
 791 01ed 9E000000 		.4byte	0x9e
 792 01f1 02       		.uleb128 0x2
 793 01f2 91       		.byte	0x91
 794 01f3 74       		.sleb128 -12
 795 01f4 10       		.uleb128 0x10
 796 01f5 6A00     		.ascii	"j\000"
 797 01f7 01       		.byte	0x1
 798 01f8 98       		.byte	0x98
 799 01f9 9E000000 		.4byte	0x9e
ARM GAS  C:\Users\Anders\AppData\Local\Temp\ccsNbh1W.s 			page 21


 800 01fd 02       		.uleb128 0x2
 801 01fe 91       		.byte	0x91
 802 01ff 70       		.sleb128 -16
 803 0200 11       		.uleb128 0x11
 804 0201 14000000 		.4byte	.LBB2
 805 0205 5A000000 		.4byte	.LBE2-.LBB2
 806 0209 12       		.uleb128 0x12
 807 020a BF010000 		.4byte	.LASF29
 808 020e 01       		.byte	0x1
 809 020f 9B       		.byte	0x9b
 810 0210 9E000000 		.4byte	0x9e
 811 0214 02       		.uleb128 0x2
 812 0215 91       		.byte	0x91
 813 0216 68       		.sleb128 -24
 814 0217 12       		.uleb128 0x12
 815 0218 24000000 		.4byte	.LASF30
 816 021c 01       		.byte	0x1
 817 021d 9C       		.byte	0x9c
 818 021e 86000000 		.4byte	0x86
 819 0222 02       		.uleb128 0x2
 820 0223 91       		.byte	0x91
 821 0224 6F       		.sleb128 -17
 822 0225 00       		.byte	0
 823 0226 00       		.byte	0
 824 0227 0D       		.uleb128 0xd
 825 0228 04       		.byte	0x4
 826 0229 2D020000 		.4byte	0x22d
 827 022d 13       		.uleb128 0x13
 828 022e 9E000000 		.4byte	0x9e
 829 0232 0D       		.uleb128 0xd
 830 0233 04       		.byte	0x4
 831 0234 38020000 		.4byte	0x238
 832 0238 13       		.uleb128 0x13
 833 0239 FB000000 		.4byte	0xfb
 834 023d 14       		.uleb128 0x14
 835 023e 2A000000 		.4byte	.LASF31
 836 0242 01       		.byte	0x1
 837 0243 BA       		.byte	0xba
 838 0244 00000000 		.4byte	.LFB4
 839 0248 74000000 		.4byte	.LFE4-.LFB4
 840 024c 01       		.uleb128 0x1
 841 024d 9C       		.byte	0x9c
 842 024e 15       		.uleb128 0x15
 843 024f 0D000000 		.4byte	.LASF32
 844 0253 01       		.byte	0x1
 845 0254 EB       		.byte	0xeb
 846 0255 00000000 		.4byte	.LFB5
 847 0259 08000000 		.4byte	.LFE5-.LFB5
 848 025d 01       		.uleb128 0x1
 849 025e 9C       		.byte	0x9c
 850 025f 16       		.uleb128 0x16
 851 0260 C7000000 		.4byte	.LASF42
 852 0264 01       		.byte	0x1
 853 0265 0301     		.2byte	0x103
 854 0267 74000000 		.4byte	.LFB6
 855 026b 20010000 		.4byte	.LFE6-.LFB6
 856 026f 01       		.uleb128 0x1
ARM GAS  C:\Users\Anders\AppData\Local\Temp\ccsNbh1W.s 			page 22


 857 0270 9C       		.byte	0x9c
 858 0271 2B030000 		.4byte	0x32b
 859 0275 11       		.uleb128 0x11
 860 0276 7C000000 		.4byte	.LBB3
 861 027a C0000000 		.4byte	.LBE3-.LBB3
 862 027e 17       		.uleb128 0x17
 863 027f 35000000 		.4byte	.LASF33
 864 0283 01       		.byte	0x1
 865 0284 0901     		.2byte	0x109
 866 0286 3B030000 		.4byte	0x33b
 867 028a 05       		.uleb128 0x5
 868 028b 03       		.byte	0x3
 869 028c 0C000000 		.4byte	cy_cfg_addr_table.4740
 870 0290 17       		.uleb128 0x17
 871 0291 47000000 		.4byte	.LASF34
 872 0295 01       		.byte	0x1
 873 0296 0E01     		.2byte	0x10e
 874 0298 50030000 		.4byte	0x350
 875 029c 05       		.uleb128 0x5
 876 029d 03       		.byte	0x3
 877 029e 14000000 		.4byte	cy_cfg_data_table.4741
 878 02a2 18       		.uleb128 0x18
 879 02a3 06       		.byte	0x6
 880 02a4 01       		.byte	0x1
 881 02a5 1801     		.2byte	0x118
 882 02a7 C6020000 		.4byte	0x2c6
 883 02ab 19       		.uleb128 0x19
 884 02ac 93010000 		.4byte	.LASF35
 885 02b0 01       		.byte	0x1
 886 02b1 1901     		.2byte	0x119
 887 02b3 7D000000 		.4byte	0x7d
 888 02b7 00       		.byte	0
 889 02b8 19       		.uleb128 0x19
 890 02b9 74000000 		.4byte	.LASF36
 891 02bd 01       		.byte	0x1
 892 02be 1A01     		.2byte	0x11a
 893 02c0 92000000 		.4byte	0x92
 894 02c4 04       		.byte	0x4
 895 02c5 00       		.byte	0
 896 02c6 06       		.uleb128 0x6
 897 02c7 B2010000 		.4byte	.LASF37
 898 02cb 01       		.byte	0x1
 899 02cc 1B01     		.2byte	0x11b
 900 02ce A2020000 		.4byte	0x2a2
 901 02d2 1A       		.uleb128 0x1a
 902 02d3 C6020000 		.4byte	0x2c6
 903 02d7 E2020000 		.4byte	0x2e2
 904 02db 1B       		.uleb128 0x1b
 905 02dc 76000000 		.4byte	0x76
 906 02e0 01       		.byte	0x1
 907 02e1 00       		.byte	0
 908 02e2 17       		.uleb128 0x17
 909 02e3 64000000 		.4byte	.LASF38
 910 02e7 01       		.byte	0x1
 911 02e8 1D01     		.2byte	0x11d
 912 02ea F4020000 		.4byte	0x2f4
 913 02ee 05       		.uleb128 0x5
ARM GAS  C:\Users\Anders\AppData\Local\Temp\ccsNbh1W.s 			page 23


 914 02ef 03       		.byte	0x3
 915 02f0 00000000 		.4byte	cfg_memset_list.4746
 916 02f4 13       		.uleb128 0x13
 917 02f5 D2020000 		.4byte	0x2d2
 918 02f9 1C       		.uleb128 0x1c
 919 02fa 6900     		.ascii	"i\000"
 920 02fc 01       		.byte	0x1
 921 02fd 2301     		.2byte	0x123
 922 02ff 86000000 		.4byte	0x86
 923 0303 02       		.uleb128 0x2
 924 0304 91       		.byte	0x91
 925 0305 77       		.sleb128 -9
 926 0306 11       		.uleb128 0x11
 927 0307 84000000 		.4byte	.LBB4
 928 030b 3E000000 		.4byte	.LBE4-.LBB4
 929 030f 1C       		.uleb128 0x1c
 930 0310 6D7300   		.ascii	"ms\000"
 931 0313 01       		.byte	0x1
 932 0314 2801     		.2byte	0x128
 933 0316 1D030000 		.4byte	0x31d
 934 031a 02       		.uleb128 0x2
 935 031b 91       		.byte	0x91
 936 031c 70       		.sleb128 -16
 937 031d 0D       		.uleb128 0xd
 938 031e 04       		.byte	0x4
 939 031f 23030000 		.4byte	0x323
 940 0323 13       		.uleb128 0x13
 941 0324 C6020000 		.4byte	0x2c6
 942 0328 00       		.byte	0
 943 0329 00       		.byte	0
 944 032a 00       		.byte	0
 945 032b 1A       		.uleb128 0x1a
 946 032c 9E000000 		.4byte	0x9e
 947 0330 3B030000 		.4byte	0x33b
 948 0334 1B       		.uleb128 0x1b
 949 0335 76000000 		.4byte	0x76
 950 0339 01       		.byte	0x1
 951 033a 00       		.byte	0
 952 033b 13       		.uleb128 0x13
 953 033c 2B030000 		.4byte	0x32b
 954 0340 1A       		.uleb128 0x1a
 955 0341 FB000000 		.4byte	0xfb
 956 0345 50030000 		.4byte	0x350
 957 0349 1B       		.uleb128 0x1b
 958 034a 76000000 		.4byte	0x76
 959 034e 04       		.byte	0x4
 960 034f 00       		.byte	0
 961 0350 13       		.uleb128 0x13
 962 0351 40030000 		.4byte	0x340
 963 0355 00       		.byte	0
 964              		.section	.debug_abbrev,"",%progbits
 965              	.Ldebug_abbrev0:
 966 0000 01       		.uleb128 0x1
 967 0001 11       		.uleb128 0x11
 968 0002 01       		.byte	0x1
 969 0003 25       		.uleb128 0x25
 970 0004 0E       		.uleb128 0xe
ARM GAS  C:\Users\Anders\AppData\Local\Temp\ccsNbh1W.s 			page 24


 971 0005 13       		.uleb128 0x13
 972 0006 0B       		.uleb128 0xb
 973 0007 03       		.uleb128 0x3
 974 0008 0E       		.uleb128 0xe
 975 0009 1B       		.uleb128 0x1b
 976 000a 0E       		.uleb128 0xe
 977 000b 55       		.uleb128 0x55
 978 000c 17       		.uleb128 0x17
 979 000d 11       		.uleb128 0x11
 980 000e 01       		.uleb128 0x1
 981 000f 10       		.uleb128 0x10
 982 0010 17       		.uleb128 0x17
 983 0011 00       		.byte	0
 984 0012 00       		.byte	0
 985 0013 02       		.uleb128 0x2
 986 0014 24       		.uleb128 0x24
 987 0015 00       		.byte	0
 988 0016 0B       		.uleb128 0xb
 989 0017 0B       		.uleb128 0xb
 990 0018 3E       		.uleb128 0x3e
 991 0019 0B       		.uleb128 0xb
 992 001a 03       		.uleb128 0x3
 993 001b 08       		.uleb128 0x8
 994 001c 00       		.byte	0
 995 001d 00       		.byte	0
 996 001e 03       		.uleb128 0x3
 997 001f 16       		.uleb128 0x16
 998 0020 00       		.byte	0
 999 0021 03       		.uleb128 0x3
 1000 0022 0E       		.uleb128 0xe
 1001 0023 3A       		.uleb128 0x3a
 1002 0024 0B       		.uleb128 0xb
 1003 0025 3B       		.uleb128 0x3b
 1004 0026 0B       		.uleb128 0xb
 1005 0027 49       		.uleb128 0x49
 1006 0028 13       		.uleb128 0x13
 1007 0029 00       		.byte	0
 1008 002a 00       		.byte	0
 1009 002b 04       		.uleb128 0x4
 1010 002c 24       		.uleb128 0x24
 1011 002d 00       		.byte	0
 1012 002e 0B       		.uleb128 0xb
 1013 002f 0B       		.uleb128 0xb
 1014 0030 3E       		.uleb128 0x3e
 1015 0031 0B       		.uleb128 0xb
 1016 0032 03       		.uleb128 0x3
 1017 0033 0E       		.uleb128 0xe
 1018 0034 00       		.byte	0
 1019 0035 00       		.byte	0
 1020 0036 05       		.uleb128 0x5
 1021 0037 0F       		.uleb128 0xf
 1022 0038 00       		.byte	0
 1023 0039 0B       		.uleb128 0xb
 1024 003a 0B       		.uleb128 0xb
 1025 003b 00       		.byte	0
 1026 003c 00       		.byte	0
 1027 003d 06       		.uleb128 0x6
ARM GAS  C:\Users\Anders\AppData\Local\Temp\ccsNbh1W.s 			page 25


 1028 003e 16       		.uleb128 0x16
 1029 003f 00       		.byte	0
 1030 0040 03       		.uleb128 0x3
 1031 0041 0E       		.uleb128 0xe
 1032 0042 3A       		.uleb128 0x3a
 1033 0043 0B       		.uleb128 0xb
 1034 0044 3B       		.uleb128 0x3b
 1035 0045 05       		.uleb128 0x5
 1036 0046 49       		.uleb128 0x49
 1037 0047 13       		.uleb128 0x13
 1038 0048 00       		.byte	0
 1039 0049 00       		.byte	0
 1040 004a 07       		.uleb128 0x7
 1041 004b 35       		.uleb128 0x35
 1042 004c 00       		.byte	0
 1043 004d 49       		.uleb128 0x49
 1044 004e 13       		.uleb128 0x13
 1045 004f 00       		.byte	0
 1046 0050 00       		.byte	0
 1047 0051 08       		.uleb128 0x8
 1048 0052 13       		.uleb128 0x13
 1049 0053 01       		.byte	0x1
 1050 0054 0B       		.uleb128 0xb
 1051 0055 0B       		.uleb128 0xb
 1052 0056 3A       		.uleb128 0x3a
 1053 0057 0B       		.uleb128 0xb
 1054 0058 3B       		.uleb128 0x3b
 1055 0059 0B       		.uleb128 0xb
 1056 005a 01       		.uleb128 0x1
 1057 005b 13       		.uleb128 0x13
 1058 005c 00       		.byte	0
 1059 005d 00       		.byte	0
 1060 005e 09       		.uleb128 0x9
 1061 005f 0D       		.uleb128 0xd
 1062 0060 00       		.byte	0
 1063 0061 03       		.uleb128 0x3
 1064 0062 0E       		.uleb128 0xe
 1065 0063 3A       		.uleb128 0x3a
 1066 0064 0B       		.uleb128 0xb
 1067 0065 3B       		.uleb128 0x3b
 1068 0066 0B       		.uleb128 0xb
 1069 0067 49       		.uleb128 0x49
 1070 0068 13       		.uleb128 0x13
 1071 0069 38       		.uleb128 0x38
 1072 006a 0B       		.uleb128 0xb
 1073 006b 00       		.byte	0
 1074 006c 00       		.byte	0
 1075 006d 0A       		.uleb128 0xa
 1076 006e 2E       		.uleb128 0x2e
 1077 006f 01       		.byte	0x1
 1078 0070 03       		.uleb128 0x3
 1079 0071 0E       		.uleb128 0xe
 1080 0072 3A       		.uleb128 0x3a
 1081 0073 0B       		.uleb128 0xb
 1082 0074 3B       		.uleb128 0x3b
 1083 0075 0B       		.uleb128 0xb
 1084 0076 27       		.uleb128 0x27
ARM GAS  C:\Users\Anders\AppData\Local\Temp\ccsNbh1W.s 			page 26


 1085 0077 19       		.uleb128 0x19
 1086 0078 11       		.uleb128 0x11
 1087 0079 01       		.uleb128 0x1
 1088 007a 12       		.uleb128 0x12
 1089 007b 06       		.uleb128 0x6
 1090 007c 40       		.uleb128 0x40
 1091 007d 18       		.uleb128 0x18
 1092 007e 9642     		.uleb128 0x2116
 1093 0080 19       		.uleb128 0x19
 1094 0081 01       		.uleb128 0x1
 1095 0082 13       		.uleb128 0x13
 1096 0083 00       		.byte	0
 1097 0084 00       		.byte	0
 1098 0085 0B       		.uleb128 0xb
 1099 0086 05       		.uleb128 0x5
 1100 0087 00       		.byte	0
 1101 0088 03       		.uleb128 0x3
 1102 0089 08       		.uleb128 0x8
 1103 008a 3A       		.uleb128 0x3a
 1104 008b 0B       		.uleb128 0xb
 1105 008c 3B       		.uleb128 0x3b
 1106 008d 0B       		.uleb128 0xb
 1107 008e 49       		.uleb128 0x49
 1108 008f 13       		.uleb128 0x13
 1109 0090 02       		.uleb128 0x2
 1110 0091 18       		.uleb128 0x18
 1111 0092 00       		.byte	0
 1112 0093 00       		.byte	0
 1113 0094 0C       		.uleb128 0xc
 1114 0095 05       		.uleb128 0x5
 1115 0096 00       		.byte	0
 1116 0097 03       		.uleb128 0x3
 1117 0098 0E       		.uleb128 0xe
 1118 0099 3A       		.uleb128 0x3a
 1119 009a 0B       		.uleb128 0xb
 1120 009b 3B       		.uleb128 0x3b
 1121 009c 0B       		.uleb128 0xb
 1122 009d 49       		.uleb128 0x49
 1123 009e 13       		.uleb128 0x13
 1124 009f 02       		.uleb128 0x2
 1125 00a0 18       		.uleb128 0x18
 1126 00a1 00       		.byte	0
 1127 00a2 00       		.byte	0
 1128 00a3 0D       		.uleb128 0xd
 1129 00a4 0F       		.uleb128 0xf
 1130 00a5 00       		.byte	0
 1131 00a6 0B       		.uleb128 0xb
 1132 00a7 0B       		.uleb128 0xb
 1133 00a8 49       		.uleb128 0x49
 1134 00a9 13       		.uleb128 0x13
 1135 00aa 00       		.byte	0
 1136 00ab 00       		.byte	0
 1137 00ac 0E       		.uleb128 0xe
 1138 00ad 26       		.uleb128 0x26
 1139 00ae 00       		.byte	0
 1140 00af 00       		.byte	0
 1141 00b0 00       		.byte	0
ARM GAS  C:\Users\Anders\AppData\Local\Temp\ccsNbh1W.s 			page 27


 1142 00b1 0F       		.uleb128 0xf
 1143 00b2 2E       		.uleb128 0x2e
 1144 00b3 01       		.byte	0x1
 1145 00b4 03       		.uleb128 0x3
 1146 00b5 0E       		.uleb128 0xe
 1147 00b6 3A       		.uleb128 0x3a
 1148 00b7 0B       		.uleb128 0xb
 1149 00b8 3B       		.uleb128 0x3b
 1150 00b9 0B       		.uleb128 0xb
 1151 00ba 27       		.uleb128 0x27
 1152 00bb 19       		.uleb128 0x19
 1153 00bc 11       		.uleb128 0x11
 1154 00bd 01       		.uleb128 0x1
 1155 00be 12       		.uleb128 0x12
 1156 00bf 06       		.uleb128 0x6
 1157 00c0 40       		.uleb128 0x40
 1158 00c1 18       		.uleb128 0x18
 1159 00c2 9742     		.uleb128 0x2117
 1160 00c4 19       		.uleb128 0x19
 1161 00c5 01       		.uleb128 0x1
 1162 00c6 13       		.uleb128 0x13
 1163 00c7 00       		.byte	0
 1164 00c8 00       		.byte	0
 1165 00c9 10       		.uleb128 0x10
 1166 00ca 34       		.uleb128 0x34
 1167 00cb 00       		.byte	0
 1168 00cc 03       		.uleb128 0x3
 1169 00cd 08       		.uleb128 0x8
 1170 00ce 3A       		.uleb128 0x3a
 1171 00cf 0B       		.uleb128 0xb
 1172 00d0 3B       		.uleb128 0x3b
 1173 00d1 0B       		.uleb128 0xb
 1174 00d2 49       		.uleb128 0x49
 1175 00d3 13       		.uleb128 0x13
 1176 00d4 02       		.uleb128 0x2
 1177 00d5 18       		.uleb128 0x18
 1178 00d6 00       		.byte	0
 1179 00d7 00       		.byte	0
 1180 00d8 11       		.uleb128 0x11
 1181 00d9 0B       		.uleb128 0xb
 1182 00da 01       		.byte	0x1
 1183 00db 11       		.uleb128 0x11
 1184 00dc 01       		.uleb128 0x1
 1185 00dd 12       		.uleb128 0x12
 1186 00de 06       		.uleb128 0x6
 1187 00df 00       		.byte	0
 1188 00e0 00       		.byte	0
 1189 00e1 12       		.uleb128 0x12
 1190 00e2 34       		.uleb128 0x34
 1191 00e3 00       		.byte	0
 1192 00e4 03       		.uleb128 0x3
 1193 00e5 0E       		.uleb128 0xe
 1194 00e6 3A       		.uleb128 0x3a
 1195 00e7 0B       		.uleb128 0xb
 1196 00e8 3B       		.uleb128 0x3b
 1197 00e9 0B       		.uleb128 0xb
 1198 00ea 49       		.uleb128 0x49
ARM GAS  C:\Users\Anders\AppData\Local\Temp\ccsNbh1W.s 			page 28


 1199 00eb 13       		.uleb128 0x13
 1200 00ec 02       		.uleb128 0x2
 1201 00ed 18       		.uleb128 0x18
 1202 00ee 00       		.byte	0
 1203 00ef 00       		.byte	0
 1204 00f0 13       		.uleb128 0x13
 1205 00f1 26       		.uleb128 0x26
 1206 00f2 00       		.byte	0
 1207 00f3 49       		.uleb128 0x49
 1208 00f4 13       		.uleb128 0x13
 1209 00f5 00       		.byte	0
 1210 00f6 00       		.byte	0
 1211 00f7 14       		.uleb128 0x14
 1212 00f8 2E       		.uleb128 0x2e
 1213 00f9 00       		.byte	0
 1214 00fa 03       		.uleb128 0x3
 1215 00fb 0E       		.uleb128 0xe
 1216 00fc 3A       		.uleb128 0x3a
 1217 00fd 0B       		.uleb128 0xb
 1218 00fe 3B       		.uleb128 0x3b
 1219 00ff 0B       		.uleb128 0xb
 1220 0100 27       		.uleb128 0x27
 1221 0101 19       		.uleb128 0x19
 1222 0102 11       		.uleb128 0x11
 1223 0103 01       		.uleb128 0x1
 1224 0104 12       		.uleb128 0x12
 1225 0105 06       		.uleb128 0x6
 1226 0106 40       		.uleb128 0x40
 1227 0107 18       		.uleb128 0x18
 1228 0108 9642     		.uleb128 0x2116
 1229 010a 19       		.uleb128 0x19
 1230 010b 00       		.byte	0
 1231 010c 00       		.byte	0
 1232 010d 15       		.uleb128 0x15
 1233 010e 2E       		.uleb128 0x2e
 1234 010f 00       		.byte	0
 1235 0110 03       		.uleb128 0x3
 1236 0111 0E       		.uleb128 0xe
 1237 0112 3A       		.uleb128 0x3a
 1238 0113 0B       		.uleb128 0xb
 1239 0114 3B       		.uleb128 0x3b
 1240 0115 0B       		.uleb128 0xb
 1241 0116 27       		.uleb128 0x27
 1242 0117 19       		.uleb128 0x19
 1243 0118 11       		.uleb128 0x11
 1244 0119 01       		.uleb128 0x1
 1245 011a 12       		.uleb128 0x12
 1246 011b 06       		.uleb128 0x6
 1247 011c 40       		.uleb128 0x40
 1248 011d 18       		.uleb128 0x18
 1249 011e 9742     		.uleb128 0x2117
 1250 0120 19       		.uleb128 0x19
 1251 0121 00       		.byte	0
 1252 0122 00       		.byte	0
 1253 0123 16       		.uleb128 0x16
 1254 0124 2E       		.uleb128 0x2e
 1255 0125 01       		.byte	0x1
ARM GAS  C:\Users\Anders\AppData\Local\Temp\ccsNbh1W.s 			page 29


 1256 0126 3F       		.uleb128 0x3f
 1257 0127 19       		.uleb128 0x19
 1258 0128 03       		.uleb128 0x3
 1259 0129 0E       		.uleb128 0xe
 1260 012a 3A       		.uleb128 0x3a
 1261 012b 0B       		.uleb128 0xb
 1262 012c 3B       		.uleb128 0x3b
 1263 012d 05       		.uleb128 0x5
 1264 012e 27       		.uleb128 0x27
 1265 012f 19       		.uleb128 0x19
 1266 0130 11       		.uleb128 0x11
 1267 0131 01       		.uleb128 0x1
 1268 0132 12       		.uleb128 0x12
 1269 0133 06       		.uleb128 0x6
 1270 0134 40       		.uleb128 0x40
 1271 0135 18       		.uleb128 0x18
 1272 0136 9642     		.uleb128 0x2116
 1273 0138 19       		.uleb128 0x19
 1274 0139 01       		.uleb128 0x1
 1275 013a 13       		.uleb128 0x13
 1276 013b 00       		.byte	0
 1277 013c 00       		.byte	0
 1278 013d 17       		.uleb128 0x17
 1279 013e 34       		.uleb128 0x34
 1280 013f 00       		.byte	0
 1281 0140 03       		.uleb128 0x3
 1282 0141 0E       		.uleb128 0xe
 1283 0142 3A       		.uleb128 0x3a
 1284 0143 0B       		.uleb128 0xb
 1285 0144 3B       		.uleb128 0x3b
 1286 0145 05       		.uleb128 0x5
 1287 0146 49       		.uleb128 0x49
 1288 0147 13       		.uleb128 0x13
 1289 0148 02       		.uleb128 0x2
 1290 0149 18       		.uleb128 0x18
 1291 014a 00       		.byte	0
 1292 014b 00       		.byte	0
 1293 014c 18       		.uleb128 0x18
 1294 014d 13       		.uleb128 0x13
 1295 014e 01       		.byte	0x1
 1296 014f 0B       		.uleb128 0xb
 1297 0150 0B       		.uleb128 0xb
 1298 0151 3A       		.uleb128 0x3a
 1299 0152 0B       		.uleb128 0xb
 1300 0153 3B       		.uleb128 0x3b
 1301 0154 05       		.uleb128 0x5
 1302 0155 01       		.uleb128 0x1
 1303 0156 13       		.uleb128 0x13
 1304 0157 00       		.byte	0
 1305 0158 00       		.byte	0
 1306 0159 19       		.uleb128 0x19
 1307 015a 0D       		.uleb128 0xd
 1308 015b 00       		.byte	0
 1309 015c 03       		.uleb128 0x3
 1310 015d 0E       		.uleb128 0xe
 1311 015e 3A       		.uleb128 0x3a
 1312 015f 0B       		.uleb128 0xb
ARM GAS  C:\Users\Anders\AppData\Local\Temp\ccsNbh1W.s 			page 30


 1313 0160 3B       		.uleb128 0x3b
 1314 0161 05       		.uleb128 0x5
 1315 0162 49       		.uleb128 0x49
 1316 0163 13       		.uleb128 0x13
 1317 0164 38       		.uleb128 0x38
 1318 0165 0B       		.uleb128 0xb
 1319 0166 00       		.byte	0
 1320 0167 00       		.byte	0
 1321 0168 1A       		.uleb128 0x1a
 1322 0169 01       		.uleb128 0x1
 1323 016a 01       		.byte	0x1
 1324 016b 49       		.uleb128 0x49
 1325 016c 13       		.uleb128 0x13
 1326 016d 01       		.uleb128 0x1
 1327 016e 13       		.uleb128 0x13
 1328 016f 00       		.byte	0
 1329 0170 00       		.byte	0
 1330 0171 1B       		.uleb128 0x1b
 1331 0172 21       		.uleb128 0x21
 1332 0173 00       		.byte	0
 1333 0174 49       		.uleb128 0x49
 1334 0175 13       		.uleb128 0x13
 1335 0176 2F       		.uleb128 0x2f
 1336 0177 0B       		.uleb128 0xb
 1337 0178 00       		.byte	0
 1338 0179 00       		.byte	0
 1339 017a 1C       		.uleb128 0x1c
 1340 017b 34       		.uleb128 0x34
 1341 017c 00       		.byte	0
 1342 017d 03       		.uleb128 0x3
 1343 017e 08       		.uleb128 0x8
 1344 017f 3A       		.uleb128 0x3a
 1345 0180 0B       		.uleb128 0xb
 1346 0181 3B       		.uleb128 0x3b
 1347 0182 05       		.uleb128 0x5
 1348 0183 49       		.uleb128 0x49
 1349 0184 13       		.uleb128 0x13
 1350 0185 02       		.uleb128 0x2
 1351 0186 18       		.uleb128 0x18
 1352 0187 00       		.byte	0
 1353 0188 00       		.byte	0
 1354 0189 00       		.byte	0
 1355              		.section	.debug_aranges,"",%progbits
 1356 0000 4C000000 		.4byte	0x4c
 1357 0004 0200     		.2byte	0x2
 1358 0006 00000000 		.4byte	.Ldebug_info0
 1359 000a 04       		.byte	0x4
 1360 000b 00       		.byte	0
 1361 000c 0000     		.2byte	0
 1362 000e 0000     		.2byte	0
 1363 0010 00000000 		.4byte	.LFB0
 1364 0014 1E000000 		.4byte	.LFE0-.LFB0
 1365 0018 00000000 		.4byte	.LFB1
 1366 001c 22000000 		.4byte	.LFE1-.LFB1
 1367 0020 00000000 		.4byte	.LFB2
 1368 0024 22000000 		.4byte	.LFE2-.LFB2
 1369 0028 00000000 		.4byte	.LFB3
ARM GAS  C:\Users\Anders\AppData\Local\Temp\ccsNbh1W.s 			page 31


 1370 002c 80000000 		.4byte	.LFE3-.LFB3
 1371 0030 00000000 		.4byte	.LFB4
 1372 0034 74000000 		.4byte	.LFE4-.LFB4
 1373 0038 00000000 		.4byte	.LFB5
 1374 003c 08000000 		.4byte	.LFE5-.LFB5
 1375 0040 74000000 		.4byte	.LFB6
 1376 0044 20010000 		.4byte	.LFE6-.LFB6
 1377 0048 00000000 		.4byte	0
 1378 004c 00000000 		.4byte	0
 1379              		.section	.debug_ranges,"",%progbits
 1380              	.Ldebug_ranges0:
 1381 0000 00000000 		.4byte	.LFB0
 1382 0004 1E000000 		.4byte	.LFE0
 1383 0008 00000000 		.4byte	.LFB1
 1384 000c 22000000 		.4byte	.LFE1
 1385 0010 00000000 		.4byte	.LFB2
 1386 0014 22000000 		.4byte	.LFE2
 1387 0018 00000000 		.4byte	.LFB3
 1388 001c 80000000 		.4byte	.LFE3
 1389 0020 00000000 		.4byte	.LFB4
 1390 0024 74000000 		.4byte	.LFE4
 1391 0028 00000000 		.4byte	.LFB5
 1392 002c 08000000 		.4byte	.LFE5
 1393 0030 74000000 		.4byte	.LFB6
 1394 0034 94010000 		.4byte	.LFE6
 1395 0038 00000000 		.4byte	0
 1396 003c 00000000 		.4byte	0
 1397              		.section	.debug_line,"",%progbits
 1398              	.Ldebug_line0:
 1399 0000 8A010000 		.section	.debug_str,"MS",%progbits,1
 1399      0200CD00 
 1399      00000201 
 1399      FB0E0D00 
 1399      01010101 
 1400              	.LASF18:
 1401 0000 72656733 		.ascii	"reg32\000"
 1401      3200
 1402              	.LASF11:
 1403 0006 73697A65 		.ascii	"size_t\000"
 1403      5F7400
 1404              	.LASF32:
 1405 000d 416E616C 		.ascii	"AnalogSetDefault\000"
 1405      6F675365 
 1405      74446566 
 1405      61756C74 
 1405      00
 1406              	.LASF20:
 1407 001e 76616C75 		.ascii	"value\000"
 1407      6500
 1408              	.LASF30:
 1409 0024 636F756E 		.ascii	"count\000"
 1409      7400
 1410              	.LASF31:
 1411 002a 436C6F63 		.ascii	"ClockSetup\000"
 1411      6B536574 
 1411      757000
 1412              	.LASF33:
ARM GAS  C:\Users\Anders\AppData\Local\Temp\ccsNbh1W.s 			page 32


 1413 0035 63795F63 		.ascii	"cy_cfg_addr_table\000"
 1413      66675F61 
 1413      6464725F 
 1413      7461626C 
 1413      6500
 1414              	.LASF34:
 1415 0047 63795F63 		.ascii	"cy_cfg_data_table\000"
 1415      66675F64 
 1415      6174615F 
 1415      7461626C 
 1415      6500
 1416              	.LASF15:
 1417 0059 666C6F61 		.ascii	"float\000"
 1417      7400
 1418              	.LASF24:
 1419 005f 64657374 		.ascii	"dest\000"
 1419      00
 1420              	.LASF38:
 1421 0064 6366675F 		.ascii	"cfg_memset_list\000"
 1421      6D656D73 
 1421      65745F6C 
 1421      69737400 
 1422              	.LASF36:
 1423 0074 73697A65 		.ascii	"size\000"
 1423      00
 1424              	.LASF17:
 1425 0079 72656738 		.ascii	"reg8\000"
 1425      00
 1426              	.LASF6:
 1427 007e 6C6F6E67 		.ascii	"long unsigned int\000"
 1427      20756E73 
 1427      69676E65 
 1427      6420696E 
 1427      7400
 1428              	.LASF12:
 1429 0090 75696E74 		.ascii	"uint8\000"
 1429      3800
 1430              	.LASF22:
 1431 0096 43594D45 		.ascii	"CYMEMZERO\000"
 1431      4D5A4552 
 1431      4F00
 1432              	.LASF2:
 1433 00a0 756E7369 		.ascii	"unsigned char\000"
 1433      676E6564 
 1433      20636861 
 1433      7200
 1434              	.LASF16:
 1435 00ae 646F7562 		.ascii	"double\000"
 1435      6C6500
 1436              	.LASF26:
 1437 00b5 6366675F 		.ascii	"cfg_write_bytes32\000"
 1437      77726974 
 1437      655F6279 
 1437      74657333 
 1437      3200
 1438              	.LASF42:
 1439 00c7 63796669 		.ascii	"cyfitter_cfg\000"
ARM GAS  C:\Users\Anders\AppData\Local\Temp\ccsNbh1W.s 			page 33


 1439      74746572 
 1439      5F636667 
 1439      00
 1440              	.LASF27:
 1441 00d4 61646472 		.ascii	"addr_table\000"
 1441      5F746162 
 1441      6C6500
 1442              	.LASF13:
 1443 00df 75696E74 		.ascii	"uint16\000"
 1443      313600
 1444              	.LASF28:
 1445 00e6 64617461 		.ascii	"data_table\000"
 1445      5F746162 
 1445      6C6500
 1446              	.LASF14:
 1447 00f1 75696E74 		.ascii	"uint32\000"
 1447      333200
 1448              	.LASF39:
 1449 00f8 474E5520 		.ascii	"GNU C 4.9.3 20150303 (release) [ARM/embedded-4_9-br"
 1449      4320342E 
 1449      392E3320 
 1449      32303135 
 1449      30333033 
 1450 012b 616E6368 		.ascii	"anch revision 221220] -mcpu=cortex-m0 -mthumb -g -O"
 1450      20726576 
 1450      6973696F 
 1450      6E203232 
 1450      31323230 
 1451 015e 30202D66 		.ascii	"0 -ffunction-sections -ffat-lto-objects\000"
 1451      66756E63 
 1451      74696F6E 
 1451      2D736563 
 1451      74696F6E 
 1452              	.LASF0:
 1453 0186 756E7369 		.ascii	"unsigned int\000"
 1453      676E6564 
 1453      20696E74 
 1453      00
 1454              	.LASF35:
 1455 0193 61646472 		.ascii	"address\000"
 1455      65737300 
 1456              	.LASF8:
 1457 019b 6C6F6E67 		.ascii	"long long unsigned int\000"
 1457      206C6F6E 
 1457      6720756E 
 1457      7369676E 
 1457      65642069 
 1458              	.LASF37:
 1459 01b2 6366675F 		.ascii	"cfg_memset_t\000"
 1459      6D656D73 
 1459      65745F74 
 1459      00
 1460              	.LASF29:
 1461 01bf 62617365 		.ascii	"baseAddr\000"
 1461      41646472 
 1461      00
 1462              	.LASF9:
ARM GAS  C:\Users\Anders\AppData\Local\Temp\ccsNbh1W.s 			page 34


 1463 01c8 73697A65 		.ascii	"sizetype\000"
 1463      74797065 
 1463      00
 1464              	.LASF40:
 1465 01d1 2E5C4765 		.ascii	".\\Generated_Source\\PSoC4\\cyfitter_cfg.c\000"
 1465      6E657261 
 1465      7465645F 
 1465      536F7572 
 1465      63655C50 
 1466              	.LASF7:
 1467 01f9 6C6F6E67 		.ascii	"long long int\000"
 1467      206C6F6E 
 1467      6720696E 
 1467      7400
 1468              	.LASF10:
 1469 0207 63686172 		.ascii	"char\000"
 1469      00
 1470              	.LASF41:
 1471 020c 453A5C50 		.ascii	"E:\\Projekt 4. semester\\HellYaeh\\PWMExample01\\PW"
 1471      726F6A65 
 1471      6B742034 
 1471      2E207365 
 1471      6D657374 
 1472 023b 4D457861 		.ascii	"MExample01.cydsn\000"
 1472      6D706C65 
 1472      30312E63 
 1472      7964736E 
 1472      00
 1473              	.LASF21:
 1474 024c 63795F63 		.ascii	"cy_cfg_addrvalue_t\000"
 1474      66675F61 
 1474      64647276 
 1474      616C7565 
 1474      5F7400
 1475              	.LASF19:
 1476 025f 6F666673 		.ascii	"offset\000"
 1476      657400
 1477              	.LASF3:
 1478 0266 73686F72 		.ascii	"short int\000"
 1478      7420696E 
 1478      7400
 1479              	.LASF5:
 1480 0270 6C6F6E67 		.ascii	"long int\000"
 1480      20696E74 
 1480      00
 1481              	.LASF1:
 1482 0279 7369676E 		.ascii	"signed char\000"
 1482      65642063 
 1482      68617200 
 1483              	.LASF4:
 1484 0285 73686F72 		.ascii	"short unsigned int\000"
 1484      7420756E 
 1484      7369676E 
 1484      65642069 
 1484      6E7400
 1485              	.LASF25:
 1486 0298 4359434F 		.ascii	"CYCONFIGCPYCODE\000"
ARM GAS  C:\Users\Anders\AppData\Local\Temp\ccsNbh1W.s 			page 35


 1486      4E464947 
 1486      43505943 
 1486      4F444500 
 1487              	.LASF23:
 1488 02a8 4359434F 		.ascii	"CYCONFIGCPY\000"
 1488      4E464947 
 1488      43505900 
 1489              		.ident	"GCC: (GNU Tools for ARM Embedded Processors) 4.9.3 20150303 (release) [ARM/embedded-4_9-br
