ARM GAS  C:\Users\Anders\AppData\Local\Temp\ccTk9EiI.s 			page 1


   1              		.cpu cortex-m0
   2              		.fpu softvfp
   3              		.eabi_attribute 20, 1
   4              		.eabi_attribute 21, 1
   5              		.eabi_attribute 23, 3
   6              		.eabi_attribute 24, 1
   7              		.eabi_attribute 25, 1
   8              		.eabi_attribute 26, 1
   9              		.eabi_attribute 30, 6
  10              		.eabi_attribute 34, 0
  11              		.eabi_attribute 18, 4
  12              		.code	16
  13              		.file	"main.c"
  14              		.text
  15              	.Ltext0:
  16              		.cfi_sections	.debug_frame
  17              		.comm	curPos,2,2
  18              		.section	.text.main,"ax",%progbits
  19              		.align	2
  20              		.global	main
  21              		.code	16
  22              		.thumb_func
  23              		.type	main, %function
  24              	main:
  25              	.LFB34:
  26              		.file 1 ".\\main.c"
   1:.\main.c      **** /*******************************************************************************
   2:.\main.c      **** * File Name: main.c
   3:.\main.c      **** *
   4:.\main.c      **** * Version: 2.00
   5:.\main.c      **** *
   6:.\main.c      **** * Description:
   7:.\main.c      **** *  This is source code for the datasheet example of the TCPWM (PWM 
   8:.\main.c      **** *  mode) component.
   9:.\main.c      **** *
  10:.\main.c      **** ********************************************************************************
  11:.\main.c      **** * Copyright 2013-2014, Cypress Semiconductor Corporation. All rights reserved.
  12:.\main.c      **** * This software is owned by Cypress Semiconductor Corporation and is protected
  13:.\main.c      **** * by and subject to worldwide patent and copyright laws and treaties.
  14:.\main.c      **** * Therefore, you may use this software only as provided in the license agreement
  15:.\main.c      **** * accompanying the software package from which you obtained this software.
  16:.\main.c      **** * CYPRESS AND ITS SUPPLIERS MAKE NO WARRANTY OF ANY KIND, EXPRESS OR IMPLIED,
  17:.\main.c      **** * WITH REGARD TO THIS SOFTWARE, INCLUDING, BUT NOT LIMITED TO, NONINFRINGEMENT,
  18:.\main.c      **** * IMPLIED WARRANTIES OF MERCHANTABILITY AND FITNESS FOR A PARTICULAR PURPOSE.
  19:.\main.c      **** *******************************************************************************/
  20:.\main.c      **** 
  21:.\main.c      **** #include <project.h>
  22:.\main.c      **** 
  23:.\main.c      **** 
  24:.\main.c      **** 
  25:.\main.c      **** uint16 curPos;
  26:.\main.c      **** 
  27:.\main.c      **** 
  28:.\main.c      **** /*******************************************************************************
  29:.\main.c      **** * Define Interrupt service routine and allocate an vector to the Interrupt
  30:.\main.c      **** ********************************************************************************/
  31:.\main.c      **** 
ARM GAS  C:\Users\Anders\AppData\Local\Temp\ccTk9EiI.s 			page 2


  32:.\main.c      **** 
  33:.\main.c      **** int main()
  34:.\main.c      **** {   
  27              		.loc 1 34 0
  28              		.cfi_startproc
  29 0000 80B5     		push	{r7, lr}
  30              		.cfi_def_cfa_offset 8
  31              		.cfi_offset 7, -8
  32              		.cfi_offset 14, -4
  33 0002 00AF     		add	r7, sp, #0
  34              		.cfi_def_cfa_register 7
  35:.\main.c      **** 
  36:.\main.c      ****     
  37:.\main.c      ****  
  38:.\main.c      ****     
  39:.\main.c      ****     /* Enable the global interrupt */
  40:.\main.c      ****     CyGlobalIntEnable;
  35              		.loc 1 40 0
  36              	@ 40 ".\main.c" 1
  37 0004 62B6     		CPSIE   i
  38              	@ 0 "" 2
  41:.\main.c      ****  
  42:.\main.c      ****    
  43:.\main.c      ****     
  44:.\main.c      **** 	/* Start the components */
  45:.\main.c      ****     PWM_Start();
  39              		.loc 1 45 0
  40              		.code	16
  41 0006 FFF7FEFF 		bl	PWM_Start
  42              	.L2:
  46:.\main.c      ****     
  47:.\main.c      ****     
  48:.\main.c      ****     for(;;)
  49:.\main.c      ****     {
  50:.\main.c      ****         PWM_WriteCompare(4320);
  43              		.loc 1 50 0 discriminator 1
  44 000a 8723     		mov	r3, #135
  45 000c 5B01     		lsl	r3, r3, #5
  46 000e 181C     		mov	r0, r3
  47 0010 FFF7FEFF 		bl	PWM_WriteCompare
  51:.\main.c      ****        /* CyDelay(100);
  52:.\main.c      ****         PWM_WriteCompare(4560);
  53:.\main.c      ****         CyDelay(100);*/
  54:.\main.c      ****     }
  48              		.loc 1 54 0 discriminator 1
  49 0014 F9E7     		b	.L2
  50              		.cfi_endproc
  51              	.LFE34:
  52              		.size	main, .-main
  53 0016 C046     		.text
  54              	.Letext0:
  55              		.file 2 "Generated_Source\\PSoC4/cytypes.h"
  56              		.section	.debug_info,"",%progbits
  57              	.Ldebug_info0:
  58 0000 B6000000 		.4byte	0xb6
  59 0004 0400     		.2byte	0x4
  60 0006 00000000 		.4byte	.Ldebug_abbrev0
ARM GAS  C:\Users\Anders\AppData\Local\Temp\ccTk9EiI.s 			page 3


  61 000a 04       		.byte	0x4
  62 000b 01       		.uleb128 0x1
  63 000c 0E000000 		.4byte	.LASF13
  64 0010 01       		.byte	0x1
  65 0011 69010000 		.4byte	.LASF14
  66 0015 A9000000 		.4byte	.LASF15
  67 0019 00000000 		.4byte	.Ldebug_ranges0+0
  68 001d 00000000 		.4byte	0
  69 0021 00000000 		.4byte	.Ldebug_line0
  70 0025 02       		.uleb128 0x2
  71 0026 01       		.byte	0x1
  72 0027 06       		.byte	0x6
  73 0028 52010000 		.4byte	.LASF0
  74 002c 02       		.uleb128 0x2
  75 002d 01       		.byte	0x1
  76 002e 08       		.byte	0x8
  77 002f 12010000 		.4byte	.LASF1
  78 0033 02       		.uleb128 0x2
  79 0034 02       		.byte	0x2
  80 0035 05       		.byte	0x5
  81 0036 2E010000 		.4byte	.LASF2
  82 003a 02       		.uleb128 0x2
  83 003b 02       		.byte	0x2
  84 003c 07       		.byte	0x7
  85 003d 3F010000 		.4byte	.LASF3
  86 0041 02       		.uleb128 0x2
  87 0042 04       		.byte	0x4
  88 0043 05       		.byte	0x5
  89 0044 25010000 		.4byte	.LASF4
  90 0048 02       		.uleb128 0x2
  91 0049 04       		.byte	0x4
  92 004a 07       		.byte	0x7
  93 004b E9000000 		.4byte	.LASF5
  94 004f 02       		.uleb128 0x2
  95 0050 08       		.byte	0x8
  96 0051 05       		.byte	0x5
  97 0052 00000000 		.4byte	.LASF6
  98 0056 02       		.uleb128 0x2
  99 0057 08       		.byte	0x8
 100 0058 07       		.byte	0x7
 101 0059 FB000000 		.4byte	.LASF7
 102 005d 03       		.uleb128 0x3
 103 005e 04       		.byte	0x4
 104 005f 05       		.byte	0x5
 105 0060 696E7400 		.ascii	"int\000"
 106 0064 02       		.uleb128 0x2
 107 0065 04       		.byte	0x4
 108 0066 07       		.byte	0x7
 109 0067 9C000000 		.4byte	.LASF8
 110 006b 04       		.uleb128 0x4
 111 006c 72010000 		.4byte	.LASF16
 112 0070 02       		.byte	0x2
 113 0071 9901     		.2byte	0x199
 114 0073 3A000000 		.4byte	0x3a
 115 0077 02       		.uleb128 0x2
 116 0078 04       		.byte	0x4
 117 0079 04       		.byte	0x4
ARM GAS  C:\Users\Anders\AppData\Local\Temp\ccTk9EiI.s 			page 4


 118 007a 63010000 		.4byte	.LASF9
 119 007e 02       		.uleb128 0x2
 120 007f 08       		.byte	0x8
 121 0080 04       		.byte	0x4
 122 0081 38010000 		.4byte	.LASF10
 123 0085 02       		.uleb128 0x2
 124 0086 01       		.byte	0x1
 125 0087 08       		.byte	0x8
 126 0088 20010000 		.4byte	.LASF11
 127 008c 02       		.uleb128 0x2
 128 008d 04       		.byte	0x4
 129 008e 07       		.byte	0x7
 130 008f 80010000 		.4byte	.LASF12
 131 0093 05       		.uleb128 0x5
 132 0094 5E010000 		.4byte	.LASF17
 133 0098 01       		.byte	0x1
 134 0099 21       		.byte	0x21
 135 009a 5D000000 		.4byte	0x5d
 136 009e 00000000 		.4byte	.LFB34
 137 00a2 16000000 		.4byte	.LFE34-.LFB34
 138 00a6 01       		.uleb128 0x1
 139 00a7 9C       		.byte	0x9c
 140 00a8 06       		.uleb128 0x6
 141 00a9 79010000 		.4byte	.LASF18
 142 00ad 01       		.byte	0x1
 143 00ae 19       		.byte	0x19
 144 00af 6B000000 		.4byte	0x6b
 145 00b3 05       		.uleb128 0x5
 146 00b4 03       		.byte	0x3
 147 00b5 00000000 		.4byte	curPos
 148 00b9 00       		.byte	0
 149              		.section	.debug_abbrev,"",%progbits
 150              	.Ldebug_abbrev0:
 151 0000 01       		.uleb128 0x1
 152 0001 11       		.uleb128 0x11
 153 0002 01       		.byte	0x1
 154 0003 25       		.uleb128 0x25
 155 0004 0E       		.uleb128 0xe
 156 0005 13       		.uleb128 0x13
 157 0006 0B       		.uleb128 0xb
 158 0007 03       		.uleb128 0x3
 159 0008 0E       		.uleb128 0xe
 160 0009 1B       		.uleb128 0x1b
 161 000a 0E       		.uleb128 0xe
 162 000b 55       		.uleb128 0x55
 163 000c 17       		.uleb128 0x17
 164 000d 11       		.uleb128 0x11
 165 000e 01       		.uleb128 0x1
 166 000f 10       		.uleb128 0x10
 167 0010 17       		.uleb128 0x17
 168 0011 00       		.byte	0
 169 0012 00       		.byte	0
 170 0013 02       		.uleb128 0x2
 171 0014 24       		.uleb128 0x24
 172 0015 00       		.byte	0
 173 0016 0B       		.uleb128 0xb
 174 0017 0B       		.uleb128 0xb
ARM GAS  C:\Users\Anders\AppData\Local\Temp\ccTk9EiI.s 			page 5


 175 0018 3E       		.uleb128 0x3e
 176 0019 0B       		.uleb128 0xb
 177 001a 03       		.uleb128 0x3
 178 001b 0E       		.uleb128 0xe
 179 001c 00       		.byte	0
 180 001d 00       		.byte	0
 181 001e 03       		.uleb128 0x3
 182 001f 24       		.uleb128 0x24
 183 0020 00       		.byte	0
 184 0021 0B       		.uleb128 0xb
 185 0022 0B       		.uleb128 0xb
 186 0023 3E       		.uleb128 0x3e
 187 0024 0B       		.uleb128 0xb
 188 0025 03       		.uleb128 0x3
 189 0026 08       		.uleb128 0x8
 190 0027 00       		.byte	0
 191 0028 00       		.byte	0
 192 0029 04       		.uleb128 0x4
 193 002a 16       		.uleb128 0x16
 194 002b 00       		.byte	0
 195 002c 03       		.uleb128 0x3
 196 002d 0E       		.uleb128 0xe
 197 002e 3A       		.uleb128 0x3a
 198 002f 0B       		.uleb128 0xb
 199 0030 3B       		.uleb128 0x3b
 200 0031 05       		.uleb128 0x5
 201 0032 49       		.uleb128 0x49
 202 0033 13       		.uleb128 0x13
 203 0034 00       		.byte	0
 204 0035 00       		.byte	0
 205 0036 05       		.uleb128 0x5
 206 0037 2E       		.uleb128 0x2e
 207 0038 00       		.byte	0
 208 0039 3F       		.uleb128 0x3f
 209 003a 19       		.uleb128 0x19
 210 003b 03       		.uleb128 0x3
 211 003c 0E       		.uleb128 0xe
 212 003d 3A       		.uleb128 0x3a
 213 003e 0B       		.uleb128 0xb
 214 003f 3B       		.uleb128 0x3b
 215 0040 0B       		.uleb128 0xb
 216 0041 49       		.uleb128 0x49
 217 0042 13       		.uleb128 0x13
 218 0043 11       		.uleb128 0x11
 219 0044 01       		.uleb128 0x1
 220 0045 12       		.uleb128 0x12
 221 0046 06       		.uleb128 0x6
 222 0047 40       		.uleb128 0x40
 223 0048 18       		.uleb128 0x18
 224 0049 9642     		.uleb128 0x2116
 225 004b 19       		.uleb128 0x19
 226 004c 00       		.byte	0
 227 004d 00       		.byte	0
 228 004e 06       		.uleb128 0x6
 229 004f 34       		.uleb128 0x34
 230 0050 00       		.byte	0
 231 0051 03       		.uleb128 0x3
ARM GAS  C:\Users\Anders\AppData\Local\Temp\ccTk9EiI.s 			page 6


 232 0052 0E       		.uleb128 0xe
 233 0053 3A       		.uleb128 0x3a
 234 0054 0B       		.uleb128 0xb
 235 0055 3B       		.uleb128 0x3b
 236 0056 0B       		.uleb128 0xb
 237 0057 49       		.uleb128 0x49
 238 0058 13       		.uleb128 0x13
 239 0059 3F       		.uleb128 0x3f
 240 005a 19       		.uleb128 0x19
 241 005b 02       		.uleb128 0x2
 242 005c 18       		.uleb128 0x18
 243 005d 00       		.byte	0
 244 005e 00       		.byte	0
 245 005f 00       		.byte	0
 246              		.section	.debug_aranges,"",%progbits
 247 0000 1C000000 		.4byte	0x1c
 248 0004 0200     		.2byte	0x2
 249 0006 00000000 		.4byte	.Ldebug_info0
 250 000a 04       		.byte	0x4
 251 000b 00       		.byte	0
 252 000c 0000     		.2byte	0
 253 000e 0000     		.2byte	0
 254 0010 00000000 		.4byte	.LFB34
 255 0014 16000000 		.4byte	.LFE34-.LFB34
 256 0018 00000000 		.4byte	0
 257 001c 00000000 		.4byte	0
 258              		.section	.debug_ranges,"",%progbits
 259              	.Ldebug_ranges0:
 260 0000 00000000 		.4byte	.LFB34
 261 0004 16000000 		.4byte	.LFE34
 262 0008 00000000 		.4byte	0
 263 000c 00000000 		.4byte	0
 264              		.section	.debug_line,"",%progbits
 265              	.Ldebug_line0:
 266 0000 64000000 		.section	.debug_str,"MS",%progbits,1
 266      02004300 
 266      00000201 
 266      FB0E0D00 
 266      01010101 
 267              	.LASF6:
 268 0000 6C6F6E67 		.ascii	"long long int\000"
 268      206C6F6E 
 268      6720696E 
 268      7400
 269              	.LASF13:
 270 000e 474E5520 		.ascii	"GNU C 4.9.3 20150303 (release) [ARM/embedded-4_9-br"
 270      4320342E 
 270      392E3320 
 270      32303135 
 270      30333033 
 271 0041 616E6368 		.ascii	"anch revision 221220] -mcpu=cortex-m0 -mthumb -g -O"
 271      20726576 
 271      6973696F 
 271      6E203232 
 271      31323230 
 272 0074 30202D66 		.ascii	"0 -ffunction-sections -ffat-lto-objects\000"
 272      66756E63 
ARM GAS  C:\Users\Anders\AppData\Local\Temp\ccTk9EiI.s 			page 7


 272      74696F6E 
 272      2D736563 
 272      74696F6E 
 273              	.LASF8:
 274 009c 756E7369 		.ascii	"unsigned int\000"
 274      676E6564 
 274      20696E74 
 274      00
 275              	.LASF15:
 276 00a9 453A5C50 		.ascii	"E:\\Projekt 4. semester\\HellYaeh\\PWMExample01\\PW"
 276      726F6A65 
 276      6B742034 
 276      2E207365 
 276      6D657374 
 277 00d8 4D457861 		.ascii	"MExample01.cydsn\000"
 277      6D706C65 
 277      30312E63 
 277      7964736E 
 277      00
 278              	.LASF5:
 279 00e9 6C6F6E67 		.ascii	"long unsigned int\000"
 279      20756E73 
 279      69676E65 
 279      6420696E 
 279      7400
 280              	.LASF7:
 281 00fb 6C6F6E67 		.ascii	"long long unsigned int\000"
 281      206C6F6E 
 281      6720756E 
 281      7369676E 
 281      65642069 
 282              	.LASF1:
 283 0112 756E7369 		.ascii	"unsigned char\000"
 283      676E6564 
 283      20636861 
 283      7200
 284              	.LASF11:
 285 0120 63686172 		.ascii	"char\000"
 285      00
 286              	.LASF4:
 287 0125 6C6F6E67 		.ascii	"long int\000"
 287      20696E74 
 287      00
 288              	.LASF2:
 289 012e 73686F72 		.ascii	"short int\000"
 289      7420696E 
 289      7400
 290              	.LASF10:
 291 0138 646F7562 		.ascii	"double\000"
 291      6C6500
 292              	.LASF3:
 293 013f 73686F72 		.ascii	"short unsigned int\000"
 293      7420756E 
 293      7369676E 
 293      65642069 
 293      6E7400
 294              	.LASF0:
ARM GAS  C:\Users\Anders\AppData\Local\Temp\ccTk9EiI.s 			page 8


 295 0152 7369676E 		.ascii	"signed char\000"
 295      65642063 
 295      68617200 
 296              	.LASF17:
 297 015e 6D61696E 		.ascii	"main\000"
 297      00
 298              	.LASF9:
 299 0163 666C6F61 		.ascii	"float\000"
 299      7400
 300              	.LASF14:
 301 0169 2E5C6D61 		.ascii	".\\main.c\000"
 301      696E2E63 
 301      00
 302              	.LASF16:
 303 0172 75696E74 		.ascii	"uint16\000"
 303      313600
 304              	.LASF18:
 305 0179 63757250 		.ascii	"curPos\000"
 305      6F7300
 306              	.LASF12:
 307 0180 73697A65 		.ascii	"sizetype\000"
 307      74797065 
 307      00
 308              		.ident	"GCC: (GNU Tools for ARM Embedded Processors) 4.9.3 20150303 (release) [ARM/embedded-4_9-br
