Loading plugins phase: Elapsed time ==> 0s.211ms
<CYPRESSTAG name="CyDsfit arguments...">
cydsfit arguments: -.fdsnotice -.fdswarpdepfile=warp_dependencies.txt -.fdselabdepfile=elab_dependencies.txt -.fdsbldfile=generated_files.txt -.fdsreffile=referenced_files.txt -p C:\Users\Anders\Desktop\Projekt 4. semester\E4PRJ4-Gruppe1\Retnings og fremdrifts enhed version psoc 5\Retning_psoc_5\I2C_Slave_prog.cydsn\I2C_Slave_prog.cyprj -d CY8C5868LTI-LP039 -s C:\Users\Anders\Desktop\Projekt 4. semester\E4PRJ4-Gruppe1\Retnings og fremdrifts enhed version psoc 5\Retning_psoc_5\I2C_Slave_prog.cydsn\Generated_Source\PSoC5 -- -yv2 -q10 -ygs -o2 -v3 -.fftcfgtype=LE</CYPRESSTAG>
<CYPRESSTAG name="Design elaboration results...">
</CYPRESSTAG>
Elaboration phase: Elapsed time ==> 0s.999ms
<CYPRESSTAG name="HDL generation results...">
</CYPRESSTAG>
HDL generation phase: Elapsed time ==> 0s.177ms
<CYPRESSTAG name="Synthesis results...">

     | | | | | | |
   _________________
  -|               |-
  -|               |-
  -|               |-
  -|    CYPRESS    |-
  -|               |-
  -|               |-   Warp Verilog Synthesis Compiler: Version 6.3 IR 41
  -|               |-   Copyright (C) 1991-2001 Cypress Semiconductor
   |_______________|
     | | | | | | |

======================================================================
Compiling:  I2C_Slave_prog.v
Program  :   C:\Program Files (x86)\Cypress\PSoC Creator\4.0\PSoC Creator\warp\bin\warp.exe
Options  :    -yv2 -q10 -ygs -o2 -v3 -.fftcfgtype=LE -ya -.fftprj=C:\Users\Anders\Desktop\Projekt 4. semester\E4PRJ4-Gruppe1\Retnings og fremdrifts enhed version psoc 5\Retning_psoc_5\I2C_Slave_prog.cydsn\I2C_Slave_prog.cyprj -dcpsoc3 I2C_Slave_prog.v -verilog
======================================================================

======================================================================
Compiling:  I2C_Slave_prog.v
Program  :   C:\Program Files (x86)\Cypress\PSoC Creator\4.0\PSoC Creator\warp\bin\warp.exe
Options  :    -yv2 -q10 -ygs -o2 -v3 -.fftcfgtype=LE -ya -.fftprj=C:\Users\Anders\Desktop\Projekt 4. semester\E4PRJ4-Gruppe1\Retnings og fremdrifts enhed version psoc 5\Retning_psoc_5\I2C_Slave_prog.cydsn\I2C_Slave_prog.cyprj -dcpsoc3 I2C_Slave_prog.v -verilog
======================================================================

======================================================================
Compiling:  I2C_Slave_prog.v
Program  :   vlogfe
Options  :    -yv2 -q10 -ygs -o2 -v3 -.fftcfgtype=LE -ya -.fftprj=C:\Users\Anders\Desktop\Projekt 4. semester\E4PRJ4-Gruppe1\Retnings og fremdrifts enhed version psoc 5\Retning_psoc_5\I2C_Slave_prog.cydsn\I2C_Slave_prog.cyprj -dcpsoc3 -verilog I2C_Slave_prog.v
======================================================================

vlogfe V6.3 IR 41:  Verilog parser
Sat Nov 19 13:52:43 2016


======================================================================
Compiling:  I2C_Slave_prog.v
Program  :   vpp
Options  :    -yv2 -q10 I2C_Slave_prog.v
======================================================================

vpp V6.3 IR 41:  Verilog Pre-Processor
Sat Nov 19 13:52:43 2016

Flattening file 'C:\Program Files (x86)\Cypress\PSoC Creator\4.0\PSoC Creator\warp\lib\common\cypress.v'
Flattening file 'C:\Program Files (x86)\Cypress\PSoC Creator\4.0\PSoC Creator\warp\lib\common\cy_psoc3_inc.v'
Flattening file 'C:\Program Files (x86)\Cypress\PSoC Creator\4.0\PSoC Creator\psoc\content\cyprimitives\CyPrimitives.cylib\CyControlReg_v1_80\CyControlReg_v1_80.v'
Flattening file 'C:\Program Files (x86)\Cypress\PSoC Creator\4.0\PSoC Creator\warp\lib\common\cypress.v'
Flattening file 'C:\Program Files (x86)\Cypress\PSoC Creator\4.0\PSoC Creator\psoc\content\cyprimitives\CyPrimitives.cylib\cy_virtualmux_v1_0\cy_virtualmux_v1_0.v'
Flattening file 'C:\Program Files (x86)\Cypress\PSoC Creator\4.0\PSoC Creator\psoc\content\cyprimitives\CyPrimitives.cylib\OneTerminal\OneTerminal.v'
Flattening file 'C:\Program Files (x86)\Cypress\PSoC Creator\4.0\PSoC Creator\psoc\content\cyprimitives\CyPrimitives.cylib\or_v1_0\or_v1_0.v'
Flattening file 'C:\Program Files (x86)\Cypress\PSoC Creator\4.0\PSoC Creator\psoc\content\cyprimitives\CyPrimitives.cylib\ZeroTerminal\ZeroTerminal.v'

vpp:  No errors.

Library 'work' => directory 'lcpsoc3'
General_symbol_table
General_symbol_table
Linking 'C:\Program Files (x86)\Cypress\PSoC Creator\4.0\PSoC Creator\warp\lib\common\std.vhd'.
Linking 'C:\Program Files (x86)\Cypress\PSoC Creator\4.0\PSoC Creator\warp\lib\common\cypress.vhd'.
Linking 'C:\Program Files (x86)\Cypress\PSoC Creator\4.0\PSoC Creator\warp\lib\common\work\cypress.vif'.
Linking 'C:\Program Files (x86)\Cypress\PSoC Creator\4.0\PSoC Creator\warp\lib\ieee\work\stdlogic.vif'.
Linking 'C:\Program Files (x86)\Cypress\PSoC Creator\4.0\PSoC Creator\warp\lib\common\stdlogic\lpmpkg.vif'.
Linking 'C:\Program Files (x86)\Cypress\PSoC Creator\4.0\PSoC Creator\warp\lib\common\stdlogic\rtlpkg.vif'.
Linking 'C:\Program Files (x86)\Cypress\PSoC Creator\4.0\PSoC Creator\warp\lib\common\stdlogic\mod_cnst.vif'.
Linking 'C:\Program Files (x86)\Cypress\PSoC Creator\4.0\PSoC Creator\warp\lib\common\stdlogic\mod_mthv.vif'.
Linking 'C:\Program Files (x86)\Cypress\PSoC Creator\4.0\PSoC Creator\warp\lib\common\stdlogic\mod_genv.vif'.
Using control file 'I2C_Slave_prog.ctl'.
Linking 'C:\Program Files (x86)\Cypress\PSoC Creator\4.0\PSoC Creator\warp\lib\common\stdlogic\cy_psoc3pkg.vif'.
Linking 'C:\Program Files (x86)\Cypress\PSoC Creator\4.0\PSoC Creator\warp\lib\common\stdlogic\cy_psoc3.vif'.

vlogfe:  No errors.


======================================================================
Compiling:  I2C_Slave_prog.v
Program  :   tovif
Options  :    -yv2 -q10 -ygs -o2 -v3 -.fftcfgtype=LE -ya -.fftprj=C:\Users\Anders\Desktop\Projekt 4. semester\E4PRJ4-Gruppe1\Retnings og fremdrifts enhed version psoc 5\Retning_psoc_5\I2C_Slave_prog.cydsn\I2C_Slave_prog.cyprj -dcpsoc3 -verilog I2C_Slave_prog.v
======================================================================

tovif V6.3 IR 41:  High-level synthesis
Sat Nov 19 13:52:43 2016

Linking 'C:\Program Files (x86)\Cypress\PSoC Creator\4.0\PSoC Creator\warp\lib\common\std.vhd'.
Linking 'C:\Program Files (x86)\Cypress\PSoC Creator\4.0\PSoC Creator\warp\lib\common\cypress.vhd'.
Linking 'C:\Program Files (x86)\Cypress\PSoC Creator\4.0\PSoC Creator\warp\lib\common\work\cypress.vif'.
Linking 'C:\Program Files (x86)\Cypress\PSoC Creator\4.0\PSoC Creator\warp\lib\ieee\work\stdlogic.vif'.
Linking 'C:\Program Files (x86)\Cypress\PSoC Creator\4.0\PSoC Creator\warp\lib\common\stdlogic\lpmpkg.vif'.
Linking 'C:\Program Files (x86)\Cypress\PSoC Creator\4.0\PSoC Creator\warp\lib\common\stdlogic\rtlpkg.vif'.
Linking 'C:\Program Files (x86)\Cypress\PSoC Creator\4.0\PSoC Creator\warp\lib\common\stdlogic\mod_cnst.vif'.
Linking 'C:\Program Files (x86)\Cypress\PSoC Creator\4.0\PSoC Creator\warp\lib\common\stdlogic\mod_mthv.vif'.
Linking 'C:\Program Files (x86)\Cypress\PSoC Creator\4.0\PSoC Creator\warp\lib\common\stdlogic\mod_genv.vif'.
Linking 'C:\Users\Anders\Desktop\Projekt 4. semester\E4PRJ4-Gruppe1\Retnings og fremdrifts enhed version psoc 5\Retning_psoc_5\I2C_Slave_prog.cydsn\codegentemp\I2C_Slave_prog.ctl'.
Linking 'C:\Program Files (x86)\Cypress\PSoC Creator\4.0\PSoC Creator\warp\lib\common\cypress.v'.
Linking 'C:\Program Files (x86)\Cypress\PSoC Creator\4.0\PSoC Creator\warp\lib\common\cy_psoc3_inc.v'.
Linking 'C:\Users\Anders\Desktop\Projekt 4. semester\E4PRJ4-Gruppe1\Retnings og fremdrifts enhed version psoc 5\Retning_psoc_5\I2C_Slave_prog.cydsn\codegentemp\I2C_Slave_prog.v'.
Linking 'C:\Program Files (x86)\Cypress\PSoC Creator\4.0\PSoC Creator\psoc\content\cyprimitives\CyPrimitives.cylib\CyControlReg_v1_80\CyControlReg_v1_80.v'.
Linking 'C:\Program Files (x86)\Cypress\PSoC Creator\4.0\PSoC Creator\psoc\content\cyprimitives\CyPrimitives.cylib\cy_virtualmux_v1_0\cy_virtualmux_v1_0.v'.
Linking 'C:\Program Files (x86)\Cypress\PSoC Creator\4.0\PSoC Creator\psoc\content\cyprimitives\CyPrimitives.cylib\OneTerminal\OneTerminal.v'.
Linking 'C:\Program Files (x86)\Cypress\PSoC Creator\4.0\PSoC Creator\psoc\content\cyprimitives\CyPrimitives.cylib\or_v1_0\or_v1_0.v'.
Linking 'C:\Program Files (x86)\Cypress\PSoC Creator\4.0\PSoC Creator\psoc\content\cyprimitives\CyPrimitives.cylib\ZeroTerminal\ZeroTerminal.v'.
Linking 'C:\Program Files (x86)\Cypress\PSoC Creator\4.0\PSoC Creator\warp\lib\common\stdlogic\cy_psoc3pkg.vif'.
Linking 'C:\Program Files (x86)\Cypress\PSoC Creator\4.0\PSoC Creator\warp\lib\common\stdlogic\cy_psoc3.vif'.

tovif:  No errors.


======================================================================
Compiling:  I2C_Slave_prog.v
Program  :   topld
Options  :    -yv2 -q10 -ygs -o2 -v3 -.fftcfgtype=LE -ya -.fftprj=C:\Users\Anders\Desktop\Projekt 4. semester\E4PRJ4-Gruppe1\Retnings og fremdrifts enhed version psoc 5\Retning_psoc_5\I2C_Slave_prog.cydsn\I2C_Slave_prog.cyprj -dcpsoc3 -verilog I2C_Slave_prog.v
======================================================================

topld V6.3 IR 41:  Synthesis and optimization
Sat Nov 19 13:52:43 2016

Linking 'C:\Program Files (x86)\Cypress\PSoC Creator\4.0\PSoC Creator\warp\lib\common\std.vhd'.
Linking 'C:\Program Files (x86)\Cypress\PSoC Creator\4.0\PSoC Creator\warp\lib\common\cypress.vhd'.
Linking 'C:\Program Files (x86)\Cypress\PSoC Creator\4.0\PSoC Creator\warp\lib\common\work\cypress.vif'.
Linking 'C:\Program Files (x86)\Cypress\PSoC Creator\4.0\PSoC Creator\warp\lib\ieee\work\stdlogic.vif'.
Linking 'C:\Program Files (x86)\Cypress\PSoC Creator\4.0\PSoC Creator\warp\lib\common\stdlogic\lpmpkg.vif'.
Linking 'C:\Program Files (x86)\Cypress\PSoC Creator\4.0\PSoC Creator\warp\lib\common\stdlogic\rtlpkg.vif'.
Linking 'C:\Program Files (x86)\Cypress\PSoC Creator\4.0\PSoC Creator\warp\lib\common\stdlogic\mod_cnst.vif'.
Linking 'C:\Program Files (x86)\Cypress\PSoC Creator\4.0\PSoC Creator\warp\lib\common\stdlogic\mod_mthv.vif'.
Linking 'C:\Program Files (x86)\Cypress\PSoC Creator\4.0\PSoC Creator\warp\lib\common\stdlogic\mod_genv.vif'.
Linking 'C:\Users\Anders\Desktop\Projekt 4. semester\E4PRJ4-Gruppe1\Retnings og fremdrifts enhed version psoc 5\Retning_psoc_5\I2C_Slave_prog.cydsn\codegentemp\I2C_Slave_prog.ctl'.
Linking 'C:\Program Files (x86)\Cypress\PSoC Creator\4.0\PSoC Creator\warp\lib\common\cypress.v'.
Linking 'C:\Program Files (x86)\Cypress\PSoC Creator\4.0\PSoC Creator\warp\lib\common\cy_psoc3_inc.v'.
Linking 'C:\Users\Anders\Desktop\Projekt 4. semester\E4PRJ4-Gruppe1\Retnings og fremdrifts enhed version psoc 5\Retning_psoc_5\I2C_Slave_prog.cydsn\codegentemp\I2C_Slave_prog.v'.
Linking 'C:\Program Files (x86)\Cypress\PSoC Creator\4.0\PSoC Creator\psoc\content\cyprimitives\CyPrimitives.cylib\CyControlReg_v1_80\CyControlReg_v1_80.v'.
Linking 'C:\Program Files (x86)\Cypress\PSoC Creator\4.0\PSoC Creator\psoc\content\cyprimitives\CyPrimitives.cylib\cy_virtualmux_v1_0\cy_virtualmux_v1_0.v'.
Linking 'C:\Program Files (x86)\Cypress\PSoC Creator\4.0\PSoC Creator\psoc\content\cyprimitives\CyPrimitives.cylib\OneTerminal\OneTerminal.v'.
Linking 'C:\Program Files (x86)\Cypress\PSoC Creator\4.0\PSoC Creator\psoc\content\cyprimitives\CyPrimitives.cylib\or_v1_0\or_v1_0.v'.
Linking 'C:\Program Files (x86)\Cypress\PSoC Creator\4.0\PSoC Creator\psoc\content\cyprimitives\CyPrimitives.cylib\ZeroTerminal\ZeroTerminal.v'.
Linking 'C:\Program Files (x86)\Cypress\PSoC Creator\4.0\PSoC Creator\warp\lib\common\stdlogic\cy_psoc3pkg.vif'.
Linking 'C:\Program Files (x86)\Cypress\PSoC Creator\4.0\PSoC Creator\warp\lib\common\stdlogic\cy_psoc3.vif'.
Linking 'C:\Program Files (x86)\Cypress\PSoC Creator\4.0\PSoC Creator\warp\lib\lcpsoc3\stdlogic\cpsoc3.vif'.

----------------------------------------------------------
Detecting unused logic.
----------------------------------------------------------
    User names
	\State_1:Net_1\
	\State_1:Net_2\
	\State_1:Net_3\
	\State_1:Net_4\
	\State_1:Net_5\
	\State_1:Net_6\
	\State_1:Net_7\
	\State_1:Net_9\
	\State_1:Net_10\
	\State_1:Net_11\
	\State_1:Net_12\
	\State_1:Net_13\
	\State_1:Net_14\
	\I2CS:udb_clk\
	Net_25
	\I2CS:Net_973\
	Net_26
	\I2CS:Net_974\
	\I2CS:timeout_clk\
	Net_31
	\I2CS:Net_975\
	Net_29
	Net_30


Deleted 23 User equations/components.
Deleted 0 Synthesized equations/components.

------------------------------------------------------
Alias Detection
------------------------------------------------------
Aliasing \State_1:Forward_d1_load\ to \State_1:Forward_d0_load\
Aliasing \State_1:Forward_f0_load\ to \State_1:Forward_d0_load\
Aliasing \State_1:Forward_f1_load\ to \State_1:Forward_d0_load\
Aliasing \State_1:Forward_route_si\ to \State_1:Forward_d0_load\
Aliasing \State_1:Forward_route_ci\ to \State_1:Forward_d0_load\
Aliasing \State_1:Forward_select_1\ to \State_1:Forward_d0_load\
Aliasing \State_1:Forward_select_2\ to \State_1:Forward_d0_load\
Aliasing \State_1:Pos_d0_load\ to \State_1:Forward_d0_load\
Aliasing \State_1:Pos_d1_load\ to \State_1:Forward_d0_load\
Aliasing \State_1:Pos_f0_load\ to \State_1:Forward_d0_load\
Aliasing \State_1:Pos_f1_load\ to \State_1:Forward_d0_load\
Aliasing \State_1:Pos_route_si\ to \State_1:Forward_d0_load\
Aliasing \State_1:Pos_route_ci\ to \State_1:Forward_d0_load\
Aliasing \State_1:Pos_select_0\ to \State_1:Forward_select_0\
Aliasing zero to \State_1:Forward_d0_load\
Aliasing \State_1:CtrlReg_Run:rst\ to \State_1:Forward_d0_load\
Aliasing \State_1:CtrlReg_Dir:clk\ to \State_1:CtrlReg_Run:clk\
Aliasing \State_1:CtrlReg_Dir:rst\ to \State_1:Forward_d0_load\
Aliasing one to tmpOE__SDA_1_net_0
Aliasing tmpOE__SCL_1_net_0 to tmpOE__SDA_1_net_0
Aliasing \I2CS:Net_969\ to tmpOE__SDA_1_net_0
Aliasing \I2CS:Net_968\ to tmpOE__SDA_1_net_0
Aliasing tmpOE__A_net_0 to tmpOE__SDA_1_net_0
Aliasing tmpOE__B_net_0 to tmpOE__SDA_1_net_0
Aliasing tmpOE__C_net_0 to tmpOE__SDA_1_net_0
Aliasing tmpOE__D_net_0 to tmpOE__SDA_1_net_0
Removing Rhs of wire Net_2[0] = \State_1:Out_A\[1]
Removing Rhs of wire Net_3[2] = \State_1:Out_B\[3]
Removing Rhs of wire Net_4[4] = \State_1:Out_C\[5]
Removing Rhs of wire Net_5[6] = \State_1:Out_D\[7]
Removing Lhs of wire \State_1:Forward_d1_load\[9] = \State_1:Forward_d0_load\[8]
Removing Lhs of wire \State_1:Forward_f0_load\[10] = \State_1:Forward_d0_load\[8]
Removing Lhs of wire \State_1:Forward_f1_load\[11] = \State_1:Forward_d0_load\[8]
Removing Lhs of wire \State_1:Forward_route_si\[12] = \State_1:Forward_d0_load\[8]
Removing Lhs of wire \State_1:Forward_route_ci\[13] = \State_1:Forward_d0_load\[8]
Removing Rhs of wire \State_1:Forward_select_0\[14] = \State_1:Run_cnt\[15]
Removing Rhs of wire \State_1:Forward_select_0\[14] = \State_1:CtrlReg_Run:control_out_0\[101]
Removing Rhs of wire \State_1:Forward_select_0\[14] = \State_1:CtrlReg_Run:control_0\[124]
Removing Lhs of wire \State_1:Forward_select_1\[16] = \State_1:Forward_d0_load\[8]
Removing Lhs of wire \State_1:Forward_select_2\[17] = \State_1:Forward_d0_load\[8]
Removing Lhs of wire \State_1:Pos_d0_load\[18] = \State_1:Forward_d0_load\[8]
Removing Lhs of wire \State_1:Pos_d1_load\[19] = \State_1:Forward_d0_load\[8]
Removing Lhs of wire \State_1:Pos_f0_load\[20] = \State_1:Forward_d0_load\[8]
Removing Lhs of wire \State_1:Pos_f1_load\[21] = \State_1:Forward_d0_load\[8]
Removing Lhs of wire \State_1:Pos_route_si\[22] = \State_1:Forward_d0_load\[8]
Removing Lhs of wire \State_1:Pos_route_ci\[23] = \State_1:Forward_d0_load\[8]
Removing Lhs of wire \State_1:Pos_select_0\[24] = \State_1:Forward_select_0\[14]
Removing Rhs of wire \State_1:Pos_select_1\[25] = \State_1:Forw\[26]
Removing Rhs of wire \State_1:Pos_select_1\[25] = \State_1:CtrlReg_Dir:control_out_0\[127]
Removing Rhs of wire \State_1:Pos_select_1\[25] = \State_1:CtrlReg_Dir:control_0\[149]
Removing Rhs of wire \State_1:Pos_select_2\[27] = \State_1:Backw\[28]
Removing Rhs of wire \State_1:Pos_select_2\[27] = \State_1:CtrlReg_Dir:control_out_1\[128]
Removing Rhs of wire \State_1:Pos_select_2\[27] = \State_1:CtrlReg_Dir:control_1\[148]
Removing Rhs of wire zero[30] = \State_1:Forward_d0_load\[8]
Removing Lhs of wire \State_1:CtrlReg_Run:clk\[99] = Net_1[31]
Removing Lhs of wire \State_1:CtrlReg_Run:rst\[100] = zero[30]
Removing Lhs of wire \State_1:CtrlReg_Dir:clk\[125] = Net_1[31]
Removing Lhs of wire \State_1:CtrlReg_Dir:rst\[126] = zero[30]
Removing Lhs of wire one[156] = tmpOE__SDA_1_net_0[152]
Removing Lhs of wire tmpOE__SCL_1_net_0[159] = tmpOE__SDA_1_net_0[152]
Removing Rhs of wire \I2CS:sda_x_wire\[164] = \I2CS:Net_643_1\[165]
Removing Rhs of wire \I2CS:Net_697\[167] = \I2CS:Net_643_2\[173]
Removing Rhs of wire \I2CS:Net_1109_0\[170] = \I2CS:scl_yfb\[183]
Removing Rhs of wire \I2CS:Net_1109_1\[171] = \I2CS:sda_yfb\[184]
Removing Lhs of wire \I2CS:scl_x_wire\[174] = \I2CS:Net_643_0\[172]
Removing Lhs of wire \I2CS:Net_969\[175] = tmpOE__SDA_1_net_0[152]
Removing Lhs of wire \I2CS:Net_968\[176] = tmpOE__SDA_1_net_0[152]
Removing Lhs of wire \I2CS:tmpOE__Bufoe_scl_net_0\[186] = tmpOE__SDA_1_net_0[152]
Removing Lhs of wire \I2CS:tmpOE__Bufoe_sda_net_0\[188] = tmpOE__SDA_1_net_0[152]
Removing Lhs of wire tmpOE__A_net_0[195] = tmpOE__SDA_1_net_0[152]
Removing Lhs of wire tmpOE__B_net_0[201] = tmpOE__SDA_1_net_0[152]
Removing Lhs of wire tmpOE__C_net_0[207] = tmpOE__SDA_1_net_0[152]
Removing Lhs of wire tmpOE__D_net_0[213] = tmpOE__SDA_1_net_0[152]

------------------------------------------------------
Aliased 0 equations, 47 wires.
------------------------------------------------------

----------------------------------------------------------
Circuit simplification
----------------------------------------------------------

Substituting virtuals - pass 1:


----------------------------------------------------------
Circuit simplification results:

	Expanded 0 signals.
	Turned 0 signals into soft nodes.
	Maximum default expansion cost was set at 3.
----------------------------------------------------------

topld:  No errors.

CYPRESS_DIR    : C:\Program Files (x86)\Cypress\PSoC Creator\4.0\PSoC Creator\warp
Warp Program   : C:\Program Files (x86)\Cypress\PSoC Creator\4.0\PSoC Creator\warp\bin\warp.exe
Warp Arguments : -yv2 -q10 -ygs -o2 -v3 -.fftcfgtype=LE -ya "-.fftprj=C:\Users\Anders\Desktop\Projekt 4. semester\E4PRJ4-Gruppe1\Retnings og fremdrifts enhed version psoc 5\Retning_psoc_5\I2C_Slave_prog.cydsn\I2C_Slave_prog.cyprj" -dcpsoc3 I2C_Slave_prog.v -verilog
</CYPRESSTAG>
Warp synthesis phase: Elapsed time ==> 0s.479ms
<CYPRESSTAG name="Fitter results...">
<CYPRESSTAG name="Fitter startup details...">
cyp3fit: V4.0.0.432, Family: PSoC3, Started at: Saturday, 19 November 2016 13:52:43
Options: -yv2 -q10 -ygs -o2 -v3 -.fftcfgtype=LE -ya -.fftprj=C:\Users\Anders\Desktop\Projekt 4. semester\E4PRJ4-Gruppe1\Retnings og fremdrifts enhed version psoc 5\Retning_psoc_5\I2C_Slave_prog.cydsn\I2C_Slave_prog.cyprj -d CY8C5868LTI-LP039 I2C_Slave_prog.v -verilog
</CYPRESSTAG>
<CYPRESSTAG name="Design parsing">
Design parsing phase: Elapsed time ==> 0s.007ms
</CYPRESSTAG>
<CYPRESSTAG name="Tech Mapping">
<CYPRESSTAG name="Initial Mapping" icon="FILE_RPT_TECHM">
Assigning clock I2CS_BusClock to clock BUS_CLK because it is a pass-through
<CYPRESSTAG name="Global Clock Selection" icon="FILE_RPT_TECHM">
    Digital Clock 0: Automatic-assigning  clock 'Clock_1'. Fanout=10, Signal=Net_1
</CYPRESSTAG>

Removing unused cells resulting from optimization
Done removing unused cells.
<CYPRESSTAG name="UDB Clock/Enable Remapping Results">
</CYPRESSTAG>
ADD: pft.M0040: information: The following 6 pin(s) will be assigned a location by the fitter: A(0), B(0), C(0), D(0), SCL_1(0), SDA_1(0)


Removing unused cells resulting from optimization
Done removing unused cells.
<CYPRESSTAG name="Duplicate Macrocell detection">
</CYPRESSTAG>
</CYPRESSTAG>
<CYPRESSTAG name="Duplicate Macrocell detection">
</CYPRESSTAG>
<CYPRESSTAG name="Design Equations" icon="FILE_RPT_EQUATION">

------------------------------------------------------------
Design Equations
------------------------------------------------------------
    <CYPRESSTAG name="Pin listing">

    ------------------------------------------------------------
    Pin listing
    ------------------------------------------------------------

    Pin : Name = SDA_1(0)
        Attributes:
            In Group/Port: True
            In Sync Option: SYNC
            Out Sync Option: NOSYNC
            Interrupt generated: False
            Interrupt mode: NONE
            Drive mode: OPEN_DRAIN_LO
            VTrip: CMOS
            Slew: FAST
            Input Sync needed: True
            Output Sync needed: False
            SC shield enabled: False
            POR State: ANY
            LCD Mode: COMMON
            Register Mode: RegComb
            CaSense Mode: NEITHER
            Treat as pin: True
            Is OE Registered: False
            Uses Analog: False
            Can contain Digital: True
            Is SIO: False
            SIO Output Buf: NONREGULATED
            SIO Input Buf: SINGLE_ENDED
            SIO HiFreq: LOW
            SIO Hyst: DISABLED
            SIO Vtrip: MULTIPLIER_0_5
            SIO Multiplier Index: 0
            SIO RefSel: VCC_IO
            Required Capabilitites: DIGITAL, ROUTABLE
            Initial Value: 1
            IO Voltage: 0
        PORT MAP (
            pa_out => SDA_1(0)__PA ,
            fb => \I2CS:Net_1109_1\ ,
            input => \I2CS:sda_x_wire\ ,
            pad => SDA_1(0)_PAD );

    Pin : Name = SCL_1(0)
        Attributes:
            In Group/Port: True
            In Sync Option: SYNC
            Out Sync Option: NOSYNC
            Interrupt generated: False
            Interrupt mode: NONE
            Drive mode: OPEN_DRAIN_LO
            VTrip: CMOS
            Slew: FAST
            Input Sync needed: True
            Output Sync needed: False
            SC shield enabled: False
            POR State: ANY
            LCD Mode: COMMON
            Register Mode: RegComb
            CaSense Mode: NEITHER
            Treat as pin: True
            Is OE Registered: False
            Uses Analog: False
            Can contain Digital: True
            Is SIO: False
            SIO Output Buf: NONREGULATED
            SIO Input Buf: SINGLE_ENDED
            SIO HiFreq: LOW
            SIO Hyst: DISABLED
            SIO Vtrip: MULTIPLIER_0_5
            SIO Multiplier Index: 0
            SIO RefSel: VCC_IO
            Required Capabilitites: DIGITAL, ROUTABLE
            Initial Value: 1
            IO Voltage: 0
        PORT MAP (
            pa_out => SCL_1(0)__PA ,
            fb => \I2CS:Net_1109_0\ ,
            input => \I2CS:Net_643_0\ ,
            pad => SCL_1(0)_PAD );

    Pin : Name = A(0)
        Attributes:
            In Group/Port: True
            In Sync Option: AUTO
            Out Sync Option: NOSYNC
            Interrupt generated: False
            Interrupt mode: NONE
            Drive mode: CMOS_OUT
            VTrip: EITHER
            Slew: FAST
            Input Sync needed: False
            Output Sync needed: False
            SC shield enabled: False
            POR State: ANY
            LCD Mode: COMMON
            Register Mode: RegComb
            CaSense Mode: NEITHER
            Treat as pin: True
            Is OE Registered: False
            Uses Analog: False
            Can contain Digital: True
            Is SIO: False
            SIO Output Buf: NONREGULATED
            SIO Input Buf: SINGLE_ENDED
            SIO HiFreq: LOW
            SIO Hyst: DISABLED
            SIO Vtrip: MULTIPLIER_0_5
            SIO Multiplier Index: 0
            SIO RefSel: VCC_IO
            Required Capabilitites: DIGITAL, ROUTABLE
            Initial Value: 0
            IO Voltage: 0
        PORT MAP (
            pa_out => A(0)__PA ,
            input => Net_2 ,
            pad => A(0)_PAD );

    Pin : Name = B(0)
        Attributes:
            In Group/Port: True
            In Sync Option: AUTO
            Out Sync Option: NOSYNC
            Interrupt generated: False
            Interrupt mode: NONE
            Drive mode: CMOS_OUT
            VTrip: EITHER
            Slew: FAST
            Input Sync needed: False
            Output Sync needed: False
            SC shield enabled: False
            POR State: ANY
            LCD Mode: COMMON
            Register Mode: RegComb
            CaSense Mode: NEITHER
            Treat as pin: True
            Is OE Registered: False
            Uses Analog: False
            Can contain Digital: True
            Is SIO: False
            SIO Output Buf: NONREGULATED
            SIO Input Buf: SINGLE_ENDED
            SIO HiFreq: LOW
            SIO Hyst: DISABLED
            SIO Vtrip: MULTIPLIER_0_5
            SIO Multiplier Index: 0
            SIO RefSel: VCC_IO
            Required Capabilitites: DIGITAL, ROUTABLE
            Initial Value: 0
            IO Voltage: 0
        PORT MAP (
            pa_out => B(0)__PA ,
            input => Net_3 ,
            pad => B(0)_PAD );

    Pin : Name = C(0)
        Attributes:
            In Group/Port: True
            In Sync Option: AUTO
            Out Sync Option: NOSYNC
            Interrupt generated: False
            Interrupt mode: NONE
            Drive mode: CMOS_OUT
            VTrip: EITHER
            Slew: FAST
            Input Sync needed: False
            Output Sync needed: False
            SC shield enabled: False
            POR State: ANY
            LCD Mode: COMMON
            Register Mode: RegComb
            CaSense Mode: NEITHER
            Treat as pin: True
            Is OE Registered: False
            Uses Analog: False
            Can contain Digital: True
            Is SIO: False
            SIO Output Buf: NONREGULATED
            SIO Input Buf: SINGLE_ENDED
            SIO HiFreq: LOW
            SIO Hyst: DISABLED
            SIO Vtrip: MULTIPLIER_0_5
            SIO Multiplier Index: 0
            SIO RefSel: VCC_IO
            Required Capabilitites: DIGITAL, ROUTABLE
            Initial Value: 0
            IO Voltage: 0
        PORT MAP (
            pa_out => C(0)__PA ,
            input => Net_4 ,
            pad => C(0)_PAD );

    Pin : Name = D(0)
        Attributes:
            In Group/Port: True
            In Sync Option: AUTO
            Out Sync Option: NOSYNC
            Interrupt generated: False
            Interrupt mode: NONE
            Drive mode: CMOS_OUT
            VTrip: EITHER
            Slew: FAST
            Input Sync needed: False
            Output Sync needed: False
            SC shield enabled: False
            POR State: ANY
            LCD Mode: COMMON
            Register Mode: RegComb
            CaSense Mode: NEITHER
            Treat as pin: True
            Is OE Registered: False
            Uses Analog: False
            Can contain Digital: True
            Is SIO: False
            SIO Output Buf: NONREGULATED
            SIO Input Buf: SINGLE_ENDED
            SIO HiFreq: LOW
            SIO Hyst: DISABLED
            SIO Vtrip: MULTIPLIER_0_5
            SIO Multiplier Index: 0
            SIO RefSel: VCC_IO
            Required Capabilitites: DIGITAL, ROUTABLE
            Initial Value: 0
            IO Voltage: 0
        PORT MAP (
            pa_out => D(0)__PA ,
            input => Net_5 ,
            pad => D(0)_PAD );
    </CYPRESSTAG>
    <CYPRESSTAG name="Macrocell listing" icon="FILE_RPT_EQUATION">

    ------------------------------------------------------------
    Macrocell listing
    ------------------------------------------------------------

    MacroCell: Name=Net_2, Mode=(D-Register)
        Total # of inputs        : 2
        Total # of product terms : 1
        List of special equations: 
            Clock  = (Net_1) => Global
            Clock Enable: True
        Main Equation            : 1 pterm
        (
              !\State_1:StateMachine_2_1\ * !\State_1:StateMachine_2_0\
        );
        Output = Net_2 (fanout=1)

    MacroCell: Name=Net_3, Mode=(D-Register)
        Total # of inputs        : 2
        Total # of product terms : 1
        List of special equations: 
            Clock  = (Net_1) => Global
            Clock Enable: True
        Main Equation            : 1 pterm
        (
              \State_1:StateMachine_2_1\ * !\State_1:StateMachine_2_0\
        );
        Output = Net_3 (fanout=1)

    MacroCell: Name=Net_4, Mode=(D-Register)
        Total # of inputs        : 2
        Total # of product terms : 1
        List of special equations: 
            Clock  = (Net_1) => Global
            Clock Enable: True
        Main Equation            : 1 pterm
        (
              !\State_1:StateMachine_2_1\ * \State_1:StateMachine_2_0\
        );
        Output = Net_4 (fanout=1)

    MacroCell: Name=Net_5, Mode=(D-Register)
        Total # of inputs        : 2
        Total # of product terms : 1
        List of special equations: 
            Clock  = (Net_1) => Global
            Clock Enable: True
        Main Equation            : 1 pterm
        (
              \State_1:StateMachine_2_1\ * \State_1:StateMachine_2_0\
        );
        Output = Net_5 (fanout=1)

    MacroCell: Name=\State_1:StateMachine_2_1\, Mode=(T-Register)
        Total # of inputs        : 4
        Total # of product terms : 2
        List of special equations: 
            Clock  = (Net_1) => Global
            Clock Enable: True
        Main Equation            : 2 pterms
        (
              !\State_1:Pos_select_1\ * \State_1:Pos_select_2\ * 
              !\State_1:zero\ * !\State_1:StateMachine_2_0\
            + \State_1:Pos_select_1\ * !\State_1:zero\ * 
              \State_1:StateMachine_2_0\
        );
        Output = \State_1:StateMachine_2_1\ (fanout=4)

    MacroCell: Name=\State_1:StateMachine_2_0\, Mode=(T-Register)
        Total # of inputs        : 3
        Total # of product terms : 2
        List of special equations: 
            Clock  = (Net_1) => Global
            Clock Enable: True
        Main Equation            : 2 pterms
        (
              \State_1:Pos_select_1\ * !\State_1:zero\
            + \State_1:Pos_select_2\ * !\State_1:zero\
        );
        Output = \State_1:StateMachine_2_0\ (fanout=5)
    </CYPRESSTAG>
    <CYPRESSTAG name="Datapath listing">

    ------------------------------------------------------------
    Datapath listing
    ------------------------------------------------------------

    datapathcell: Name =\State_1:Forward:u0\
        PORT MAP (
            clock => Net_1 ,
            cs_addr_0 => \State_1:Forward_select_0\ ,
            z0_comb => \State_1:zero\ );
        Properties:
        {
            a0_init = "00000000"
            a1_init = "00000000"
            ce0_sync = 1
            ce1_sync = 1
            cl0_sync = 1
            cl1_sync = 1
            cmsb_sync = 1
            co_msb_sync = 1
            cy_dpconfig = "0000000000000000010000000100000000000000000000000000000000000000000000000000000000000000000000000000000000000000000000000000000011111111000000001111111111111111001000000000000000010000111100000001000000000000"
            d0_init = "00000000"
            d1_init = "00000000"
            f0_blk_sync = 1
            f0_bus_sync = 1
            f1_blk_sync = 1
            f1_bus_sync = 1
            ff0_sync = 1
            ff1_sync = 1
            ov_msb_sync = 1
            so_sync = 1
            z0_sync = 1
            z1_sync = 1
        }
        Clock Polarity: Active High
        Clock Enable: True

    datapathcell: Name =\State_1:Pos:u0\
        PORT MAP (
            clock => Net_1 ,
            cs_addr_2 => \State_1:Pos_select_2\ ,
            cs_addr_1 => \State_1:Pos_select_1\ ,
            cs_addr_0 => \State_1:Forward_select_0\ );
        Properties:
        {
            a0_init = "01100100"
            a1_init = "00000000"
            ce0_sync = 1
            ce1_sync = 1
            cl0_sync = 1
            cl1_sync = 1
            cmsb_sync = 1
            co_msb_sync = 1
            cy_dpconfig = "0000000000000000000000000000000000000000000000000010000001000000000000000000000001000000010000000000000000000000000000000000000011111111000000001111111111111111001000000000000000000000111100000001000000000000"
            d0_init = "00000000"
            d1_init = "00000000"
            f0_blk_sync = 1
            f0_bus_sync = 1
            f1_blk_sync = 1
            f1_bus_sync = 1
            ff0_sync = 1
            ff1_sync = 1
            ov_msb_sync = 1
            so_sync = 1
            z0_sync = 1
            z1_sync = 1
        }
        Clock Polarity: Active High
        Clock Enable: True
    </CYPRESSTAG>
    <CYPRESSTAG name="Status register listing">
    </CYPRESSTAG>
    <CYPRESSTAG name="StatusI register listing">
    </CYPRESSTAG>
    <CYPRESSTAG name="Sync listing">
    </CYPRESSTAG>
    <CYPRESSTAG name="Control register listing">

    ------------------------------------------------------------
    Control register listing
    ------------------------------------------------------------

    controlcell: Name =\State_1:CtrlReg_Run:Sync:ctrl_reg\
        PORT MAP (
            clock => Net_1 ,
            control_7 => \State_1:CtrlReg_Run:control_7\ ,
            control_6 => \State_1:CtrlReg_Run:control_6\ ,
            control_5 => \State_1:CtrlReg_Run:control_5\ ,
            control_4 => \State_1:CtrlReg_Run:control_4\ ,
            control_3 => \State_1:CtrlReg_Run:control_3\ ,
            control_2 => \State_1:CtrlReg_Run:control_2\ ,
            control_1 => \State_1:CtrlReg_Run:control_1\ ,
            control_0 => \State_1:Forward_select_0\ );
        Properties:
        {
            cy_ctrl_mode_0 = "00000001"
            cy_ctrl_mode_1 = "00000000"
            cy_ext_reset = 1
            cy_force_order = 1
            cy_init_value = "00000000"
        }
        Clock Polarity: Active High
        Clock Enable: True

    controlcell: Name =\State_1:CtrlReg_Dir:Sync:ctrl_reg\
        PORT MAP (
            clock => Net_1 ,
            control_7 => \State_1:CtrlReg_Dir:control_7\ ,
            control_6 => \State_1:CtrlReg_Dir:control_6\ ,
            control_5 => \State_1:CtrlReg_Dir:control_5\ ,
            control_4 => \State_1:CtrlReg_Dir:control_4\ ,
            control_3 => \State_1:CtrlReg_Dir:control_3\ ,
            control_2 => \State_1:CtrlReg_Dir:control_2\ ,
            control_1 => \State_1:Pos_select_2\ ,
            control_0 => \State_1:Pos_select_1\ );
        Properties:
        {
            cy_ctrl_mode_0 = "00000010"
            cy_ctrl_mode_1 = "00000000"
            cy_ext_reset = 1
            cy_force_order = 1
            cy_init_value = "00000000"
        }
        Clock Polarity: Active High
        Clock Enable: True
    </CYPRESSTAG>
    <CYPRESSTAG name="Count7 listing">
    </CYPRESSTAG>
    <CYPRESSTAG name="DRQ listing">
    </CYPRESSTAG>
    <CYPRESSTAG name="Interrupt listing">

    ------------------------------------------------------------
    Interrupt listing
    ------------------------------------------------------------

    interrupt: Name =\I2CS:I2C_IRQ\
        PORT MAP (
            interrupt => \I2CS:Net_697\ );
        Properties:
        {
            int_type = "00"
            is_nmi = 0
        }
    </CYPRESSTAG>
</CYPRESSTAG>
<CYPRESSTAG name="Technology mapping summary" expanded>

------------------------------------------------------------
Technology mapping summary
------------------------------------------------------------

Resource Type                 : Used : Free :  Max :  % Used
============================================================
Digital Clocks                :    1 :    7 :    8 : 12.50 %
Analog Clocks                 :    0 :    4 :    4 :  0.00 %
CapSense Buffers              :    0 :    2 :    2 :  0.00 %
Digital Filter Block          :    0 :    1 :    1 :  0.00 %
Interrupts                    :    1 :   31 :   32 :  3.13 %
IO                            :    9 :   39 :   48 : 18.75 %
Segment LCD                   :    0 :    1 :    1 :  0.00 %
CAN 2.0b                      :    0 :    1 :    1 :  0.00 %
I2C                           :    1 :    0 :    1 : 100.00 %
USB                           :    0 :    1 :    1 :  0.00 %
DMA Channels                  :    0 :   24 :   24 :  0.00 %
Timer                         :    0 :    4 :    4 :  0.00 %
UDB                           :      :      :      :        
  Macrocells                  :    6 :  186 :  192 :  3.13 %
  Unique P-terms              :    8 :  376 :  384 :  2.08 %
  Total P-terms               :    8 :      :      :        
  Datapath Cells              :    2 :   22 :   24 :  8.33 %
  Status Cells                :    0 :   24 :   24 :  0.00 %
  Control Cells               :    2 :   22 :   24 :  8.33 %
    Control Registers         :    2 :      :      :        
Opamp                         :    0 :    4 :    4 :  0.00 %
Comparator                    :    0 :    4 :    4 :  0.00 %
Delta-Sigma ADC               :    0 :    1 :    1 :  0.00 %
LPF                           :    0 :    2 :    2 :  0.00 %
SAR ADC                       :    0 :    2 :    2 :  0.00 %
Analog (SC/CT) Blocks         :    0 :    4 :    4 :  0.00 %
DAC                           :      :      :      :        
  VIDAC                       :    0 :    4 :    4 :  0.00 %
</CYPRESSTAG>
Technology Mapping: Elapsed time ==> 0s.023ms
Tech Mapping phase: Elapsed time ==> 0s.074ms
</CYPRESSTAG>
<CYPRESSTAG name="Analog Placement">
Initial Analog Placement Results:
Analog Placement phase: Elapsed time ==> 0s.040ms
</CYPRESSTAG>
<CYPRESSTAG name="Analog Routing">
Analog Routing phase: Elapsed time ==> 0s.000ms
</CYPRESSTAG>
<CYPRESSTAG name="Analog Code Generation">
============ Analog Final Answer Routes ============
Dump of CyAnalogRoutingResultsDB
Map of net to items {
}
Map of item to net {
}
Mux Info {
}
Dump of CyP35AnalogRoutingResultsDB
IsVddaHalfUsedForComp = False
IsVddaHalfUsedForSar0 = False
IsVddaHalfUsedForSar1 = False
Analog Code Generation phase: Elapsed time ==> 0s.233ms
</CYPRESSTAG>
<CYPRESSTAG name="Digital Placement">
<CYPRESSTAG name="Detailed placement messages">
I2076: Total run-time: 0.5 sec.

</CYPRESSTAG>
<CYPRESSTAG name="PLD Packing">
<CYPRESSTAG name="PLD Packing Summary" expanded>

------------------------------------------------------------
PLD Packing Summary
------------------------------------------------------------
            Resource Type : Used : Free :  Max :  % Used
    ====================================================
                     PLDs :    2 :   46 :   48 :   4.17%

<CYPRESSTAG name="PLD Statistics">

        PLD Resource Type :     Average/LAB
    =======================================
                   Inputs :            3.50
                   Pterms :            4.00
               Macrocells :            3.00
</CYPRESSTAG>
<CYPRESSTAG name="Packed PLD Contents">
Packed PLD Contents not displayed at this verbose level.</CYPRESSTAG>
</CYPRESSTAG>
PLD Packing: Elapsed time ==> 0s.000ms
</CYPRESSTAG>
<CYPRESSTAG name="Partitioning">
<CYPRESSTAG name="Initial Partitioning Summary">
Initial Partitioning Summary not displayed at this verbose level.</CYPRESSTAG>
<CYPRESSTAG name="Final Partitioning Summary">
Final Partitioning Summary not displayed at this verbose level.</CYPRESSTAG>
Partitioning: Elapsed time ==> 0s.011ms
</CYPRESSTAG>
<CYPRESSTAG name="Final Placement Summary">

------------------------------------------------------------
Final Placement Summary
------------------------------------------------------------

       Resource Type :      Count : Avg Inputs : Avg Outputs
    ========================================================
                 UDB :          2 :       2.50 :       3.00
<CYPRESSTAG name="Final Placement Details">
<CYPRESSTAG name="Component Details">

------------------------------------------------------------
Component Placement Details
------------------------------------------------------------
UDB [UDB=(0,0)] is empty.
UDB [UDB=(0,1)] is empty.
UDB [UDB=(0,2)] is empty.
UDB [UDB=(0,3)] is empty.
UDB [UDB=(0,4)] is empty.
UDB [UDB=(0,5)] is empty.
UDB [UDB=(1,0)] is empty.
UDB [UDB=(1,1)] is empty.
UDB [UDB=(1,2)] is empty.
UDB [UDB=(1,3)] is empty.
UDB [UDB=(1,4)] is empty.
UDB [UDB=(1,5)] is empty.
UDB [UDB=(2,0)] is empty.
UDB [UDB=(2,1)] is empty.
UDB [UDB=(2,2)] is empty.
UDB [UDB=(2,3)] is empty.
UDB [UDB=(2,4)] contents:
datapathcell: Name =\State_1:Forward:u0\
    PORT MAP (
        clock => Net_1 ,
        cs_addr_0 => \State_1:Forward_select_0\ ,
        z0_comb => \State_1:zero\ );
    Properties:
    {
        a0_init = "00000000"
        a1_init = "00000000"
        ce0_sync = 1
        ce1_sync = 1
        cl0_sync = 1
        cl1_sync = 1
        cmsb_sync = 1
        co_msb_sync = 1
        cy_dpconfig = "0000000000000000010000000100000000000000000000000000000000000000000000000000000000000000000000000000000000000000000000000000000011111111000000001111111111111111001000000000000000010000111100000001000000000000"
        d0_init = "00000000"
        d1_init = "00000000"
        f0_blk_sync = 1
        f0_bus_sync = 1
        f1_blk_sync = 1
        f1_bus_sync = 1
        ff0_sync = 1
        ff1_sync = 1
        ov_msb_sync = 1
        so_sync = 1
        z0_sync = 1
        z1_sync = 1
    }
    Clock Polarity: Active High
    Clock Enable: True

controlcell: Name =\State_1:CtrlReg_Run:Sync:ctrl_reg\
    PORT MAP (
        clock => Net_1 ,
        control_7 => \State_1:CtrlReg_Run:control_7\ ,
        control_6 => \State_1:CtrlReg_Run:control_6\ ,
        control_5 => \State_1:CtrlReg_Run:control_5\ ,
        control_4 => \State_1:CtrlReg_Run:control_4\ ,
        control_3 => \State_1:CtrlReg_Run:control_3\ ,
        control_2 => \State_1:CtrlReg_Run:control_2\ ,
        control_1 => \State_1:CtrlReg_Run:control_1\ ,
        control_0 => \State_1:Forward_select_0\ );
    Properties:
    {
        cy_ctrl_mode_0 = "00000001"
        cy_ctrl_mode_1 = "00000000"
        cy_ext_reset = 1
        cy_force_order = 1
        cy_init_value = "00000000"
    }
    Clock Polarity: Active High
    Clock Enable: True

UDB [UDB=(2,5)] is empty.
UDB [UDB=(3,0)] is empty.
UDB [UDB=(3,1)] is empty.
UDB [UDB=(3,2)] is empty.
UDB [UDB=(3,3)] is empty.
UDB [UDB=(3,4)] contents:
LAB@[UDB=(3,4)][LB=0] #macrocells=4, #inputs=5, #pterms=6
{
    [McSlotId=0]:     MacroCell: Name=\State_1:StateMachine_2_1\, Mode=(T-Register) @ [UDB=(3,4)][LB=0][MC=0]
        Total # of inputs        : 4
        Total # of product terms : 2
        List of special equations: 
            Clock  = (Net_1) => Global
            Clock Enable: True
        Main Equation            : 2 pterms
        (
              !\State_1:Pos_select_1\ * \State_1:Pos_select_2\ * 
              !\State_1:zero\ * !\State_1:StateMachine_2_0\
            + \State_1:Pos_select_1\ * !\State_1:zero\ * 
              \State_1:StateMachine_2_0\
        );
        Output = \State_1:StateMachine_2_1\ (fanout=4)
        Properties               : 
        {
        }

    [McSlotId=1]:     MacroCell: Name=\State_1:StateMachine_2_0\, Mode=(T-Register) @ [UDB=(3,4)][LB=0][MC=1]
        Total # of inputs        : 3
        Total # of product terms : 2
        List of special equations: 
            Clock  = (Net_1) => Global
            Clock Enable: True
        Main Equation            : 2 pterms
        (
              \State_1:Pos_select_1\ * !\State_1:zero\
            + \State_1:Pos_select_2\ * !\State_1:zero\
        );
        Output = \State_1:StateMachine_2_0\ (fanout=5)
        Properties               : 
        {
        }

    [McSlotId=2]:     MacroCell: Name=Net_2, Mode=(D-Register) @ [UDB=(3,4)][LB=0][MC=2]
        Total # of inputs        : 2
        Total # of product terms : 1
        List of special equations: 
            Clock  = (Net_1) => Global
            Clock Enable: True
        Main Equation            : 1 pterm
        (
              !\State_1:StateMachine_2_1\ * !\State_1:StateMachine_2_0\
        );
        Output = Net_2 (fanout=1)
        Properties               : 
        {
        }

    [McSlotId=3]:     MacroCell: Name=Net_3, Mode=(D-Register) @ [UDB=(3,4)][LB=0][MC=3]
        Total # of inputs        : 2
        Total # of product terms : 1
        List of special equations: 
            Clock  = (Net_1) => Global
            Clock Enable: True
        Main Equation            : 1 pterm
        (
              \State_1:StateMachine_2_1\ * !\State_1:StateMachine_2_0\
        );
        Output = Net_3 (fanout=1)
        Properties               : 
        {
        }
}

LAB@[UDB=(3,4)][LB=1] #macrocells=2, #inputs=2, #pterms=2
{
    [McSlotId=0]:     MacroCell: Name=Net_4, Mode=(D-Register) @ [UDB=(3,4)][LB=1][MC=0]
        Total # of inputs        : 2
        Total # of product terms : 1
        List of special equations: 
            Clock  = (Net_1) => Global
            Clock Enable: True
        Main Equation            : 1 pterm
        (
              !\State_1:StateMachine_2_1\ * \State_1:StateMachine_2_0\
        );
        Output = Net_4 (fanout=1)
        Properties               : 
        {
        }

    [McSlotId=1]:     MacroCell: Name=Net_5, Mode=(D-Register) @ [UDB=(3,4)][LB=1][MC=1]
        Total # of inputs        : 2
        Total # of product terms : 1
        List of special equations: 
            Clock  = (Net_1) => Global
            Clock Enable: True
        Main Equation            : 1 pterm
        (
              \State_1:StateMachine_2_1\ * \State_1:StateMachine_2_0\
        );
        Output = Net_5 (fanout=1)
        Properties               : 
        {
        }

    [McSlotId=2]: (empty)
    [McSlotId=3]: (empty)
}

datapathcell: Name =\State_1:Pos:u0\
    PORT MAP (
        clock => Net_1 ,
        cs_addr_2 => \State_1:Pos_select_2\ ,
        cs_addr_1 => \State_1:Pos_select_1\ ,
        cs_addr_0 => \State_1:Forward_select_0\ );
    Properties:
    {
        a0_init = "01100100"
        a1_init = "00000000"
        ce0_sync = 1
        ce1_sync = 1
        cl0_sync = 1
        cl1_sync = 1
        cmsb_sync = 1
        co_msb_sync = 1
        cy_dpconfig = "0000000000000000000000000000000000000000000000000010000001000000000000000000000001000000010000000000000000000000000000000000000011111111000000001111111111111111001000000000000000000000111100000001000000000000"
        d0_init = "00000000"
        d1_init = "00000000"
        f0_blk_sync = 1
        f0_bus_sync = 1
        f1_blk_sync = 1
        f1_bus_sync = 1
        ff0_sync = 1
        ff1_sync = 1
        ov_msb_sync = 1
        so_sync = 1
        z0_sync = 1
        z1_sync = 1
    }
    Clock Polarity: Active High
    Clock Enable: True

controlcell: Name =\State_1:CtrlReg_Dir:Sync:ctrl_reg\
    PORT MAP (
        clock => Net_1 ,
        control_7 => \State_1:CtrlReg_Dir:control_7\ ,
        control_6 => \State_1:CtrlReg_Dir:control_6\ ,
        control_5 => \State_1:CtrlReg_Dir:control_5\ ,
        control_4 => \State_1:CtrlReg_Dir:control_4\ ,
        control_3 => \State_1:CtrlReg_Dir:control_3\ ,
        control_2 => \State_1:CtrlReg_Dir:control_2\ ,
        control_1 => \State_1:Pos_select_2\ ,
        control_0 => \State_1:Pos_select_1\ );
    Properties:
    {
        cy_ctrl_mode_0 = "00000010"
        cy_ctrl_mode_1 = "00000000"
        cy_ext_reset = 1
        cy_force_order = 1
        cy_init_value = "00000000"
    }
    Clock Polarity: Active High
    Clock Enable: True

UDB [UDB=(3,5)] is empty.
Intr container @ [IntrContainer=(0)]: 
  Intr@ [IntrContainer=(0)][IntrId=(15)] 
    interrupt: Name =\I2CS:I2C_IRQ\
        PORT MAP (
            interrupt => \I2CS:Net_697\ );
        Properties:
        {
            int_type = "00"
            is_nmi = 0
        }
Drq container @ [DrqContainer=(0)]: empty
Port 0 contains the following IO cells:
[IoId=0]: 
Pin : Name = SCL_1(0)
    Attributes:
        In Group/Port: True
        In Sync Option: SYNC
        Out Sync Option: NOSYNC
        Interrupt generated: False
        Interrupt mode: NONE
        Drive mode: OPEN_DRAIN_LO
        VTrip: CMOS
        Slew: FAST
        Input Sync needed: True
        Output Sync needed: False
        SC shield enabled: False
        POR State: ANY
        LCD Mode: COMMON
        Register Mode: RegComb
        CaSense Mode: NEITHER
        Treat as pin: True
        Is OE Registered: False
        Uses Analog: False
        Can contain Digital: True
        Is SIO: False
        SIO Output Buf: NONREGULATED
        SIO Input Buf: SINGLE_ENDED
        SIO HiFreq: LOW
        SIO Hyst: DISABLED
        SIO Vtrip: MULTIPLIER_0_5
        SIO Multiplier Index: 0
        SIO RefSel: VCC_IO
        Required Capabilitites: DIGITAL, ROUTABLE
        Initial Value: 1
        IO Voltage: 0
    PORT MAP (
        pa_out => SCL_1(0)__PA ,
        fb => \I2CS:Net_1109_0\ ,
        input => \I2CS:Net_643_0\ ,
        pad => SCL_1(0)_PAD );
    Properties:
    {
    }

[IoId=1]: 
Pin : Name = C(0)
    Attributes:
        In Group/Port: True
        In Sync Option: AUTO
        Out Sync Option: NOSYNC
        Interrupt generated: False
        Interrupt mode: NONE
        Drive mode: CMOS_OUT
        VTrip: EITHER
        Slew: FAST
        Input Sync needed: False
        Output Sync needed: False
        SC shield enabled: False
        POR State: ANY
        LCD Mode: COMMON
        Register Mode: RegComb
        CaSense Mode: NEITHER
        Treat as pin: True
        Is OE Registered: False
        Uses Analog: False
        Can contain Digital: True
        Is SIO: False
        SIO Output Buf: NONREGULATED
        SIO Input Buf: SINGLE_ENDED
        SIO HiFreq: LOW
        SIO Hyst: DISABLED
        SIO Vtrip: MULTIPLIER_0_5
        SIO Multiplier Index: 0
        SIO RefSel: VCC_IO
        Required Capabilitites: DIGITAL, ROUTABLE
        Initial Value: 0
        IO Voltage: 0
    PORT MAP (
        pa_out => C(0)__PA ,
        input => Net_4 ,
        pad => C(0)_PAD );
    Properties:
    {
    }

[IoId=2]: 
Pin : Name = B(0)
    Attributes:
        In Group/Port: True
        In Sync Option: AUTO
        Out Sync Option: NOSYNC
        Interrupt generated: False
        Interrupt mode: NONE
        Drive mode: CMOS_OUT
        VTrip: EITHER
        Slew: FAST
        Input Sync needed: False
        Output Sync needed: False
        SC shield enabled: False
        POR State: ANY
        LCD Mode: COMMON
        Register Mode: RegComb
        CaSense Mode: NEITHER
        Treat as pin: True
        Is OE Registered: False
        Uses Analog: False
        Can contain Digital: True
        Is SIO: False
        SIO Output Buf: NONREGULATED
        SIO Input Buf: SINGLE_ENDED
        SIO HiFreq: LOW
        SIO Hyst: DISABLED
        SIO Vtrip: MULTIPLIER_0_5
        SIO Multiplier Index: 0
        SIO RefSel: VCC_IO
        Required Capabilitites: DIGITAL, ROUTABLE
        Initial Value: 0
        IO Voltage: 0
    PORT MAP (
        pa_out => B(0)__PA ,
        input => Net_3 ,
        pad => B(0)_PAD );
    Properties:
    {
    }

[IoId=3]: 
Pin : Name = D(0)
    Attributes:
        In Group/Port: True
        In Sync Option: AUTO
        Out Sync Option: NOSYNC
        Interrupt generated: False
        Interrupt mode: NONE
        Drive mode: CMOS_OUT
        VTrip: EITHER
        Slew: FAST
        Input Sync needed: False
        Output Sync needed: False
        SC shield enabled: False
        POR State: ANY
        LCD Mode: COMMON
        Register Mode: RegComb
        CaSense Mode: NEITHER
        Treat as pin: True
        Is OE Registered: False
        Uses Analog: False
        Can contain Digital: True
        Is SIO: False
        SIO Output Buf: NONREGULATED
        SIO Input Buf: SINGLE_ENDED
        SIO HiFreq: LOW
        SIO Hyst: DISABLED
        SIO Vtrip: MULTIPLIER_0_5
        SIO Multiplier Index: 0
        SIO RefSel: VCC_IO
        Required Capabilitites: DIGITAL, ROUTABLE
        Initial Value: 0
        IO Voltage: 0
    PORT MAP (
        pa_out => D(0)__PA ,
        input => Net_5 ,
        pad => D(0)_PAD );
    Properties:
    {
    }

[IoId=4]: 
Pin : Name = A(0)
    Attributes:
        In Group/Port: True
        In Sync Option: AUTO
        Out Sync Option: NOSYNC
        Interrupt generated: False
        Interrupt mode: NONE
        Drive mode: CMOS_OUT
        VTrip: EITHER
        Slew: FAST
        Input Sync needed: False
        Output Sync needed: False
        SC shield enabled: False
        POR State: ANY
        LCD Mode: COMMON
        Register Mode: RegComb
        CaSense Mode: NEITHER
        Treat as pin: True
        Is OE Registered: False
        Uses Analog: False
        Can contain Digital: True
        Is SIO: False
        SIO Output Buf: NONREGULATED
        SIO Input Buf: SINGLE_ENDED
        SIO HiFreq: LOW
        SIO Hyst: DISABLED
        SIO Vtrip: MULTIPLIER_0_5
        SIO Multiplier Index: 0
        SIO RefSel: VCC_IO
        Required Capabilitites: DIGITAL, ROUTABLE
        Initial Value: 0
        IO Voltage: 0
    PORT MAP (
        pa_out => A(0)__PA ,
        input => Net_2 ,
        pad => A(0)_PAD );
    Properties:
    {
    }

[IoId=5]: 
Pin : Name = SDA_1(0)
    Attributes:
        In Group/Port: True
        In Sync Option: SYNC
        Out Sync Option: NOSYNC
        Interrupt generated: False
        Interrupt mode: NONE
        Drive mode: OPEN_DRAIN_LO
        VTrip: CMOS
        Slew: FAST
        Input Sync needed: True
        Output Sync needed: False
        SC shield enabled: False
        POR State: ANY
        LCD Mode: COMMON
        Register Mode: RegComb
        CaSense Mode: NEITHER
        Treat as pin: True
        Is OE Registered: False
        Uses Analog: False
        Can contain Digital: True
        Is SIO: False
        SIO Output Buf: NONREGULATED
        SIO Input Buf: SINGLE_ENDED
        SIO HiFreq: LOW
        SIO Hyst: DISABLED
        SIO Vtrip: MULTIPLIER_0_5
        SIO Multiplier Index: 0
        SIO RefSel: VCC_IO
        Required Capabilitites: DIGITAL, ROUTABLE
        Initial Value: 1
        IO Voltage: 0
    PORT MAP (
        pa_out => SDA_1(0)__PA ,
        fb => \I2CS:Net_1109_1\ ,
        input => \I2CS:sda_x_wire\ ,
        pad => SDA_1(0)_PAD );
    Properties:
    {
    }

Port 1 is empty
Port 2 is empty
Port 3 is empty
Port 12 is empty
Port 15 is empty
ARM group 0: empty
CAN 2.0b group 0: empty
Cache group 0: empty
CapSense group 0: empty
Clock group 0: 
    Clock Block @ F(Clock,0): 
    clockblockcell: Name =ClockBlock
        PORT MAP (
            imo => ClockBlock_IMO ,
            pllout => ClockBlock_PLL_OUT ,
            ilo => ClockBlock_ILO ,
            clk_100k => ClockBlock_100k ,
            clk_1k => ClockBlock_1k ,
            clk_32k => ClockBlock_32k ,
            xtal => ClockBlock_XTAL ,
            clk_32k_xtal => ClockBlock_XTAL_32KHZ ,
            clk_sync => ClockBlock_MASTER_CLK ,
            clk_bus_glb => ClockBlock_BUS_CLK ,
            clk_bus => ClockBlock_BUS_CLK_local ,
            dclk_glb_0 => Net_1 ,
            dclk_0 => Net_1_local );
        Properties:
        {
        }
Comparator group 0: empty
Digital Filter Block group 0: empty
Delta-Sigma ADC group 0: empty
Decimator group 0: empty
EMIF group 0: empty
I2C group 0: 
    I2C Block @ F(I2C,0): 
    i2ccell: Name =\I2CS:I2C_FF\
        PORT MAP (
            clock => ClockBlock_BUS_CLK ,
            scl_in => \I2CS:Net_1109_0\ ,
            sda_in => \I2CS:Net_1109_1\ ,
            scl_out => \I2CS:Net_643_0\ ,
            sda_out => \I2CS:sda_x_wire\ ,
            interrupt => \I2CS:Net_697\ );
        Properties:
        {
            cy_registers = ""
            use_wakeup = 0
        }
Segment LCD group 0: empty
LVD group 0: empty
PM group 0: empty
Analog (SC/CT) Blocks group 0: empty
SPC group 0: empty
Timer group 0: empty
USB group 0: empty
VIDAC group 0: empty
Opamp group 0: empty
CapSense Buffers group 0: empty
Vref group 0: empty
LPF group 0: empty
SAR ADC group 0: empty
</CYPRESSTAG>
<CYPRESSTAG name="Port Configuration Details">

------------------------------------------------------------
Port Configuration report
------------------------------------------------------------
     |     |       | Interrupt |                  |          | 
Port | Pin | Fixed |      Type |       Drive Mode |     Name | Connections
-----+-----+-------+-----------+------------------+----------+---------------------------------------------
   0 |   0 |       |      NONE |    OPEN_DRAIN_LO | SCL_1(0) | FB(\I2CS:Net_1109_0\), In(\I2CS:Net_643_0\)
     |   1 |       |      NONE |         CMOS_OUT |     C(0) | In(Net_4)
     |   2 |       |      NONE |         CMOS_OUT |     B(0) | In(Net_3)
     |   3 |       |      NONE |         CMOS_OUT |     D(0) | In(Net_5)
     |   4 |       |      NONE |         CMOS_OUT |     A(0) | In(Net_2)
     |   5 |       |      NONE |    OPEN_DRAIN_LO | SDA_1(0) | FB(\I2CS:Net_1109_1\), In(\I2CS:sda_x_wire\)
-----------------------------------------------------------------------------------------------------------
</CYPRESSTAG>
</CYPRESSTAG>
</CYPRESSTAG>
Digital component placer commit/Report: Elapsed time ==> 0s.001ms
Digital Placement phase: Elapsed time ==> 0s.686ms
</CYPRESSTAG>
<CYPRESSTAG name="Digital Routing">
Routing successful.
Digital Routing phase: Elapsed time ==> 1s.150ms
</CYPRESSTAG>
<CYPRESSTAG name="Bitstream Generation">
Bitstream Generation phase: Elapsed time ==> 0s.191ms
</CYPRESSTAG>
<CYPRESSTAG name="Bitstream Verification">
Bitstream Verification phase: Elapsed time ==> 0s.032ms
</CYPRESSTAG>
<CYPRESSTAG name="Static timing analysis">
Timing report is in I2C_Slave_prog_timing.html.
Static timing analysis phase: Elapsed time ==> 0s.220ms
</CYPRESSTAG>
<CYPRESSTAG name="Data reporting">
Data reporting phase: Elapsed time ==> 0s.000ms
</CYPRESSTAG>
<CYPRESSTAG name="Database update...">
Design database save phase: Elapsed time ==> 0s.146ms
</CYPRESSTAG>
cydsfit: Elapsed time ==> 2s.816ms
</CYPRESSTAG>
Fitter phase: Elapsed time ==> 2s.816ms
API generation phase: Elapsed time ==> 1s.162ms
Dependency generation phase: Elapsed time ==> 0s.021ms
Cleanup phase: Elapsed time ==> 0s.001ms
