ARM GAS  C:\Users\Anders\AppData\Local\Temp\ccaZjvjV.s 			page 1


   1              		.cpu cortex-m0
   2              		.fpu softvfp
   3              		.eabi_attribute 20, 1
   4              		.eabi_attribute 21, 1
   5              		.eabi_attribute 23, 3
   6              		.eabi_attribute 24, 1
   7              		.eabi_attribute 25, 1
   8              		.eabi_attribute 26, 1
   9              		.eabi_attribute 30, 1
  10              		.eabi_attribute 34, 0
  11              		.eabi_attribute 18, 4
  12              		.code	16
  13              		.file	"cyfitter_cfg.c"
  14              		.text
  15              	.Ltext0:
  16              		.cfi_sections	.debug_frame
  17              		.section	.text.cfg_write_bytes32,"ax",%progbits
  18              		.align	2
  19              		.code	16
  20              		.thumb_func
  21              		.type	cfg_write_bytes32, %function
  22              	cfg_write_bytes32:
  23              	.LFB3:
  24              		.file 1 "Generated_Source\\PSoC4\\cyfitter_cfg.c"
   1:Generated_Source\PSoC4/cyfitter_cfg.c **** /*******************************************************************************
   2:Generated_Source\PSoC4/cyfitter_cfg.c **** * File Name: cyfitter_cfg.c
   3:Generated_Source\PSoC4/cyfitter_cfg.c **** * 
   4:Generated_Source\PSoC4/cyfitter_cfg.c **** * PSoC Creator  4.0
   5:Generated_Source\PSoC4/cyfitter_cfg.c **** *
   6:Generated_Source\PSoC4/cyfitter_cfg.c **** * Description:
   7:Generated_Source\PSoC4/cyfitter_cfg.c **** * This file contains device initialization code.
   8:Generated_Source\PSoC4/cyfitter_cfg.c **** * Except for the user defined sections in CyClockStartupError(), this file should not be modified.
   9:Generated_Source\PSoC4/cyfitter_cfg.c **** * This file is automatically generated by PSoC Creator.
  10:Generated_Source\PSoC4/cyfitter_cfg.c **** *
  11:Generated_Source\PSoC4/cyfitter_cfg.c **** ********************************************************************************
  12:Generated_Source\PSoC4/cyfitter_cfg.c **** * Copyright (c) 2007-2016 Cypress Semiconductor.  All rights reserved.
  13:Generated_Source\PSoC4/cyfitter_cfg.c **** * You may use this file only in accordance with the license, terms, conditions, 
  14:Generated_Source\PSoC4/cyfitter_cfg.c **** * disclaimers, and limitations in the end user license agreement accompanying 
  15:Generated_Source\PSoC4/cyfitter_cfg.c **** * the software package with which this file was provided.
  16:Generated_Source\PSoC4/cyfitter_cfg.c **** ********************************************************************************/
  17:Generated_Source\PSoC4/cyfitter_cfg.c **** 
  18:Generated_Source\PSoC4/cyfitter_cfg.c **** #include <string.h>
  19:Generated_Source\PSoC4/cyfitter_cfg.c **** #include "cytypes.h"
  20:Generated_Source\PSoC4/cyfitter_cfg.c **** #include "cydevice_trm.h"
  21:Generated_Source\PSoC4/cyfitter_cfg.c **** #include "cyfitter.h"
  22:Generated_Source\PSoC4/cyfitter_cfg.c **** #include "CyLib.h"
  23:Generated_Source\PSoC4/cyfitter_cfg.c **** #include "CyLFClk.h"
  24:Generated_Source\PSoC4/cyfitter_cfg.c **** #include "cyfitter_cfg.h"
  25:Generated_Source\PSoC4/cyfitter_cfg.c **** #include "cyapicallbacks.h"
  26:Generated_Source\PSoC4/cyfitter_cfg.c **** 
  27:Generated_Source\PSoC4/cyfitter_cfg.c **** 
  28:Generated_Source\PSoC4/cyfitter_cfg.c **** #if defined(__GNUC__) || defined(__ARMCC_VERSION)
  29:Generated_Source\PSoC4/cyfitter_cfg.c ****     #define CYPACKED 
  30:Generated_Source\PSoC4/cyfitter_cfg.c ****     #define CYPACKED_ATTR __attribute__ ((packed))
  31:Generated_Source\PSoC4/cyfitter_cfg.c ****     #define CYALIGNED __attribute__ ((aligned))
  32:Generated_Source\PSoC4/cyfitter_cfg.c ****     #define CY_CFG_UNUSED __attribute__ ((unused))
  33:Generated_Source\PSoC4/cyfitter_cfg.c ****     #ifndef CY_CFG_SECTION
ARM GAS  C:\Users\Anders\AppData\Local\Temp\ccaZjvjV.s 			page 2


  34:Generated_Source\PSoC4/cyfitter_cfg.c ****         #define CY_CFG_SECTION __attribute__ ((section(".psocinit")))
  35:Generated_Source\PSoC4/cyfitter_cfg.c ****     #endif
  36:Generated_Source\PSoC4/cyfitter_cfg.c ****     
  37:Generated_Source\PSoC4/cyfitter_cfg.c ****     #if defined(__ARMCC_VERSION)
  38:Generated_Source\PSoC4/cyfitter_cfg.c ****         #define CY_CFG_MEMORY_BARRIER() __memory_changed()
  39:Generated_Source\PSoC4/cyfitter_cfg.c ****     #else
  40:Generated_Source\PSoC4/cyfitter_cfg.c ****         #define CY_CFG_MEMORY_BARRIER() __sync_synchronize()
  41:Generated_Source\PSoC4/cyfitter_cfg.c ****     #endif
  42:Generated_Source\PSoC4/cyfitter_cfg.c ****     
  43:Generated_Source\PSoC4/cyfitter_cfg.c **** #elif defined(__ICCARM__)
  44:Generated_Source\PSoC4/cyfitter_cfg.c ****     #include <intrinsics.h>
  45:Generated_Source\PSoC4/cyfitter_cfg.c **** 
  46:Generated_Source\PSoC4/cyfitter_cfg.c ****     #define CYPACKED __packed
  47:Generated_Source\PSoC4/cyfitter_cfg.c ****     #define CYPACKED_ATTR 
  48:Generated_Source\PSoC4/cyfitter_cfg.c ****     #define CYALIGNED _Pragma("data_alignment=4")
  49:Generated_Source\PSoC4/cyfitter_cfg.c ****     #define CY_CFG_UNUSED _Pragma("diag_suppress=Pe177")
  50:Generated_Source\PSoC4/cyfitter_cfg.c ****     #define CY_CFG_SECTION _Pragma("location=\".psocinit\"")
  51:Generated_Source\PSoC4/cyfitter_cfg.c ****     
  52:Generated_Source\PSoC4/cyfitter_cfg.c ****     #define CY_CFG_MEMORY_BARRIER() __DMB()
  53:Generated_Source\PSoC4/cyfitter_cfg.c ****     
  54:Generated_Source\PSoC4/cyfitter_cfg.c **** #else
  55:Generated_Source\PSoC4/cyfitter_cfg.c ****     #error Unsupported toolchain
  56:Generated_Source\PSoC4/cyfitter_cfg.c **** #endif
  57:Generated_Source\PSoC4/cyfitter_cfg.c **** 
  58:Generated_Source\PSoC4/cyfitter_cfg.c **** 
  59:Generated_Source\PSoC4/cyfitter_cfg.c **** CY_CFG_UNUSED
  60:Generated_Source\PSoC4/cyfitter_cfg.c **** static void CYMEMZERO(void *s, size_t n);
  61:Generated_Source\PSoC4/cyfitter_cfg.c **** CY_CFG_UNUSED
  62:Generated_Source\PSoC4/cyfitter_cfg.c **** static void CYMEMZERO(void *s, size_t n)
  63:Generated_Source\PSoC4/cyfitter_cfg.c **** {
  64:Generated_Source\PSoC4/cyfitter_cfg.c **** 	(void)memset(s, 0, n);
  65:Generated_Source\PSoC4/cyfitter_cfg.c **** }
  66:Generated_Source\PSoC4/cyfitter_cfg.c **** CY_CFG_UNUSED
  67:Generated_Source\PSoC4/cyfitter_cfg.c **** static void CYCONFIGCPY(void *dest, const void *src, size_t n);
  68:Generated_Source\PSoC4/cyfitter_cfg.c **** CY_CFG_UNUSED
  69:Generated_Source\PSoC4/cyfitter_cfg.c **** static void CYCONFIGCPY(void *dest, const void *src, size_t n)
  70:Generated_Source\PSoC4/cyfitter_cfg.c **** {
  71:Generated_Source\PSoC4/cyfitter_cfg.c **** 	(void)memcpy(dest, src, n);
  72:Generated_Source\PSoC4/cyfitter_cfg.c **** }
  73:Generated_Source\PSoC4/cyfitter_cfg.c **** CY_CFG_UNUSED
  74:Generated_Source\PSoC4/cyfitter_cfg.c **** static void CYCONFIGCPYCODE(void *dest, const void *src, size_t n);
  75:Generated_Source\PSoC4/cyfitter_cfg.c **** CY_CFG_UNUSED
  76:Generated_Source\PSoC4/cyfitter_cfg.c **** static void CYCONFIGCPYCODE(void *dest, const void *src, size_t n)
  77:Generated_Source\PSoC4/cyfitter_cfg.c **** {
  78:Generated_Source\PSoC4/cyfitter_cfg.c **** 	(void)memcpy(dest, src, n);
  79:Generated_Source\PSoC4/cyfitter_cfg.c **** }
  80:Generated_Source\PSoC4/cyfitter_cfg.c **** 
  81:Generated_Source\PSoC4/cyfitter_cfg.c **** 
  82:Generated_Source\PSoC4/cyfitter_cfg.c **** 
  83:Generated_Source\PSoC4/cyfitter_cfg.c **** 
  84:Generated_Source\PSoC4/cyfitter_cfg.c **** /* Clock startup error codes                                                   */
  85:Generated_Source\PSoC4/cyfitter_cfg.c **** #define CYCLOCKSTART_NO_ERROR    0u
  86:Generated_Source\PSoC4/cyfitter_cfg.c **** #define CYCLOCKSTART_XTAL_ERROR  1u
  87:Generated_Source\PSoC4/cyfitter_cfg.c **** #define CYCLOCKSTART_32KHZ_ERROR 2u
  88:Generated_Source\PSoC4/cyfitter_cfg.c **** #define CYCLOCKSTART_PLL_ERROR   3u
  89:Generated_Source\PSoC4/cyfitter_cfg.c **** 
  90:Generated_Source\PSoC4/cyfitter_cfg.c **** 
ARM GAS  C:\Users\Anders\AppData\Local\Temp\ccaZjvjV.s 			page 3


  91:Generated_Source\PSoC4/cyfitter_cfg.c **** #ifdef CY_NEED_CYCLOCKSTARTUPERROR
  92:Generated_Source\PSoC4/cyfitter_cfg.c **** /*******************************************************************************
  93:Generated_Source\PSoC4/cyfitter_cfg.c **** * Function Name: CyClockStartupError
  94:Generated_Source\PSoC4/cyfitter_cfg.c **** ********************************************************************************
  95:Generated_Source\PSoC4/cyfitter_cfg.c **** * Summary:
  96:Generated_Source\PSoC4/cyfitter_cfg.c **** *  If an error is encountered during clock configuration (crystal startup error,
  97:Generated_Source\PSoC4/cyfitter_cfg.c **** *  PLL lock error, etc.), the system will end up here.  Unless reimplemented by
  98:Generated_Source\PSoC4/cyfitter_cfg.c **** *  the customer, this function will stop in an infinite loop.
  99:Generated_Source\PSoC4/cyfitter_cfg.c **** *
 100:Generated_Source\PSoC4/cyfitter_cfg.c **** * Parameters:
 101:Generated_Source\PSoC4/cyfitter_cfg.c **** *   void
 102:Generated_Source\PSoC4/cyfitter_cfg.c **** *
 103:Generated_Source\PSoC4/cyfitter_cfg.c **** * Return:
 104:Generated_Source\PSoC4/cyfitter_cfg.c **** *   void
 105:Generated_Source\PSoC4/cyfitter_cfg.c **** *
 106:Generated_Source\PSoC4/cyfitter_cfg.c **** *******************************************************************************/
 107:Generated_Source\PSoC4/cyfitter_cfg.c **** CY_CFG_UNUSED
 108:Generated_Source\PSoC4/cyfitter_cfg.c **** static void CyClockStartupError(uint8 errorCode);
 109:Generated_Source\PSoC4/cyfitter_cfg.c **** CY_CFG_UNUSED
 110:Generated_Source\PSoC4/cyfitter_cfg.c **** static void CyClockStartupError(uint8 errorCode)
 111:Generated_Source\PSoC4/cyfitter_cfg.c **** {
 112:Generated_Source\PSoC4/cyfitter_cfg.c ****     /* To remove the compiler warning if errorCode not used.                */
 113:Generated_Source\PSoC4/cyfitter_cfg.c ****     errorCode = errorCode;
 114:Generated_Source\PSoC4/cyfitter_cfg.c **** 
 115:Generated_Source\PSoC4/cyfitter_cfg.c ****     /* If we have a clock startup error (bad MHz crystal, PLL lock, etc.),  */
 116:Generated_Source\PSoC4/cyfitter_cfg.c ****     /* we will end up here to allow the customer to implement something to  */
 117:Generated_Source\PSoC4/cyfitter_cfg.c ****     /* deal with the clock condition.                                       */
 118:Generated_Source\PSoC4/cyfitter_cfg.c **** 
 119:Generated_Source\PSoC4/cyfitter_cfg.c **** #ifdef CY_CFG_CLOCK_STARTUP_ERROR_CALLBACK
 120:Generated_Source\PSoC4/cyfitter_cfg.c **** 	CY_CFG_Clock_Startup_ErrorCallback();
 121:Generated_Source\PSoC4/cyfitter_cfg.c **** #else
 122:Generated_Source\PSoC4/cyfitter_cfg.c **** 	/*  If not using CY_CFG_CLOCK_STARTUP_ERROR_CALLBACK, place your clock startup code here. */
 123:Generated_Source\PSoC4/cyfitter_cfg.c ****     /* `#START CyClockStartupError` */
 124:Generated_Source\PSoC4/cyfitter_cfg.c **** 
 125:Generated_Source\PSoC4/cyfitter_cfg.c **** 
 126:Generated_Source\PSoC4/cyfitter_cfg.c **** 
 127:Generated_Source\PSoC4/cyfitter_cfg.c ****     /* `#END` */
 128:Generated_Source\PSoC4/cyfitter_cfg.c **** 
 129:Generated_Source\PSoC4/cyfitter_cfg.c ****     /* If nothing else, stop here since the clocks have not started         */
 130:Generated_Source\PSoC4/cyfitter_cfg.c ****     /* correctly.                                                           */
 131:Generated_Source\PSoC4/cyfitter_cfg.c ****     while(1) {}
 132:Generated_Source\PSoC4/cyfitter_cfg.c **** #endif /* CY_CFG_CLOCK_STARTUP_ERROR_CALLBACK */ 
 133:Generated_Source\PSoC4/cyfitter_cfg.c **** }
 134:Generated_Source\PSoC4/cyfitter_cfg.c **** #endif
 135:Generated_Source\PSoC4/cyfitter_cfg.c **** 
 136:Generated_Source\PSoC4/cyfitter_cfg.c **** #define CY_CFG_BASE_ADDR_COUNT 7u
 137:Generated_Source\PSoC4/cyfitter_cfg.c **** CYPACKED typedef struct
 138:Generated_Source\PSoC4/cyfitter_cfg.c **** {
 139:Generated_Source\PSoC4/cyfitter_cfg.c **** 	uint8 offset;
 140:Generated_Source\PSoC4/cyfitter_cfg.c **** 	uint8 value;
 141:Generated_Source\PSoC4/cyfitter_cfg.c **** } CYPACKED_ATTR cy_cfg_addrvalue_t;
 142:Generated_Source\PSoC4/cyfitter_cfg.c **** 
 143:Generated_Source\PSoC4/cyfitter_cfg.c **** 
 144:Generated_Source\PSoC4/cyfitter_cfg.c **** 
 145:Generated_Source\PSoC4/cyfitter_cfg.c **** /*******************************************************************************
 146:Generated_Source\PSoC4/cyfitter_cfg.c **** * Function Name: cfg_write_bytes32
 147:Generated_Source\PSoC4/cyfitter_cfg.c **** ********************************************************************************
ARM GAS  C:\Users\Anders\AppData\Local\Temp\ccaZjvjV.s 			page 4


 148:Generated_Source\PSoC4/cyfitter_cfg.c **** * Summary:
 149:Generated_Source\PSoC4/cyfitter_cfg.c **** *  This function is used for setting up the chip configuration areas that
 150:Generated_Source\PSoC4/cyfitter_cfg.c **** *  contain relatively sparse data.
 151:Generated_Source\PSoC4/cyfitter_cfg.c **** *
 152:Generated_Source\PSoC4/cyfitter_cfg.c **** * Parameters:
 153:Generated_Source\PSoC4/cyfitter_cfg.c **** *   void
 154:Generated_Source\PSoC4/cyfitter_cfg.c **** *
 155:Generated_Source\PSoC4/cyfitter_cfg.c **** * Return:
 156:Generated_Source\PSoC4/cyfitter_cfg.c **** *   void
 157:Generated_Source\PSoC4/cyfitter_cfg.c **** *
 158:Generated_Source\PSoC4/cyfitter_cfg.c **** *******************************************************************************/
 159:Generated_Source\PSoC4/cyfitter_cfg.c **** static void cfg_write_bytes32(const uint32 addr_table[], const cy_cfg_addrvalue_t data_table[]);
 160:Generated_Source\PSoC4/cyfitter_cfg.c **** static void cfg_write_bytes32(const uint32 addr_table[], const cy_cfg_addrvalue_t data_table[])
 161:Generated_Source\PSoC4/cyfitter_cfg.c **** {
  25              		.loc 1 161 0
  26              		.cfi_startproc
  27              	.LVL0:
  28 0000 F0B5     		push	{r4, r5, r6, r7, lr}
  29              		.cfi_def_cfa_offset 20
  30              		.cfi_offset 4, -20
  31              		.cfi_offset 5, -16
  32              		.cfi_offset 6, -12
  33              		.cfi_offset 7, -8
  34              		.cfi_offset 14, -4
  35              	.LVL1:
 162:Generated_Source\PSoC4/cyfitter_cfg.c **** 	/* For 32-bit little-endian architectures */
 163:Generated_Source\PSoC4/cyfitter_cfg.c **** 	uint32 i, j = 0u;
  36              		.loc 1 163 0
  37 0002 0025     		mov	r5, #0
 164:Generated_Source\PSoC4/cyfitter_cfg.c **** 	for (i = 0u; i < CY_CFG_BASE_ADDR_COUNT; i++)
  38              		.loc 1 164 0
  39 0004 0027     		mov	r7, #0
  40 0006 11E0     		b	.L2
  41              	.LVL2:
  42              	.L5:
  43              	.LBB2:
 165:Generated_Source\PSoC4/cyfitter_cfg.c **** 	{
 166:Generated_Source\PSoC4/cyfitter_cfg.c **** 		uint32 baseAddr = addr_table[i];
  44              		.loc 1 166 0
  45 0008 BB00     		lsl	r3, r7, #2
  46 000a C658     		ldr	r6, [r0, r3]
  47              	.LVL3:
 167:Generated_Source\PSoC4/cyfitter_cfg.c **** 		uint8 count = (uint8)baseAddr;
  48              		.loc 1 167 0
  49 000c F3B2     		uxtb	r3, r6
  50              	.LVL4:
 168:Generated_Source\PSoC4/cyfitter_cfg.c **** 		baseAddr &= 0xFFFFFF00u;
  51              		.loc 1 168 0
  52 000e FF22     		mov	r2, #255
  53 0010 9643     		bic	r6, r2
  54              	.LVL5:
 169:Generated_Source\PSoC4/cyfitter_cfg.c **** 		while (count != 0u)
  55              		.loc 1 169 0
  56 0012 08E0     		b	.L3
  57              	.L4:
 170:Generated_Source\PSoC4/cyfitter_cfg.c **** 		{
 171:Generated_Source\PSoC4/cyfitter_cfg.c **** 			CY_SET_XTND_REG8((void CYFAR *)(baseAddr + data_table[j].offset), data_table[j].value);
ARM GAS  C:\Users\Anders\AppData\Local\Temp\ccaZjvjV.s 			page 5


  58              		.loc 1 171 0
  59 0014 6A00     		lsl	r2, r5, #1
  60 0016 8A18     		add	r2, r1, r2
  61 0018 1478     		ldrb	r4, [r2]
  62 001a A419     		add	r4, r4, r6
  63 001c 5278     		ldrb	r2, [r2, #1]
  64 001e 2270     		strb	r2, [r4]
 172:Generated_Source\PSoC4/cyfitter_cfg.c **** 			j++;
  65              		.loc 1 172 0
  66 0020 0135     		add	r5, r5, #1
  67              	.LVL6:
 173:Generated_Source\PSoC4/cyfitter_cfg.c **** 			count--;
  68              		.loc 1 173 0
  69 0022 013B     		sub	r3, r3, #1
  70              	.LVL7:
  71 0024 DBB2     		uxtb	r3, r3
  72              	.LVL8:
  73              	.L3:
 169:Generated_Source\PSoC4/cyfitter_cfg.c **** 		{
  74              		.loc 1 169 0
  75 0026 002B     		cmp	r3, #0
  76 0028 F4D1     		bne	.L4
  77              	.LBE2:
 164:Generated_Source\PSoC4/cyfitter_cfg.c **** 	{
  78              		.loc 1 164 0 discriminator 2
  79 002a 0137     		add	r7, r7, #1
  80              	.LVL9:
  81              	.L2:
 164:Generated_Source\PSoC4/cyfitter_cfg.c **** 	{
  82              		.loc 1 164 0 is_stmt 0 discriminator 1
  83 002c 062F     		cmp	r7, #6
  84 002e EBD9     		bls	.L5
 174:Generated_Source\PSoC4/cyfitter_cfg.c **** 		}
 175:Generated_Source\PSoC4/cyfitter_cfg.c **** 	}
 176:Generated_Source\PSoC4/cyfitter_cfg.c **** }
  85              		.loc 1 176 0 is_stmt 1
  86              		@ sp needed
  87              	.LVL10:
  88              	.LVL11:
  89 0030 F0BD     		pop	{r4, r5, r6, r7, pc}
  90              		.cfi_endproc
  91              	.LFE3:
  92              		.size	cfg_write_bytes32, .-cfg_write_bytes32
  93 0032 C046     		.section	.text.CYMEMZERO,"ax",%progbits
  94              		.align	2
  95              		.code	16
  96              		.thumb_func
  97              		.type	CYMEMZERO, %function
  98              	CYMEMZERO:
  99              	.LFB0:
  63:Generated_Source\PSoC4/cyfitter_cfg.c **** 	(void)memset(s, 0, n);
 100              		.loc 1 63 0
 101              		.cfi_startproc
 102              	.LVL12:
 103 0000 08B5     		push	{r3, lr}
 104              		.cfi_def_cfa_offset 8
 105              		.cfi_offset 3, -8
ARM GAS  C:\Users\Anders\AppData\Local\Temp\ccaZjvjV.s 			page 6


 106              		.cfi_offset 14, -4
 107 0002 0A1C     		mov	r2, r1
  64:Generated_Source\PSoC4/cyfitter_cfg.c **** }
 108              		.loc 1 64 0
 109 0004 0021     		mov	r1, #0
 110              	.LVL13:
 111 0006 FFF7FEFF 		bl	memset
 112              	.LVL14:
  65:Generated_Source\PSoC4/cyfitter_cfg.c **** CY_CFG_UNUSED
 113              		.loc 1 65 0
 114              		@ sp needed
 115 000a 08BD     		pop	{r3, pc}
 116              		.cfi_endproc
 117              	.LFE0:
 118              		.size	CYMEMZERO, .-CYMEMZERO
 119              		.section	.psocinit,"ax",%progbits
 120              		.align	2
 121              		.code	16
 122              		.thumb_func
 123              		.type	ClockSetup, %function
 124              	ClockSetup:
 125              	.LFB4:
 177:Generated_Source\PSoC4/cyfitter_cfg.c **** 
 178:Generated_Source\PSoC4/cyfitter_cfg.c **** 
 179:Generated_Source\PSoC4/cyfitter_cfg.c **** /*******************************************************************************
 180:Generated_Source\PSoC4/cyfitter_cfg.c **** * Function Name: ClockSetup
 181:Generated_Source\PSoC4/cyfitter_cfg.c **** ********************************************************************************
 182:Generated_Source\PSoC4/cyfitter_cfg.c **** *
 183:Generated_Source\PSoC4/cyfitter_cfg.c **** * Summary:
 184:Generated_Source\PSoC4/cyfitter_cfg.c **** *   Performs the initialization of all of the clocks in the device based on the
 185:Generated_Source\PSoC4/cyfitter_cfg.c **** *   settings in the Clock tab of the DWR.  This includes enabling the requested
 186:Generated_Source\PSoC4/cyfitter_cfg.c **** *   clocks and setting the necessary dividers to produce the desired frequency. 
 187:Generated_Source\PSoC4/cyfitter_cfg.c **** *
 188:Generated_Source\PSoC4/cyfitter_cfg.c **** * Parameters:
 189:Generated_Source\PSoC4/cyfitter_cfg.c **** *   void
 190:Generated_Source\PSoC4/cyfitter_cfg.c **** *
 191:Generated_Source\PSoC4/cyfitter_cfg.c **** * Return:
 192:Generated_Source\PSoC4/cyfitter_cfg.c **** *   void
 193:Generated_Source\PSoC4/cyfitter_cfg.c **** *
 194:Generated_Source\PSoC4/cyfitter_cfg.c **** *******************************************************************************/
 195:Generated_Source\PSoC4/cyfitter_cfg.c **** static void ClockSetup(void);
 196:Generated_Source\PSoC4/cyfitter_cfg.c **** CY_CFG_SECTION
 197:Generated_Source\PSoC4/cyfitter_cfg.c **** static void ClockSetup(void)
 198:Generated_Source\PSoC4/cyfitter_cfg.c **** {
 126              		.loc 1 198 0
 127              		.cfi_startproc
 128 0000 38B5     		push	{r3, r4, r5, lr}
 129              		.cfi_def_cfa_offset 16
 130              		.cfi_offset 3, -16
 131              		.cfi_offset 4, -12
 132              		.cfi_offset 5, -8
 133              		.cfi_offset 14, -4
 199:Generated_Source\PSoC4/cyfitter_cfg.c **** 	/* Enable HALF_EN before trimming for the flash accelerator. */
 200:Generated_Source\PSoC4/cyfitter_cfg.c **** 	CY_SET_REG32((void CYXDATA *)(CYREG_CLK_SELECT), (CY_GET_REG32((void *)CYREG_CLK_SELECT) | 0x00040
 134              		.loc 1 200 0
 135 0002 154C     		ldr	r4, .L8
 136 0004 2368     		ldr	r3, [r4]
ARM GAS  C:\Users\Anders\AppData\Local\Temp\ccaZjvjV.s 			page 7


 137 0006 8022     		mov	r2, #128
 138 0008 D202     		lsl	r2, r2, #11
 139 000a 1343     		orr	r3, r2
 140 000c 2360     		str	r3, [r4]
 201:Generated_Source\PSoC4/cyfitter_cfg.c **** 
 202:Generated_Source\PSoC4/cyfitter_cfg.c **** 	/* Setup and trim IMO based on desired frequency. */
 203:Generated_Source\PSoC4/cyfitter_cfg.c **** 	CySysClkWriteImoFreq(24u);
 141              		.loc 1 203 0
 142 000e 1820     		mov	r0, #24
 143 0010 FFF7FEFF 		bl	CySysClkWriteImoFreq
 144              	.LVL15:
 204:Generated_Source\PSoC4/cyfitter_cfg.c **** 
 205:Generated_Source\PSoC4/cyfitter_cfg.c **** 	/* Disable HALF_EN since it is not required at this IMO frequency. */
 206:Generated_Source\PSoC4/cyfitter_cfg.c **** 	CY_SET_REG32((void CYXDATA *)(CYREG_CLK_SELECT), (CY_GET_REG32((void *)CYREG_CLK_SELECT) & 0xFFFBF
 145              		.loc 1 206 0
 146 0014 2268     		ldr	r2, [r4]
 147 0016 114B     		ldr	r3, .L8+4
 148 0018 1340     		and	r3, r2
 149 001a 2360     		str	r3, [r4]
 207:Generated_Source\PSoC4/cyfitter_cfg.c **** 	/* CYDEV_CLK_ILO_CONFIG Starting address: CYDEV_CLK_ILO_CONFIG */
 208:Generated_Source\PSoC4/cyfitter_cfg.c **** 	CY_SET_XTND_REG32((void CYFAR *)(CYREG_CLK_ILO_CONFIG), 0x80000006u);
 150              		.loc 1 208 0
 151 001c 104A     		ldr	r2, .L8+8
 152 001e 114B     		ldr	r3, .L8+12
 153 0020 1A60     		str	r2, [r3]
 209:Generated_Source\PSoC4/cyfitter_cfg.c **** 
 210:Generated_Source\PSoC4/cyfitter_cfg.c **** 
 211:Generated_Source\PSoC4/cyfitter_cfg.c **** 	/* CYDEV_CLK_SELECT00 Starting address: CYDEV_CLK_SELECT00 */
 212:Generated_Source\PSoC4/cyfitter_cfg.c **** 	CY_SET_XTND_REG32((void CYFAR *)(CYREG_CLK_SELECT03), 0x00000010u);
 154              		.loc 1 212 0
 155 0022 1022     		mov	r2, #16
 156 0024 104B     		ldr	r3, .L8+16
 157 0026 1A60     		str	r2, [r3]
 213:Generated_Source\PSoC4/cyfitter_cfg.c **** 	CY_SET_XTND_REG32((void CYFAR *)(CYREG_CLK_SELECT12), 0x00000020u);
 158              		.loc 1 213 0
 159 0028 1032     		add	r2, r2, #16
 160 002a 104B     		ldr	r3, .L8+20
 161 002c 1A60     		str	r2, [r3]
 214:Generated_Source\PSoC4/cyfitter_cfg.c **** 
 215:Generated_Source\PSoC4/cyfitter_cfg.c **** 	/* CYDEV_CLK_IMO_CONFIG Starting address: CYDEV_CLK_IMO_CONFIG */
 216:Generated_Source\PSoC4/cyfitter_cfg.c **** 	CY_SET_XTND_REG32((void CYFAR *)(CYREG_CLK_IMO_CONFIG), 0x80000000u);
 162              		.loc 1 216 0
 163 002e 8023     		mov	r3, #128
 164 0030 1B06     		lsl	r3, r3, #24
 165 0032 0F4A     		ldr	r2, .L8+24
 166 0034 1360     		str	r3, [r2]
 217:Generated_Source\PSoC4/cyfitter_cfg.c **** 
 218:Generated_Source\PSoC4/cyfitter_cfg.c **** 	/* CYDEV_CLK_SELECT Starting address: CYDEV_CLK_SELECT */
 219:Generated_Source\PSoC4/cyfitter_cfg.c **** 	CY_SET_XTND_REG32((void CYFAR *)(CYREG_CLK_SELECT), 0x00000000u);
 167              		.loc 1 219 0
 168 0036 0025     		mov	r5, #0
 169 0038 2560     		str	r5, [r4]
 220:Generated_Source\PSoC4/cyfitter_cfg.c **** 
 221:Generated_Source\PSoC4/cyfitter_cfg.c **** 	/* CYDEV_CLK_DIVIDER_A00 Starting address: CYDEV_CLK_DIVIDER_A00 */
 222:Generated_Source\PSoC4/cyfitter_cfg.c **** 	CY_SET_XTND_REG32((void CYFAR *)(CYREG_CLK_DIVIDER_A00), 0x80000000u);
 170              		.loc 1 222 0
 171 003a 0E4A     		ldr	r2, .L8+28
ARM GAS  C:\Users\Anders\AppData\Local\Temp\ccaZjvjV.s 			page 8


 172 003c 1360     		str	r3, [r2]
 223:Generated_Source\PSoC4/cyfitter_cfg.c **** 
 224:Generated_Source\PSoC4/cyfitter_cfg.c **** 	/* CYDEV_CLK_DIVIDER_B00 Starting address: CYDEV_CLK_DIVIDER_B00 */
 225:Generated_Source\PSoC4/cyfitter_cfg.c **** 	CY_SET_XTND_REG32((void CYFAR *)(CYREG_CLK_DIVIDER_B00), 0x800001DFu);
 173              		.loc 1 225 0
 174 003e 0E4A     		ldr	r2, .L8+32
 175 0040 0E4B     		ldr	r3, .L8+36
 176 0042 1A60     		str	r2, [r3]
 226:Generated_Source\PSoC4/cyfitter_cfg.c **** 
 227:Generated_Source\PSoC4/cyfitter_cfg.c **** 	(void)CyIntSetVector(9u, &CySysWdtIsr);
 177              		.loc 1 227 0
 178 0044 0920     		mov	r0, #9
 179 0046 0E49     		ldr	r1, .L8+40
 180 0048 FFF7FEFF 		bl	CyIntSetVector
 181              	.LVL16:
 228:Generated_Source\PSoC4/cyfitter_cfg.c **** 	CyIntEnable(9u);
 182              		.loc 1 228 0
 183 004c 0920     		mov	r0, #9
 184 004e FFF7FEFF 		bl	CyIntEnable
 185              	.LVL17:
 229:Generated_Source\PSoC4/cyfitter_cfg.c **** 	CY_SET_XTND_REG32((void CYFAR *)(CYREG_WDT_CONFIG), 0x00000000u);
 186              		.loc 1 229 0
 187 0052 0C4B     		ldr	r3, .L8+44
 188 0054 1D60     		str	r5, [r3]
 230:Generated_Source\PSoC4/cyfitter_cfg.c **** }
 189              		.loc 1 230 0
 190              		@ sp needed
 191 0056 38BD     		pop	{r3, r4, r5, pc}
 192              	.L9:
 193              		.align	2
 194              	.L8:
 195 0058 00010B40 		.word	1074462976
 196 005c FFFFFBFF 		.word	-262145
 197 0060 06000080 		.word	-2147483642
 198 0064 04010B40 		.word	1074462980
 199 0068 0C020240 		.word	1073873420
 200 006c 30020240 		.word	1073873456
 201 0070 08010B40 		.word	1074462984
 202 0074 00000240 		.word	1073872896
 203 0078 DF010080 		.word	-2147483169
 204 007c 40000240 		.word	1073872960
 205 0080 00000000 		.word	CySysWdtIsr
 206 0084 0C020B40 		.word	1074463244
 207              		.cfi_endproc
 208              	.LFE4:
 209              		.size	ClockSetup, .-ClockSetup
 210              		.align	2
 211              		.global	cyfitter_cfg
 212              		.code	16
 213              		.thumb_func
 214              		.type	cyfitter_cfg, %function
 215              	cyfitter_cfg:
 216              	.LFB6:
 231:Generated_Source\PSoC4/cyfitter_cfg.c **** 
 232:Generated_Source\PSoC4/cyfitter_cfg.c **** 
 233:Generated_Source\PSoC4/cyfitter_cfg.c **** /* Analog API Functions */
 234:Generated_Source\PSoC4/cyfitter_cfg.c **** 
ARM GAS  C:\Users\Anders\AppData\Local\Temp\ccaZjvjV.s 			page 9


 235:Generated_Source\PSoC4/cyfitter_cfg.c **** 
 236:Generated_Source\PSoC4/cyfitter_cfg.c **** /*******************************************************************************
 237:Generated_Source\PSoC4/cyfitter_cfg.c **** * Function Name: AnalogSetDefault
 238:Generated_Source\PSoC4/cyfitter_cfg.c **** ********************************************************************************
 239:Generated_Source\PSoC4/cyfitter_cfg.c **** *
 240:Generated_Source\PSoC4/cyfitter_cfg.c **** * Summary:
 241:Generated_Source\PSoC4/cyfitter_cfg.c **** *  Sets up the analog portions of the chip to default values based on chip
 242:Generated_Source\PSoC4/cyfitter_cfg.c **** *  configuration options from the project.
 243:Generated_Source\PSoC4/cyfitter_cfg.c **** *
 244:Generated_Source\PSoC4/cyfitter_cfg.c **** * Parameters:
 245:Generated_Source\PSoC4/cyfitter_cfg.c **** *  void
 246:Generated_Source\PSoC4/cyfitter_cfg.c **** *
 247:Generated_Source\PSoC4/cyfitter_cfg.c **** * Return:
 248:Generated_Source\PSoC4/cyfitter_cfg.c **** *  void
 249:Generated_Source\PSoC4/cyfitter_cfg.c **** *
 250:Generated_Source\PSoC4/cyfitter_cfg.c **** *******************************************************************************/
 251:Generated_Source\PSoC4/cyfitter_cfg.c **** static void AnalogSetDefault(void);
 252:Generated_Source\PSoC4/cyfitter_cfg.c **** static void AnalogSetDefault(void)
 253:Generated_Source\PSoC4/cyfitter_cfg.c **** {
 254:Generated_Source\PSoC4/cyfitter_cfg.c **** }
 255:Generated_Source\PSoC4/cyfitter_cfg.c **** 
 256:Generated_Source\PSoC4/cyfitter_cfg.c **** #define CY_AMUX_UNUSED CYREG_CM0_ROM_DWT
 257:Generated_Source\PSoC4/cyfitter_cfg.c **** 
 258:Generated_Source\PSoC4/cyfitter_cfg.c **** 
 259:Generated_Source\PSoC4/cyfitter_cfg.c **** /*******************************************************************************
 260:Generated_Source\PSoC4/cyfitter_cfg.c **** * Function Name: cyfitter_cfg
 261:Generated_Source\PSoC4/cyfitter_cfg.c **** ********************************************************************************
 262:Generated_Source\PSoC4/cyfitter_cfg.c **** * Summary:
 263:Generated_Source\PSoC4/cyfitter_cfg.c **** *  This function is called by the start-up code for the selected device. It
 264:Generated_Source\PSoC4/cyfitter_cfg.c **** *  performs all of the necessary device configuration based on the design
 265:Generated_Source\PSoC4/cyfitter_cfg.c **** *  settings.  This includes settings from the Design Wide Resources (DWR) such
 266:Generated_Source\PSoC4/cyfitter_cfg.c **** *  as Clocks and Pins as well as any component configuration that is necessary.
 267:Generated_Source\PSoC4/cyfitter_cfg.c **** *
 268:Generated_Source\PSoC4/cyfitter_cfg.c **** * Parameters:  
 269:Generated_Source\PSoC4/cyfitter_cfg.c **** *   void
 270:Generated_Source\PSoC4/cyfitter_cfg.c **** *
 271:Generated_Source\PSoC4/cyfitter_cfg.c **** * Return:
 272:Generated_Source\PSoC4/cyfitter_cfg.c **** *   void
 273:Generated_Source\PSoC4/cyfitter_cfg.c **** *
 274:Generated_Source\PSoC4/cyfitter_cfg.c **** *******************************************************************************/
 275:Generated_Source\PSoC4/cyfitter_cfg.c **** CY_CFG_SECTION
 276:Generated_Source\PSoC4/cyfitter_cfg.c **** void cyfitter_cfg(void)
 277:Generated_Source\PSoC4/cyfitter_cfg.c **** {
 217              		.loc 1 277 0
 218              		.cfi_startproc
 219 0088 10B5     		push	{r4, lr}
 220              		.cfi_def_cfa_offset 8
 221              		.cfi_offset 4, -8
 222              		.cfi_offset 14, -4
 278:Generated_Source\PSoC4/cyfitter_cfg.c **** 	/* Disable interrupts by default. Let user enable if/when they want. */
 279:Generated_Source\PSoC4/cyfitter_cfg.c **** 	CyGlobalIntDisable;
 223              		.loc 1 279 0
 224              	@ 279 "Generated_Source\PSoC4\cyfitter_cfg.c" 1
 225 008a 72B6     		CPSID   i
 226              	@ 0 "" 2
 227              	.LVL18:
 228              		.code	16
ARM GAS  C:\Users\Anders\AppData\Local\Temp\ccaZjvjV.s 			page 10


 229              	.LBB3:
 280:Generated_Source\PSoC4/cyfitter_cfg.c **** 
 281:Generated_Source\PSoC4/cyfitter_cfg.c **** 	{
 282:Generated_Source\PSoC4/cyfitter_cfg.c **** 		static const uint32 CYCODE cy_cfg_addr_table[] = {
 283:Generated_Source\PSoC4/cyfitter_cfg.c **** 			0x400F0001u, /* Base address: 0x400F0000 Count: 1 */
 284:Generated_Source\PSoC4/cyfitter_cfg.c **** 			0x400F302Cu, /* Base address: 0x400F3000 Count: 44 */
 285:Generated_Source\PSoC4/cyfitter_cfg.c **** 			0x400F311Fu, /* Base address: 0x400F3100 Count: 31 */
 286:Generated_Source\PSoC4/cyfitter_cfg.c **** 			0x400F3302u, /* Base address: 0x400F3300 Count: 2 */
 287:Generated_Source\PSoC4/cyfitter_cfg.c **** 			0x400F4205u, /* Base address: 0x400F4200 Count: 5 */
 288:Generated_Source\PSoC4/cyfitter_cfg.c **** 			0x400F4301u, /* Base address: 0x400F4300 Count: 1 */
 289:Generated_Source\PSoC4/cyfitter_cfg.c **** 			0x400F6002u, /* Base address: 0x400F6000 Count: 2 */
 290:Generated_Source\PSoC4/cyfitter_cfg.c **** 		};
 291:Generated_Source\PSoC4/cyfitter_cfg.c **** 
 292:Generated_Source\PSoC4/cyfitter_cfg.c **** 		static const cy_cfg_addrvalue_t CYCODE cy_cfg_data_table[] = {
 293:Generated_Source\PSoC4/cyfitter_cfg.c **** 			{0x80u, 0x0Fu},
 294:Generated_Source\PSoC4/cyfitter_cfg.c **** 			{0x06u, 0x04u},
 295:Generated_Source\PSoC4/cyfitter_cfg.c **** 			{0x07u, 0x03u},
 296:Generated_Source\PSoC4/cyfitter_cfg.c **** 			{0x11u, 0x08u},
 297:Generated_Source\PSoC4/cyfitter_cfg.c **** 			{0x12u, 0x08u},
 298:Generated_Source\PSoC4/cyfitter_cfg.c **** 			{0x17u, 0x0Eu},
 299:Generated_Source\PSoC4/cyfitter_cfg.c **** 			{0x1Cu, 0x01u},
 300:Generated_Source\PSoC4/cyfitter_cfg.c **** 			{0x23u, 0x01u},
 301:Generated_Source\PSoC4/cyfitter_cfg.c **** 			{0x26u, 0x07u},
 302:Generated_Source\PSoC4/cyfitter_cfg.c **** 			{0x30u, 0x01u},
 303:Generated_Source\PSoC4/cyfitter_cfg.c **** 			{0x31u, 0x04u},
 304:Generated_Source\PSoC4/cyfitter_cfg.c **** 			{0x32u, 0x04u},
 305:Generated_Source\PSoC4/cyfitter_cfg.c **** 			{0x33u, 0x01u},
 306:Generated_Source\PSoC4/cyfitter_cfg.c **** 			{0x34u, 0x08u},
 307:Generated_Source\PSoC4/cyfitter_cfg.c **** 			{0x35u, 0x08u},
 308:Generated_Source\PSoC4/cyfitter_cfg.c **** 			{0x36u, 0x02u},
 309:Generated_Source\PSoC4/cyfitter_cfg.c **** 			{0x37u, 0x02u},
 310:Generated_Source\PSoC4/cyfitter_cfg.c **** 			{0x3Fu, 0x04u},
 311:Generated_Source\PSoC4/cyfitter_cfg.c **** 			{0x40u, 0x20u},
 312:Generated_Source\PSoC4/cyfitter_cfg.c **** 			{0x41u, 0x05u},
 313:Generated_Source\PSoC4/cyfitter_cfg.c **** 			{0x45u, 0xD1u},
 314:Generated_Source\PSoC4/cyfitter_cfg.c **** 			{0x47u, 0x25u},
 315:Generated_Source\PSoC4/cyfitter_cfg.c **** 			{0x48u, 0x33u},
 316:Generated_Source\PSoC4/cyfitter_cfg.c **** 			{0x49u, 0xFFu},
 317:Generated_Source\PSoC4/cyfitter_cfg.c **** 			{0x4Au, 0xFFu},
 318:Generated_Source\PSoC4/cyfitter_cfg.c **** 			{0x4Bu, 0xFFu},
 319:Generated_Source\PSoC4/cyfitter_cfg.c **** 			{0x4Du, 0xA0u},
 320:Generated_Source\PSoC4/cyfitter_cfg.c **** 			{0x4Fu, 0x04u},
 321:Generated_Source\PSoC4/cyfitter_cfg.c **** 			{0x50u, 0x18u},
 322:Generated_Source\PSoC4/cyfitter_cfg.c **** 			{0x52u, 0x80u},
 323:Generated_Source\PSoC4/cyfitter_cfg.c **** 			{0x54u, 0x07u},
 324:Generated_Source\PSoC4/cyfitter_cfg.c **** 			{0x58u, 0x04u},
 325:Generated_Source\PSoC4/cyfitter_cfg.c **** 			{0x59u, 0x04u},
 326:Generated_Source\PSoC4/cyfitter_cfg.c **** 			{0x5Au, 0x04u},
 327:Generated_Source\PSoC4/cyfitter_cfg.c **** 			{0x5Bu, 0x04u},
 328:Generated_Source\PSoC4/cyfitter_cfg.c **** 			{0x5Fu, 0x01u},
 329:Generated_Source\PSoC4/cyfitter_cfg.c **** 			{0x60u, 0x40u},
 330:Generated_Source\PSoC4/cyfitter_cfg.c **** 			{0x62u, 0xC0u},
 331:Generated_Source\PSoC4/cyfitter_cfg.c **** 			{0x64u, 0x40u},
 332:Generated_Source\PSoC4/cyfitter_cfg.c **** 			{0x65u, 0x40u},
 333:Generated_Source\PSoC4/cyfitter_cfg.c **** 			{0x66u, 0xC0u},
 334:Generated_Source\PSoC4/cyfitter_cfg.c **** 			{0x68u, 0xC0u},
 335:Generated_Source\PSoC4/cyfitter_cfg.c **** 			{0x6Au, 0xC0u},
ARM GAS  C:\Users\Anders\AppData\Local\Temp\ccaZjvjV.s 			page 11


 336:Generated_Source\PSoC4/cyfitter_cfg.c **** 			{0x6Cu, 0xC0u},
 337:Generated_Source\PSoC4/cyfitter_cfg.c **** 			{0x6Eu, 0xC0u},
 338:Generated_Source\PSoC4/cyfitter_cfg.c **** 			{0x00u, 0x04u},
 339:Generated_Source\PSoC4/cyfitter_cfg.c **** 			{0x0Au, 0x41u},
 340:Generated_Source\PSoC4/cyfitter_cfg.c **** 			{0x10u, 0x20u},
 341:Generated_Source\PSoC4/cyfitter_cfg.c **** 			{0x18u, 0x04u},
 342:Generated_Source\PSoC4/cyfitter_cfg.c **** 			{0x19u, 0x08u},
 343:Generated_Source\PSoC4/cyfitter_cfg.c **** 			{0x1Au, 0x81u},
 344:Generated_Source\PSoC4/cyfitter_cfg.c **** 			{0x20u, 0x02u},
 345:Generated_Source\PSoC4/cyfitter_cfg.c **** 			{0x21u, 0x02u},
 346:Generated_Source\PSoC4/cyfitter_cfg.c **** 			{0x22u, 0x14u},
 347:Generated_Source\PSoC4/cyfitter_cfg.c **** 			{0x2Au, 0x01u},
 348:Generated_Source\PSoC4/cyfitter_cfg.c **** 			{0x31u, 0x02u},
 349:Generated_Source\PSoC4/cyfitter_cfg.c **** 			{0x32u, 0x08u},
 350:Generated_Source\PSoC4/cyfitter_cfg.c **** 			{0x38u, 0x04u},
 351:Generated_Source\PSoC4/cyfitter_cfg.c **** 			{0x40u, 0x04u},
 352:Generated_Source\PSoC4/cyfitter_cfg.c **** 			{0x48u, 0x22u},
 353:Generated_Source\PSoC4/cyfitter_cfg.c **** 			{0x49u, 0x01u},
 354:Generated_Source\PSoC4/cyfitter_cfg.c **** 			{0x50u, 0x02u},
 355:Generated_Source\PSoC4/cyfitter_cfg.c **** 			{0x52u, 0x09u},
 356:Generated_Source\PSoC4/cyfitter_cfg.c **** 			{0x59u, 0x01u},
 357:Generated_Source\PSoC4/cyfitter_cfg.c **** 			{0x5Au, 0xA8u},
 358:Generated_Source\PSoC4/cyfitter_cfg.c **** 			{0x72u, 0x40u},
 359:Generated_Source\PSoC4/cyfitter_cfg.c **** 			{0x88u, 0x01u},
 360:Generated_Source\PSoC4/cyfitter_cfg.c **** 			{0xC0u, 0x04u},
 361:Generated_Source\PSoC4/cyfitter_cfg.c **** 			{0xC2u, 0x09u},
 362:Generated_Source\PSoC4/cyfitter_cfg.c **** 			{0xC4u, 0x04u},
 363:Generated_Source\PSoC4/cyfitter_cfg.c **** 			{0xCAu, 0x01u},
 364:Generated_Source\PSoC4/cyfitter_cfg.c **** 			{0xCCu, 0x03u},
 365:Generated_Source\PSoC4/cyfitter_cfg.c **** 			{0xCEu, 0x02u},
 366:Generated_Source\PSoC4/cyfitter_cfg.c **** 			{0xD0u, 0x04u},
 367:Generated_Source\PSoC4/cyfitter_cfg.c **** 			{0xD2u, 0x08u},
 368:Generated_Source\PSoC4/cyfitter_cfg.c **** 			{0xD6u, 0x0Fu},
 369:Generated_Source\PSoC4/cyfitter_cfg.c **** 			{0xADu, 0x08u},
 370:Generated_Source\PSoC4/cyfitter_cfg.c **** 			{0xECu, 0x08u},
 371:Generated_Source\PSoC4/cyfitter_cfg.c **** 			{0x5Cu, 0x08u},
 372:Generated_Source\PSoC4/cyfitter_cfg.c **** 			{0x63u, 0x02u},
 373:Generated_Source\PSoC4/cyfitter_cfg.c **** 			{0x8Bu, 0x01u},
 374:Generated_Source\PSoC4/cyfitter_cfg.c **** 			{0xD6u, 0x03u},
 375:Generated_Source\PSoC4/cyfitter_cfg.c **** 			{0xE0u, 0x01u},
 376:Generated_Source\PSoC4/cyfitter_cfg.c **** 			{0xACu, 0x08u},
 377:Generated_Source\PSoC4/cyfitter_cfg.c **** 			{0x01u, 0x01u},
 378:Generated_Source\PSoC4/cyfitter_cfg.c **** 			{0x10u, 0x01u},
 379:Generated_Source\PSoC4/cyfitter_cfg.c **** 		};
 380:Generated_Source\PSoC4/cyfitter_cfg.c **** 
 381:Generated_Source\PSoC4/cyfitter_cfg.c **** 
 382:Generated_Source\PSoC4/cyfitter_cfg.c **** 
 383:Generated_Source\PSoC4/cyfitter_cfg.c **** 		CYPACKED typedef struct {
 384:Generated_Source\PSoC4/cyfitter_cfg.c **** 			void CYFAR *address;
 385:Generated_Source\PSoC4/cyfitter_cfg.c **** 			uint16 size;
 386:Generated_Source\PSoC4/cyfitter_cfg.c **** 		} CYPACKED_ATTR cfg_memset_t;
 387:Generated_Source\PSoC4/cyfitter_cfg.c **** 
 388:Generated_Source\PSoC4/cyfitter_cfg.c **** 		static const cfg_memset_t CYCODE cfg_memset_list [] = {
 389:Generated_Source\PSoC4/cyfitter_cfg.c **** 			/* address, size */
 390:Generated_Source\PSoC4/cyfitter_cfg.c **** 			{(void CYFAR *)(CYDEV_UDB_P0_U0_BASE), 1024u},
 391:Generated_Source\PSoC4/cyfitter_cfg.c **** 			{(void CYFAR *)(CYDEV_UDB_DSI0_BASE), 1024u},
 392:Generated_Source\PSoC4/cyfitter_cfg.c **** 		};
ARM GAS  C:\Users\Anders\AppData\Local\Temp\ccaZjvjV.s 			page 12


 393:Generated_Source\PSoC4/cyfitter_cfg.c **** 
 394:Generated_Source\PSoC4/cyfitter_cfg.c **** 		uint8 CYDATA i;
 395:Generated_Source\PSoC4/cyfitter_cfg.c **** 
 396:Generated_Source\PSoC4/cyfitter_cfg.c **** 		/* Zero out critical memory blocks before beginning configuration */
 397:Generated_Source\PSoC4/cyfitter_cfg.c **** 		for (i = 0u; i < (sizeof(cfg_memset_list)/sizeof(cfg_memset_list[0])); i++)
 230              		.loc 1 397 0
 231 008c 0024     		mov	r4, #0
 232 008e 10E0     		b	.L11
 233              	.LVL19:
 234              	.L12:
 235              	.LBB4:
 398:Generated_Source\PSoC4/cyfitter_cfg.c **** 		{
 399:Generated_Source\PSoC4/cyfitter_cfg.c **** 			const cfg_memset_t CYCODE * CYDATA ms = &cfg_memset_list[i];
 400:Generated_Source\PSoC4/cyfitter_cfg.c **** 			CYMEMZERO(ms->address, (size_t)(uint32)(ms->size));
 236              		.loc 1 400 0 discriminator 3
 237 0090 2348     		ldr	r0, .L13
 238 0092 6300     		lsl	r3, r4, #1
 239 0094 1A19     		add	r2, r3, r4
 240 0096 5200     		lsl	r2, r2, #1
 241 0098 8218     		add	r2, r0, r2
 242 009a 9188     		ldrh	r1, [r2, #4]
 243 009c 1B19     		add	r3, r3, r4
 244 009e 5B00     		lsl	r3, r3, #1
 245 00a0 1A5A     		ldrh	r2, [r3, r0]
 246 00a2 C318     		add	r3, r0, r3
 247 00a4 5888     		ldrh	r0, [r3, #2]
 248 00a6 0004     		lsl	r0, r0, #16
 249 00a8 1043     		orr	r0, r2
 250 00aa FFF7FEFF 		bl	CYMEMZERO
 251              	.LVL20:
 252              	.LBE4:
 397:Generated_Source\PSoC4/cyfitter_cfg.c **** 		{
 253              		.loc 1 397 0 discriminator 3
 254 00ae 0134     		add	r4, r4, #1
 255              	.LVL21:
 256 00b0 E4B2     		uxtb	r4, r4
 257              	.LVL22:
 258              	.L11:
 397:Generated_Source\PSoC4/cyfitter_cfg.c **** 		{
 259              		.loc 1 397 0 is_stmt 0 discriminator 1
 260 00b2 012C     		cmp	r4, #1
 261 00b4 ECD9     		bls	.L12
 401:Generated_Source\PSoC4/cyfitter_cfg.c **** 		}
 402:Generated_Source\PSoC4/cyfitter_cfg.c **** 
 403:Generated_Source\PSoC4/cyfitter_cfg.c **** 		cfg_write_bytes32(cy_cfg_addr_table, cy_cfg_data_table);
 262              		.loc 1 403 0 is_stmt 1
 263 00b6 1A49     		ldr	r1, .L13
 264 00b8 081C     		mov	r0, r1
 265 00ba 0C30     		add	r0, r0, #12
 266 00bc 2831     		add	r1, r1, #40
 267 00be FFF7FEFF 		bl	cfg_write_bytes32
 268              	.LVL23:
 404:Generated_Source\PSoC4/cyfitter_cfg.c **** 
 405:Generated_Source\PSoC4/cyfitter_cfg.c **** 		/* HSIOM Starting address: CYDEV_HSIOM_BASE */
 406:Generated_Source\PSoC4/cyfitter_cfg.c **** 		CY_SET_XTND_REG32((void CYFAR *)(CYREG_HSIOM_PORT_SEL2), 0x03030000u);
 269              		.loc 1 406 0
 270 00c2 184A     		ldr	r2, .L13+4
ARM GAS  C:\Users\Anders\AppData\Local\Temp\ccaZjvjV.s 			page 13


 271 00c4 184B     		ldr	r3, .L13+8
 272 00c6 1A60     		str	r2, [r3]
 407:Generated_Source\PSoC4/cyfitter_cfg.c **** 		CY_SET_XTND_REG32((void CYFAR *)(CYREG_HSIOM_PORT_SEL3), 0x0000EEEEu);
 273              		.loc 1 407 0
 274 00c8 184A     		ldr	r2, .L13+12
 275 00ca 194B     		ldr	r3, .L13+16
 276 00cc 1A60     		str	r2, [r3]
 408:Generated_Source\PSoC4/cyfitter_cfg.c **** 
 409:Generated_Source\PSoC4/cyfitter_cfg.c **** 		/* UDB_PA_2 Starting address: CYDEV_UDB_PA2_BASE */
 410:Generated_Source\PSoC4/cyfitter_cfg.c **** 		CY_SET_XTND_REG32((void CYFAR *)(CYDEV_UDB_PA2_BASE), 0x00990000u);
 277              		.loc 1 410 0
 278 00ce 9923     		mov	r3, #153
 279 00d0 1B04     		lsl	r3, r3, #16
 280 00d2 184A     		ldr	r2, .L13+20
 281 00d4 1360     		str	r3, [r2]
 411:Generated_Source\PSoC4/cyfitter_cfg.c **** 		CY_SET_XTND_REG32((void CYFAR *)(CYREG_UDB_PA2_CFG8), 0x89000000u);
 282              		.loc 1 411 0
 283 00d6 8921     		mov	r1, #137
 284 00d8 0906     		lsl	r1, r1, #24
 285 00da 174A     		ldr	r2, .L13+24
 286 00dc 1160     		str	r1, [r2]
 412:Generated_Source\PSoC4/cyfitter_cfg.c **** 
 413:Generated_Source\PSoC4/cyfitter_cfg.c **** 		/* UDB_PA_3 Starting address: CYDEV_UDB_PA3_BASE */
 414:Generated_Source\PSoC4/cyfitter_cfg.c **** 		CY_SET_XTND_REG32((void CYFAR *)(CYDEV_UDB_PA3_BASE), 0x00990000u);
 287              		.loc 1 414 0
 288 00de 174A     		ldr	r2, .L13+28
 289 00e0 1360     		str	r3, [r2]
 415:Generated_Source\PSoC4/cyfitter_cfg.c **** 
 416:Generated_Source\PSoC4/cyfitter_cfg.c **** 		/* Enable digital routing */
 417:Generated_Source\PSoC4/cyfitter_cfg.c **** 		CY_SET_XTND_REG8((void *)CYREG_UDB_UDBIF_BANK_CTL, CY_GET_XTND_REG8((void *)CYREG_UDB_UDBIF_BANK_
 290              		.loc 1 417 0
 291 00e2 174B     		ldr	r3, .L13+32
 292 00e4 1978     		ldrb	r1, [r3]
 293 00e6 0222     		mov	r2, #2
 294 00e8 0A43     		orr	r2, r1
 295 00ea 1A70     		strb	r2, [r3]
 418:Generated_Source\PSoC4/cyfitter_cfg.c **** 
 419:Generated_Source\PSoC4/cyfitter_cfg.c **** 		/* Enable UDB array */
 420:Generated_Source\PSoC4/cyfitter_cfg.c **** 		CY_SET_XTND_REG8((void *)CYREG_UDB_UDBIF_WAIT_CFG, (uint8)((CY_GET_XTND_REG8((void *)CYREG_UDB_UD
 296              		.loc 1 420 0
 297 00ec 1548     		ldr	r0, .L13+36
 298 00ee 0278     		ldrb	r2, [r0]
 299 00f0 3C21     		mov	r1, #60
 300 00f2 8A43     		bic	r2, r1
 301 00f4 2839     		sub	r1, r1, #40
 302 00f6 0A43     		orr	r2, r1
 303 00f8 0270     		strb	r2, [r0]
 421:Generated_Source\PSoC4/cyfitter_cfg.c **** 		CY_SET_XTND_REG8((void *)CYREG_UDB_UDBIF_BANK_CTL, (uint8)(CY_GET_XTND_REG8((void *)CYREG_UDB_UDB
 304              		.loc 1 421 0
 305 00fa 1978     		ldrb	r1, [r3]
 306 00fc 1622     		mov	r2, #22
 307 00fe 0A43     		orr	r2, r1
 308 0100 1A70     		strb	r2, [r3]
 309              	.LBE3:
 422:Generated_Source\PSoC4/cyfitter_cfg.c **** 	}
 423:Generated_Source\PSoC4/cyfitter_cfg.c **** 
 424:Generated_Source\PSoC4/cyfitter_cfg.c **** 	/* Perform second pass device configuration. These items must be configured in specific order afte
ARM GAS  C:\Users\Anders\AppData\Local\Temp\ccaZjvjV.s 			page 14


 425:Generated_Source\PSoC4/cyfitter_cfg.c **** 	/* IOPINS0_2 Starting address: CYDEV_PRT2_BASE */
 426:Generated_Source\PSoC4/cyfitter_cfg.c **** 	CY_SET_XTND_REG32((void CYFAR *)(CYDEV_PRT2_BASE), 0x00000050u);
 310              		.loc 1 426 0
 311 0102 5022     		mov	r2, #80
 312 0104 104B     		ldr	r3, .L13+40
 313 0106 1A60     		str	r2, [r3]
 427:Generated_Source\PSoC4/cyfitter_cfg.c **** 	CY_SET_XTND_REG32((void CYFAR *)(CYREG_PRT2_PC), 0x00186DB6u);
 314              		.loc 1 427 0
 315 0108 104A     		ldr	r2, .L13+44
 316 010a 114B     		ldr	r3, .L13+48
 317 010c 1A60     		str	r2, [r3]
 428:Generated_Source\PSoC4/cyfitter_cfg.c **** 
 429:Generated_Source\PSoC4/cyfitter_cfg.c **** 	/* IOPINS0_3 Starting address: CYDEV_PRT3_BASE */
 430:Generated_Source\PSoC4/cyfitter_cfg.c **** 	CY_SET_XTND_REG32((void CYFAR *)(CYDEV_PRT3_BASE), 0x00000003u);
 318              		.loc 1 430 0
 319 010e 0322     		mov	r2, #3
 320 0110 104B     		ldr	r3, .L13+52
 321 0112 1A60     		str	r2, [r3]
 431:Generated_Source\PSoC4/cyfitter_cfg.c **** 	CY_SET_XTND_REG32((void CYFAR *)(CYREG_PRT3_PC), 0x00000DA4u);
 322              		.loc 1 431 0
 323 0114 104A     		ldr	r2, .L13+56
 324 0116 114B     		ldr	r3, .L13+60
 325 0118 1A60     		str	r2, [r3]
 432:Generated_Source\PSoC4/cyfitter_cfg.c **** 
 433:Generated_Source\PSoC4/cyfitter_cfg.c **** 
 434:Generated_Source\PSoC4/cyfitter_cfg.c **** 	/* Setup clocks based on selections from Clock DWR */
 435:Generated_Source\PSoC4/cyfitter_cfg.c **** 	ClockSetup();
 326              		.loc 1 435 0
 327 011a FFF771FF 		bl	ClockSetup
 328              	.LVL24:
 436:Generated_Source\PSoC4/cyfitter_cfg.c **** 
 437:Generated_Source\PSoC4/cyfitter_cfg.c **** 	/* Perform basic analog initialization to defaults */
 438:Generated_Source\PSoC4/cyfitter_cfg.c **** 	AnalogSetDefault();
 439:Generated_Source\PSoC4/cyfitter_cfg.c **** 
 440:Generated_Source\PSoC4/cyfitter_cfg.c **** }
 329              		.loc 1 440 0
 330              		@ sp needed
 331              	.LVL25:
 332 011e 10BD     		pop	{r4, pc}
 333              	.L14:
 334              		.align	2
 335              	.L13:
 336 0120 00000000 		.word	.LANCHOR0
 337 0124 00000303 		.word	50528256
 338 0128 08000140 		.word	1073807368
 339 012c EEEE0000 		.word	61166
 340 0130 0C000140 		.word	1073807372
 341 0134 20500F40 		.word	1074745376
 342 0138 28500F40 		.word	1074745384
 343 013c 30500F40 		.word	1074745392
 344 0140 00700F40 		.word	1074753536
 345 0144 01700F40 		.word	1074753537
 346 0148 00020440 		.word	1074004480
 347 014c B66D1800 		.word	1600950
 348 0150 08020440 		.word	1074004488
 349 0154 00030440 		.word	1074004736
 350 0158 A40D0000 		.word	3492
ARM GAS  C:\Users\Anders\AppData\Local\Temp\ccaZjvjV.s 			page 15


 351 015c 08030440 		.word	1074004744
 352              		.cfi_endproc
 353              	.LFE6:
 354              		.size	cyfitter_cfg, .-cyfitter_cfg
 355              		.section	.rodata
 356              		.align	2
 357              		.set	.LANCHOR0,. + 0
 358              		.type	cfg_memset_list.4748, %object
 359              		.size	cfg_memset_list.4748, 12
 360              	cfg_memset_list.4748:
 361 0000 00300F40 		.word	1074737152
 362 0004 0004     		.short	1024
 363 0006 00400F40 		.4byte	1074741248
 364 000a 0004     		.short	1024
 365              		.type	cy_cfg_addr_table.4742, %object
 366              		.size	cy_cfg_addr_table.4742, 28
 367              	cy_cfg_addr_table.4742:
 368 000c 01000F40 		.word	1074724865
 369 0010 2C300F40 		.word	1074737196
 370 0014 1F310F40 		.word	1074737439
 371 0018 02330F40 		.word	1074737922
 372 001c 05420F40 		.word	1074741765
 373 0020 01430F40 		.word	1074742017
 374 0024 02600F40 		.word	1074749442
 375              		.type	cy_cfg_data_table.4743, %object
 376              		.size	cy_cfg_data_table.4743, 172
 377              	cy_cfg_data_table.4743:
 378 0028 80       		.byte	-128
 379 0029 0F       		.byte	15
 380 002a 06       		.byte	6
 381 002b 04       		.byte	4
 382 002c 07       		.byte	7
 383 002d 03       		.byte	3
 384 002e 11       		.byte	17
 385 002f 08       		.byte	8
 386 0030 12       		.byte	18
 387 0031 08       		.byte	8
 388 0032 17       		.byte	23
 389 0033 0E       		.byte	14
 390 0034 1C       		.byte	28
 391 0035 01       		.byte	1
 392 0036 23       		.byte	35
 393 0037 01       		.byte	1
 394 0038 26       		.byte	38
 395 0039 07       		.byte	7
 396 003a 30       		.byte	48
 397 003b 01       		.byte	1
 398 003c 31       		.byte	49
 399 003d 04       		.byte	4
 400 003e 32       		.byte	50
 401 003f 04       		.byte	4
 402 0040 33       		.byte	51
 403 0041 01       		.byte	1
 404 0042 34       		.byte	52
 405 0043 08       		.byte	8
 406 0044 35       		.byte	53
 407 0045 08       		.byte	8
ARM GAS  C:\Users\Anders\AppData\Local\Temp\ccaZjvjV.s 			page 16


 408 0046 36       		.byte	54
 409 0047 02       		.byte	2
 410 0048 37       		.byte	55
 411 0049 02       		.byte	2
 412 004a 3F       		.byte	63
 413 004b 04       		.byte	4
 414 004c 40       		.byte	64
 415 004d 20       		.byte	32
 416 004e 41       		.byte	65
 417 004f 05       		.byte	5
 418 0050 45       		.byte	69
 419 0051 D1       		.byte	-47
 420 0052 47       		.byte	71
 421 0053 25       		.byte	37
 422 0054 48       		.byte	72
 423 0055 33       		.byte	51
 424 0056 49       		.byte	73
 425 0057 FF       		.byte	-1
 426 0058 4A       		.byte	74
 427 0059 FF       		.byte	-1
 428 005a 4B       		.byte	75
 429 005b FF       		.byte	-1
 430 005c 4D       		.byte	77
 431 005d A0       		.byte	-96
 432 005e 4F       		.byte	79
 433 005f 04       		.byte	4
 434 0060 50       		.byte	80
 435 0061 18       		.byte	24
 436 0062 52       		.byte	82
 437 0063 80       		.byte	-128
 438 0064 54       		.byte	84
 439 0065 07       		.byte	7
 440 0066 58       		.byte	88
 441 0067 04       		.byte	4
 442 0068 59       		.byte	89
 443 0069 04       		.byte	4
 444 006a 5A       		.byte	90
 445 006b 04       		.byte	4
 446 006c 5B       		.byte	91
 447 006d 04       		.byte	4
 448 006e 5F       		.byte	95
 449 006f 01       		.byte	1
 450 0070 60       		.byte	96
 451 0071 40       		.byte	64
 452 0072 62       		.byte	98
 453 0073 C0       		.byte	-64
 454 0074 64       		.byte	100
 455 0075 40       		.byte	64
 456 0076 65       		.byte	101
 457 0077 40       		.byte	64
 458 0078 66       		.byte	102
 459 0079 C0       		.byte	-64
 460 007a 68       		.byte	104
 461 007b C0       		.byte	-64
 462 007c 6A       		.byte	106
 463 007d C0       		.byte	-64
 464 007e 6C       		.byte	108
ARM GAS  C:\Users\Anders\AppData\Local\Temp\ccaZjvjV.s 			page 17


 465 007f C0       		.byte	-64
 466 0080 6E       		.byte	110
 467 0081 C0       		.byte	-64
 468 0082 00       		.byte	0
 469 0083 04       		.byte	4
 470 0084 0A       		.byte	10
 471 0085 41       		.byte	65
 472 0086 10       		.byte	16
 473 0087 20       		.byte	32
 474 0088 18       		.byte	24
 475 0089 04       		.byte	4
 476 008a 19       		.byte	25
 477 008b 08       		.byte	8
 478 008c 1A       		.byte	26
 479 008d 81       		.byte	-127
 480 008e 20       		.byte	32
 481 008f 02       		.byte	2
 482 0090 21       		.byte	33
 483 0091 02       		.byte	2
 484 0092 22       		.byte	34
 485 0093 14       		.byte	20
 486 0094 2A       		.byte	42
 487 0095 01       		.byte	1
 488 0096 31       		.byte	49
 489 0097 02       		.byte	2
 490 0098 32       		.byte	50
 491 0099 08       		.byte	8
 492 009a 38       		.byte	56
 493 009b 04       		.byte	4
 494 009c 40       		.byte	64
 495 009d 04       		.byte	4
 496 009e 48       		.byte	72
 497 009f 22       		.byte	34
 498 00a0 49       		.byte	73
 499 00a1 01       		.byte	1
 500 00a2 50       		.byte	80
 501 00a3 02       		.byte	2
 502 00a4 52       		.byte	82
 503 00a5 09       		.byte	9
 504 00a6 59       		.byte	89
 505 00a7 01       		.byte	1
 506 00a8 5A       		.byte	90
 507 00a9 A8       		.byte	-88
 508 00aa 72       		.byte	114
 509 00ab 40       		.byte	64
 510 00ac 88       		.byte	-120
 511 00ad 01       		.byte	1
 512 00ae C0       		.byte	-64
 513 00af 04       		.byte	4
 514 00b0 C2       		.byte	-62
 515 00b1 09       		.byte	9
 516 00b2 C4       		.byte	-60
 517 00b3 04       		.byte	4
 518 00b4 CA       		.byte	-54
 519 00b5 01       		.byte	1
 520 00b6 CC       		.byte	-52
 521 00b7 03       		.byte	3
ARM GAS  C:\Users\Anders\AppData\Local\Temp\ccaZjvjV.s 			page 18


 522 00b8 CE       		.byte	-50
 523 00b9 02       		.byte	2
 524 00ba D0       		.byte	-48
 525 00bb 04       		.byte	4
 526 00bc D2       		.byte	-46
 527 00bd 08       		.byte	8
 528 00be D6       		.byte	-42
 529 00bf 0F       		.byte	15
 530 00c0 AD       		.byte	-83
 531 00c1 08       		.byte	8
 532 00c2 EC       		.byte	-20
 533 00c3 08       		.byte	8
 534 00c4 5C       		.byte	92
 535 00c5 08       		.byte	8
 536 00c6 63       		.byte	99
 537 00c7 02       		.byte	2
 538 00c8 8B       		.byte	-117
 539 00c9 01       		.byte	1
 540 00ca D6       		.byte	-42
 541 00cb 03       		.byte	3
 542 00cc E0       		.byte	-32
 543 00cd 01       		.byte	1
 544 00ce AC       		.byte	-84
 545 00cf 08       		.byte	8
 546 00d0 01       		.byte	1
 547 00d1 01       		.byte	1
 548 00d2 10       		.byte	16
 549 00d3 01       		.byte	1
 550              		.text
 551              	.Letext0:
 552              		.file 2 "c:\\program files (x86)\\cypress\\psoc creator\\4.0\\psoc creator\\import\\gnu\\arm\\4.9.
 553              		.file 3 "Generated_Source\\PSoC4\\cytypes.h"
 554              		.file 4 "Generated_Source\\PSoC4\\CyLib.h"
 555              		.section	.debug_info,"",%progbits
 556              	.Ldebug_info0:
 557 0000 B9030000 		.4byte	0x3b9
 558 0004 0400     		.2byte	0x4
 559 0006 00000000 		.4byte	.Ldebug_abbrev0
 560 000a 04       		.byte	0x4
 561 000b 01       		.uleb128 0x1
 562 000c 95010000 		.4byte	.LASF38
 563 0010 01       		.byte	0x1
 564 0011 A9020000 		.4byte	.LASF39
 565 0015 49020000 		.4byte	.LASF40
 566 0019 00000000 		.4byte	.Ldebug_ranges0+0
 567 001d 00000000 		.4byte	0
 568 0021 00000000 		.4byte	.Ldebug_line0
 569 0025 02       		.uleb128 0x2
 570 0026 04       		.byte	0x4
 571 0027 05       		.byte	0x5
 572 0028 696E7400 		.ascii	"int\000"
 573 002c 03       		.uleb128 0x3
 574 002d 06000000 		.4byte	.LASF11
 575 0031 02       		.byte	0x2
 576 0032 D4       		.byte	0xd4
 577 0033 37000000 		.4byte	0x37
 578 0037 04       		.uleb128 0x4
ARM GAS  C:\Users\Anders\AppData\Local\Temp\ccaZjvjV.s 			page 19


 579 0038 04       		.byte	0x4
 580 0039 07       		.byte	0x7
 581 003a 0A010000 		.4byte	.LASF0
 582 003e 04       		.uleb128 0x4
 583 003f 01       		.byte	0x1
 584 0040 06       		.byte	0x6
 585 0041 9D020000 		.4byte	.LASF1
 586 0045 04       		.uleb128 0x4
 587 0046 01       		.byte	0x1
 588 0047 08       		.byte	0x8
 589 0048 AC000000 		.4byte	.LASF2
 590 004c 04       		.uleb128 0x4
 591 004d 02       		.byte	0x2
 592 004e 05       		.byte	0x5
 593 004f 2A020000 		.4byte	.LASF3
 594 0053 04       		.uleb128 0x4
 595 0054 02       		.byte	0x2
 596 0055 07       		.byte	0x7
 597 0056 6F010000 		.4byte	.LASF4
 598 005a 04       		.uleb128 0x4
 599 005b 04       		.byte	0x4
 600 005c 05       		.byte	0x5
 601 005d 94020000 		.4byte	.LASF5
 602 0061 04       		.uleb128 0x4
 603 0062 04       		.byte	0x4
 604 0063 07       		.byte	0x7
 605 0064 8A000000 		.4byte	.LASF6
 606 0068 04       		.uleb128 0x4
 607 0069 08       		.byte	0x8
 608 006a 05       		.byte	0x5
 609 006b 82010000 		.4byte	.LASF7
 610 006f 04       		.uleb128 0x4
 611 0070 08       		.byte	0x8
 612 0071 07       		.byte	0x7
 613 0072 2C010000 		.4byte	.LASF8
 614 0076 04       		.uleb128 0x4
 615 0077 04       		.byte	0x4
 616 0078 07       		.byte	0x7
 617 0079 66010000 		.4byte	.LASF9
 618 007d 05       		.uleb128 0x5
 619 007e 04       		.byte	0x4
 620 007f 06       		.uleb128 0x6
 621 0080 04       		.byte	0x4
 622 0081 85000000 		.4byte	0x85
 623 0085 07       		.uleb128 0x7
 624 0086 04       		.uleb128 0x4
 625 0087 01       		.byte	0x1
 626 0088 08       		.byte	0x8
 627 0089 90010000 		.4byte	.LASF10
 628 008d 08       		.uleb128 0x8
 629 008e 9C000000 		.4byte	.LASF12
 630 0092 03       		.byte	0x3
 631 0093 B901     		.2byte	0x1b9
 632 0095 45000000 		.4byte	0x45
 633 0099 08       		.uleb128 0x8
 634 009a F1000000 		.4byte	.LASF13
 635 009e 03       		.byte	0x3
ARM GAS  C:\Users\Anders\AppData\Local\Temp\ccaZjvjV.s 			page 20


 636 009f BA01     		.2byte	0x1ba
 637 00a1 53000000 		.4byte	0x53
 638 00a5 08       		.uleb128 0x8
 639 00a6 03010000 		.4byte	.LASF14
 640 00aa 03       		.byte	0x3
 641 00ab BB01     		.2byte	0x1bb
 642 00ad 61000000 		.4byte	0x61
 643 00b1 04       		.uleb128 0x4
 644 00b2 04       		.byte	0x4
 645 00b3 04       		.byte	0x4
 646 00b4 6A000000 		.4byte	.LASF15
 647 00b8 04       		.uleb128 0x4
 648 00b9 08       		.byte	0x8
 649 00ba 04       		.byte	0x4
 650 00bb C1000000 		.4byte	.LASF16
 651 00bf 08       		.uleb128 0x8
 652 00c0 85000000 		.4byte	.LASF17
 653 00c4 03       		.byte	0x3
 654 00c5 6302     		.2byte	0x263
 655 00c7 CB000000 		.4byte	0xcb
 656 00cb 09       		.uleb128 0x9
 657 00cc 8D000000 		.4byte	0x8d
 658 00d0 08       		.uleb128 0x8
 659 00d1 00000000 		.4byte	.LASF18
 660 00d5 03       		.byte	0x3
 661 00d6 6502     		.2byte	0x265
 662 00d8 DC000000 		.4byte	0xdc
 663 00dc 09       		.uleb128 0x9
 664 00dd A5000000 		.4byte	0xa5
 665 00e1 08       		.uleb128 0x8
 666 00e2 43010000 		.4byte	.LASF19
 667 00e6 03       		.byte	0x3
 668 00e7 7502     		.2byte	0x275
 669 00e9 7F000000 		.4byte	0x7f
 670 00ed 0A       		.uleb128 0xa
 671 00ee 02       		.byte	0x2
 672 00ef 01       		.byte	0x1
 673 00f0 89       		.byte	0x89
 674 00f1 0E010000 		.4byte	0x10e
 675 00f5 0B       		.uleb128 0xb
 676 00f6 23020000 		.4byte	.LASF20
 677 00fa 01       		.byte	0x1
 678 00fb 8B       		.byte	0x8b
 679 00fc 8D000000 		.4byte	0x8d
 680 0100 00       		.byte	0
 681 0101 0B       		.uleb128 0xb
 682 0102 1C000000 		.4byte	.LASF21
 683 0106 01       		.byte	0x1
 684 0107 8C       		.byte	0x8c
 685 0108 8D000000 		.4byte	0x8d
 686 010c 01       		.byte	0x1
 687 010d 00       		.byte	0
 688 010e 03       		.uleb128 0x3
 689 010f 57000000 		.4byte	.LASF22
 690 0113 01       		.byte	0x1
 691 0114 8D       		.byte	0x8d
 692 0115 ED000000 		.4byte	0xed
ARM GAS  C:\Users\Anders\AppData\Local\Temp\ccaZjvjV.s 			page 21


 693 0119 0C       		.uleb128 0xc
 694 011a C8000000 		.4byte	.LASF27
 695 011e 01       		.byte	0x1
 696 011f A0       		.byte	0xa0
 697 0120 00000000 		.4byte	.LFB3
 698 0124 32000000 		.4byte	.LFE3-.LFB3
 699 0128 01       		.uleb128 0x1
 700 0129 9C       		.byte	0x9c
 701 012a 8B010000 		.4byte	0x18b
 702 012e 0D       		.uleb128 0xd
 703 012f E6000000 		.4byte	.LASF23
 704 0133 01       		.byte	0x1
 705 0134 A0       		.byte	0xa0
 706 0135 8B010000 		.4byte	0x18b
 707 0139 01       		.uleb128 0x1
 708 013a 50       		.byte	0x50
 709 013b 0D       		.uleb128 0xd
 710 013c F8000000 		.4byte	.LASF24
 711 0140 01       		.byte	0x1
 712 0141 A0       		.byte	0xa0
 713 0142 96010000 		.4byte	0x196
 714 0146 01       		.uleb128 0x1
 715 0147 51       		.byte	0x51
 716 0148 0E       		.uleb128 0xe
 717 0149 6900     		.ascii	"i\000"
 718 014b 01       		.byte	0x1
 719 014c A3       		.byte	0xa3
 720 014d A5000000 		.4byte	0xa5
 721 0151 00000000 		.4byte	.LLST0
 722 0155 0E       		.uleb128 0xe
 723 0156 6A00     		.ascii	"j\000"
 724 0158 01       		.byte	0x1
 725 0159 A3       		.byte	0xa3
 726 015a A5000000 		.4byte	0xa5
 727 015e 1F000000 		.4byte	.LLST1
 728 0162 0F       		.uleb128 0xf
 729 0163 08000000 		.4byte	.LBB2
 730 0167 22000000 		.4byte	.LBE2-.LBB2
 731 016b 10       		.uleb128 0x10
 732 016c 5D010000 		.4byte	.LASF25
 733 0170 01       		.byte	0x1
 734 0171 A6       		.byte	0xa6
 735 0172 A5000000 		.4byte	0xa5
 736 0176 3E000000 		.4byte	.LLST2
 737 017a 10       		.uleb128 0x10
 738 017b 22000000 		.4byte	.LASF26
 739 017f 01       		.byte	0x1
 740 0180 A7       		.byte	0xa7
 741 0181 8D000000 		.4byte	0x8d
 742 0185 51000000 		.4byte	.LLST3
 743 0189 00       		.byte	0
 744 018a 00       		.byte	0
 745 018b 06       		.uleb128 0x6
 746 018c 04       		.byte	0x4
 747 018d 91010000 		.4byte	0x191
 748 0191 11       		.uleb128 0x11
 749 0192 A5000000 		.4byte	0xa5
ARM GAS  C:\Users\Anders\AppData\Local\Temp\ccaZjvjV.s 			page 22


 750 0196 06       		.uleb128 0x6
 751 0197 04       		.byte	0x4
 752 0198 9C010000 		.4byte	0x19c
 753 019c 11       		.uleb128 0x11
 754 019d 0E010000 		.4byte	0x10e
 755 01a1 0C       		.uleb128 0xc
 756 01a2 A2000000 		.4byte	.LASF28
 757 01a6 01       		.byte	0x1
 758 01a7 3E       		.byte	0x3e
 759 01a8 00000000 		.4byte	.LFB0
 760 01ac 0C000000 		.4byte	.LFE0-.LFB0
 761 01b0 01       		.uleb128 0x1
 762 01b1 9C       		.byte	0x9c
 763 01b2 EE010000 		.4byte	0x1ee
 764 01b6 12       		.uleb128 0x12
 765 01b7 7300     		.ascii	"s\000"
 766 01b9 01       		.byte	0x1
 767 01ba 3E       		.byte	0x3e
 768 01bb 7D000000 		.4byte	0x7d
 769 01bf 6F000000 		.4byte	.LLST4
 770 01c3 12       		.uleb128 0x12
 771 01c4 6E00     		.ascii	"n\000"
 772 01c6 01       		.byte	0x1
 773 01c7 3E       		.byte	0x3e
 774 01c8 2C000000 		.4byte	0x2c
 775 01cc 90000000 		.4byte	.LLST5
 776 01d0 13       		.uleb128 0x13
 777 01d1 0A000000 		.4byte	.LVL14
 778 01d5 67030000 		.4byte	0x367
 779 01d9 14       		.uleb128 0x14
 780 01da 01       		.uleb128 0x1
 781 01db 52       		.byte	0x52
 782 01dc 03       		.uleb128 0x3
 783 01dd F3       		.byte	0xf3
 784 01de 01       		.uleb128 0x1
 785 01df 51       		.byte	0x51
 786 01e0 14       		.uleb128 0x14
 787 01e1 01       		.uleb128 0x1
 788 01e2 51       		.byte	0x51
 789 01e3 01       		.uleb128 0x1
 790 01e4 30       		.byte	0x30
 791 01e5 14       		.uleb128 0x14
 792 01e6 01       		.uleb128 0x1
 793 01e7 50       		.byte	0x50
 794 01e8 03       		.uleb128 0x3
 795 01e9 F3       		.byte	0xf3
 796 01ea 01       		.uleb128 0x1
 797 01eb 50       		.byte	0x50
 798 01ec 00       		.byte	0
 799 01ed 00       		.byte	0
 800 01ee 0C       		.uleb128 0xc
 801 01ef 28000000 		.4byte	.LASF29
 802 01f3 01       		.byte	0x1
 803 01f4 C5       		.byte	0xc5
 804 01f5 00000000 		.4byte	.LFB4
 805 01f9 88000000 		.4byte	.LFE4-.LFB4
 806 01fd 01       		.uleb128 0x1
ARM GAS  C:\Users\Anders\AppData\Local\Temp\ccaZjvjV.s 			page 23


 807 01fe 9C       		.byte	0x9c
 808 01ff 39020000 		.4byte	0x239
 809 0203 15       		.uleb128 0x15
 810 0204 14000000 		.4byte	.LVL15
 811 0208 84030000 		.4byte	0x384
 812 020c 16020000 		.4byte	0x216
 813 0210 14       		.uleb128 0x14
 814 0211 01       		.uleb128 0x1
 815 0212 50       		.byte	0x50
 816 0213 01       		.uleb128 0x1
 817 0214 48       		.byte	0x48
 818 0215 00       		.byte	0
 819 0216 15       		.uleb128 0x15
 820 0217 4C000000 		.4byte	.LVL16
 821 021b 95030000 		.4byte	0x395
 822 021f 29020000 		.4byte	0x229
 823 0223 14       		.uleb128 0x14
 824 0224 01       		.uleb128 0x1
 825 0225 50       		.byte	0x50
 826 0226 01       		.uleb128 0x1
 827 0227 39       		.byte	0x39
 828 0228 00       		.byte	0
 829 0229 13       		.uleb128 0x13
 830 022a 52000000 		.4byte	.LVL17
 831 022e AF030000 		.4byte	0x3af
 832 0232 14       		.uleb128 0x14
 833 0233 01       		.uleb128 0x1
 834 0234 50       		.byte	0x50
 835 0235 01       		.uleb128 0x1
 836 0236 39       		.byte	0x39
 837 0237 00       		.byte	0
 838 0238 00       		.byte	0
 839 0239 16       		.uleb128 0x16
 840 023a 17010000 		.4byte	.LASF41
 841 023e 01       		.byte	0x1
 842 023f 1401     		.2byte	0x114
 843 0241 88000000 		.4byte	.LFB6
 844 0245 D8000000 		.4byte	.LFE6-.LFB6
 845 0249 01       		.uleb128 0x1
 846 024a 9C       		.byte	0x9c
 847 024b 3D030000 		.4byte	0x33d
 848 024f 17       		.uleb128 0x17
 849 0250 8C000000 		.4byte	.LBB3
 850 0254 76000000 		.4byte	.LBE3-.LBB3
 851 0258 33030000 		.4byte	0x333
 852 025c 18       		.uleb128 0x18
 853 025d 33000000 		.4byte	.LASF30
 854 0261 01       		.byte	0x1
 855 0262 1A01     		.2byte	0x11a
 856 0264 4D030000 		.4byte	0x34d
 857 0268 05       		.uleb128 0x5
 858 0269 03       		.byte	0x3
 859 026a 0C000000 		.4byte	cy_cfg_addr_table.4742
 860 026e 18       		.uleb128 0x18
 861 026f 45000000 		.4byte	.LASF31
 862 0273 01       		.byte	0x1
 863 0274 2401     		.2byte	0x124
ARM GAS  C:\Users\Anders\AppData\Local\Temp\ccaZjvjV.s 			page 24


 864 0276 62030000 		.4byte	0x362
 865 027a 05       		.uleb128 0x5
 866 027b 03       		.byte	0x3
 867 027c 28000000 		.4byte	cy_cfg_data_table.4743
 868 0280 19       		.uleb128 0x19
 869 0281 06       		.byte	0x6
 870 0282 01       		.byte	0x1
 871 0283 7F01     		.2byte	0x17f
 872 0285 A4020000 		.4byte	0x2a4
 873 0289 1A       		.uleb128 0x1a
 874 028a 24010000 		.4byte	.LASF32
 875 028e 01       		.byte	0x1
 876 028f 8001     		.2byte	0x180
 877 0291 7D000000 		.4byte	0x7d
 878 0295 00       		.byte	0
 879 0296 1A       		.uleb128 0x1a
 880 0297 80000000 		.4byte	.LASF33
 881 029b 01       		.byte	0x1
 882 029c 8101     		.2byte	0x181
 883 029e 99000000 		.4byte	0x99
 884 02a2 04       		.byte	0x4
 885 02a3 00       		.byte	0
 886 02a4 08       		.uleb128 0x8
 887 02a5 50010000 		.4byte	.LASF34
 888 02a9 01       		.byte	0x1
 889 02aa 8201     		.2byte	0x182
 890 02ac 80020000 		.4byte	0x280
 891 02b0 1B       		.uleb128 0x1b
 892 02b1 A4020000 		.4byte	0x2a4
 893 02b5 C0020000 		.4byte	0x2c0
 894 02b9 1C       		.uleb128 0x1c
 895 02ba 76000000 		.4byte	0x76
 896 02be 01       		.byte	0x1
 897 02bf 00       		.byte	0
 898 02c0 18       		.uleb128 0x18
 899 02c1 70000000 		.4byte	.LASF35
 900 02c5 01       		.byte	0x1
 901 02c6 8401     		.2byte	0x184
 902 02c8 D2020000 		.4byte	0x2d2
 903 02cc 05       		.uleb128 0x5
 904 02cd 03       		.byte	0x3
 905 02ce 00000000 		.4byte	cfg_memset_list.4748
 906 02d2 11       		.uleb128 0x11
 907 02d3 B0020000 		.4byte	0x2b0
 908 02d7 1D       		.uleb128 0x1d
 909 02d8 6900     		.ascii	"i\000"
 910 02da 01       		.byte	0x1
 911 02db 8A01     		.2byte	0x18a
 912 02dd 8D000000 		.4byte	0x8d
 913 02e1 BC000000 		.4byte	.LLST6
 914 02e5 17       		.uleb128 0x17
 915 02e6 90000000 		.4byte	.LBB4
 916 02ea 1E000000 		.4byte	.LBE4-.LBB4
 917 02ee 16030000 		.4byte	0x316
 918 02f2 1D       		.uleb128 0x1d
 919 02f3 6D7300   		.ascii	"ms\000"
 920 02f6 01       		.byte	0x1
ARM GAS  C:\Users\Anders\AppData\Local\Temp\ccaZjvjV.s 			page 25


 921 02f7 8F01     		.2byte	0x18f
 922 02f9 01030000 		.4byte	0x301
 923 02fd E6000000 		.4byte	.LLST7
 924 0301 06       		.uleb128 0x6
 925 0302 04       		.byte	0x4
 926 0303 07030000 		.4byte	0x307
 927 0307 11       		.uleb128 0x11
 928 0308 A4020000 		.4byte	0x2a4
 929 030c 1E       		.uleb128 0x1e
 930 030d AE000000 		.4byte	.LVL20
 931 0311 A1010000 		.4byte	0x1a1
 932 0315 00       		.byte	0
 933 0316 13       		.uleb128 0x13
 934 0317 C2000000 		.4byte	.LVL23
 935 031b 19010000 		.4byte	0x119
 936 031f 14       		.uleb128 0x14
 937 0320 01       		.uleb128 0x1
 938 0321 51       		.byte	0x51
 939 0322 05       		.uleb128 0x5
 940 0323 03       		.byte	0x3
 941 0324 28000000 		.4byte	.LANCHOR0+40
 942 0328 14       		.uleb128 0x14
 943 0329 01       		.uleb128 0x1
 944 032a 50       		.byte	0x50
 945 032b 05       		.uleb128 0x5
 946 032c 03       		.byte	0x3
 947 032d 0C000000 		.4byte	.LANCHOR0+12
 948 0331 00       		.byte	0
 949 0332 00       		.byte	0
 950 0333 1E       		.uleb128 0x1e
 951 0334 1E010000 		.4byte	.LVL24
 952 0338 EE010000 		.4byte	0x1ee
 953 033c 00       		.byte	0
 954 033d 1B       		.uleb128 0x1b
 955 033e A5000000 		.4byte	0xa5
 956 0342 4D030000 		.4byte	0x34d
 957 0346 1C       		.uleb128 0x1c
 958 0347 76000000 		.4byte	0x76
 959 034b 06       		.byte	0x6
 960 034c 00       		.byte	0
 961 034d 11       		.uleb128 0x11
 962 034e 3D030000 		.4byte	0x33d
 963 0352 1B       		.uleb128 0x1b
 964 0353 0E010000 		.4byte	0x10e
 965 0357 62030000 		.4byte	0x362
 966 035b 1C       		.uleb128 0x1c
 967 035c 76000000 		.4byte	0x76
 968 0360 55       		.byte	0x55
 969 0361 00       		.byte	0
 970 0362 11       		.uleb128 0x11
 971 0363 52030000 		.4byte	0x352
 972 0367 1F       		.uleb128 0x1f
 973 0368 BA000000 		.4byte	.LASF36
 974 036c 7D000000 		.4byte	0x7d
 975 0370 84030000 		.4byte	0x384
 976 0374 20       		.uleb128 0x20
 977 0375 7D000000 		.4byte	0x7d
ARM GAS  C:\Users\Anders\AppData\Local\Temp\ccaZjvjV.s 			page 26


 978 0379 20       		.uleb128 0x20
 979 037a 25000000 		.4byte	0x25
 980 037e 20       		.uleb128 0x20
 981 037f 76000000 		.4byte	0x76
 982 0383 00       		.byte	0
 983 0384 21       		.uleb128 0x21
 984 0385 34020000 		.4byte	.LASF37
 985 0389 04       		.byte	0x4
 986 038a 6C       		.byte	0x6c
 987 038b 95030000 		.4byte	0x395
 988 038f 20       		.uleb128 0x20
 989 0390 A5000000 		.4byte	0xa5
 990 0394 00       		.byte	0
 991 0395 22       		.uleb128 0x22
 992 0396 0D000000 		.4byte	.LASF42
 993 039a 04       		.byte	0x4
 994 039b BD       		.byte	0xbd
 995 039c E1000000 		.4byte	0xe1
 996 03a0 AF030000 		.4byte	0x3af
 997 03a4 20       		.uleb128 0x20
 998 03a5 8D000000 		.4byte	0x8d
 999 03a9 20       		.uleb128 0x20
 1000 03aa E1000000 		.4byte	0xe1
 1001 03ae 00       		.byte	0
 1002 03af 23       		.uleb128 0x23
 1003 03b0 DA000000 		.4byte	.LASF43
 1004 03b4 04       		.byte	0x4
 1005 03b5 C3       		.byte	0xc3
 1006 03b6 20       		.uleb128 0x20
 1007 03b7 8D000000 		.4byte	0x8d
 1008 03bb 00       		.byte	0
 1009 03bc 00       		.byte	0
 1010              		.section	.debug_abbrev,"",%progbits
 1011              	.Ldebug_abbrev0:
 1012 0000 01       		.uleb128 0x1
 1013 0001 11       		.uleb128 0x11
 1014 0002 01       		.byte	0x1
 1015 0003 25       		.uleb128 0x25
 1016 0004 0E       		.uleb128 0xe
 1017 0005 13       		.uleb128 0x13
 1018 0006 0B       		.uleb128 0xb
 1019 0007 03       		.uleb128 0x3
 1020 0008 0E       		.uleb128 0xe
 1021 0009 1B       		.uleb128 0x1b
 1022 000a 0E       		.uleb128 0xe
 1023 000b 55       		.uleb128 0x55
 1024 000c 17       		.uleb128 0x17
 1025 000d 11       		.uleb128 0x11
 1026 000e 01       		.uleb128 0x1
 1027 000f 10       		.uleb128 0x10
 1028 0010 17       		.uleb128 0x17
 1029 0011 00       		.byte	0
 1030 0012 00       		.byte	0
 1031 0013 02       		.uleb128 0x2
 1032 0014 24       		.uleb128 0x24
 1033 0015 00       		.byte	0
 1034 0016 0B       		.uleb128 0xb
ARM GAS  C:\Users\Anders\AppData\Local\Temp\ccaZjvjV.s 			page 27


 1035 0017 0B       		.uleb128 0xb
 1036 0018 3E       		.uleb128 0x3e
 1037 0019 0B       		.uleb128 0xb
 1038 001a 03       		.uleb128 0x3
 1039 001b 08       		.uleb128 0x8
 1040 001c 00       		.byte	0
 1041 001d 00       		.byte	0
 1042 001e 03       		.uleb128 0x3
 1043 001f 16       		.uleb128 0x16
 1044 0020 00       		.byte	0
 1045 0021 03       		.uleb128 0x3
 1046 0022 0E       		.uleb128 0xe
 1047 0023 3A       		.uleb128 0x3a
 1048 0024 0B       		.uleb128 0xb
 1049 0025 3B       		.uleb128 0x3b
 1050 0026 0B       		.uleb128 0xb
 1051 0027 49       		.uleb128 0x49
 1052 0028 13       		.uleb128 0x13
 1053 0029 00       		.byte	0
 1054 002a 00       		.byte	0
 1055 002b 04       		.uleb128 0x4
 1056 002c 24       		.uleb128 0x24
 1057 002d 00       		.byte	0
 1058 002e 0B       		.uleb128 0xb
 1059 002f 0B       		.uleb128 0xb
 1060 0030 3E       		.uleb128 0x3e
 1061 0031 0B       		.uleb128 0xb
 1062 0032 03       		.uleb128 0x3
 1063 0033 0E       		.uleb128 0xe
 1064 0034 00       		.byte	0
 1065 0035 00       		.byte	0
 1066 0036 05       		.uleb128 0x5
 1067 0037 0F       		.uleb128 0xf
 1068 0038 00       		.byte	0
 1069 0039 0B       		.uleb128 0xb
 1070 003a 0B       		.uleb128 0xb
 1071 003b 00       		.byte	0
 1072 003c 00       		.byte	0
 1073 003d 06       		.uleb128 0x6
 1074 003e 0F       		.uleb128 0xf
 1075 003f 00       		.byte	0
 1076 0040 0B       		.uleb128 0xb
 1077 0041 0B       		.uleb128 0xb
 1078 0042 49       		.uleb128 0x49
 1079 0043 13       		.uleb128 0x13
 1080 0044 00       		.byte	0
 1081 0045 00       		.byte	0
 1082 0046 07       		.uleb128 0x7
 1083 0047 15       		.uleb128 0x15
 1084 0048 00       		.byte	0
 1085 0049 27       		.uleb128 0x27
 1086 004a 19       		.uleb128 0x19
 1087 004b 00       		.byte	0
 1088 004c 00       		.byte	0
 1089 004d 08       		.uleb128 0x8
 1090 004e 16       		.uleb128 0x16
 1091 004f 00       		.byte	0
ARM GAS  C:\Users\Anders\AppData\Local\Temp\ccaZjvjV.s 			page 28


 1092 0050 03       		.uleb128 0x3
 1093 0051 0E       		.uleb128 0xe
 1094 0052 3A       		.uleb128 0x3a
 1095 0053 0B       		.uleb128 0xb
 1096 0054 3B       		.uleb128 0x3b
 1097 0055 05       		.uleb128 0x5
 1098 0056 49       		.uleb128 0x49
 1099 0057 13       		.uleb128 0x13
 1100 0058 00       		.byte	0
 1101 0059 00       		.byte	0
 1102 005a 09       		.uleb128 0x9
 1103 005b 35       		.uleb128 0x35
 1104 005c 00       		.byte	0
 1105 005d 49       		.uleb128 0x49
 1106 005e 13       		.uleb128 0x13
 1107 005f 00       		.byte	0
 1108 0060 00       		.byte	0
 1109 0061 0A       		.uleb128 0xa
 1110 0062 13       		.uleb128 0x13
 1111 0063 01       		.byte	0x1
 1112 0064 0B       		.uleb128 0xb
 1113 0065 0B       		.uleb128 0xb
 1114 0066 3A       		.uleb128 0x3a
 1115 0067 0B       		.uleb128 0xb
 1116 0068 3B       		.uleb128 0x3b
 1117 0069 0B       		.uleb128 0xb
 1118 006a 01       		.uleb128 0x1
 1119 006b 13       		.uleb128 0x13
 1120 006c 00       		.byte	0
 1121 006d 00       		.byte	0
 1122 006e 0B       		.uleb128 0xb
 1123 006f 0D       		.uleb128 0xd
 1124 0070 00       		.byte	0
 1125 0071 03       		.uleb128 0x3
 1126 0072 0E       		.uleb128 0xe
 1127 0073 3A       		.uleb128 0x3a
 1128 0074 0B       		.uleb128 0xb
 1129 0075 3B       		.uleb128 0x3b
 1130 0076 0B       		.uleb128 0xb
 1131 0077 49       		.uleb128 0x49
 1132 0078 13       		.uleb128 0x13
 1133 0079 38       		.uleb128 0x38
 1134 007a 0B       		.uleb128 0xb
 1135 007b 00       		.byte	0
 1136 007c 00       		.byte	0
 1137 007d 0C       		.uleb128 0xc
 1138 007e 2E       		.uleb128 0x2e
 1139 007f 01       		.byte	0x1
 1140 0080 03       		.uleb128 0x3
 1141 0081 0E       		.uleb128 0xe
 1142 0082 3A       		.uleb128 0x3a
 1143 0083 0B       		.uleb128 0xb
 1144 0084 3B       		.uleb128 0x3b
 1145 0085 0B       		.uleb128 0xb
 1146 0086 27       		.uleb128 0x27
 1147 0087 19       		.uleb128 0x19
 1148 0088 11       		.uleb128 0x11
ARM GAS  C:\Users\Anders\AppData\Local\Temp\ccaZjvjV.s 			page 29


 1149 0089 01       		.uleb128 0x1
 1150 008a 12       		.uleb128 0x12
 1151 008b 06       		.uleb128 0x6
 1152 008c 40       		.uleb128 0x40
 1153 008d 18       		.uleb128 0x18
 1154 008e 9742     		.uleb128 0x2117
 1155 0090 19       		.uleb128 0x19
 1156 0091 01       		.uleb128 0x1
 1157 0092 13       		.uleb128 0x13
 1158 0093 00       		.byte	0
 1159 0094 00       		.byte	0
 1160 0095 0D       		.uleb128 0xd
 1161 0096 05       		.uleb128 0x5
 1162 0097 00       		.byte	0
 1163 0098 03       		.uleb128 0x3
 1164 0099 0E       		.uleb128 0xe
 1165 009a 3A       		.uleb128 0x3a
 1166 009b 0B       		.uleb128 0xb
 1167 009c 3B       		.uleb128 0x3b
 1168 009d 0B       		.uleb128 0xb
 1169 009e 49       		.uleb128 0x49
 1170 009f 13       		.uleb128 0x13
 1171 00a0 02       		.uleb128 0x2
 1172 00a1 18       		.uleb128 0x18
 1173 00a2 00       		.byte	0
 1174 00a3 00       		.byte	0
 1175 00a4 0E       		.uleb128 0xe
 1176 00a5 34       		.uleb128 0x34
 1177 00a6 00       		.byte	0
 1178 00a7 03       		.uleb128 0x3
 1179 00a8 08       		.uleb128 0x8
 1180 00a9 3A       		.uleb128 0x3a
 1181 00aa 0B       		.uleb128 0xb
 1182 00ab 3B       		.uleb128 0x3b
 1183 00ac 0B       		.uleb128 0xb
 1184 00ad 49       		.uleb128 0x49
 1185 00ae 13       		.uleb128 0x13
 1186 00af 02       		.uleb128 0x2
 1187 00b0 17       		.uleb128 0x17
 1188 00b1 00       		.byte	0
 1189 00b2 00       		.byte	0
 1190 00b3 0F       		.uleb128 0xf
 1191 00b4 0B       		.uleb128 0xb
 1192 00b5 01       		.byte	0x1
 1193 00b6 11       		.uleb128 0x11
 1194 00b7 01       		.uleb128 0x1
 1195 00b8 12       		.uleb128 0x12
 1196 00b9 06       		.uleb128 0x6
 1197 00ba 00       		.byte	0
 1198 00bb 00       		.byte	0
 1199 00bc 10       		.uleb128 0x10
 1200 00bd 34       		.uleb128 0x34
 1201 00be 00       		.byte	0
 1202 00bf 03       		.uleb128 0x3
 1203 00c0 0E       		.uleb128 0xe
 1204 00c1 3A       		.uleb128 0x3a
 1205 00c2 0B       		.uleb128 0xb
ARM GAS  C:\Users\Anders\AppData\Local\Temp\ccaZjvjV.s 			page 30


 1206 00c3 3B       		.uleb128 0x3b
 1207 00c4 0B       		.uleb128 0xb
 1208 00c5 49       		.uleb128 0x49
 1209 00c6 13       		.uleb128 0x13
 1210 00c7 02       		.uleb128 0x2
 1211 00c8 17       		.uleb128 0x17
 1212 00c9 00       		.byte	0
 1213 00ca 00       		.byte	0
 1214 00cb 11       		.uleb128 0x11
 1215 00cc 26       		.uleb128 0x26
 1216 00cd 00       		.byte	0
 1217 00ce 49       		.uleb128 0x49
 1218 00cf 13       		.uleb128 0x13
 1219 00d0 00       		.byte	0
 1220 00d1 00       		.byte	0
 1221 00d2 12       		.uleb128 0x12
 1222 00d3 05       		.uleb128 0x5
 1223 00d4 00       		.byte	0
 1224 00d5 03       		.uleb128 0x3
 1225 00d6 08       		.uleb128 0x8
 1226 00d7 3A       		.uleb128 0x3a
 1227 00d8 0B       		.uleb128 0xb
 1228 00d9 3B       		.uleb128 0x3b
 1229 00da 0B       		.uleb128 0xb
 1230 00db 49       		.uleb128 0x49
 1231 00dc 13       		.uleb128 0x13
 1232 00dd 02       		.uleb128 0x2
 1233 00de 17       		.uleb128 0x17
 1234 00df 00       		.byte	0
 1235 00e0 00       		.byte	0
 1236 00e1 13       		.uleb128 0x13
 1237 00e2 898201   		.uleb128 0x4109
 1238 00e5 01       		.byte	0x1
 1239 00e6 11       		.uleb128 0x11
 1240 00e7 01       		.uleb128 0x1
 1241 00e8 31       		.uleb128 0x31
 1242 00e9 13       		.uleb128 0x13
 1243 00ea 00       		.byte	0
 1244 00eb 00       		.byte	0
 1245 00ec 14       		.uleb128 0x14
 1246 00ed 8A8201   		.uleb128 0x410a
 1247 00f0 00       		.byte	0
 1248 00f1 02       		.uleb128 0x2
 1249 00f2 18       		.uleb128 0x18
 1250 00f3 9142     		.uleb128 0x2111
 1251 00f5 18       		.uleb128 0x18
 1252 00f6 00       		.byte	0
 1253 00f7 00       		.byte	0
 1254 00f8 15       		.uleb128 0x15
 1255 00f9 898201   		.uleb128 0x4109
 1256 00fc 01       		.byte	0x1
 1257 00fd 11       		.uleb128 0x11
 1258 00fe 01       		.uleb128 0x1
 1259 00ff 31       		.uleb128 0x31
 1260 0100 13       		.uleb128 0x13
 1261 0101 01       		.uleb128 0x1
 1262 0102 13       		.uleb128 0x13
ARM GAS  C:\Users\Anders\AppData\Local\Temp\ccaZjvjV.s 			page 31


 1263 0103 00       		.byte	0
 1264 0104 00       		.byte	0
 1265 0105 16       		.uleb128 0x16
 1266 0106 2E       		.uleb128 0x2e
 1267 0107 01       		.byte	0x1
 1268 0108 3F       		.uleb128 0x3f
 1269 0109 19       		.uleb128 0x19
 1270 010a 03       		.uleb128 0x3
 1271 010b 0E       		.uleb128 0xe
 1272 010c 3A       		.uleb128 0x3a
 1273 010d 0B       		.uleb128 0xb
 1274 010e 3B       		.uleb128 0x3b
 1275 010f 05       		.uleb128 0x5
 1276 0110 27       		.uleb128 0x27
 1277 0111 19       		.uleb128 0x19
 1278 0112 11       		.uleb128 0x11
 1279 0113 01       		.uleb128 0x1
 1280 0114 12       		.uleb128 0x12
 1281 0115 06       		.uleb128 0x6
 1282 0116 40       		.uleb128 0x40
 1283 0117 18       		.uleb128 0x18
 1284 0118 9742     		.uleb128 0x2117
 1285 011a 19       		.uleb128 0x19
 1286 011b 01       		.uleb128 0x1
 1287 011c 13       		.uleb128 0x13
 1288 011d 00       		.byte	0
 1289 011e 00       		.byte	0
 1290 011f 17       		.uleb128 0x17
 1291 0120 0B       		.uleb128 0xb
 1292 0121 01       		.byte	0x1
 1293 0122 11       		.uleb128 0x11
 1294 0123 01       		.uleb128 0x1
 1295 0124 12       		.uleb128 0x12
 1296 0125 06       		.uleb128 0x6
 1297 0126 01       		.uleb128 0x1
 1298 0127 13       		.uleb128 0x13
 1299 0128 00       		.byte	0
 1300 0129 00       		.byte	0
 1301 012a 18       		.uleb128 0x18
 1302 012b 34       		.uleb128 0x34
 1303 012c 00       		.byte	0
 1304 012d 03       		.uleb128 0x3
 1305 012e 0E       		.uleb128 0xe
 1306 012f 3A       		.uleb128 0x3a
 1307 0130 0B       		.uleb128 0xb
 1308 0131 3B       		.uleb128 0x3b
 1309 0132 05       		.uleb128 0x5
 1310 0133 49       		.uleb128 0x49
 1311 0134 13       		.uleb128 0x13
 1312 0135 02       		.uleb128 0x2
 1313 0136 18       		.uleb128 0x18
 1314 0137 00       		.byte	0
 1315 0138 00       		.byte	0
 1316 0139 19       		.uleb128 0x19
 1317 013a 13       		.uleb128 0x13
 1318 013b 01       		.byte	0x1
 1319 013c 0B       		.uleb128 0xb
ARM GAS  C:\Users\Anders\AppData\Local\Temp\ccaZjvjV.s 			page 32


 1320 013d 0B       		.uleb128 0xb
 1321 013e 3A       		.uleb128 0x3a
 1322 013f 0B       		.uleb128 0xb
 1323 0140 3B       		.uleb128 0x3b
 1324 0141 05       		.uleb128 0x5
 1325 0142 01       		.uleb128 0x1
 1326 0143 13       		.uleb128 0x13
 1327 0144 00       		.byte	0
 1328 0145 00       		.byte	0
 1329 0146 1A       		.uleb128 0x1a
 1330 0147 0D       		.uleb128 0xd
 1331 0148 00       		.byte	0
 1332 0149 03       		.uleb128 0x3
 1333 014a 0E       		.uleb128 0xe
 1334 014b 3A       		.uleb128 0x3a
 1335 014c 0B       		.uleb128 0xb
 1336 014d 3B       		.uleb128 0x3b
 1337 014e 05       		.uleb128 0x5
 1338 014f 49       		.uleb128 0x49
 1339 0150 13       		.uleb128 0x13
 1340 0151 38       		.uleb128 0x38
 1341 0152 0B       		.uleb128 0xb
 1342 0153 00       		.byte	0
 1343 0154 00       		.byte	0
 1344 0155 1B       		.uleb128 0x1b
 1345 0156 01       		.uleb128 0x1
 1346 0157 01       		.byte	0x1
 1347 0158 49       		.uleb128 0x49
 1348 0159 13       		.uleb128 0x13
 1349 015a 01       		.uleb128 0x1
 1350 015b 13       		.uleb128 0x13
 1351 015c 00       		.byte	0
 1352 015d 00       		.byte	0
 1353 015e 1C       		.uleb128 0x1c
 1354 015f 21       		.uleb128 0x21
 1355 0160 00       		.byte	0
 1356 0161 49       		.uleb128 0x49
 1357 0162 13       		.uleb128 0x13
 1358 0163 2F       		.uleb128 0x2f
 1359 0164 0B       		.uleb128 0xb
 1360 0165 00       		.byte	0
 1361 0166 00       		.byte	0
 1362 0167 1D       		.uleb128 0x1d
 1363 0168 34       		.uleb128 0x34
 1364 0169 00       		.byte	0
 1365 016a 03       		.uleb128 0x3
 1366 016b 08       		.uleb128 0x8
 1367 016c 3A       		.uleb128 0x3a
 1368 016d 0B       		.uleb128 0xb
 1369 016e 3B       		.uleb128 0x3b
 1370 016f 05       		.uleb128 0x5
 1371 0170 49       		.uleb128 0x49
 1372 0171 13       		.uleb128 0x13
 1373 0172 02       		.uleb128 0x2
 1374 0173 17       		.uleb128 0x17
 1375 0174 00       		.byte	0
 1376 0175 00       		.byte	0
ARM GAS  C:\Users\Anders\AppData\Local\Temp\ccaZjvjV.s 			page 33


 1377 0176 1E       		.uleb128 0x1e
 1378 0177 898201   		.uleb128 0x4109
 1379 017a 00       		.byte	0
 1380 017b 11       		.uleb128 0x11
 1381 017c 01       		.uleb128 0x1
 1382 017d 31       		.uleb128 0x31
 1383 017e 13       		.uleb128 0x13
 1384 017f 00       		.byte	0
 1385 0180 00       		.byte	0
 1386 0181 1F       		.uleb128 0x1f
 1387 0182 2E       		.uleb128 0x2e
 1388 0183 01       		.byte	0x1
 1389 0184 3F       		.uleb128 0x3f
 1390 0185 19       		.uleb128 0x19
 1391 0186 03       		.uleb128 0x3
 1392 0187 0E       		.uleb128 0xe
 1393 0188 27       		.uleb128 0x27
 1394 0189 19       		.uleb128 0x19
 1395 018a 49       		.uleb128 0x49
 1396 018b 13       		.uleb128 0x13
 1397 018c 34       		.uleb128 0x34
 1398 018d 19       		.uleb128 0x19
 1399 018e 3C       		.uleb128 0x3c
 1400 018f 19       		.uleb128 0x19
 1401 0190 01       		.uleb128 0x1
 1402 0191 13       		.uleb128 0x13
 1403 0192 00       		.byte	0
 1404 0193 00       		.byte	0
 1405 0194 20       		.uleb128 0x20
 1406 0195 05       		.uleb128 0x5
 1407 0196 00       		.byte	0
 1408 0197 49       		.uleb128 0x49
 1409 0198 13       		.uleb128 0x13
 1410 0199 00       		.byte	0
 1411 019a 00       		.byte	0
 1412 019b 21       		.uleb128 0x21
 1413 019c 2E       		.uleb128 0x2e
 1414 019d 01       		.byte	0x1
 1415 019e 3F       		.uleb128 0x3f
 1416 019f 19       		.uleb128 0x19
 1417 01a0 03       		.uleb128 0x3
 1418 01a1 0E       		.uleb128 0xe
 1419 01a2 3A       		.uleb128 0x3a
 1420 01a3 0B       		.uleb128 0xb
 1421 01a4 3B       		.uleb128 0x3b
 1422 01a5 0B       		.uleb128 0xb
 1423 01a6 27       		.uleb128 0x27
 1424 01a7 19       		.uleb128 0x19
 1425 01a8 3C       		.uleb128 0x3c
 1426 01a9 19       		.uleb128 0x19
 1427 01aa 01       		.uleb128 0x1
 1428 01ab 13       		.uleb128 0x13
 1429 01ac 00       		.byte	0
 1430 01ad 00       		.byte	0
 1431 01ae 22       		.uleb128 0x22
 1432 01af 2E       		.uleb128 0x2e
 1433 01b0 01       		.byte	0x1
ARM GAS  C:\Users\Anders\AppData\Local\Temp\ccaZjvjV.s 			page 34


 1434 01b1 3F       		.uleb128 0x3f
 1435 01b2 19       		.uleb128 0x19
 1436 01b3 03       		.uleb128 0x3
 1437 01b4 0E       		.uleb128 0xe
 1438 01b5 3A       		.uleb128 0x3a
 1439 01b6 0B       		.uleb128 0xb
 1440 01b7 3B       		.uleb128 0x3b
 1441 01b8 0B       		.uleb128 0xb
 1442 01b9 27       		.uleb128 0x27
 1443 01ba 19       		.uleb128 0x19
 1444 01bb 49       		.uleb128 0x49
 1445 01bc 13       		.uleb128 0x13
 1446 01bd 3C       		.uleb128 0x3c
 1447 01be 19       		.uleb128 0x19
 1448 01bf 01       		.uleb128 0x1
 1449 01c0 13       		.uleb128 0x13
 1450 01c1 00       		.byte	0
 1451 01c2 00       		.byte	0
 1452 01c3 23       		.uleb128 0x23
 1453 01c4 2E       		.uleb128 0x2e
 1454 01c5 01       		.byte	0x1
 1455 01c6 3F       		.uleb128 0x3f
 1456 01c7 19       		.uleb128 0x19
 1457 01c8 03       		.uleb128 0x3
 1458 01c9 0E       		.uleb128 0xe
 1459 01ca 3A       		.uleb128 0x3a
 1460 01cb 0B       		.uleb128 0xb
 1461 01cc 3B       		.uleb128 0x3b
 1462 01cd 0B       		.uleb128 0xb
 1463 01ce 27       		.uleb128 0x27
 1464 01cf 19       		.uleb128 0x19
 1465 01d0 3C       		.uleb128 0x3c
 1466 01d1 19       		.uleb128 0x19
 1467 01d2 00       		.byte	0
 1468 01d3 00       		.byte	0
 1469 01d4 00       		.byte	0
 1470              		.section	.debug_loc,"",%progbits
 1471              	.Ldebug_loc0:
 1472              	.LLST0:
 1473 0000 02000000 		.4byte	.LVL1
 1474 0004 08000000 		.4byte	.LVL2
 1475 0008 0200     		.2byte	0x2
 1476 000a 30       		.byte	0x30
 1477 000b 9F       		.byte	0x9f
 1478 000c 08000000 		.4byte	.LVL2
 1479 0010 30000000 		.4byte	.LVL11
 1480 0014 0100     		.2byte	0x1
 1481 0016 57       		.byte	0x57
 1482 0017 00000000 		.4byte	0
 1483 001b 00000000 		.4byte	0
 1484              	.LLST1:
 1485 001f 02000000 		.4byte	.LVL1
 1486 0023 08000000 		.4byte	.LVL2
 1487 0027 0200     		.2byte	0x2
 1488 0029 30       		.byte	0x30
 1489 002a 9F       		.byte	0x9f
 1490 002b 08000000 		.4byte	.LVL2
ARM GAS  C:\Users\Anders\AppData\Local\Temp\ccaZjvjV.s 			page 35


 1491 002f 30000000 		.4byte	.LVL10
 1492 0033 0100     		.2byte	0x1
 1493 0035 55       		.byte	0x55
 1494 0036 00000000 		.4byte	0
 1495 003a 00000000 		.4byte	0
 1496              	.LLST2:
 1497 003e 0C000000 		.4byte	.LVL3
 1498 0042 2C000000 		.4byte	.LVL9
 1499 0046 0100     		.2byte	0x1
 1500 0048 56       		.byte	0x56
 1501 0049 00000000 		.4byte	0
 1502 004d 00000000 		.4byte	0
 1503              	.LLST3:
 1504 0051 0E000000 		.4byte	.LVL4
 1505 0055 24000000 		.4byte	.LVL7
 1506 0059 0100     		.2byte	0x1
 1507 005b 53       		.byte	0x53
 1508 005c 26000000 		.4byte	.LVL8
 1509 0060 2C000000 		.4byte	.LVL9
 1510 0064 0100     		.2byte	0x1
 1511 0066 53       		.byte	0x53
 1512 0067 00000000 		.4byte	0
 1513 006b 00000000 		.4byte	0
 1514              	.LLST4:
 1515 006f 00000000 		.4byte	.LVL12
 1516 0073 09000000 		.4byte	.LVL14-1
 1517 0077 0100     		.2byte	0x1
 1518 0079 50       		.byte	0x50
 1519 007a 09000000 		.4byte	.LVL14-1
 1520 007e 0C000000 		.4byte	.LFE0
 1521 0082 0400     		.2byte	0x4
 1522 0084 F3       		.byte	0xf3
 1523 0085 01       		.uleb128 0x1
 1524 0086 50       		.byte	0x50
 1525 0087 9F       		.byte	0x9f
 1526 0088 00000000 		.4byte	0
 1527 008c 00000000 		.4byte	0
 1528              	.LLST5:
 1529 0090 00000000 		.4byte	.LVL12
 1530 0094 06000000 		.4byte	.LVL13
 1531 0098 0100     		.2byte	0x1
 1532 009a 51       		.byte	0x51
 1533 009b 06000000 		.4byte	.LVL13
 1534 009f 09000000 		.4byte	.LVL14-1
 1535 00a3 0100     		.2byte	0x1
 1536 00a5 52       		.byte	0x52
 1537 00a6 09000000 		.4byte	.LVL14-1
 1538 00aa 0C000000 		.4byte	.LFE0
 1539 00ae 0400     		.2byte	0x4
 1540 00b0 F3       		.byte	0xf3
 1541 00b1 01       		.uleb128 0x1
 1542 00b2 51       		.byte	0x51
 1543 00b3 9F       		.byte	0x9f
 1544 00b4 00000000 		.4byte	0
 1545 00b8 00000000 		.4byte	0
 1546              	.LLST6:
 1547 00bc 8C000000 		.4byte	.LVL18
ARM GAS  C:\Users\Anders\AppData\Local\Temp\ccaZjvjV.s 			page 36


 1548 00c0 90000000 		.4byte	.LVL19
 1549 00c4 0200     		.2byte	0x2
 1550 00c6 30       		.byte	0x30
 1551 00c7 9F       		.byte	0x9f
 1552 00c8 90000000 		.4byte	.LVL19
 1553 00cc B0000000 		.4byte	.LVL21
 1554 00d0 0100     		.2byte	0x1
 1555 00d2 54       		.byte	0x54
 1556 00d3 B2000000 		.4byte	.LVL22
 1557 00d7 1E010000 		.4byte	.LVL25
 1558 00db 0100     		.2byte	0x1
 1559 00dd 54       		.byte	0x54
 1560 00de 00000000 		.4byte	0
 1561 00e2 00000000 		.4byte	0
 1562              	.LLST7:
 1563 00e6 90000000 		.4byte	.LVL19
 1564 00ea B0000000 		.4byte	.LVL21
 1565 00ee 0B00     		.2byte	0xb
 1566 00f0 74       		.byte	0x74
 1567 00f1 00       		.sleb128 0
 1568 00f2 36       		.byte	0x36
 1569 00f3 1E       		.byte	0x1e
 1570 00f4 03       		.byte	0x3
 1571 00f5 00000000 		.4byte	cfg_memset_list.4748
 1572 00f9 22       		.byte	0x22
 1573 00fa 9F       		.byte	0x9f
 1574 00fb B0000000 		.4byte	.LVL21
 1575 00ff B2000000 		.4byte	.LVL22
 1576 0103 0B00     		.2byte	0xb
 1577 0105 74       		.byte	0x74
 1578 0106 7F       		.sleb128 -1
 1579 0107 36       		.byte	0x36
 1580 0108 1E       		.byte	0x1e
 1581 0109 03       		.byte	0x3
 1582 010a 00000000 		.4byte	cfg_memset_list.4748
 1583 010e 22       		.byte	0x22
 1584 010f 9F       		.byte	0x9f
 1585 0110 00000000 		.4byte	0
 1586 0114 00000000 		.4byte	0
 1587              		.section	.debug_aranges,"",%progbits
 1588 0000 34000000 		.4byte	0x34
 1589 0004 0200     		.2byte	0x2
 1590 0006 00000000 		.4byte	.Ldebug_info0
 1591 000a 04       		.byte	0x4
 1592 000b 00       		.byte	0
 1593 000c 0000     		.2byte	0
 1594 000e 0000     		.2byte	0
 1595 0010 00000000 		.4byte	.LFB3
 1596 0014 32000000 		.4byte	.LFE3-.LFB3
 1597 0018 00000000 		.4byte	.LFB0
 1598 001c 0C000000 		.4byte	.LFE0-.LFB0
 1599 0020 00000000 		.4byte	.LFB4
 1600 0024 88000000 		.4byte	.LFE4-.LFB4
 1601 0028 88000000 		.4byte	.LFB6
 1602 002c D8000000 		.4byte	.LFE6-.LFB6
 1603 0030 00000000 		.4byte	0
 1604 0034 00000000 		.4byte	0
ARM GAS  C:\Users\Anders\AppData\Local\Temp\ccaZjvjV.s 			page 37


 1605              		.section	.debug_ranges,"",%progbits
 1606              	.Ldebug_ranges0:
 1607 0000 00000000 		.4byte	.LFB3
 1608 0004 32000000 		.4byte	.LFE3
 1609 0008 00000000 		.4byte	.LFB0
 1610 000c 0C000000 		.4byte	.LFE0
 1611 0010 00000000 		.4byte	.LFB4
 1612 0014 88000000 		.4byte	.LFE4
 1613 0018 88000000 		.4byte	.LFB6
 1614 001c 60010000 		.4byte	.LFE6
 1615 0020 00000000 		.4byte	0
 1616 0024 00000000 		.4byte	0
 1617              		.section	.debug_line,"",%progbits
 1618              	.Ldebug_line0:
 1619 0000 5D010000 		.section	.debug_str,"MS",%progbits,1
 1619      0200D600 
 1619      00000201 
 1619      FB0E0D00 
 1619      01010101 
 1620              	.LASF18:
 1621 0000 72656733 		.ascii	"reg32\000"
 1621      3200
 1622              	.LASF11:
 1623 0006 73697A65 		.ascii	"size_t\000"
 1623      5F7400
 1624              	.LASF42:
 1625 000d 4379496E 		.ascii	"CyIntSetVector\000"
 1625      74536574 
 1625      56656374 
 1625      6F7200
 1626              	.LASF21:
 1627 001c 76616C75 		.ascii	"value\000"
 1627      6500
 1628              	.LASF26:
 1629 0022 636F756E 		.ascii	"count\000"
 1629      7400
 1630              	.LASF29:
 1631 0028 436C6F63 		.ascii	"ClockSetup\000"
 1631      6B536574 
 1631      757000
 1632              	.LASF30:
 1633 0033 63795F63 		.ascii	"cy_cfg_addr_table\000"
 1633      66675F61 
 1633      6464725F 
 1633      7461626C 
 1633      6500
 1634              	.LASF31:
 1635 0045 63795F63 		.ascii	"cy_cfg_data_table\000"
 1635      66675F64 
 1635      6174615F 
 1635      7461626C 
 1635      6500
 1636              	.LASF22:
 1637 0057 63795F63 		.ascii	"cy_cfg_addrvalue_t\000"
 1637      66675F61 
 1637      64647276 
 1637      616C7565 
ARM GAS  C:\Users\Anders\AppData\Local\Temp\ccaZjvjV.s 			page 38


 1637      5F7400
 1638              	.LASF15:
 1639 006a 666C6F61 		.ascii	"float\000"
 1639      7400
 1640              	.LASF35:
 1641 0070 6366675F 		.ascii	"cfg_memset_list\000"
 1641      6D656D73 
 1641      65745F6C 
 1641      69737400 
 1642              	.LASF33:
 1643 0080 73697A65 		.ascii	"size\000"
 1643      00
 1644              	.LASF17:
 1645 0085 72656738 		.ascii	"reg8\000"
 1645      00
 1646              	.LASF6:
 1647 008a 6C6F6E67 		.ascii	"long unsigned int\000"
 1647      20756E73 
 1647      69676E65 
 1647      6420696E 
 1647      7400
 1648              	.LASF12:
 1649 009c 75696E74 		.ascii	"uint8\000"
 1649      3800
 1650              	.LASF28:
 1651 00a2 43594D45 		.ascii	"CYMEMZERO\000"
 1651      4D5A4552 
 1651      4F00
 1652              	.LASF2:
 1653 00ac 756E7369 		.ascii	"unsigned char\000"
 1653      676E6564 
 1653      20636861 
 1653      7200
 1654              	.LASF36:
 1655 00ba 6D656D73 		.ascii	"memset\000"
 1655      657400
 1656              	.LASF16:
 1657 00c1 646F7562 		.ascii	"double\000"
 1657      6C6500
 1658              	.LASF27:
 1659 00c8 6366675F 		.ascii	"cfg_write_bytes32\000"
 1659      77726974 
 1659      655F6279 
 1659      74657333 
 1659      3200
 1660              	.LASF43:
 1661 00da 4379496E 		.ascii	"CyIntEnable\000"
 1661      74456E61 
 1661      626C6500 
 1662              	.LASF23:
 1663 00e6 61646472 		.ascii	"addr_table\000"
 1663      5F746162 
 1663      6C6500
 1664              	.LASF13:
 1665 00f1 75696E74 		.ascii	"uint16\000"
 1665      313600
 1666              	.LASF24:
ARM GAS  C:\Users\Anders\AppData\Local\Temp\ccaZjvjV.s 			page 39


 1667 00f8 64617461 		.ascii	"data_table\000"
 1667      5F746162 
 1667      6C6500
 1668              	.LASF14:
 1669 0103 75696E74 		.ascii	"uint32\000"
 1669      333200
 1670              	.LASF0:
 1671 010a 756E7369 		.ascii	"unsigned int\000"
 1671      676E6564 
 1671      20696E74 
 1671      00
 1672              	.LASF41:
 1673 0117 63796669 		.ascii	"cyfitter_cfg\000"
 1673      74746572 
 1673      5F636667 
 1673      00
 1674              	.LASF32:
 1675 0124 61646472 		.ascii	"address\000"
 1675      65737300 
 1676              	.LASF8:
 1677 012c 6C6F6E67 		.ascii	"long long unsigned int\000"
 1677      206C6F6E 
 1677      6720756E 
 1677      7369676E 
 1677      65642069 
 1678              	.LASF19:
 1679 0143 63796973 		.ascii	"cyisraddress\000"
 1679      72616464 
 1679      72657373 
 1679      00
 1680              	.LASF34:
 1681 0150 6366675F 		.ascii	"cfg_memset_t\000"
 1681      6D656D73 
 1681      65745F74 
 1681      00
 1682              	.LASF25:
 1683 015d 62617365 		.ascii	"baseAddr\000"
 1683      41646472 
 1683      00
 1684              	.LASF9:
 1685 0166 73697A65 		.ascii	"sizetype\000"
 1685      74797065 
 1685      00
 1686              	.LASF4:
 1687 016f 73686F72 		.ascii	"short unsigned int\000"
 1687      7420756E 
 1687      7369676E 
 1687      65642069 
 1687      6E7400
 1688              	.LASF7:
 1689 0182 6C6F6E67 		.ascii	"long long int\000"
 1689      206C6F6E 
 1689      6720696E 
 1689      7400
 1690              	.LASF10:
 1691 0190 63686172 		.ascii	"char\000"
 1691      00
ARM GAS  C:\Users\Anders\AppData\Local\Temp\ccaZjvjV.s 			page 40


 1692              	.LASF38:
 1693 0195 474E5520 		.ascii	"GNU C 4.9.3 20150303 (release) [ARM/embedded-4_9-br"
 1693      4320342E 
 1693      392E3320 
 1693      32303135 
 1693      30333033 
 1694 01c8 616E6368 		.ascii	"anch revision 221220] -mcpu=cortex-m0 -mthumb -g -O"
 1694      20726576 
 1694      6973696F 
 1694      6E203232 
 1694      31323230 
 1695 01fb 67202D66 		.ascii	"g -ffunction-sections -ffat-lto-objects\000"
 1695      66756E63 
 1695      74696F6E 
 1695      2D736563 
 1695      74696F6E 
 1696              	.LASF20:
 1697 0223 6F666673 		.ascii	"offset\000"
 1697      657400
 1698              	.LASF3:
 1699 022a 73686F72 		.ascii	"short int\000"
 1699      7420696E 
 1699      7400
 1700              	.LASF37:
 1701 0234 43795379 		.ascii	"CySysClkWriteImoFreq\000"
 1701      73436C6B 
 1701      57726974 
 1701      65496D6F 
 1701      46726571 
 1702              	.LASF40:
 1703 0249 433A5C55 		.ascii	"C:\\Users\\Anders\\Documents\\Projekt 4. semester\\"
 1703      73657273 
 1703      5C416E64 
 1703      6572735C 
 1703      446F6375 
 1704 0277 48656C6C 		.ascii	"HellYaeh\\Retning\\Beast.cydsn\000"
 1704      59616568 
 1704      5C526574 
 1704      6E696E67 
 1704      5C426561 
 1705              	.LASF5:
 1706 0294 6C6F6E67 		.ascii	"long int\000"
 1706      20696E74 
 1706      00
 1707              	.LASF1:
 1708 029d 7369676E 		.ascii	"signed char\000"
 1708      65642063 
 1708      68617200 
 1709              	.LASF39:
 1710 02a9 47656E65 		.ascii	"Generated_Source\\PSoC4\\cyfitter_cfg.c\000"
 1710      72617465 
 1710      645F536F 
 1710      75726365 
 1710      5C50536F 
 1711              		.ident	"GCC: (GNU Tools for ARM Embedded Processors) 4.9.3 20150303 (release) [ARM/embedded-4_9-br
