ARM GAS  C:\Users\Anders\AppData\Local\Temp\cccfoXji.s 			page 1


   1              		.cpu cortex-m0
   2              		.fpu softvfp
   3              		.eabi_attribute 20, 1
   4              		.eabi_attribute 21, 1
   5              		.eabi_attribute 23, 3
   6              		.eabi_attribute 24, 1
   7              		.eabi_attribute 25, 1
   8              		.eabi_attribute 26, 1
   9              		.eabi_attribute 30, 1
  10              		.eabi_attribute 34, 0
  11              		.eabi_attribute 18, 4
  12              		.code	16
  13              		.file	"main.c"
  14              		.text
  15              	.Ltext0:
  16              		.cfi_sections	.debug_frame
  17              		.section	.text.main,"ax",%progbits
  18              		.align	2
  19              		.global	main
  20              		.code	16
  21              		.thumb_func
  22              		.type	main, %function
  23              	main:
  24              	.LFB34:
  25              		.file 1 "main.c"
   1:main.c        **** /* ========================================
   2:main.c        ****  *
   3:main.c        ****  * Copyright Anders Dalsgaard Norlyk, 2016
   4:main.c        ****  * All Rights Reserved
   5:main.c        ****  * UNPUBLISHED, LICENSED SOFTWARE.
   6:main.c        ****  *
   7:main.c        ****  * CONFIDENTIAL AND PROPRIETARY INFORMATION
   8:main.c        ****  * WHICH IS THE PROPERTY OF your company.
   9:main.c        ****  *
  10:main.c        ****  * ========================================
  11:main.c        **** */
  12:main.c        **** 
  13:main.c        **** #include "main.h"
  14:main.c        **** 
  15:main.c        **** /* I2C slave read and write buffers */
  16:main.c        **** //int8 i2cReadBuffer [BUFFER_SIZE] = {};
  17:main.c        **** uint8 i2cWriteBuffer [BUFFER_SIZE];
  18:main.c        **** 
  19:main.c        **** int main(void)
  20:main.c        **** {
  26              		.loc 1 20 0
  27              		.cfi_startproc
  28 0000 10B5     		push	{r4, lr}
  29              		.cfi_def_cfa_offset 8
  30              		.cfi_offset 4, -8
  31              		.cfi_offset 14, -4
  21:main.c        ****     /* Start PWM */
  22:main.c        ****     PWM_DRIFT_Start();
  32              		.loc 1 22 0
  33 0002 FFF7FEFF 		bl	PWM_DRIFT_Start
  34              	.LVL0:
  23:main.c        ****     
ARM GAS  C:\Users\Anders\AppData\Local\Temp\cccfoXji.s 			page 2


  24:main.c        ****     /* Initialization of status reg */
  25:main.c        ****     run_front(0u, 0u);
  35              		.loc 1 25 0
  36 0006 0020     		mov	r0, #0
  37 0008 0021     		mov	r1, #0
  38 000a FFF7FEFF 		bl	run_front
  39              	.LVL1:
  26:main.c        ****     run_back(0u, 0u);
  40              		.loc 1 26 0
  41 000e 0020     		mov	r0, #0
  42 0010 0021     		mov	r1, #0
  43 0012 FFF7FEFF 		bl	run_back
  44              	.LVL2:
  27:main.c        ****     
  28:main.c        ****     /* Start I2C slave (SCB mode)*/
  29:main.c        ****     I2CS_Start();
  45              		.loc 1 29 0
  46 0016 FFF7FEFF 		bl	I2CS_Start
  47              	.LVL3:
  30:main.c        ****     I2CS_I2CSlaveInitWriteBuf(i2cWriteBuffer, BUFFER_SIZE);
  48              		.loc 1 30 0
  49 001a 0F48     		ldr	r0, .L3
  50 001c 0421     		mov	r1, #4
  51 001e FFF7FEFF 		bl	I2CS_I2CSlaveInitWriteBuf
  52              	.LVL4:
  31:main.c        ****     
  32:main.c        ****    /* Change SCL and SDA pins drive mode to Resistive Pull Up */
  33:main.c        ****     I2CS_scl_SetDriveMode(I2CS_scl_DM_RES_UP);
  53              		.loc 1 33 0
  54 0022 0220     		mov	r0, #2
  55 0024 FFF7FEFF 		bl	I2CS_scl_SetDriveMode
  56              	.LVL5:
  34:main.c        ****     I2CS_sda_SetDriveMode(I2CS_sda_DM_RES_UP);
  57              		.loc 1 34 0
  58 0028 0220     		mov	r0, #2
  59 002a FFF7FEFF 		bl	I2CS_sda_SetDriveMode
  60              	.LVL6:
  35:main.c        ****     
  36:main.c        ****     
  37:main.c        ****     
  38:main.c        ****     CyGlobalIntEnable; /* Enable global interrupts. */
  61              		.loc 1 38 0
  62              	@ 38 "main.c" 1
  63 002e 62B6     		CPSIE   i
  64              	@ 0 "" 2
  39:main.c        **** 
  40:main.c        ****     /* Place your initialization/startup code here (e.g. MyInst_Start()) */
  41:main.c        **** 
  42:main.c        ****     for(;;)
  43:main.c        ****     {
  44:main.c        ****         /* Write complete: parse command packet */
  45:main.c        ****         if (0u != (I2CS_I2CSlaveStatus() & I2CS_I2C_SSTAT_WR_CMPLT))
  65              		.loc 1 45 0
  66              		.code	16
  67 0030 FFF7FEFF 		bl	I2CS_I2CSlaveStatus
  68              	.LVL7:
  69 0034 C306     		lsl	r3, r0, #27
ARM GAS  C:\Users\Anders\AppData\Local\Temp\cccfoXji.s 			page 3


  70 0036 0CD5     		bpl	.L2
  46:main.c        ****         {
  47:main.c        ****             /* Check packet length */
  48:main.c        ****             if (PACKET_SIZE == I2CS_I2CSlaveGetWriteBufSize())
  71              		.loc 1 48 0
  72 0038 FFF7FEFF 		bl	I2CS_I2CSlaveGetWriteBufSize
  73              	.LVL8:
  74 003c 0428     		cmp	r0, #4
  75 003e 08D1     		bne	.L2
  49:main.c        ****             {
  50:main.c        ****                 run_front(i2cWriteBuffer[PACKET_ANG_1_POS], i2cWriteBuffer[PACKET_SPEED_1_POS]);
  76              		.loc 1 50 0
  77 0040 054C     		ldr	r4, .L3
  78 0042 2078     		ldrb	r0, [r4]
  79 0044 6178     		ldrb	r1, [r4, #1]
  80 0046 FFF7FEFF 		bl	run_front
  81              	.LVL9:
  51:main.c        ****                 run_back(i2cWriteBuffer[PACKET_ANG_2_POS], i2cWriteBuffer[PACKET_SPEED_2_POS]);
  82              		.loc 1 51 0
  83 004a A078     		ldrb	r0, [r4, #2]
  84 004c E178     		ldrb	r1, [r4, #3]
  85 004e FFF7FEFF 		bl	run_back
  86              	.LVL10:
  87              	.L2:
  52:main.c        ****             }
  53:main.c        ****         }
  54:main.c        ****     return 0; 
  55:main.c        ****     }
  56:main.c        **** }
  88              		.loc 1 56 0
  89 0052 0020     		mov	r0, #0
  90              		@ sp needed
  91 0054 10BD     		pop	{r4, pc}
  92              	.L4:
  93 0056 C046     		.align	2
  94              	.L3:
  95 0058 00000000 		.word	i2cWriteBuffer
  96              		.cfi_endproc
  97              	.LFE34:
  98              		.size	main, .-main
  99              		.comm	i2cWriteBuffer,4,4
 100              		.text
 101              	.Letext0:
 102              		.file 2 "Generated_Source\\PSoC4/cytypes.h"
 103              		.file 3 "main.h"
 104              		.file 4 "Generated_Source\\PSoC4/PWM_DRIFT.h"
 105              		.file 5 "Generated_Source\\PSoC4/I2CS.h"
 106              		.file 6 "Generated_Source\\PSoC4/I2CS_I2C.h"
 107              		.file 7 "Generated_Source\\PSoC4/I2CS_scl.h"
 108              		.file 8 "Generated_Source\\PSoC4/I2CS_sda.h"
 109              		.section	.debug_info,"",%progbits
 110              	.Ldebug_info0:
 111 0000 18020000 		.4byte	0x218
 112 0004 0400     		.2byte	0x4
 113 0006 00000000 		.4byte	.Ldebug_abbrev0
 114 000a 04       		.byte	0x4
 115 000b 01       		.uleb128 0x1
ARM GAS  C:\Users\Anders\AppData\Local\Temp\cccfoXji.s 			page 4


 116 000c A4010000 		.4byte	.LASF24
 117 0010 01       		.byte	0x1
 118 0011 2D000000 		.4byte	.LASF25
 119 0015 26010000 		.4byte	.LASF26
 120 0019 00000000 		.4byte	.Ldebug_ranges0+0
 121 001d 00000000 		.4byte	0
 122 0021 00000000 		.4byte	.Ldebug_line0
 123 0025 02       		.uleb128 0x2
 124 0026 01       		.byte	0x1
 125 0027 06       		.byte	0x6
 126 0028 1A010000 		.4byte	.LASF0
 127 002c 02       		.uleb128 0x2
 128 002d 01       		.byte	0x1
 129 002e 08       		.byte	0x8
 130 002f AB000000 		.4byte	.LASF1
 131 0033 02       		.uleb128 0x2
 132 0034 02       		.byte	0x2
 133 0035 05       		.byte	0x5
 134 0036 32020000 		.4byte	.LASF2
 135 003a 02       		.uleb128 0x2
 136 003b 02       		.byte	0x2
 137 003c 07       		.byte	0x7
 138 003d 07010000 		.4byte	.LASF3
 139 0041 02       		.uleb128 0x2
 140 0042 04       		.byte	0x4
 141 0043 05       		.byte	0x5
 142 0044 D4000000 		.4byte	.LASF4
 143 0048 02       		.uleb128 0x2
 144 0049 04       		.byte	0x4
 145 004a 07       		.byte	0x7
 146 004b 53000000 		.4byte	.LASF5
 147 004f 02       		.uleb128 0x2
 148 0050 08       		.byte	0x8
 149 0051 05       		.byte	0x5
 150 0052 00000000 		.4byte	.LASF6
 151 0056 02       		.uleb128 0x2
 152 0057 08       		.byte	0x8
 153 0058 07       		.byte	0x7
 154 0059 65000000 		.4byte	.LASF7
 155 005d 03       		.uleb128 0x3
 156 005e 04       		.byte	0x4
 157 005f 05       		.byte	0x5
 158 0060 696E7400 		.ascii	"int\000"
 159 0064 02       		.uleb128 0x2
 160 0065 04       		.byte	0x4
 161 0066 07       		.byte	0x7
 162 0067 15000000 		.4byte	.LASF8
 163 006b 04       		.uleb128 0x4
 164 006c 4D000000 		.4byte	.LASF9
 165 0070 02       		.byte	0x2
 166 0071 B901     		.2byte	0x1b9
 167 0073 2C000000 		.4byte	0x2c
 168 0077 04       		.uleb128 0x4
 169 0078 0E000000 		.4byte	.LASF10
 170 007c 02       		.byte	0x2
 171 007d BB01     		.2byte	0x1bb
 172 007f 48000000 		.4byte	0x48
ARM GAS  C:\Users\Anders\AppData\Local\Temp\cccfoXji.s 			page 5


 173 0083 02       		.uleb128 0x2
 174 0084 04       		.byte	0x4
 175 0085 04       		.byte	0x4
 176 0086 7C000000 		.4byte	.LASF11
 177 008a 02       		.uleb128 0x2
 178 008b 08       		.byte	0x8
 179 008c 04       		.byte	0x4
 180 008d E6000000 		.4byte	.LASF12
 181 0091 02       		.uleb128 0x2
 182 0092 01       		.byte	0x1
 183 0093 08       		.byte	0x8
 184 0094 B9000000 		.4byte	.LASF13
 185 0098 02       		.uleb128 0x2
 186 0099 04       		.byte	0x4
 187 009a 07       		.byte	0x7
 188 009b 3C020000 		.4byte	.LASF14
 189 009f 05       		.uleb128 0x5
 190 00a0 34000000 		.4byte	.LASF27
 191 00a4 01       		.byte	0x1
 192 00a5 13       		.byte	0x13
 193 00a6 5D000000 		.4byte	0x5d
 194 00aa 00000000 		.4byte	.LFB34
 195 00ae 5C000000 		.4byte	.LFE34-.LFB34
 196 00b2 01       		.uleb128 0x1
 197 00b3 9C       		.byte	0x9c
 198 00b4 61010000 		.4byte	0x161
 199 00b8 06       		.uleb128 0x6
 200 00b9 06000000 		.4byte	.LVL0
 201 00bd 82010000 		.4byte	0x182
 202 00c1 07       		.uleb128 0x7
 203 00c2 0E000000 		.4byte	.LVL1
 204 00c6 89010000 		.4byte	0x189
 205 00ca D9000000 		.4byte	0xd9
 206 00ce 08       		.uleb128 0x8
 207 00cf 01       		.uleb128 0x1
 208 00d0 51       		.byte	0x51
 209 00d1 01       		.uleb128 0x1
 210 00d2 30       		.byte	0x30
 211 00d3 08       		.uleb128 0x8
 212 00d4 01       		.uleb128 0x1
 213 00d5 50       		.byte	0x50
 214 00d6 01       		.uleb128 0x1
 215 00d7 30       		.byte	0x30
 216 00d8 00       		.byte	0
 217 00d9 07       		.uleb128 0x7
 218 00da 16000000 		.4byte	.LVL2
 219 00de A3010000 		.4byte	0x1a3
 220 00e2 F1000000 		.4byte	0xf1
 221 00e6 08       		.uleb128 0x8
 222 00e7 01       		.uleb128 0x1
 223 00e8 51       		.byte	0x51
 224 00e9 01       		.uleb128 0x1
 225 00ea 30       		.byte	0x30
 226 00eb 08       		.uleb128 0x8
 227 00ec 01       		.uleb128 0x1
 228 00ed 50       		.byte	0x50
 229 00ee 01       		.uleb128 0x1
ARM GAS  C:\Users\Anders\AppData\Local\Temp\cccfoXji.s 			page 6


 230 00ef 30       		.byte	0x30
 231 00f0 00       		.byte	0
 232 00f1 06       		.uleb128 0x6
 233 00f2 1A000000 		.4byte	.LVL3
 234 00f6 BD010000 		.4byte	0x1bd
 235 00fa 07       		.uleb128 0x7
 236 00fb 22000000 		.4byte	.LVL4
 237 00ff C4010000 		.4byte	0x1c4
 238 0103 16010000 		.4byte	0x116
 239 0107 08       		.uleb128 0x8
 240 0108 01       		.uleb128 0x1
 241 0109 51       		.byte	0x51
 242 010a 01       		.uleb128 0x1
 243 010b 34       		.byte	0x34
 244 010c 08       		.uleb128 0x8
 245 010d 01       		.uleb128 0x1
 246 010e 50       		.byte	0x50
 247 010f 05       		.uleb128 0x5
 248 0110 03       		.byte	0x3
 249 0111 00000000 		.4byte	i2cWriteBuffer
 250 0115 00       		.byte	0
 251 0116 07       		.uleb128 0x7
 252 0117 28000000 		.4byte	.LVL5
 253 011b E1010000 		.4byte	0x1e1
 254 011f 29010000 		.4byte	0x129
 255 0123 08       		.uleb128 0x8
 256 0124 01       		.uleb128 0x1
 257 0125 50       		.byte	0x50
 258 0126 01       		.uleb128 0x1
 259 0127 32       		.byte	0x32
 260 0128 00       		.byte	0
 261 0129 07       		.uleb128 0x7
 262 012a 2E000000 		.4byte	.LVL6
 263 012e F2010000 		.4byte	0x1f2
 264 0132 3C010000 		.4byte	0x13c
 265 0136 08       		.uleb128 0x8
 266 0137 01       		.uleb128 0x1
 267 0138 50       		.byte	0x50
 268 0139 01       		.uleb128 0x1
 269 013a 32       		.byte	0x32
 270 013b 00       		.byte	0
 271 013c 06       		.uleb128 0x6
 272 013d 34000000 		.4byte	.LVL7
 273 0141 03020000 		.4byte	0x203
 274 0145 06       		.uleb128 0x6
 275 0146 3C000000 		.4byte	.LVL8
 276 014a 0F020000 		.4byte	0x20f
 277 014e 06       		.uleb128 0x6
 278 014f 4A000000 		.4byte	.LVL9
 279 0153 89010000 		.4byte	0x189
 280 0157 06       		.uleb128 0x6
 281 0158 52000000 		.4byte	.LVL10
 282 015c A3010000 		.4byte	0x1a3
 283 0160 00       		.byte	0
 284 0161 09       		.uleb128 0x9
 285 0162 6B000000 		.4byte	0x6b
 286 0166 71010000 		.4byte	0x171
ARM GAS  C:\Users\Anders\AppData\Local\Temp\cccfoXji.s 			page 7


 287 016a 0A       		.uleb128 0xa
 288 016b 98000000 		.4byte	0x98
 289 016f 03       		.byte	0x3
 290 0170 00       		.byte	0
 291 0171 0B       		.uleb128 0xb
 292 0172 82000000 		.4byte	.LASF28
 293 0176 01       		.byte	0x1
 294 0177 11       		.byte	0x11
 295 0178 61010000 		.4byte	0x161
 296 017c 05       		.uleb128 0x5
 297 017d 03       		.byte	0x3
 298 017e 00000000 		.4byte	i2cWriteBuffer
 299 0182 0C       		.uleb128 0xc
 300 0183 ED000000 		.4byte	.LASF17
 301 0187 04       		.byte	0x4
 302 0188 92       		.byte	0x92
 303 0189 0D       		.uleb128 0xd
 304 018a FD000000 		.4byte	.LASF15
 305 018e 03       		.byte	0x3
 306 018f 0B       		.byte	0xb
 307 0190 6B000000 		.4byte	0x6b
 308 0194 A3010000 		.4byte	0x1a3
 309 0198 0E       		.uleb128 0xe
 310 0199 6B000000 		.4byte	0x6b
 311 019d 0E       		.uleb128 0xe
 312 019e 6B000000 		.4byte	0x6b
 313 01a2 00       		.byte	0
 314 01a3 0D       		.uleb128 0xd
 315 01a4 DD000000 		.4byte	.LASF16
 316 01a8 03       		.byte	0x3
 317 01a9 0C       		.byte	0xc
 318 01aa 6B000000 		.4byte	0x6b
 319 01ae BD010000 		.4byte	0x1bd
 320 01b2 0E       		.uleb128 0xe
 321 01b3 6B000000 		.4byte	0x6b
 322 01b7 0E       		.uleb128 0xe
 323 01b8 6B000000 		.4byte	0x6b
 324 01bc 00       		.byte	0
 325 01bd 0C       		.uleb128 0xc
 326 01be 22000000 		.4byte	.LASF18
 327 01c2 05       		.byte	0x5
 328 01c3 6E       		.byte	0x6e
 329 01c4 0F       		.uleb128 0xf
 330 01c5 91000000 		.4byte	.LASF19
 331 01c9 06       		.byte	0x6
 332 01ca 2F01     		.2byte	0x12f
 333 01cc DB010000 		.4byte	0x1db
 334 01d0 0E       		.uleb128 0xe
 335 01d1 DB010000 		.4byte	0x1db
 336 01d5 0E       		.uleb128 0xe
 337 01d6 77000000 		.4byte	0x77
 338 01da 00       		.byte	0
 339 01db 10       		.uleb128 0x10
 340 01dc 04       		.byte	0x4
 341 01dd 6B000000 		.4byte	0x6b
 342 01e1 11       		.uleb128 0x11
 343 01e2 8E010000 		.4byte	.LASF20
ARM GAS  C:\Users\Anders\AppData\Local\Temp\cccfoXji.s 			page 8


 344 01e6 07       		.byte	0x7
 345 01e7 36       		.byte	0x36
 346 01e8 F2010000 		.4byte	0x1f2
 347 01ec 0E       		.uleb128 0xe
 348 01ed 6B000000 		.4byte	0x6b
 349 01f1 00       		.byte	0
 350 01f2 11       		.uleb128 0x11
 351 01f3 BE000000 		.4byte	.LASF21
 352 01f7 08       		.byte	0x8
 353 01f8 36       		.byte	0x36
 354 01f9 03020000 		.4byte	0x203
 355 01fd 0E       		.uleb128 0xe
 356 01fe 6B000000 		.4byte	0x6b
 357 0202 00       		.byte	0
 358 0203 12       		.uleb128 0x12
 359 0204 39000000 		.4byte	.LASF22
 360 0208 06       		.byte	0x6
 361 0209 2501     		.2byte	0x125
 362 020b 77000000 		.4byte	0x77
 363 020f 12       		.uleb128 0x12
 364 0210 71010000 		.4byte	.LASF23
 365 0214 06       		.byte	0x6
 366 0215 3101     		.2byte	0x131
 367 0217 77000000 		.4byte	0x77
 368 021b 00       		.byte	0
 369              		.section	.debug_abbrev,"",%progbits
 370              	.Ldebug_abbrev0:
 371 0000 01       		.uleb128 0x1
 372 0001 11       		.uleb128 0x11
 373 0002 01       		.byte	0x1
 374 0003 25       		.uleb128 0x25
 375 0004 0E       		.uleb128 0xe
 376 0005 13       		.uleb128 0x13
 377 0006 0B       		.uleb128 0xb
 378 0007 03       		.uleb128 0x3
 379 0008 0E       		.uleb128 0xe
 380 0009 1B       		.uleb128 0x1b
 381 000a 0E       		.uleb128 0xe
 382 000b 55       		.uleb128 0x55
 383 000c 17       		.uleb128 0x17
 384 000d 11       		.uleb128 0x11
 385 000e 01       		.uleb128 0x1
 386 000f 10       		.uleb128 0x10
 387 0010 17       		.uleb128 0x17
 388 0011 00       		.byte	0
 389 0012 00       		.byte	0
 390 0013 02       		.uleb128 0x2
 391 0014 24       		.uleb128 0x24
 392 0015 00       		.byte	0
 393 0016 0B       		.uleb128 0xb
 394 0017 0B       		.uleb128 0xb
 395 0018 3E       		.uleb128 0x3e
 396 0019 0B       		.uleb128 0xb
 397 001a 03       		.uleb128 0x3
 398 001b 0E       		.uleb128 0xe
 399 001c 00       		.byte	0
 400 001d 00       		.byte	0
ARM GAS  C:\Users\Anders\AppData\Local\Temp\cccfoXji.s 			page 9


 401 001e 03       		.uleb128 0x3
 402 001f 24       		.uleb128 0x24
 403 0020 00       		.byte	0
 404 0021 0B       		.uleb128 0xb
 405 0022 0B       		.uleb128 0xb
 406 0023 3E       		.uleb128 0x3e
 407 0024 0B       		.uleb128 0xb
 408 0025 03       		.uleb128 0x3
 409 0026 08       		.uleb128 0x8
 410 0027 00       		.byte	0
 411 0028 00       		.byte	0
 412 0029 04       		.uleb128 0x4
 413 002a 16       		.uleb128 0x16
 414 002b 00       		.byte	0
 415 002c 03       		.uleb128 0x3
 416 002d 0E       		.uleb128 0xe
 417 002e 3A       		.uleb128 0x3a
 418 002f 0B       		.uleb128 0xb
 419 0030 3B       		.uleb128 0x3b
 420 0031 05       		.uleb128 0x5
 421 0032 49       		.uleb128 0x49
 422 0033 13       		.uleb128 0x13
 423 0034 00       		.byte	0
 424 0035 00       		.byte	0
 425 0036 05       		.uleb128 0x5
 426 0037 2E       		.uleb128 0x2e
 427 0038 01       		.byte	0x1
 428 0039 3F       		.uleb128 0x3f
 429 003a 19       		.uleb128 0x19
 430 003b 03       		.uleb128 0x3
 431 003c 0E       		.uleb128 0xe
 432 003d 3A       		.uleb128 0x3a
 433 003e 0B       		.uleb128 0xb
 434 003f 3B       		.uleb128 0x3b
 435 0040 0B       		.uleb128 0xb
 436 0041 27       		.uleb128 0x27
 437 0042 19       		.uleb128 0x19
 438 0043 49       		.uleb128 0x49
 439 0044 13       		.uleb128 0x13
 440 0045 11       		.uleb128 0x11
 441 0046 01       		.uleb128 0x1
 442 0047 12       		.uleb128 0x12
 443 0048 06       		.uleb128 0x6
 444 0049 40       		.uleb128 0x40
 445 004a 18       		.uleb128 0x18
 446 004b 9742     		.uleb128 0x2117
 447 004d 19       		.uleb128 0x19
 448 004e 01       		.uleb128 0x1
 449 004f 13       		.uleb128 0x13
 450 0050 00       		.byte	0
 451 0051 00       		.byte	0
 452 0052 06       		.uleb128 0x6
 453 0053 898201   		.uleb128 0x4109
 454 0056 00       		.byte	0
 455 0057 11       		.uleb128 0x11
 456 0058 01       		.uleb128 0x1
 457 0059 31       		.uleb128 0x31
ARM GAS  C:\Users\Anders\AppData\Local\Temp\cccfoXji.s 			page 10


 458 005a 13       		.uleb128 0x13
 459 005b 00       		.byte	0
 460 005c 00       		.byte	0
 461 005d 07       		.uleb128 0x7
 462 005e 898201   		.uleb128 0x4109
 463 0061 01       		.byte	0x1
 464 0062 11       		.uleb128 0x11
 465 0063 01       		.uleb128 0x1
 466 0064 31       		.uleb128 0x31
 467 0065 13       		.uleb128 0x13
 468 0066 01       		.uleb128 0x1
 469 0067 13       		.uleb128 0x13
 470 0068 00       		.byte	0
 471 0069 00       		.byte	0
 472 006a 08       		.uleb128 0x8
 473 006b 8A8201   		.uleb128 0x410a
 474 006e 00       		.byte	0
 475 006f 02       		.uleb128 0x2
 476 0070 18       		.uleb128 0x18
 477 0071 9142     		.uleb128 0x2111
 478 0073 18       		.uleb128 0x18
 479 0074 00       		.byte	0
 480 0075 00       		.byte	0
 481 0076 09       		.uleb128 0x9
 482 0077 01       		.uleb128 0x1
 483 0078 01       		.byte	0x1
 484 0079 49       		.uleb128 0x49
 485 007a 13       		.uleb128 0x13
 486 007b 01       		.uleb128 0x1
 487 007c 13       		.uleb128 0x13
 488 007d 00       		.byte	0
 489 007e 00       		.byte	0
 490 007f 0A       		.uleb128 0xa
 491 0080 21       		.uleb128 0x21
 492 0081 00       		.byte	0
 493 0082 49       		.uleb128 0x49
 494 0083 13       		.uleb128 0x13
 495 0084 2F       		.uleb128 0x2f
 496 0085 0B       		.uleb128 0xb
 497 0086 00       		.byte	0
 498 0087 00       		.byte	0
 499 0088 0B       		.uleb128 0xb
 500 0089 34       		.uleb128 0x34
 501 008a 00       		.byte	0
 502 008b 03       		.uleb128 0x3
 503 008c 0E       		.uleb128 0xe
 504 008d 3A       		.uleb128 0x3a
 505 008e 0B       		.uleb128 0xb
 506 008f 3B       		.uleb128 0x3b
 507 0090 0B       		.uleb128 0xb
 508 0091 49       		.uleb128 0x49
 509 0092 13       		.uleb128 0x13
 510 0093 3F       		.uleb128 0x3f
 511 0094 19       		.uleb128 0x19
 512 0095 02       		.uleb128 0x2
 513 0096 18       		.uleb128 0x18
 514 0097 00       		.byte	0
ARM GAS  C:\Users\Anders\AppData\Local\Temp\cccfoXji.s 			page 11


 515 0098 00       		.byte	0
 516 0099 0C       		.uleb128 0xc
 517 009a 2E       		.uleb128 0x2e
 518 009b 00       		.byte	0
 519 009c 3F       		.uleb128 0x3f
 520 009d 19       		.uleb128 0x19
 521 009e 03       		.uleb128 0x3
 522 009f 0E       		.uleb128 0xe
 523 00a0 3A       		.uleb128 0x3a
 524 00a1 0B       		.uleb128 0xb
 525 00a2 3B       		.uleb128 0x3b
 526 00a3 0B       		.uleb128 0xb
 527 00a4 27       		.uleb128 0x27
 528 00a5 19       		.uleb128 0x19
 529 00a6 3C       		.uleb128 0x3c
 530 00a7 19       		.uleb128 0x19
 531 00a8 00       		.byte	0
 532 00a9 00       		.byte	0
 533 00aa 0D       		.uleb128 0xd
 534 00ab 2E       		.uleb128 0x2e
 535 00ac 01       		.byte	0x1
 536 00ad 3F       		.uleb128 0x3f
 537 00ae 19       		.uleb128 0x19
 538 00af 03       		.uleb128 0x3
 539 00b0 0E       		.uleb128 0xe
 540 00b1 3A       		.uleb128 0x3a
 541 00b2 0B       		.uleb128 0xb
 542 00b3 3B       		.uleb128 0x3b
 543 00b4 0B       		.uleb128 0xb
 544 00b5 27       		.uleb128 0x27
 545 00b6 19       		.uleb128 0x19
 546 00b7 49       		.uleb128 0x49
 547 00b8 13       		.uleb128 0x13
 548 00b9 3C       		.uleb128 0x3c
 549 00ba 19       		.uleb128 0x19
 550 00bb 01       		.uleb128 0x1
 551 00bc 13       		.uleb128 0x13
 552 00bd 00       		.byte	0
 553 00be 00       		.byte	0
 554 00bf 0E       		.uleb128 0xe
 555 00c0 05       		.uleb128 0x5
 556 00c1 00       		.byte	0
 557 00c2 49       		.uleb128 0x49
 558 00c3 13       		.uleb128 0x13
 559 00c4 00       		.byte	0
 560 00c5 00       		.byte	0
 561 00c6 0F       		.uleb128 0xf
 562 00c7 2E       		.uleb128 0x2e
 563 00c8 01       		.byte	0x1
 564 00c9 3F       		.uleb128 0x3f
 565 00ca 19       		.uleb128 0x19
 566 00cb 03       		.uleb128 0x3
 567 00cc 0E       		.uleb128 0xe
 568 00cd 3A       		.uleb128 0x3a
 569 00ce 0B       		.uleb128 0xb
 570 00cf 3B       		.uleb128 0x3b
 571 00d0 05       		.uleb128 0x5
ARM GAS  C:\Users\Anders\AppData\Local\Temp\cccfoXji.s 			page 12


 572 00d1 27       		.uleb128 0x27
 573 00d2 19       		.uleb128 0x19
 574 00d3 3C       		.uleb128 0x3c
 575 00d4 19       		.uleb128 0x19
 576 00d5 01       		.uleb128 0x1
 577 00d6 13       		.uleb128 0x13
 578 00d7 00       		.byte	0
 579 00d8 00       		.byte	0
 580 00d9 10       		.uleb128 0x10
 581 00da 0F       		.uleb128 0xf
 582 00db 00       		.byte	0
 583 00dc 0B       		.uleb128 0xb
 584 00dd 0B       		.uleb128 0xb
 585 00de 49       		.uleb128 0x49
 586 00df 13       		.uleb128 0x13
 587 00e0 00       		.byte	0
 588 00e1 00       		.byte	0
 589 00e2 11       		.uleb128 0x11
 590 00e3 2E       		.uleb128 0x2e
 591 00e4 01       		.byte	0x1
 592 00e5 3F       		.uleb128 0x3f
 593 00e6 19       		.uleb128 0x19
 594 00e7 03       		.uleb128 0x3
 595 00e8 0E       		.uleb128 0xe
 596 00e9 3A       		.uleb128 0x3a
 597 00ea 0B       		.uleb128 0xb
 598 00eb 3B       		.uleb128 0x3b
 599 00ec 0B       		.uleb128 0xb
 600 00ed 27       		.uleb128 0x27
 601 00ee 19       		.uleb128 0x19
 602 00ef 3C       		.uleb128 0x3c
 603 00f0 19       		.uleb128 0x19
 604 00f1 01       		.uleb128 0x1
 605 00f2 13       		.uleb128 0x13
 606 00f3 00       		.byte	0
 607 00f4 00       		.byte	0
 608 00f5 12       		.uleb128 0x12
 609 00f6 2E       		.uleb128 0x2e
 610 00f7 00       		.byte	0
 611 00f8 3F       		.uleb128 0x3f
 612 00f9 19       		.uleb128 0x19
 613 00fa 03       		.uleb128 0x3
 614 00fb 0E       		.uleb128 0xe
 615 00fc 3A       		.uleb128 0x3a
 616 00fd 0B       		.uleb128 0xb
 617 00fe 3B       		.uleb128 0x3b
 618 00ff 05       		.uleb128 0x5
 619 0100 27       		.uleb128 0x27
 620 0101 19       		.uleb128 0x19
 621 0102 49       		.uleb128 0x49
 622 0103 13       		.uleb128 0x13
 623 0104 3C       		.uleb128 0x3c
 624 0105 19       		.uleb128 0x19
 625 0106 00       		.byte	0
 626 0107 00       		.byte	0
 627 0108 00       		.byte	0
 628              		.section	.debug_aranges,"",%progbits
ARM GAS  C:\Users\Anders\AppData\Local\Temp\cccfoXji.s 			page 13


 629 0000 1C000000 		.4byte	0x1c
 630 0004 0200     		.2byte	0x2
 631 0006 00000000 		.4byte	.Ldebug_info0
 632 000a 04       		.byte	0x4
 633 000b 00       		.byte	0
 634 000c 0000     		.2byte	0
 635 000e 0000     		.2byte	0
 636 0010 00000000 		.4byte	.LFB34
 637 0014 5C000000 		.4byte	.LFE34-.LFB34
 638 0018 00000000 		.4byte	0
 639 001c 00000000 		.4byte	0
 640              		.section	.debug_ranges,"",%progbits
 641              	.Ldebug_ranges0:
 642 0000 00000000 		.4byte	.LFB34
 643 0004 5C000000 		.4byte	.LFE34
 644 0008 00000000 		.4byte	0
 645 000c 00000000 		.4byte	0
 646              		.section	.debug_line,"",%progbits
 647              	.Ldebug_line0:
 648 0000 B0000000 		.section	.debug_str,"MS",%progbits,1
 648      02008E00 
 648      00000201 
 648      FB0E0D00 
 648      01010101 
 649              	.LASF6:
 650 0000 6C6F6E67 		.ascii	"long long int\000"
 650      206C6F6E 
 650      6720696E 
 650      7400
 651              	.LASF10:
 652 000e 75696E74 		.ascii	"uint32\000"
 652      333200
 653              	.LASF8:
 654 0015 756E7369 		.ascii	"unsigned int\000"
 654      676E6564 
 654      20696E74 
 654      00
 655              	.LASF18:
 656 0022 49324353 		.ascii	"I2CS_Start\000"
 656      5F537461 
 656      727400
 657              	.LASF25:
 658 002d 6D61696E 		.ascii	"main.c\000"
 658      2E6300
 659              	.LASF27:
 660 0034 6D61696E 		.ascii	"main\000"
 660      00
 661              	.LASF22:
 662 0039 49324353 		.ascii	"I2CS_I2CSlaveStatus\000"
 662      5F493243 
 662      536C6176 
 662      65537461 
 662      74757300 
 663              	.LASF9:
 664 004d 75696E74 		.ascii	"uint8\000"
 664      3800
 665              	.LASF5:
ARM GAS  C:\Users\Anders\AppData\Local\Temp\cccfoXji.s 			page 14


 666 0053 6C6F6E67 		.ascii	"long unsigned int\000"
 666      20756E73 
 666      69676E65 
 666      6420696E 
 666      7400
 667              	.LASF7:
 668 0065 6C6F6E67 		.ascii	"long long unsigned int\000"
 668      206C6F6E 
 668      6720756E 
 668      7369676E 
 668      65642069 
 669              	.LASF11:
 670 007c 666C6F61 		.ascii	"float\000"
 670      7400
 671              	.LASF28:
 672 0082 69326357 		.ascii	"i2cWriteBuffer\000"
 672      72697465 
 672      42756666 
 672      657200
 673              	.LASF19:
 674 0091 49324353 		.ascii	"I2CS_I2CSlaveInitWriteBuf\000"
 674      5F493243 
 674      536C6176 
 674      65496E69 
 674      74577269 
 675              	.LASF1:
 676 00ab 756E7369 		.ascii	"unsigned char\000"
 676      676E6564 
 676      20636861 
 676      7200
 677              	.LASF13:
 678 00b9 63686172 		.ascii	"char\000"
 678      00
 679              	.LASF21:
 680 00be 49324353 		.ascii	"I2CS_sda_SetDriveMode\000"
 680      5F736461 
 680      5F536574 
 680      44726976 
 680      654D6F64 
 681              	.LASF4:
 682 00d4 6C6F6E67 		.ascii	"long int\000"
 682      20696E74 
 682      00
 683              	.LASF16:
 684 00dd 72756E5F 		.ascii	"run_back\000"
 684      6261636B 
 684      00
 685              	.LASF12:
 686 00e6 646F7562 		.ascii	"double\000"
 686      6C6500
 687              	.LASF17:
 688 00ed 50574D5F 		.ascii	"PWM_DRIFT_Start\000"
 688      44524946 
 688      545F5374 
 688      61727400 
 689              	.LASF15:
 690 00fd 72756E5F 		.ascii	"run_front\000"
ARM GAS  C:\Users\Anders\AppData\Local\Temp\cccfoXji.s 			page 15


 690      66726F6E 
 690      7400
 691              	.LASF3:
 692 0107 73686F72 		.ascii	"short unsigned int\000"
 692      7420756E 
 692      7369676E 
 692      65642069 
 692      6E7400
 693              	.LASF0:
 694 011a 7369676E 		.ascii	"signed char\000"
 694      65642063 
 694      68617200 
 695              	.LASF26:
 696 0126 433A5C55 		.ascii	"C:\\Users\\Anders\\Documents\\Projekt 4. semester\\"
 696      73657273 
 696      5C416E64 
 696      6572735C 
 696      446F6375 
 697 0154 48656C6C 		.ascii	"HellYaeh\\Retning\\Beast.cydsn\000"
 697      59616568 
 697      5C526574 
 697      6E696E67 
 697      5C426561 
 698              	.LASF23:
 699 0171 49324353 		.ascii	"I2CS_I2CSlaveGetWriteBufSize\000"
 699      5F493243 
 699      536C6176 
 699      65476574 
 699      57726974 
 700              	.LASF20:
 701 018e 49324353 		.ascii	"I2CS_scl_SetDriveMode\000"
 701      5F73636C 
 701      5F536574 
 701      44726976 
 701      654D6F64 
 702              	.LASF24:
 703 01a4 474E5520 		.ascii	"GNU C 4.9.3 20150303 (release) [ARM/embedded-4_9-br"
 703      4320342E 
 703      392E3320 
 703      32303135 
 703      30333033 
 704 01d7 616E6368 		.ascii	"anch revision 221220] -mcpu=cortex-m0 -mthumb -g -O"
 704      20726576 
 704      6973696F 
 704      6E203232 
 704      31323230 
 705 020a 67202D66 		.ascii	"g -ffunction-sections -ffat-lto-objects\000"
 705      66756E63 
 705      74696F6E 
 705      2D736563 
 705      74696F6E 
 706              	.LASF2:
 707 0232 73686F72 		.ascii	"short int\000"
 707      7420696E 
 707      7400
 708              	.LASF14:
 709 023c 73697A65 		.ascii	"sizetype\000"
ARM GAS  C:\Users\Anders\AppData\Local\Temp\cccfoXji.s 			page 16


 709      74797065 
 709      00
 710              		.ident	"GCC: (GNU Tools for ARM Embedded Processors) 4.9.3 20150303 (release) [ARM/embedded-4_9-br
